#
# There is insufficient memory for the Java Runtime Environment to continue.
# Native memory allocation (malloc) failed to allocate 1843536 bytes. Error detail: Chunk::new
# Possible reasons:
#   The system is out of physical RAM or swap space
#   This process is running with CompressedOops enabled, and the Java Heap may be blocking the growth of the native heap
# Possible solutions:
#   Reduce memory load on the system
#   Increase physical memory or swap space
#   Check if swap backing store is full
#   Decrease Java heap size (-Xmx/-Xms)
#   Decrease number of Java threads
#   Decrease Java thread stack sizes (-Xss)
#   Set larger code cache with -XX:ReservedCodeCacheSize=
#   JVM is running with Zero Based Compressed Oops mode in which the Java heap is
#     placed in the first 32GB address space. The Java Heap base address is the
#     maximum limit for the native heap growth. Please use -XX:HeapBaseMinAddress
#     to set the Java Heap base and to place the Java Heap above 32GB virtual address.
# This output file may be truncated or incomplete.
#
#  Out of Memory Error (arena.cpp:191), pid=23868, tid=13520
#
# JRE version: OpenJDK Runtime Environment Temurin-17.0.13+11 (17.0.13+11) (build 17.0.13+11)
# Java VM: OpenJDK 64-Bit Server VM Temurin-17.0.13+11 (17.0.13+11, mixed mode, sharing, tiered, compressed oops, compressed class ptrs, g1 gc, windows-amd64)
# No core dump will be written. Minidumps are not enabled by default on client versions of Windows
#

---------------  S U M M A R Y ------------

Command Line: --add-opens=java.base/java.util.concurrent.atomic=ALL-UNNAMED --add-opens=java.base/java.util=ALL-UNNAMED --add-opens=java.base/java.lang=ALL-UNNAMED --add-opens=java.base/java.lang.invoke=ALL-UNNAMED --add-opens=java.prefs/java.util.prefs=ALL-UNNAMED --add-opens=java.base/java.nio.charset=ALL-UNNAMED --add-opens=java.base/java.net=ALL-UNNAMED --add-opens=java.base/java.util.concurrent.atomic=ALL-UNNAMED -Xmx3G -Dfile.encoding=UTF-8 -Duser.country=PL -Duser.language=pl -Duser.variant -javaagent:C:\Users\aplut\.gradle\wrapper\dists\gradle-8.8-bin\dl7vupf4psengwqhwktix4v1\gradle-8.8\lib\agents\gradle-instrumentation-agent-8.8.jar org.gradle.launcher.daemon.bootstrap.GradleDaemon 8.8

Host: 11th Gen Intel(R) Core(TM) i3-1115G4 @ 3.00GHz, 4 cores, 7G,  Windows 11 , 64 bit Build 22621 (10.0.22621.4391)
Time: Wed Dec  4 20:12:46 2024  Windows 11 , 64 bit Build 22621 (10.0.22621.4391) elapsed time: 17.639085 seconds (0d 0h 0m 17s)

---------------  T H R E A D  ---------------

Current thread (0x00000211a4d3e5b0):  JavaThread "C2 CompilerThread1" daemon [_thread_in_native, id=13520, stack(0x0000008b6ef00000,0x0000008b6f000000)]


Current CompileTask:
C2:  17639 9139       4       org.objectweb.asm.Frame::execute (2303 bytes)

Stack: [0x0000008b6ef00000,0x0000008b6f000000]
Native frames: (J=compiled Java code, j=interpreted, Vv=VM code, C=native code)
V  [jvm.dll+0x682a19]
V  [jvm.dll+0x839538]
V  [jvm.dll+0x83afe3]
V  [jvm.dll+0x83b653]
V  [jvm.dll+0x24704f]
V  [jvm.dll+0xace34]
V  [jvm.dll+0xad4cc]
V  [jvm.dll+0x36592f]
V  [jvm.dll+0x32fbd8]
V  [jvm.dll+0x32f05a]
V  [jvm.dll+0x21804f]
V  [jvm.dll+0x21748f]
V  [jvm.dll+0x1a3070]
V  [jvm.dll+0x22788c]
V  [jvm.dll+0x2259eb]
V  [jvm.dll+0x7eec98]
V  [jvm.dll+0x7e8ffc]
V  [jvm.dll+0x6818f7]
C  [ucrtbase.dll+0x29333]
C  [KERNEL32.DLL+0x1259d]
C  [ntdll.dll+0x5af38]


---------------  P R O C E S S  ---------------

Threads class SMR info:
_java_thread_list=0x00000211a4efc750, length=77, elements={
0x000002113a6b62f0, 0x000002115a890d00, 0x000002115a8918c0, 0x000002115a8a78a0,
0x000002115a8aa470, 0x000002115a8acf40, 0x000002115a8ae910, 0x000002115a8af6b0,
0x000002115a8b2170, 0x000002115aa50060, 0x000002115aaf5210, 0x000002115ac3fb60,
0x00000211a08ebd40, 0x00000211a0311420, 0x00000211a19d8a70, 0x00000211a16e9ae0,
0x00000211a16e9fc0, 0x00000211a1ac94d0, 0x00000211a1acbd50, 0x00000211a1acc260,
0x00000211a1ac99e0, 0x00000211a1acc770, 0x00000211a1acb330, 0x00000211a1accc80,
0x00000211a1ac9ef0, 0x00000211a1aca400, 0x00000211a1acb840, 0x00000211a1aca910,
0x00000211a214f040, 0x00000211a2149a30, 0x00000211a214e620, 0x00000211a214eb30,
0x00000211a2149f40, 0x00000211a214a450, 0x00000211a2147bd0, 0x00000211a2148b00,
0x00000211a214c7c0, 0x00000211a214ae70, 0x00000211a214ccd0, 0x00000211a214b890,
0x00000211a214f550, 0x00000211a214d1e0, 0x00000211a21485f0, 0x00000211a2149010,
0x00000211a214bda0, 0x00000211a2149520, 0x00000211a214c2b0, 0x00000211a214d6f0,
0x00000211a214dc00, 0x00000211a21480e0, 0x00000211a214e110, 0x00000211a499dd60,
0x00000211a499d340, 0x00000211a499ec90, 0x00000211a49a1510, 0x00000211a499ce30,
0x00000211a499e780, 0x00000211a499e270, 0x00000211a499d850, 0x00000211a49a0af0,
0x00000211a49a05e0, 0x00000211a49a2950, 0x00000211a499c920, 0x00000211a49a2e60,
0x00000211a499fbc0, 0x00000211a49a00d0, 0x00000211a499c410, 0x00000211a49a1a20,
0x00000211a49a1000, 0x00000211a49a1f30, 0x00000211a499bf00, 0x00000211a49a3880,
0x00000211a4d3e5b0, 0x00000211a210d750, 0x00000211a2109a90, 0x00000211a210dc60,
0x00000211a210e170
}

Java Threads: ( => current thread )
  0x000002113a6b62f0 JavaThread "main" [_thread_blocked, id=8344, stack(0x0000008b69d00000,0x0000008b69e00000)]
  0x000002115a890d00 JavaThread "Reference Handler" daemon [_thread_blocked, id=23336, stack(0x0000008b6a400000,0x0000008b6a500000)]
  0x000002115a8918c0 JavaThread "Finalizer" daemon [_thread_blocked, id=19928, stack(0x0000008b6a500000,0x0000008b6a600000)]
  0x000002115a8a78a0 JavaThread "Signal Dispatcher" daemon [_thread_blocked, id=22000, stack(0x0000008b6a600000,0x0000008b6a700000)]
  0x000002115a8aa470 JavaThread "Attach Listener" daemon [_thread_blocked, id=16696, stack(0x0000008b6a700000,0x0000008b6a800000)]
  0x000002115a8acf40 JavaThread "Service Thread" daemon [_thread_blocked, id=21452, stack(0x0000008b6a800000,0x0000008b6a900000)]
  0x000002115a8ae910 JavaThread "Monitor Deflation Thread" daemon [_thread_blocked, id=20888, stack(0x0000008b6a900000,0x0000008b6aa00000)]
  0x000002115a8af6b0 JavaThread "C2 CompilerThread0" daemon [_thread_in_native, id=14148, stack(0x0000008b6aa00000,0x0000008b6ab00000)]
  0x000002115a8b2170 JavaThread "C1 CompilerThread0" daemon [_thread_blocked, id=27076, stack(0x0000008b6ab00000,0x0000008b6ac00000)]
  0x000002115aa50060 JavaThread "Sweeper thread" daemon [_thread_blocked, id=3348, stack(0x0000008b6ac00000,0x0000008b6ad00000)]
  0x000002115aaf5210 JavaThread "Common-Cleaner" daemon [_thread_blocked, id=15312, stack(0x0000008b6ad00000,0x0000008b6ae00000)]
  0x000002115ac3fb60 JavaThread "Notification Thread" daemon [_thread_blocked, id=9972, stack(0x0000008b6ae00000,0x0000008b6af00000)]
  0x00000211a08ebd40 JavaThread "Daemon health stats" [_thread_blocked, id=26144, stack(0x0000008b6b400000,0x0000008b6b500000)]
  0x00000211a0311420 JavaThread "Incoming local TCP Connector on port 58965" [_thread_in_native, id=15480, stack(0x0000008b6b200000,0x0000008b6b300000)]
  0x00000211a19d8a70 JavaThread "Daemon periodic checks" [_thread_blocked, id=22368, stack(0x0000008b6b500000,0x0000008b6b600000)]
  0x00000211a16e9ae0 JavaThread "Daemon" [_thread_blocked, id=14812, stack(0x0000008b6b600000,0x0000008b6b700000)]
  0x00000211a16e9fc0 JavaThread "Handler for socket connection from /127.0.0.1:58965 to /127.0.0.1:58966" [_thread_in_native, id=20736, stack(0x0000008b6b700000,0x0000008b6b800000)]
  0x00000211a1ac94d0 JavaThread "Cancel handler" [_thread_blocked, id=21144, stack(0x0000008b6b800000,0x0000008b6b900000)]
  0x00000211a1acbd50 JavaThread "Daemon worker" [_thread_blocked, id=10084, stack(0x0000008b6b900000,0x0000008b6ba00000)]
  0x00000211a1acc260 JavaThread "Asynchronous log dispatcher for DefaultDaemonConnection: socket connection from /127.0.0.1:58965 to /127.0.0.1:58966" [_thread_blocked, id=27260, stack(0x0000008b6ba00000,0x0000008b6bb00000)]
  0x00000211a1ac99e0 JavaThread "Stdin handler" [_thread_blocked, id=22892, stack(0x0000008b6bb00000,0x0000008b6bc00000)]
  0x00000211a1acc770 JavaThread "Daemon client event forwarder" [_thread_blocked, id=6916, stack(0x0000008b6bc00000,0x0000008b6bd00000)]
  0x00000211a1acb330 JavaThread "Cache worker for journal cache (C:\Users\aplut\.gradle\caches\journal-1)" [_thread_blocked, id=16600, stack(0x0000008b6bd00000,0x0000008b6be00000)]
  0x00000211a1accc80 JavaThread "File lock request listener" [_thread_in_native, id=21624, stack(0x0000008b6be00000,0x0000008b6bf00000)]
  0x00000211a1ac9ef0 JavaThread "Cache worker for file hash cache (C:\Users\aplut\.gradle\caches\8.8\fileHashes)" [_thread_blocked, id=24520, stack(0x0000008b6bf00000,0x0000008b6c000000)]
  0x00000211a1aca400 JavaThread "Cache worker for file hash cache (C:\Users\aplut\OneDrive\Projekty\Mods\Creativity\.gradle\8.8\fileHashes)" [_thread_blocked, id=27364, stack(0x0000008b6c100000,0x0000008b6c200000)]
  0x00000211a1acb840 JavaThread "File watcher server" daemon [_thread_in_native, id=7096, stack(0x0000008b6c200000,0x0000008b6c300000)]
  0x00000211a1aca910 JavaThread "File watcher consumer" daemon [_thread_blocked, id=26800, stack(0x0000008b6c300000,0x0000008b6c400000)]
  0x00000211a214f040 JavaThread "jar transforms" [_thread_blocked, id=7876, stack(0x0000008b6c400000,0x0000008b6c500000)]
  0x00000211a2149a30 JavaThread "jar transforms Thread 2" [_thread_blocked, id=22624, stack(0x0000008b6c500000,0x0000008b6c600000)]
  0x00000211a214e620 JavaThread "jar transforms Thread 3" [_thread_blocked, id=21312, stack(0x0000008b6c600000,0x0000008b6c700000)]
  0x00000211a214eb30 JavaThread "jar transforms Thread 4" [_thread_blocked, id=11712, stack(0x0000008b6c700000,0x0000008b6c800000)]
  0x00000211a2149f40 JavaThread "Cache worker for checksums cache (C:\Users\aplut\OneDrive\Projekty\Mods\Creativity\.gradle\8.8\checksums)" [_thread_blocked, id=21824, stack(0x0000008b6c800000,0x0000008b6c900000)]
  0x00000211a214a450 JavaThread "Cache worker for file content cache (C:\Users\aplut\.gradle\caches\8.8\fileContent)" [_thread_blocked, id=7772, stack(0x0000008b6c900000,0x0000008b6ca00000)]
  0x00000211a2147bd0 JavaThread "Cache worker for cache directory md-rule (C:\Users\aplut\.gradle\caches\8.8\md-rule)" [_thread_blocked, id=3780, stack(0x0000008b6ca00000,0x0000008b6cb00000)]
  0x00000211a2148b00 JavaThread "Cache worker for cache directory md-supplier (C:\Users\aplut\.gradle\caches\8.8\md-supplier)" [_thread_blocked, id=26304, stack(0x0000008b6cb00000,0x0000008b6cc00000)]
  0x00000211a214c7c0 JavaThread "Unconstrained build operations" [_thread_blocked, id=19240, stack(0x0000008b6cc00000,0x0000008b6cd00000)]
  0x00000211a214ae70 JavaThread "Unconstrained build operations Thread 2" [_thread_blocked, id=13564, stack(0x0000008b6cd00000,0x0000008b6ce00000)]
  0x00000211a214ccd0 JavaThread "Unconstrained build operations Thread 3" [_thread_blocked, id=3228, stack(0x0000008b6ce00000,0x0000008b6cf00000)]
  0x00000211a214b890 JavaThread "Unconstrained build operations Thread 4" [_thread_blocked, id=14436, stack(0x0000008b6cf00000,0x0000008b6d000000)]
  0x00000211a214f550 JavaThread "Unconstrained build operations Thread 5" [_thread_blocked, id=7208, stack(0x0000008b6d000000,0x0000008b6d100000)]
  0x00000211a214d1e0 JavaThread "Unconstrained build operations Thread 6" [_thread_blocked, id=14948, stack(0x0000008b6d100000,0x0000008b6d200000)]
  0x00000211a21485f0 JavaThread "Unconstrained build operations Thread 7" [_thread_blocked, id=26828, stack(0x0000008b6d200000,0x0000008b6d300000)]
  0x00000211a2149010 JavaThread "Unconstrained build operations Thread 8" [_thread_blocked, id=3832, stack(0x0000008b6d300000,0x0000008b6d400000)]
  0x00000211a214bda0 JavaThread "Unconstrained build operations Thread 9" [_thread_blocked, id=25104, stack(0x0000008b6d400000,0x0000008b6d500000)]
  0x00000211a2149520 JavaThread "Unconstrained build operations Thread 10" [_thread_blocked, id=22356, stack(0x0000008b6d500000,0x0000008b6d600000)]
  0x00000211a214c2b0 JavaThread "Unconstrained build operations Thread 11" [_thread_blocked, id=16984, stack(0x0000008b6d600000,0x0000008b6d700000)]
  0x00000211a214d6f0 JavaThread "Unconstrained build operations Thread 12" [_thread_blocked, id=16324, stack(0x0000008b6d700000,0x0000008b6d800000)]
  0x00000211a214dc00 JavaThread "Cache worker for Build Output Cleanup Cache (C:\Users\aplut\OneDrive\Projekty\Mods\Creativity\.gradle\buildOutputCleanup)" [_thread_blocked, id=26984, stack(0x0000008b6d800000,0x0000008b6d900000)]
  0x00000211a21480e0 JavaThread "Unconstrained build operations Thread 13" [_thread_blocked, id=25928, stack(0x0000008b6d900000,0x0000008b6da00000)]
  0x00000211a214e110 JavaThread "Unconstrained build operations Thread 14" [_thread_blocked, id=13640, stack(0x0000008b6da00000,0x0000008b6db00000)]
  0x00000211a499dd60 JavaThread "Unconstrained build operations Thread 15" [_thread_blocked, id=9764, stack(0x0000008b6db00000,0x0000008b6dc00000)]
  0x00000211a499d340 JavaThread "Unconstrained build operations Thread 16" [_thread_blocked, id=19956, stack(0x0000008b6dc00000,0x0000008b6dd00000)]
  0x00000211a499ec90 JavaThread "Unconstrained build operations Thread 17" [_thread_blocked, id=9696, stack(0x0000008b6dd00000,0x0000008b6de00000)]
  0x00000211a49a1510 JavaThread "Unconstrained build operations Thread 18" [_thread_blocked, id=20108, stack(0x0000008b6de00000,0x0000008b6df00000)]
  0x00000211a499ce30 JavaThread "Unconstrained build operations Thread 19" [_thread_blocked, id=25212, stack(0x0000008b6df00000,0x0000008b6e000000)]
  0x00000211a499e780 JavaThread "Unconstrained build operations Thread 20" [_thread_blocked, id=15548, stack(0x0000008b6e000000,0x0000008b6e100000)]
  0x00000211a499e270 JavaThread "Unconstrained build operations Thread 21" [_thread_blocked, id=27472, stack(0x0000008b6e100000,0x0000008b6e200000)]
  0x00000211a499d850 JavaThread "Keep-Alive-Timer" daemon [_thread_blocked, id=5104, stack(0x0000008b6c000000,0x0000008b6c100000)]
  0x00000211a49a0af0 JavaThread "Memory manager" [_thread_blocked, id=26556, stack(0x0000008b6e300000,0x0000008b6e400000)]
  0x00000211a49a05e0 JavaThread "Unconstrained build operations Thread 22" [_thread_blocked, id=17160, stack(0x0000008b6e400000,0x0000008b6e500000)]
  0x00000211a49a2950 JavaThread "Unconstrained build operations Thread 23" [_thread_blocked, id=26752, stack(0x0000008b6e500000,0x0000008b6e600000)]
  0x00000211a499c920 JavaThread "Unconstrained build operations Thread 24" [_thread_blocked, id=8068, stack(0x0000008b6e600000,0x0000008b6e700000)]
  0x00000211a49a2e60 JavaThread "Unconstrained build operations Thread 25" [_thread_blocked, id=16044, stack(0x0000008b6e700000,0x0000008b6e800000)]
  0x00000211a499fbc0 JavaThread "Unconstrained build operations Thread 26" [_thread_blocked, id=24940, stack(0x0000008b6e800000,0x0000008b6e900000)]
  0x00000211a49a00d0 JavaThread "Unconstrained build operations Thread 27" [_thread_blocked, id=7756, stack(0x0000008b6e900000,0x0000008b6ea00000)]
  0x00000211a499c410 JavaThread "Unconstrained build operations Thread 28" [_thread_blocked, id=14820, stack(0x0000008b6ea00000,0x0000008b6eb00000)]
  0x00000211a49a1a20 JavaThread "included builds" [_thread_blocked, id=26168, stack(0x0000008b6e200000,0x0000008b6e300000)]
  0x00000211a49a1000 JavaThread "Execution worker" [_thread_blocked, id=27376, stack(0x0000008b6eb00000,0x0000008b6ec00000)]
  0x00000211a49a1f30 JavaThread "Execution worker Thread 2" [_thread_blocked, id=21672, stack(0x0000008b6ec00000,0x0000008b6ed00000)]
  0x00000211a499bf00 JavaThread "Execution worker Thread 3" [_thread_blocked, id=2248, stack(0x0000008b6ed00000,0x0000008b6ee00000)]
  0x00000211a49a3880 JavaThread "Cache worker for execution history cache (C:\Users\aplut\OneDrive\Projekty\Mods\Creativity\.gradle\8.8\executionHistory)" [_thread_blocked, id=22636, stack(0x0000008b6ee00000,0x0000008b6ef00000)]
=>0x00000211a4d3e5b0 JavaThread "C2 CompilerThread1" daemon [_thread_in_native, id=13520, stack(0x0000008b6ef00000,0x0000008b6f000000)]
  0x00000211a210d750 JavaThread "ForkJoinPool.commonPool-worker-1" daemon [_thread_blocked, id=3512, stack(0x0000008b6f000000,0x0000008b6f100000)]
  0x00000211a2109a90 JavaThread "ForkJoinPool.commonPool-worker-2" daemon [_thread_blocked, id=3588, stack(0x0000008b6f100000,0x0000008b6f200000)]
  0x00000211a210dc60 JavaThread "ForkJoinPool.commonPool-worker-3" daemon [_thread_blocked, id=24432, stack(0x0000008b6f200000,0x0000008b6f300000)]
  0x00000211a210e170 JavaThread "Exec process" [_thread_in_native, id=11500, stack(0x0000008b6f300000,0x0000008b6f400000)]

Other Threads:
  0x000002115a88ad00 VMThread "VM Thread" [stack: 0x0000008b6a300000,0x0000008b6a400000] [id=3964]
  0x000002115ac40040 WatcherThread [stack: 0x0000008b6af00000,0x0000008b6b000000] [id=15004]
  0x000002113a70ee10 GCTaskThread "GC Thread#0" [stack: 0x0000008b69e00000,0x0000008b69f00000] [id=8180]
  0x000002115ac5ee90 GCTaskThread "GC Thread#1" [stack: 0x0000008b6b000000,0x0000008b6b100000] [id=25680]
  0x000002115acafa00 GCTaskThread "GC Thread#2" [stack: 0x0000008b6b100000,0x0000008b6b200000] [id=24148]
  0x00000211a08ed910 GCTaskThread "GC Thread#3" [stack: 0x0000008b6b300000,0x0000008b6b400000] [id=26120]
  0x000002113a71c500 ConcurrentGCThread "G1 Main Marker" [stack: 0x0000008b69f00000,0x0000008b6a000000] [id=21520]
  0x000002113a71cf20 ConcurrentGCThread "G1 Conc#0" [stack: 0x0000008b6a000000,0x0000008b6a100000] [id=10612]
  0x000002115a7504a0 ConcurrentGCThread "G1 Refine#0" [stack: 0x0000008b6a100000,0x0000008b6a200000] [id=23876]
  0x000002115a750ed0 ConcurrentGCThread "G1 Service" [stack: 0x0000008b6a200000,0x0000008b6a300000] [id=27036]

Threads with active compile tasks:
C2 CompilerThread0    17682 9025       4       org.gradle.internal.instantiation.generator.AbstractClassGenerator::inspectType (560 bytes)
C2 CompilerThread1    17682 9139       4       org.objectweb.asm.Frame::execute (2303 bytes)

VM state: not at safepoint (normal execution)

VM Mutex/Monitor currently owned by a thread: None

Heap address: 0x0000000740000000, size: 3072 MB, Compressed Oops mode: Zero based, Oop shift amount: 3

CDS archive(s) mapped at: [0x000002115b000000-0x000002115bbb0000-0x000002115bbb0000), size 12255232, SharedBaseAddress: 0x000002115b000000, ArchiveRelocationMode: 1.
Compressed class space mapped at: 0x000002115c000000-0x000002119c000000, reserved size: 1073741824
Narrow klass base: 0x000002115b000000, Narrow klass shift: 0, Narrow klass range: 0x100000000

GC Precious Log:
 CPUs: 4 total, 4 available
 Memory: 7932M
 Large Page Support: Disabled
 NUMA Support: Disabled
 Compressed Oops: Enabled (Zero based)
 Heap Region Size: 2M
 Heap Min Capacity: 8M
 Heap Initial Capacity: 124M
 Heap Max Capacity: 3G
 Pre-touch: Disabled
 Parallel Workers: 4
 Concurrent Workers: 1
 Concurrent Refinement Workers: 4
 Periodic GC: Disabled

Heap:
 garbage-first heap   total 266240K, used 169053K [0x0000000740000000, 0x0000000800000000)
  region size 2048K, 34 young (69632K), 2 survivors (4096K)
 Metaspace       used 72327K, committed 73088K, reserved 1114112K
  class space    used 10135K, committed 10496K, reserved 1048576K

Heap Regions: E=young(eden), S=young(survivor), O=old, HS=humongous(starts), HC=humongous(continues), CS=collection set, F=free, OA=open archive, CA=closed archive, TAMS=top-at-mark-start (previous, next)
|   0|0x0000000740000000, 0x0000000740200000, 0x0000000740200000|100%|HS|  |TAMS 0x0000000740200000, 0x0000000740200000| Complete 
|   1|0x0000000740200000, 0x0000000740400000, 0x0000000740400000|100%|HC|  |TAMS 0x0000000740400000, 0x0000000740400000| Complete 
|   2|0x0000000740400000, 0x0000000740600000, 0x0000000740600000|100%| O|  |TAMS 0x0000000740600000, 0x0000000740600000| Untracked 
|   3|0x0000000740600000, 0x0000000740800000, 0x0000000740800000|100%| O|  |TAMS 0x0000000740800000, 0x0000000740800000| Untracked 
|   4|0x0000000740800000, 0x0000000740a00000, 0x0000000740a00000|100%| O|  |TAMS 0x0000000740a00000, 0x0000000740a00000| Untracked 
|   5|0x0000000740a00000, 0x0000000740c00000, 0x0000000740c00000|100%| O|  |TAMS 0x0000000740c00000, 0x0000000740c00000| Untracked 
|   6|0x0000000740c00000, 0x0000000740e00000, 0x0000000740e00000|100%| O|  |TAMS 0x0000000740e00000, 0x0000000740e00000| Untracked 
|   7|0x0000000740e00000, 0x0000000740fb2a00, 0x0000000741000000| 84%| O|  |TAMS 0x0000000740fb2a00, 0x0000000740fb2a00| Untracked 
|   8|0x0000000741000000, 0x0000000741200000, 0x0000000741200000|100%|HS|  |TAMS 0x0000000741200000, 0x0000000741200000| Complete 
|   9|0x0000000741200000, 0x0000000741400000, 0x0000000741400000|100%|HC|  |TAMS 0x0000000741400000, 0x0000000741400000| Complete 
|  10|0x0000000741400000, 0x0000000741600000, 0x0000000741600000|100%|HC|  |TAMS 0x0000000741600000, 0x0000000741600000| Complete 
|  11|0x0000000741600000, 0x0000000741800000, 0x0000000741800000|100%|HS|  |TAMS 0x0000000741800000, 0x0000000741800000| Complete 
|  12|0x0000000741800000, 0x0000000741a00000, 0x0000000741a00000|100%|HC|  |TAMS 0x0000000741a00000, 0x0000000741a00000| Complete 
|  13|0x0000000741a00000, 0x0000000741c00000, 0x0000000741c00000|100%|HS|  |TAMS 0x0000000741c00000, 0x0000000741c00000| Complete 
|  14|0x0000000741c00000, 0x0000000741e00000, 0x0000000741e00000|100%| O|  |TAMS 0x0000000741e00000, 0x0000000741e00000| Untracked 
|  15|0x0000000741e00000, 0x0000000742000000, 0x0000000742000000|100%| O|  |TAMS 0x0000000742000000, 0x0000000742000000| Untracked 
|  16|0x0000000742000000, 0x0000000742200000, 0x0000000742200000|100%| O|  |TAMS 0x0000000742200000, 0x0000000742200000| Untracked 
|  17|0x0000000742200000, 0x0000000742400000, 0x0000000742400000|100%|HS|  |TAMS 0x0000000742400000, 0x0000000742400000| Complete 
|  18|0x0000000742400000, 0x0000000742600000, 0x0000000742600000|100%| O|  |TAMS 0x0000000742600000, 0x0000000742600000| Untracked 
|  19|0x0000000742600000, 0x0000000742800000, 0x0000000742800000|100%| O|  |TAMS 0x0000000742800000, 0x0000000742800000| Untracked 
|  20|0x0000000742800000, 0x0000000742a00000, 0x0000000742a00000|100%| O|  |TAMS 0x0000000742a00000, 0x0000000742a00000| Untracked 
|  21|0x0000000742a00000, 0x0000000742c00000, 0x0000000742c00000|100%| O|  |TAMS 0x0000000742c00000, 0x0000000742c00000| Untracked 
|  22|0x0000000742c00000, 0x0000000742e00000, 0x0000000742e00000|100%| O|  |TAMS 0x0000000742e00000, 0x0000000742e00000| Untracked 
|  23|0x0000000742e00000, 0x0000000743000000, 0x0000000743000000|100%| O|  |TAMS 0x0000000743000000, 0x0000000743000000| Untracked 
|  24|0x0000000743000000, 0x0000000743200000, 0x0000000743200000|100%| O|  |TAMS 0x0000000743200000, 0x0000000743200000| Untracked 
|  25|0x0000000743200000, 0x0000000743400000, 0x0000000743400000|100%|HS|  |TAMS 0x0000000743400000, 0x0000000743400000| Complete 
|  26|0x0000000743400000, 0x0000000743600000, 0x0000000743600000|100%|HC|  |TAMS 0x0000000743600000, 0x0000000743600000| Complete 
|  27|0x0000000743600000, 0x0000000743800000, 0x0000000743800000|100%|HC|  |TAMS 0x0000000743800000, 0x0000000743800000| Complete 
|  28|0x0000000743800000, 0x0000000743a00000, 0x0000000743a00000|100%|HS|  |TAMS 0x0000000743a00000, 0x0000000743a00000| Complete 
|  29|0x0000000743a00000, 0x0000000743c00000, 0x0000000743c00000|100%|HC|  |TAMS 0x0000000743c00000, 0x0000000743c00000| Complete 
|  30|0x0000000743c00000, 0x0000000743e00000, 0x0000000743e00000|100%|HC|  |TAMS 0x0000000743e00000, 0x0000000743e00000| Complete 
|  31|0x0000000743e00000, 0x0000000744000000, 0x0000000744000000|100%| O|  |TAMS 0x0000000744000000, 0x0000000744000000| Untracked 
|  32|0x0000000744000000, 0x0000000744200000, 0x0000000744200000|100%| O|  |TAMS 0x0000000744200000, 0x0000000744200000| Untracked 
|  33|0x0000000744200000, 0x0000000744400000, 0x0000000744400000|100%| O|  |TAMS 0x00000007443ac000, 0x0000000744400000| Untracked 
|  34|0x0000000744400000, 0x0000000744600000, 0x0000000744600000|100%| O|  |TAMS 0x0000000744400000, 0x0000000744600000| Untracked 
|  35|0x0000000744600000, 0x0000000744800000, 0x0000000744800000|100%| O|  |TAMS 0x0000000744600000, 0x0000000744800000| Untracked 
|  36|0x0000000744800000, 0x0000000744a00000, 0x0000000744a00000|100%| O|  |TAMS 0x0000000744800000, 0x0000000744a00000| Untracked 
|  37|0x0000000744a00000, 0x0000000744c00000, 0x0000000744c00000|100%|HS|  |TAMS 0x0000000744a00000, 0x0000000744c00000| Complete 
|  38|0x0000000744c00000, 0x0000000744e00000, 0x0000000744e00000|100%|HS|  |TAMS 0x0000000744c00000, 0x0000000744c00000| Complete 
|  39|0x0000000744e00000, 0x0000000745000000, 0x0000000745000000|100%|HS|  |TAMS 0x0000000744e00000, 0x0000000744e00000| Complete 
|  40|0x0000000745000000, 0x0000000745200000, 0x0000000745200000|100%|HC|  |TAMS 0x0000000745000000, 0x0000000745000000| Complete 
|  41|0x0000000745200000, 0x0000000745400000, 0x0000000745400000|100%|HC|  |TAMS 0x0000000745200000, 0x0000000745200000| Complete 
|  42|0x0000000745400000, 0x0000000745600000, 0x0000000745600000|100%|HS|  |TAMS 0x0000000745400000, 0x0000000745400000| Complete 
|  43|0x0000000745600000, 0x0000000745800000, 0x0000000745800000|100%|HC|  |TAMS 0x0000000745600000, 0x0000000745600000| Complete 
|  44|0x0000000745800000, 0x0000000745a00000, 0x0000000745a00000|100%|HS|  |TAMS 0x0000000745800000, 0x0000000745800000| Complete 
|  45|0x0000000745a00000, 0x0000000745a00000, 0x0000000745c00000|  0%| F|  |TAMS 0x0000000745a00000, 0x0000000745a00000| Untracked 
|  46|0x0000000745c00000, 0x0000000745c00000, 0x0000000745e00000|  0%| F|  |TAMS 0x0000000745c00000, 0x0000000745c00000| Untracked 
|  47|0x0000000745e00000, 0x0000000745e00000, 0x0000000746000000|  0%| F|  |TAMS 0x0000000745e00000, 0x0000000745e00000| Untracked 
|  48|0x0000000746000000, 0x0000000746000000, 0x0000000746200000|  0%| F|  |TAMS 0x0000000746000000, 0x0000000746000000| Untracked 
|  49|0x0000000746200000, 0x0000000746400000, 0x0000000746400000|100%| O|  |TAMS 0x0000000746200000, 0x0000000746400000| Untracked 
|  50|0x0000000746400000, 0x0000000746600000, 0x0000000746600000|100%| O|  |TAMS 0x0000000746400000, 0x0000000746600000| Untracked 
|  51|0x0000000746600000, 0x0000000746800000, 0x0000000746800000|100%| O|  |TAMS 0x0000000746600000, 0x0000000746800000| Untracked 
|  52|0x0000000746800000, 0x0000000746a00000, 0x0000000746a00000|100%| O|  |TAMS 0x0000000746800000, 0x0000000746a00000| Untracked 
|  53|0x0000000746a00000, 0x0000000746c00000, 0x0000000746c00000|100%| O|  |TAMS 0x0000000746a00000, 0x0000000746c00000| Untracked 
|  54|0x0000000746c00000, 0x0000000746d49200, 0x0000000746e00000| 64%| O|  |TAMS 0x0000000746c00000, 0x0000000746d49200| Untracked 
|  55|0x0000000746e00000, 0x0000000746e00000, 0x0000000747000000|  0%| F|  |TAMS 0x0000000746e00000, 0x0000000746e00000| Untracked 
|  56|0x0000000747000000, 0x0000000747000000, 0x0000000747200000|  0%| F|  |TAMS 0x0000000747000000, 0x0000000747000000| Untracked 
|  57|0x0000000747200000, 0x0000000747200000, 0x0000000747400000|  0%| F|  |TAMS 0x0000000747200000, 0x0000000747200000| Untracked 
|  58|0x0000000747400000, 0x0000000747400000, 0x0000000747600000|  0%| F|  |TAMS 0x0000000747400000, 0x0000000747400000| Untracked 
|  59|0x0000000747600000, 0x0000000747600000, 0x0000000747800000|  0%| F|  |TAMS 0x0000000747600000, 0x0000000747600000| Untracked 
|  60|0x0000000747800000, 0x0000000747800000, 0x0000000747a00000|  0%| F|  |TAMS 0x0000000747800000, 0x0000000747800000| Untracked 
|  61|0x0000000747a00000, 0x0000000747a00000, 0x0000000747c00000|  0%| F|  |TAMS 0x0000000747a00000, 0x0000000747a00000| Untracked 
|  62|0x0000000747c00000, 0x0000000747c00000, 0x0000000747e00000|  0%| F|  |TAMS 0x0000000747c00000, 0x0000000747c00000| Untracked 
|  63|0x0000000747e00000, 0x0000000747e00000, 0x0000000748000000|  0%| F|  |TAMS 0x0000000747e00000, 0x0000000747e00000| Untracked 
|  64|0x0000000748000000, 0x0000000748000000, 0x0000000748200000|  0%| F|  |TAMS 0x0000000748000000, 0x0000000748000000| Untracked 
|  65|0x0000000748200000, 0x0000000748200000, 0x0000000748400000|  0%| F|  |TAMS 0x0000000748200000, 0x0000000748200000| Untracked 
|  66|0x0000000748400000, 0x0000000748400000, 0x0000000748600000|  0%| F|  |TAMS 0x0000000748400000, 0x0000000748400000| Untracked 
|  67|0x0000000748600000, 0x0000000748600000, 0x0000000748800000|  0%| F|  |TAMS 0x0000000748600000, 0x0000000748600000| Untracked 
|  68|0x0000000748800000, 0x0000000748800000, 0x0000000748a00000|  0%| F|  |TAMS 0x0000000748800000, 0x0000000748800000| Untracked 
|  69|0x0000000748a00000, 0x0000000748a00000, 0x0000000748c00000|  0%| F|  |TAMS 0x0000000748a00000, 0x0000000748a00000| Untracked 
|  70|0x0000000748c00000, 0x0000000748c00000, 0x0000000748e00000|  0%| F|  |TAMS 0x0000000748c00000, 0x0000000748c00000| Untracked 
|  71|0x0000000748e00000, 0x0000000748e00000, 0x0000000749000000|  0%| F|  |TAMS 0x0000000748e00000, 0x0000000748e00000| Untracked 
|  72|0x0000000749000000, 0x0000000749000000, 0x0000000749200000|  0%| F|  |TAMS 0x0000000749000000, 0x0000000749000000| Untracked 
|  73|0x0000000749200000, 0x0000000749200000, 0x0000000749400000|  0%| F|  |TAMS 0x0000000749200000, 0x0000000749200000| Untracked 
|  74|0x0000000749400000, 0x0000000749400000, 0x0000000749600000|  0%| F|  |TAMS 0x0000000749400000, 0x0000000749400000| Untracked 
|  75|0x0000000749600000, 0x0000000749600000, 0x0000000749800000|  0%| F|  |TAMS 0x0000000749600000, 0x0000000749600000| Untracked 
|  76|0x0000000749800000, 0x0000000749800000, 0x0000000749a00000|  0%| F|  |TAMS 0x0000000749800000, 0x0000000749800000| Untracked 
|  77|0x0000000749a00000, 0x0000000749a00000, 0x0000000749c00000|  0%| F|  |TAMS 0x0000000749a00000, 0x0000000749a00000| Untracked 
|  78|0x0000000749c00000, 0x0000000749c00000, 0x0000000749e00000|  0%| F|  |TAMS 0x0000000749c00000, 0x0000000749c00000| Untracked 
|  79|0x0000000749e00000, 0x0000000749e00000, 0x000000074a000000|  0%| F|  |TAMS 0x0000000749e00000, 0x0000000749e00000| Untracked 
|  80|0x000000074a000000, 0x000000074a000000, 0x000000074a200000|  0%| F|  |TAMS 0x000000074a000000, 0x000000074a000000| Untracked 
|  81|0x000000074a200000, 0x000000074a200000, 0x000000074a400000|  0%| F|  |TAMS 0x000000074a200000, 0x000000074a200000| Untracked 
|  82|0x000000074a400000, 0x000000074a400000, 0x000000074a600000|  0%| F|  |TAMS 0x000000074a400000, 0x000000074a400000| Untracked 
|  83|0x000000074a600000, 0x000000074a600000, 0x000000074a800000|  0%| F|  |TAMS 0x000000074a600000, 0x000000074a600000| Untracked 
|  84|0x000000074a800000, 0x000000074a800000, 0x000000074aa00000|  0%| F|  |TAMS 0x000000074a800000, 0x000000074a800000| Untracked 
|  85|0x000000074aa00000, 0x000000074aa00000, 0x000000074ac00000|  0%| F|  |TAMS 0x000000074aa00000, 0x000000074aa00000| Untracked 
|  86|0x000000074ac00000, 0x000000074ac00000, 0x000000074ae00000|  0%| F|  |TAMS 0x000000074ac00000, 0x000000074ac00000| Untracked 
|  87|0x000000074ae00000, 0x000000074ae00000, 0x000000074b000000|  0%| F|  |TAMS 0x000000074ae00000, 0x000000074ae00000| Untracked 
|  88|0x000000074b000000, 0x000000074b000000, 0x000000074b200000|  0%| F|  |TAMS 0x000000074b000000, 0x000000074b000000| Untracked 
|  89|0x000000074b200000, 0x000000074b200000, 0x000000074b400000|  0%| F|  |TAMS 0x000000074b200000, 0x000000074b200000| Untracked 
|  90|0x000000074b400000, 0x000000074b400000, 0x000000074b600000|  0%| F|  |TAMS 0x000000074b400000, 0x000000074b400000| Untracked 
|  91|0x000000074b600000, 0x000000074b600000, 0x000000074b800000|  0%| F|  |TAMS 0x000000074b600000, 0x000000074b600000| Untracked 
|  92|0x000000074b800000, 0x000000074b800000, 0x000000074ba00000|  0%| F|  |TAMS 0x000000074b800000, 0x000000074b800000| Untracked 
|  93|0x000000074ba00000, 0x000000074ba00000, 0x000000074bc00000|  0%| F|  |TAMS 0x000000074ba00000, 0x000000074ba00000| Untracked 
|  94|0x000000074bc00000, 0x000000074bc00000, 0x000000074be00000|  0%| F|  |TAMS 0x000000074bc00000, 0x000000074bc00000| Untracked 
|  95|0x000000074be00000, 0x000000074be00000, 0x000000074c000000|  0%| F|  |TAMS 0x000000074be00000, 0x000000074be00000| Untracked 
|  96|0x000000074c000000, 0x000000074c200000, 0x000000074c200000|100%| E|  |TAMS 0x000000074c000000, 0x000000074c000000| Complete 
|  97|0x000000074c200000, 0x000000074c400000, 0x000000074c400000|100%| E|CS|TAMS 0x000000074c200000, 0x000000074c200000| Complete 
|  98|0x000000074c400000, 0x000000074c600000, 0x000000074c600000|100%| E|CS|TAMS 0x000000074c400000, 0x000000074c400000| Complete 
|  99|0x000000074c600000, 0x000000074c800000, 0x000000074c800000|100%| E|CS|TAMS 0x000000074c600000, 0x000000074c600000| Complete 
| 100|0x000000074c800000, 0x000000074ca00000, 0x000000074ca00000|100%| E|CS|TAMS 0x000000074c800000, 0x000000074c800000| Complete 
| 101|0x000000074ca00000, 0x000000074cc00000, 0x000000074cc00000|100%| E|CS|TAMS 0x000000074ca00000, 0x000000074ca00000| Complete 
| 102|0x000000074cc00000, 0x000000074ce00000, 0x000000074ce00000|100%| E|CS|TAMS 0x000000074cc00000, 0x000000074cc00000| Complete 
| 103|0x000000074ce00000, 0x000000074d000000, 0x000000074d000000|100%| E|CS|TAMS 0x000000074ce00000, 0x000000074ce00000| Complete 
| 104|0x000000074d000000, 0x000000074d200000, 0x000000074d200000|100%| E|CS|TAMS 0x000000074d000000, 0x000000074d000000| Complete 
| 105|0x000000074d200000, 0x000000074d400000, 0x000000074d400000|100%| E|CS|TAMS 0x000000074d200000, 0x000000074d200000| Complete 
| 106|0x000000074d400000, 0x000000074d600000, 0x000000074d600000|100%| E|CS|TAMS 0x000000074d400000, 0x000000074d400000| Complete 
| 107|0x000000074d600000, 0x000000074d800000, 0x000000074d800000|100%| E|CS|TAMS 0x000000074d600000, 0x000000074d600000| Complete 
| 108|0x000000074d800000, 0x000000074da00000, 0x000000074da00000|100%| E|CS|TAMS 0x000000074d800000, 0x000000074d800000| Complete 
| 109|0x000000074da00000, 0x000000074dc00000, 0x000000074dc00000|100%| E|CS|TAMS 0x000000074da00000, 0x000000074da00000| Complete 
| 110|0x000000074dc00000, 0x000000074de00000, 0x000000074de00000|100%| E|CS|TAMS 0x000000074dc00000, 0x000000074dc00000| Complete 
| 111|0x000000074de00000, 0x000000074e000000, 0x000000074e000000|100%| E|CS|TAMS 0x000000074de00000, 0x000000074de00000| Complete 
| 112|0x000000074e000000, 0x000000074e200000, 0x000000074e200000|100%| E|CS|TAMS 0x000000074e000000, 0x000000074e000000| Complete 
| 113|0x000000074e200000, 0x000000074e400000, 0x000000074e400000|100%| E|CS|TAMS 0x000000074e200000, 0x000000074e200000| Complete 
| 114|0x000000074e400000, 0x000000074e600000, 0x000000074e600000|100%| E|CS|TAMS 0x000000074e400000, 0x000000074e400000| Complete 
| 115|0x000000074e600000, 0x000000074e800000, 0x000000074e800000|100%| E|CS|TAMS 0x000000074e600000, 0x000000074e600000| Complete 
| 116|0x000000074e800000, 0x000000074ea00000, 0x000000074ea00000|100%| E|CS|TAMS 0x000000074e800000, 0x000000074e800000| Complete 
| 117|0x000000074ea00000, 0x000000074ec00000, 0x000000074ec00000|100%| E|CS|TAMS 0x000000074ea00000, 0x000000074ea00000| Complete 
| 118|0x000000074ec00000, 0x000000074ee00000, 0x000000074ee00000|100%| E|CS|TAMS 0x000000074ec00000, 0x000000074ec00000| Complete 
| 119|0x000000074ee00000, 0x000000074f000000, 0x000000074f000000|100%| E|CS|TAMS 0x000000074ee00000, 0x000000074ee00000| Complete 
| 120|0x000000074f000000, 0x000000074f200000, 0x000000074f200000|100%| E|CS|TAMS 0x000000074f000000, 0x000000074f000000| Complete 
| 121|0x000000074f200000, 0x000000074f21bb70, 0x000000074f400000|  5%| S|CS|TAMS 0x000000074f200000, 0x000000074f200000| Complete 
| 122|0x000000074f400000, 0x000000074f600000, 0x000000074f600000|100%| S|CS|TAMS 0x000000074f400000, 0x000000074f400000| Complete 
| 123|0x000000074f600000, 0x000000074f800000, 0x000000074f800000|100%| E|CS|TAMS 0x000000074f600000, 0x000000074f600000| Complete 
| 124|0x000000074f800000, 0x000000074fa00000, 0x000000074fa00000|100%| E|CS|TAMS 0x000000074f800000, 0x000000074f800000| Complete 
| 125|0x000000074fa00000, 0x000000074fc00000, 0x000000074fc00000|100%| E|CS|TAMS 0x000000074fa00000, 0x000000074fa00000| Complete 
| 126|0x000000074fc00000, 0x000000074fe00000, 0x000000074fe00000|100%| E|CS|TAMS 0x000000074fc00000, 0x000000074fc00000| Complete 
| 127|0x000000074fe00000, 0x0000000750000000, 0x0000000750000000|100%| E|CS|TAMS 0x000000074fe00000, 0x000000074fe00000| Complete 
| 128|0x0000000750000000, 0x0000000750200000, 0x0000000750200000|100%| E|CS|TAMS 0x0000000750000000, 0x0000000750000000| Complete 
| 129|0x0000000750200000, 0x0000000750400000, 0x0000000750400000|100%| E|CS|TAMS 0x0000000750200000, 0x0000000750200000| Complete 

Card table byte_map: [0x00000211517e0000,0x0000021151de0000] _byte_map_base: 0x000002114dde0000

Marking Bits (Prev, Next): (CMBitMap*) 0x000002113a70f430, (CMBitMap*) 0x000002113a70f470
 Prev Bits: [0x00000211523e0000, 0x00000211553e0000)
 Next Bits: [0x00000211553e0000, 0x00000211583e0000)

Polling page: 0x0000021139e60000

Metaspace:

Usage:
  Non-class:     60.73 MB used.
      Class:      9.90 MB used.
       Both:     70.63 MB used.

Virtual space:
  Non-class space:       64.00 MB reserved,      61.12 MB ( 96%) committed,  1 nodes.
      Class space:        1.00 GB reserved,      10.25 MB (  1%) committed,  1 nodes.
             Both:        1.06 GB reserved,      71.38 MB (  7%) committed. 

Chunk freelists:
   Non-Class:  2.89 MB
       Class:  5.73 MB
        Both:  8.62 MB

MaxMetaspaceSize: unlimited
CompressedClassSpaceSize: 1.00 GB
Initial GC threshold: 21.00 MB
Current GC threshold: 82.44 MB
CDS: on
MetaspaceReclaimPolicy: balanced
 - commit_granule_bytes: 65536.
 - commit_granule_words: 8192.
 - virtual_space_node_default_size: 8388608.
 - enlarge_chunks_in_place: 1.
 - new_chunks_are_fully_committed: 0.
 - uncommit_free_chunks: 1.
 - use_allocation_guard: 0.
 - handle_deallocations: 1.


Internal statistics:

num_allocs_failed_limit: 6.
num_arena_births: 846.
num_arena_deaths: 0.
num_vsnodes_births: 2.
num_vsnodes_deaths: 0.
num_space_committed: 1142.
num_space_uncommitted: 0.
num_chunks_returned_to_freelist: 6.
num_chunks_taken_from_freelist: 3752.
num_chunk_merges: 6.
num_chunk_splits: 2362.
num_chunks_enlarged: 1446.
num_inconsistent_stats: 0.

CodeHeap 'non-profiled nmethods': size=120000Kb used=5210Kb max_used=5210Kb free=114790Kb
 bounds [0x0000021149cb0000, 0x000002114a1d0000, 0x00000211511e0000]
CodeHeap 'profiled nmethods': size=120000Kb used=16833Kb max_used=16833Kb free=103167Kb
 bounds [0x00000211421e0000, 0x0000021143260000, 0x0000021149710000]
CodeHeap 'non-nmethods': size=5760Kb used=2397Kb max_used=2443Kb free=3362Kb
 bounds [0x0000021149710000, 0x0000021149980000, 0x0000021149cb0000]
 total_blobs=9297 nmethods=8387 adapters=821
 compilation: enabled
              stopped_count=0, restarted_count=0
 full_count=0

Compilation events (20 events):
Event: 17.490 Thread 0x000002115a8b2170 nmethod 9159 0x0000021143244f10 code [0x00000211432451a0, 0x0000021143245c08]
Event: 17.490 Thread 0x000002115a8b2170 9160       3       java.lang.invoke.MethodHandles$Lookup::checkUnprivilegedlookupClass (38 bytes)
Event: 17.490 Thread 0x000002115a8b2170 nmethod 9160 0x0000021143246010 code [0x00000211432462a0, 0x0000021143246c28]
Event: 17.493 Thread 0x000002115a8b2170 9161       3       org.gradle.api.internal.provider.AbstractProperty::attachOwner (6 bytes)
Event: 17.493 Thread 0x000002115a8b2170 nmethod 9161 0x0000021143247010 code [0x00000211432471a0, 0x00000211432472f8]
Event: 17.493 Thread 0x000002115a8b2170 9162       3       org.gradle.api.internal.provider.ValueState$NonFinalizedValue::shallowCopy (11 bytes)
Event: 17.494 Thread 0x000002115a8b2170 nmethod 9162 0x0000021143247390 code [0x0000021143247540, 0x0000021143247728]
Event: 17.498 Thread 0x000002115a8b2170 9163       3       org.gradle.internal.code.DefaultUserCodeApplicationContext::current (11 bytes)
Event: 17.499 Thread 0x000002115a8b2170 nmethod 9163 0x0000021143247810 code [0x00000211432479c0, 0x0000021143247ca8]
Event: 17.500 Thread 0x000002115a8b2170 9164       3       org.gradle.api.internal.DefaultCollectionCallbackActionDecorator::decorate (51 bytes)
Event: 17.500 Thread 0x000002115a8b2170 nmethod 9164 0x0000021143247d90 code [0x0000021143247fc0, 0x0000021143248ae8]
Event: 17.500 Thread 0x000002115a8b2170 9165       1       org.gradle.api.internal.DelegatingDomainObjectSet::getDelegate (5 bytes)
Event: 17.500 Thread 0x000002115a8b2170 nmethod 9165 0x000002114a1c0c10 code [0x000002114a1c0da0, 0x000002114a1c0e78]
Event: 17.537 Thread 0x00000211a4d3e5b0 nmethod 9137 0x000002114a1c0f10 code [0x000002114a1c11c0, 0x000002114a1c49d0]
Event: 17.538 Thread 0x00000211a4d3e5b0 9139       4       org.objectweb.asm.Frame::execute (2303 bytes)
Event: 17.634 Thread 0x000002115a8b2170 9168       3       java.lang.invoke.MethodHandles$Lookup::newLookup (15 bytes)
Event: 17.634 Thread 0x000002115a8b2170 nmethod 9168 0x0000021143248e10 code [0x0000021143248fc0, 0x0000021143249198]
Event: 17.634 Thread 0x000002115a8b2170 9169       3       java.lang.invoke.MethodHandles$Lookup$ClassDefiner::defineClass (7 bytes)
Event: 17.634 Thread 0x000002115a8b2170 nmethod 9169 0x0000021143249290 code [0x0000021143249440, 0x0000021143249588]
Event: 17.636 Thread 0x000002115a8b2170 9170       3       org.gradle.model.internal.asm.AsmClassGenerator::<init> (88 bytes)

GC Heap History (20 events):
Event: 9.667 GC heap before
{Heap before GC invocations=15 (full 0):
 garbage-first heap   total 131072K, used 96718K [0x0000000740000000, 0x0000000800000000)
  region size 2048K, 18 young (36864K), 2 survivors (4096K)
 Metaspace       used 42885K, committed 43456K, reserved 1114112K
  class space    used 5966K, committed 6208K, reserved 1048576K
}
Event: 9.673 GC heap after
{Heap after GC invocations=16 (full 0):
 garbage-first heap   total 131072K, used 69063K [0x0000000740000000, 0x0000000800000000)
  region size 2048K, 3 young (6144K), 3 survivors (6144K)
 Metaspace       used 42885K, committed 43456K, reserved 1114112K
  class space    used 5966K, committed 6208K, reserved 1048576K
}
Event: 10.427 GC heap before
{Heap before GC invocations=16 (full 0):
 garbage-first heap   total 131072K, used 95687K [0x0000000740000000, 0x0000000800000000)
  region size 2048K, 17 young (34816K), 3 survivors (6144K)
 Metaspace       used 45597K, committed 46144K, reserved 1114112K
  class space    used 6406K, committed 6656K, reserved 1048576K
}
Event: 10.435 GC heap after
{Heap after GC invocations=17 (full 0):
 garbage-first heap   total 131072K, used 71128K [0x0000000740000000, 0x0000000800000000)
  region size 2048K, 3 young (6144K), 3 survivors (6144K)
 Metaspace       used 45597K, committed 46144K, reserved 1114112K
  class space    used 6406K, committed 6656K, reserved 1048576K
}
Event: 10.980 GC heap before
{Heap before GC invocations=18 (full 0):
 garbage-first heap   total 131072K, used 99800K [0x0000000740000000, 0x0000000800000000)
  region size 2048K, 17 young (34816K), 3 survivors (6144K)
 Metaspace       used 48207K, committed 48768K, reserved 1114112K
  class space    used 6796K, committed 7040K, reserved 1048576K
}
Event: 10.990 GC heap after
{Heap after GC invocations=19 (full 0):
 garbage-first heap   total 131072K, used 72019K [0x0000000740000000, 0x0000000800000000)
  region size 2048K, 2 young (4096K), 2 survivors (4096K)
 Metaspace       used 48207K, committed 48768K, reserved 1114112K
  class space    used 6796K, committed 7040K, reserved 1048576K
}
Event: 11.579 GC heap before
{Heap before GC invocations=19 (full 0):
 garbage-first heap   total 131072K, used 102739K [0x0000000740000000, 0x0000000800000000)
  region size 2048K, 17 young (34816K), 2 survivors (4096K)
 Metaspace       used 49972K, committed 50496K, reserved 1114112K
  class space    used 7060K, committed 7296K, reserved 1048576K
}
Event: 11.586 GC heap after
{Heap after GC invocations=20 (full 0):
 garbage-first heap   total 131072K, used 73929K [0x0000000740000000, 0x0000000800000000)
  region size 2048K, 3 young (6144K), 3 survivors (6144K)
 Metaspace       used 49972K, committed 50496K, reserved 1114112K
  class space    used 7060K, committed 7296K, reserved 1048576K
}
Event: 12.041 GC heap before
{Heap before GC invocations=21 (full 0):
 garbage-first heap   total 133120K, used 100553K [0x0000000740000000, 0x0000000800000000)
  region size 2048K, 17 young (34816K), 3 survivors (6144K)
 Metaspace       used 50988K, committed 51584K, reserved 1114112K
  class space    used 7161K, committed 7424K, reserved 1048576K
}
Event: 12.049 GC heap after
{Heap after GC invocations=22 (full 0):
 garbage-first heap   total 133120K, used 75181K [0x0000000740000000, 0x0000000800000000)
  region size 2048K, 2 young (4096K), 2 survivors (4096K)
 Metaspace       used 50988K, committed 51584K, reserved 1114112K
  class space    used 7161K, committed 7424K, reserved 1048576K
}
Event: 13.159 GC heap before
{Heap before GC invocations=22 (full 0):
 garbage-first heap   total 133120K, used 101805K [0x0000000740000000, 0x0000000800000000)
  region size 2048K, 17 young (34816K), 2 survivors (4096K)
 Metaspace       used 57715K, committed 58368K, reserved 1114112K
  class space    used 7969K, committed 8256K, reserved 1048576K
}
Event: 13.165 GC heap after
{Heap after GC invocations=23 (full 0):
 garbage-first heap   total 266240K, used 78829K [0x0000000740000000, 0x0000000800000000)
  region size 2048K, 3 young (6144K), 3 survivors (6144K)
 Metaspace       used 57715K, committed 58368K, reserved 1114112K
  class space    used 7969K, committed 8256K, reserved 1048576K
}
Event: 15.648 GC heap before
{Heap before GC invocations=23 (full 0):
 garbage-first heap   total 266240K, used 222189K [0x0000000740000000, 0x0000000800000000)
  region size 2048K, 63 young (129024K), 3 survivors (6144K)
 Metaspace       used 65090K, committed 65792K, reserved 1114112K
  class space    used 9075K, committed 9408K, reserved 1048576K
}
Event: 15.665 GC heap after
{Heap after GC invocations=24 (full 0):
 garbage-first heap   total 266240K, used 89645K [0x0000000740000000, 0x0000000800000000)
  region size 2048K, 7 young (14336K), 7 survivors (14336K)
 Metaspace       used 65090K, committed 65792K, reserved 1114112K
  class space    used 9075K, committed 9408K, reserved 1048576K
}
Event: 16.181 GC heap before
{Heap before GC invocations=24 (full 0):
 garbage-first heap   total 266240K, used 128557K [0x0000000740000000, 0x0000000800000000)
  region size 2048K, 17 young (34816K), 7 survivors (14336K)
 Metaspace       used 66429K, committed 67072K, reserved 1114112K
  class space    used 9204K, committed 9536K, reserved 1048576K
}
Event: 16.196 GC heap after
{Heap after GC invocations=25 (full 0):
 garbage-first heap   total 266240K, used 91636K [0x0000000740000000, 0x0000000800000000)
  region size 2048K, 2 young (4096K), 2 survivors (4096K)
 Metaspace       used 66429K, committed 67072K, reserved 1114112K
  class space    used 9204K, committed 9536K, reserved 1048576K
}
Event: 16.258 GC heap before
{Heap before GC invocations=25 (full 0):
 garbage-first heap   total 266240K, used 116212K [0x0000000740000000, 0x0000000800000000)
  region size 2048K, 3 young (6144K), 2 survivors (4096K)
 Metaspace       used 66429K, committed 67072K, reserved 1114112K
  class space    used 9204K, committed 9536K, reserved 1048576K
}
Event: 16.262 GC heap after
{Heap after GC invocations=26 (full 0):
 garbage-first heap   total 266240K, used 91119K [0x0000000740000000, 0x0000000800000000)
  region size 2048K, 1 young (2048K), 1 survivors (2048K)
 Metaspace       used 66429K, committed 67072K, reserved 1114112K
  class space    used 9204K, committed 9536K, reserved 1048576K
}
Event: 16.503 GC heap before
{Heap before GC invocations=26 (full 0):
 garbage-first heap   total 266240K, used 130031K [0x0000000740000000, 0x0000000800000000)
  region size 2048K, 7 young (14336K), 1 survivors (2048K)
 Metaspace       used 67377K, committed 68096K, reserved 1114112K
  class space    used 9347K, committed 9664K, reserved 1048576K
}
Event: 16.507 GC heap after
{Heap after GC invocations=27 (full 0):
 garbage-first heap   total 266240K, used 91229K [0x0000000740000000, 0x0000000800000000)
  region size 2048K, 2 young (4096K), 2 survivors (4096K)
 Metaspace       used 67377K, committed 68096K, reserved 1114112K
  class space    used 9347K, committed 9664K, reserved 1048576K
}

Dll operation events (15 events):
Event: 0.048 Loaded shared library C:\Users\aplut\.gradle\jdks\eclipse_adoptium-17-amd64-windows\jdk-17.0.13+11\bin\java.dll
Event: 0.094 Loaded shared library C:\Users\aplut\.gradle\jdks\eclipse_adoptium-17-amd64-windows\jdk-17.0.13+11\bin\jsvml.dll
Event: 0.187 Loaded shared library C:\Users\aplut\.gradle\jdks\eclipse_adoptium-17-amd64-windows\jdk-17.0.13+11\bin\zip.dll
Event: 0.191 Loaded shared library C:\Users\aplut\.gradle\jdks\eclipse_adoptium-17-amd64-windows\jdk-17.0.13+11\bin\instrument.dll
Event: 0.197 Loaded shared library C:\Users\aplut\.gradle\jdks\eclipse_adoptium-17-amd64-windows\jdk-17.0.13+11\bin\net.dll
Event: 0.207 Loaded shared library C:\Users\aplut\.gradle\jdks\eclipse_adoptium-17-amd64-windows\jdk-17.0.13+11\bin\nio.dll
Event: 0.215 Loaded shared library C:\Users\aplut\.gradle\jdks\eclipse_adoptium-17-amd64-windows\jdk-17.0.13+11\bin\zip.dll
Event: 0.654 Loaded shared library C:\Users\aplut\.gradle\jdks\eclipse_adoptium-17-amd64-windows\jdk-17.0.13+11\bin\jimage.dll
Event: 0.812 Loaded shared library C:\Users\aplut\.gradle\jdks\eclipse_adoptium-17-amd64-windows\jdk-17.0.13+11\bin\verify.dll
Event: 1.020 Loaded shared library C:\Users\aplut\.gradle\native\c067742578af261105cb4f569cf0c3c89f3d7b1fecec35dd04571415982c5e48\windows-amd64\native-platform.dll
Event: 1.026 Loaded shared library C:\Users\aplut\.gradle\native\100fb08df4bc3b14c8652ba06237920a3bd2aa13389f12d3474272988ae205f9\windows-amd64\native-platform-file-events.dll
Event: 2.586 Loaded shared library C:\Users\aplut\.gradle\jdks\eclipse_adoptium-17-amd64-windows\jdk-17.0.13+11\bin\management.dll
Event: 2.591 Loaded shared library C:\Users\aplut\.gradle\jdks\eclipse_adoptium-17-amd64-windows\jdk-17.0.13+11\bin\management_ext.dll
Event: 2.934 Loaded shared library C:\Users\aplut\.gradle\jdks\eclipse_adoptium-17-amd64-windows\jdk-17.0.13+11\bin\extnet.dll
Event: 3.685 Loaded shared library C:\Users\aplut\.gradle\jdks\eclipse_adoptium-17-amd64-windows\jdk-17.0.13+11\bin\sunmscapi.dll

Deoptimization events (20 events):
Event: 17.279 Thread 0x00000211a1acbd50 Uncommon trap: trap_request=0xffffff45 fr.pc=0x0000021149fda9e0 relative=0x0000000000000980
Event: 17.279 Thread 0x00000211a1acbd50 Uncommon trap: reason=unstable_if action=reinterpret pc=0x0000021149fda9e0 method=org.objectweb.asm.Frame.accept(Lorg/objectweb/asm/MethodWriter;)V @ 32 c2
Event: 17.279 Thread 0x00000211a1acbd50 DEOPT PACKING pc=0x0000021149fda9e0 sp=0x0000008b6b9f8480
Event: 17.279 Thread 0x00000211a1acbd50 DEOPT UNPACKING pc=0x000002114976a1a3 sp=0x0000008b6b9f8430 mode 2
Event: 17.281 Thread 0x00000211a1acbd50 Uncommon trap: trap_request=0xffffff45 fr.pc=0x000002114a04f4c4 relative=0x00000000000001a4
Event: 17.281 Thread 0x00000211a1acbd50 Uncommon trap: reason=unstable_if action=reinterpret pc=0x000002114a04f4c4 method=org.objectweb.asm.Type.getTypeInternal(Ljava/lang/String;II)Lorg/objectweb/asm/Type; @ 5 c2
Event: 17.281 Thread 0x00000211a1acbd50 DEOPT PACKING pc=0x000002114a04f4c4 sp=0x0000008b6b9f8260
Event: 17.281 Thread 0x00000211a1acbd50 DEOPT UNPACKING pc=0x000002114976a1a3 sp=0x0000008b6b9f81f8 mode 2
Event: 17.616 Thread 0x00000211a1acbd50 Uncommon trap: trap_request=0xffffff45 fr.pc=0x0000021149f32ef4 relative=0x00000000000003d4
Event: 17.616 Thread 0x00000211a1acbd50 Uncommon trap: reason=unstable_if action=reinterpret pc=0x0000021149f32ef4 method=java.util.stream.StreamOpFlag.getMask(I)I @ 1 c2
Event: 17.616 Thread 0x00000211a1acbd50 DEOPT PACKING pc=0x0000021149f32ef4 sp=0x0000008b6b9f6420
Event: 17.616 Thread 0x00000211a1acbd50 DEOPT UNPACKING pc=0x000002114976a1a3 sp=0x0000008b6b9f6310 mode 2
Event: 17.624 Thread 0x00000211a1acbd50 Uncommon trap: trap_request=0xffffff45 fr.pc=0x0000021149f42a94 relative=0x0000000000000174
Event: 17.624 Thread 0x00000211a1acbd50 Uncommon trap: reason=unstable_if action=reinterpret pc=0x0000021149f42a94 method=java.util.stream.AbstractPipeline.evaluate(Ljava/util/stream/TerminalOp;)Ljava/lang/Object; @ 53 c2
Event: 17.624 Thread 0x00000211a1acbd50 DEOPT PACKING pc=0x0000021149f42a94 sp=0x0000008b6b9f6520
Event: 17.624 Thread 0x00000211a1acbd50 DEOPT UNPACKING pc=0x000002114976a1a3 sp=0x0000008b6b9f64e0 mode 2
Event: 17.624 Thread 0x00000211a1acbd50 Uncommon trap: trap_request=0xffffff45 fr.pc=0x0000021149fa3a14 relative=0x0000000000000114
Event: 17.624 Thread 0x00000211a1acbd50 Uncommon trap: reason=unstable_if action=reinterpret pc=0x0000021149fa3a14 method=java.util.stream.AbstractPipeline.sourceSpliterator(I)Ljava/util/Spliterator; @ 82 c2
Event: 17.624 Thread 0x00000211a1acbd50 DEOPT PACKING pc=0x0000021149fa3a14 sp=0x0000008b6b9f64a0
Event: 17.624 Thread 0x00000211a1acbd50 DEOPT UNPACKING pc=0x000002114976a1a3 sp=0x0000008b6b9f6430 mode 2

Classes loaded (20 events):
Event: 16.622 Loading class java/io/ObjectOutputStream$BlockDataOutputStream
Event: 16.623 Loading class java/io/ObjectOutputStream$BlockDataOutputStream done
Event: 16.623 Loading class java/io/ObjectOutputStream$HandleTable
Event: 16.623 Loading class java/io/ObjectOutputStream$HandleTable done
Event: 16.623 Loading class java/io/ObjectOutputStream$ReplaceTable
Event: 16.623 Loading class java/io/ObjectOutputStream$ReplaceTable done
Event: 16.759 Loading class java/util/TreeMap$KeySpliterator
Event: 16.760 Loading class java/util/TreeMap$TreeMapSpliterator
Event: 16.760 Loading class java/util/TreeMap$TreeMapSpliterator done
Event: 16.760 Loading class java/util/TreeMap$KeySpliterator done
Event: 16.783 Loading class java/util/concurrent/ConcurrentLinkedQueue$Itr
Event: 16.783 Loading class java/util/concurrent/ConcurrentLinkedQueue$Itr done
Event: 17.068 Loading class java/text/MessageFormat
Event: 17.069 Loading class java/text/MessageFormat done
Event: 17.070 Loading class java/text/MessageFormat$Field
Event: 17.070 Loading class java/text/MessageFormat$Field done
Event: 17.576 Loading class java/util/stream/ReferencePipeline$15
Event: 17.616 Loading class java/util/stream/ReferencePipeline$15 done
Event: 17.627 Loading class java/util/stream/ReferencePipeline$15$1
Event: 17.627 Loading class java/util/stream/ReferencePipeline$15$1 done

Classes unloaded (0 events):
No events

Classes redefined (0 events):
No events

Internal exceptions (20 events):
Event: 17.177 Thread 0x00000211a1acbd50 Exception <a 'java/lang/ClassNotFoundException'{0x000000074d92cf88}: org/gradle/api/tasks/CopyBeanInfo> (0x000000074d92cf88) 
thrown [s\src\hotspot\share\classfile\systemDictionary.cpp, line 256]
Event: 17.178 Thread 0x00000211a1acbd50 Exception <a 'java/lang/ClassNotFoundException'{0x000000074d938c88}: org/gradle/api/tasks/CopyCustomizer> (0x000000074d938c88) 
thrown [s\src\hotspot\share\classfile\systemDictionary.cpp, line 256]
Event: 17.179 Thread 0x00000211a1acbd50 Exception <a 'java/lang/ClassNotFoundException'{0x000000074d95dc60}: org/gradle/language/jvm/tasks/ProcessResourcesCustomizer> (0x000000074d95dc60) 
thrown [s\src\hotspot\share\classfile\systemDictionary.cpp, line 256]
Event: 17.179 Thread 0x00000211a1acbd50 Exception <a 'java/lang/ClassNotFoundException'{0x000000074d980180}: org/gradle/language/jvm/tasks/ProcessResources_DecoratedCustomizer> (0x000000074d980180) 
thrown [s\src\hotspot\share\classfile\systemDictionary.cpp, line 256]
Event: 17.183 Thread 0x00000211a1acbd50 Exception <a 'java/lang/ClassNotFoundException'{0x000000074d603b70}: org/gradle/api/internal/tasks/DefaultTaskInputsBeanInfo> (0x000000074d603b70) 
thrown [s\src\hotspot\share\classfile\systemDictionary.cpp, line 256]
Event: 17.184 Thread 0x00000211a1acbd50 Exception <a 'java/lang/ClassNotFoundException'{0x000000074d60fd90}: org/gradle/api/internal/tasks/DefaultTaskInputsCustomizer> (0x000000074d60fd90) 
thrown [s\src\hotspot\share\classfile\systemDictionary.cpp, line 256]
Event: 17.223 Thread 0x00000211a1acbd50 Exception <a 'java/lang/ClassNotFoundException'{0x000000074d564b00}: org/gradle/api/tasks/compile/JavaCompile_DecoratedBeanInfo> (0x000000074d564b00) 
thrown [s\src\hotspot\share\classfile\systemDictionary.cpp, line 256]
Event: 17.223 Thread 0x00000211a1acbd50 Exception <a 'java/lang/ClassNotFoundException'{0x000000074d573120}: org/gradle/api/tasks/compile/JavaCompileBeanInfo> (0x000000074d573120) 
thrown [s\src\hotspot\share\classfile\systemDictionary.cpp, line 256]
Event: 17.223 Thread 0x00000211a1acbd50 Exception <a 'java/lang/ClassNotFoundException'{0x000000074d5817b8}: org/gradle/api/tasks/compile/AbstractCompileBeanInfo> (0x000000074d5817b8) 
thrown [s\src\hotspot\share\classfile\systemDictionary.cpp, line 256]
Event: 17.223 Thread 0x00000211a1acbd50 Exception <a 'java/lang/ClassNotFoundException'{0x000000074d58d5c0}: org/gradle/api/tasks/SourceTaskBeanInfo> (0x000000074d58d5c0) 
thrown [s\src\hotspot\share\classfile\systemDictionary.cpp, line 256]
Event: 17.224 Thread 0x00000211a1acbd50 Exception <a 'java/lang/ClassNotFoundException'{0x000000074d5993e8}: org/gradle/api/tasks/SourceTaskCustomizer> (0x000000074d5993e8) 
thrown [s\src\hotspot\share\classfile\systemDictionary.cpp, line 256]
Event: 17.225 Thread 0x00000211a1acbd50 Exception <a 'java/lang/ClassNotFoundException'{0x000000074d5cafa0}: org/gradle/api/tasks/compile/AbstractCompileCustomizer> (0x000000074d5cafa0) 
thrown [s\src\hotspot\share\classfile\systemDictionary.cpp, line 256]
Event: 17.225 Thread 0x00000211a1acbd50 Exception <a 'java/lang/ClassNotFoundException'{0x000000074d5f16b0}: org/gradle/api/tasks/compile/JavaCompileCustomizer> (0x000000074d5f16b0) 
thrown [s\src\hotspot\share\classfile\systemDictionary.cpp, line 256]
Event: 17.226 Thread 0x00000211a1acbd50 Exception <a 'java/lang/ClassNotFoundException'{0x000000074d218b80}: org/gradle/api/tasks/compile/JavaCompile_DecoratedCustomizer> (0x000000074d218b80) 
thrown [s\src\hotspot\share\classfile\systemDictionary.cpp, line 256]
Event: 17.232 Thread 0x00000211a1acbd50 Exception <a 'java/lang/ClassNotFoundException'{0x000000074d2c6550}: org/gradle/api/tasks/compile/CompileOptions_DecoratedBeanInfo> (0x000000074d2c6550) 
thrown [s\src\hotspot\share\classfile\systemDictionary.cpp, line 256]
Event: 17.233 Thread 0x00000211a1acbd50 Exception <a 'java/lang/ClassNotFoundException'{0x000000074d2d4bf0}: org/gradle/api/tasks/compile/CompileOptionsBeanInfo> (0x000000074d2d4bf0) 
thrown [s\src\hotspot\share\classfile\systemDictionary.cpp, line 256]
Event: 17.233 Thread 0x00000211a1acbd50 Exception <a 'java/lang/ClassNotFoundException'{0x000000074d2e3288}: org/gradle/api/tasks/compile/AbstractOptionsBeanInfo> (0x000000074d2e3288) 
thrown [s\src\hotspot\share\classfile\systemDictionary.cpp, line 256]
Event: 17.233 Thread 0x00000211a1acbd50 Exception <a 'java/lang/ClassNotFoundException'{0x000000074d2f1960}: org/gradle/api/tasks/compile/AbstractOptionsCustomizer> (0x000000074d2f1960) 
thrown [s\src\hotspot\share\classfile\systemDictionary.cpp, line 256]
Event: 17.234 Thread 0x00000211a1acbd50 Exception <a 'java/lang/ClassNotFoundException'{0x000000074d302b18}: org/gradle/api/tasks/compile/CompileOptionsCustomizer> (0x000000074d302b18) 
thrown [s\src\hotspot\share\classfile\systemDictionary.cpp, line 256]
Event: 17.236 Thread 0x00000211a1acbd50 Exception <a 'java/lang/ClassNotFoundException'{0x000000074d3482d0}: org/gradle/api/tasks/compile/CompileOptions_DecoratedCustomizer> (0x000000074d3482d0) 
thrown [s\src\hotspot\share\classfile\systemDictionary.cpp, line 256]

VM Operations (20 events):
Event: 15.706 Executing VM operation: HandshakeAllThreads
Event: 15.706 Executing VM operation: HandshakeAllThreads done
Event: 15.765 Executing VM operation: HandshakeAllThreads
Event: 15.765 Executing VM operation: HandshakeAllThreads done
Event: 15.844 Executing VM operation: HandshakeAllThreads
Event: 15.844 Executing VM operation: HandshakeAllThreads done
Event: 16.047 Executing VM operation: ICBufferFull
Event: 16.047 Executing VM operation: ICBufferFull done
Event: 16.127 Executing VM operation: HandshakeAllThreads
Event: 16.127 Executing VM operation: HandshakeAllThreads done
Event: 16.181 Executing VM operation: G1TryInitiateConcMark
Event: 16.196 Executing VM operation: G1TryInitiateConcMark done
Event: 16.258 Executing VM operation: G1TryInitiateConcMark
Event: 16.262 Executing VM operation: G1TryInitiateConcMark done
Event: 16.503 Executing VM operation: G1TryInitiateConcMark
Event: 16.507 Executing VM operation: G1TryInitiateConcMark done
Event: 16.763 Executing VM operation: HandshakeAllThreads
Event: 16.763 Executing VM operation: HandshakeAllThreads done
Event: 17.279 Executing VM operation: ICBufferFull
Event: 17.279 Executing VM operation: ICBufferFull done

Memory protections (0 events):
No events

Nmethod flushes (20 events):
Event: 9.604 Thread 0x000002115aa50060 flushing  nmethod 0x0000021142999e90
Event: 9.604 Thread 0x000002115aa50060 flushing  nmethod 0x000002114299b010
Event: 9.604 Thread 0x000002115aa50060 flushing  nmethod 0x000002114299b590
Event: 9.604 Thread 0x000002115aa50060 flushing  nmethod 0x00000211429a3990
Event: 9.604 Thread 0x000002115aa50060 flushing  nmethod 0x00000211429a4610
Event: 9.605 Thread 0x000002115aa50060 flushing  nmethod 0x00000211429bcc10
Event: 9.605 Thread 0x000002115aa50060 flushing  nmethod 0x00000211429ecb10
Event: 9.605 Thread 0x000002115aa50060 flushing  nmethod 0x00000211429feb90
Event: 9.605 Thread 0x000002115aa50060 flushing  nmethod 0x0000021142a0b510
Event: 9.605 Thread 0x000002115aa50060 flushing  nmethod 0x0000021142a3f090
Event: 9.605 Thread 0x000002115aa50060 flushing  nmethod 0x0000021142a44590
Event: 9.605 Thread 0x000002115aa50060 flushing  nmethod 0x0000021142a44d10
Event: 9.605 Thread 0x000002115aa50060 flushing  nmethod 0x0000021142a79d90
Event: 9.605 Thread 0x000002115aa50060 flushing  nmethod 0x0000021142a7a910
Event: 9.605 Thread 0x000002115aa50060 flushing  nmethod 0x0000021142ae3b10
Event: 9.605 Thread 0x000002115aa50060 flushing  nmethod 0x0000021142b23390
Event: 13.583 Thread 0x000002115aa50060 flushing  nmethod 0x00000211423be590
Event: 13.585 Thread 0x000002115aa50060 flushing  nmethod 0x00000211426ccb90
Event: 13.586 Thread 0x000002115aa50060 flushing  nmethod 0x00000211427e1f10
Event: 13.586 Thread 0x000002115aa50060 flushing  nmethod 0x0000021142872790

Events (20 events):
Event: 12.961 Thread 0x00000211a499c920 Thread exited: 0x00000211a499c920
Event: 13.184 Thread 0x000002115a8b2170 Thread added: 0x00000211a4d40040
Event: 13.368 Thread 0x00000211a1acbd50 Thread added: 0x00000211a49a0af0
Event: 15.460 Thread 0x00000211a1acbd50 Thread added: 0x00000211a49a05e0
Event: 15.462 Thread 0x00000211a1acbd50 Thread added: 0x00000211a49a2950
Event: 15.464 Thread 0x00000211a1acbd50 Thread added: 0x00000211a499c920
Event: 16.112 Thread 0x00000211a1acbd50 Thread added: 0x00000211a49a2e60
Event: 16.113 Thread 0x00000211a1acbd50 Thread added: 0x00000211a499fbc0
Event: 16.114 Thread 0x00000211a1acbd50 Thread added: 0x00000211a49a00d0
Event: 16.421 Thread 0x00000211a1acbd50 Thread added: 0x00000211a499c410
Event: 16.589 Thread 0x00000211a4d40040 Thread exited: 0x00000211a4d40040
Event: 16.606 Thread 0x00000211a1acbd50 Thread added: 0x00000211a49a1000
Event: 16.634 Thread 0x00000211a49a1000 Thread exited: 0x00000211a49a1000
Event: 16.712 Thread 0x00000211a1acbd50 Thread added: 0x00000211a49a1a20
Event: 16.717 Thread 0x00000211a49a1a20 Thread added: 0x00000211a49a1000
Event: 16.719 Thread 0x00000211a49a1a20 Thread added: 0x00000211a49a1f30
Event: 16.720 Thread 0x00000211a49a1a20 Thread added: 0x00000211a499bf00
Event: 16.738 Thread 0x00000211a49a1000 Thread added: 0x00000211a49a3880
Event: 16.893 Thread 0x000002115a8b2170 Thread added: 0x00000211a4d3e5b0
Event: 17.627 Thread 0x00000211a1acbd50 Thread added: 0x00000211a210d750


Dynamic libraries:
0x00007ff7fbb70000 - 0x00007ff7fbb7e000 	C:\Users\aplut\.gradle\jdks\eclipse_adoptium-17-amd64-windows\jdk-17.0.13+11\bin\java.exe
0x00007ffa76090000 - 0x00007ffa762a7000 	C:\WINDOWS\SYSTEM32\ntdll.dll
0x00007ffa3c200000 - 0x00007ffa3c21a000 	C:\Program Files\Avast Software\Avast\aswhook.dll
0x00007ffa746c0000 - 0x00007ffa74784000 	C:\WINDOWS\System32\KERNEL32.DLL
0x00007ffa739f0000 - 0x00007ffa73da9000 	C:\WINDOWS\System32\KERNELBASE.dll
0x00007ffa62a50000 - 0x00007ffa62a67000 	C:\Users\aplut\.gradle\jdks\eclipse_adoptium-17-amd64-windows\jdk-17.0.13+11\bin\jli.dll
0x00007ffa74190000 - 0x00007ffa7433e000 	C:\WINDOWS\System32\USER32.dll
0x00007ffa738d0000 - 0x00007ffa739e1000 	C:\WINDOWS\System32\ucrtbase.dll
0x00007ffa734b0000 - 0x00007ffa734d6000 	C:\WINDOWS\System32\win32u.dll
0x00007ffa74b80000 - 0x00007ffa74ba9000 	C:\WINDOWS\System32\GDI32.dll
0x00007ffa73390000 - 0x00007ffa734ab000 	C:\WINDOWS\System32\gdi32full.dll
0x00007ffa734e0000 - 0x00007ffa7357a000 	C:\WINDOWS\System32\msvcp_win.dll
0x00007ffa62a30000 - 0x00007ffa62a4e000 	C:\Users\aplut\.gradle\jdks\eclipse_adoptium-17-amd64-windows\jdk-17.0.13+11\bin\VCRUNTIME140.dll
0x00007ffa59790000 - 0x00007ffa59a22000 	C:\WINDOWS\WinSxS\amd64_microsoft.windows.common-controls_6595b64144ccf1df_6.0.22621.4391_none_2715d37f73803e96\COMCTL32.dll
0x00007ffa740d0000 - 0x00007ffa74177000 	C:\WINDOWS\System32\msvcrt.dll
0x00007ffa75430000 - 0x00007ffa75461000 	C:\WINDOWS\System32\IMM32.DLL
0x00007ffa67250000 - 0x00007ffa6725c000 	C:\Users\aplut\.gradle\jdks\eclipse_adoptium-17-amd64-windows\jdk-17.0.13+11\bin\vcruntime140_1.dll
0x00007ffa2ede0000 - 0x00007ffa2ee6d000 	C:\Users\aplut\.gradle\jdks\eclipse_adoptium-17-amd64-windows\jdk-17.0.13+11\bin\msvcp140.dll
0x00007ff9db080000 - 0x00007ff9dbceb000 	C:\Users\aplut\.gradle\jdks\eclipse_adoptium-17-amd64-windows\jdk-17.0.13+11\bin\server\jvm.dll
0x00007ffa74000000 - 0x00007ffa740b2000 	C:\WINDOWS\System32\ADVAPI32.dll
0x00007ffa75670000 - 0x00007ffa75717000 	C:\WINDOWS\System32\sechost.dll
0x00007ffa735f0000 - 0x00007ffa73618000 	C:\WINDOWS\System32\bcrypt.dll
0x00007ffa745a0000 - 0x00007ffa746b4000 	C:\WINDOWS\System32\RPCRT4.dll
0x00007ffa74950000 - 0x00007ffa749c1000 	C:\WINDOWS\System32\WS2_32.dll
0x00007ffa730b0000 - 0x00007ffa730fd000 	C:\WINDOWS\SYSTEM32\POWRPROF.dll
0x00007ffa671d0000 - 0x00007ffa67204000 	C:\WINDOWS\SYSTEM32\WINMM.dll
0x00007ffa64920000 - 0x00007ffa6492a000 	C:\WINDOWS\SYSTEM32\VERSION.dll
0x00007ffa72fc0000 - 0x00007ffa72fd3000 	C:\WINDOWS\SYSTEM32\UMPDC.dll
0x00007ffa72390000 - 0x00007ffa723a8000 	C:\WINDOWS\SYSTEM32\kernel.appcore.dll
0x00007ffa63840000 - 0x00007ffa6384a000 	C:\Users\aplut\.gradle\jdks\eclipse_adoptium-17-amd64-windows\jdk-17.0.13+11\bin\jimage.dll
0x00007ffa70980000 - 0x00007ffa70bb2000 	C:\WINDOWS\SYSTEM32\DBGHELP.DLL
0x00007ffa75ca0000 - 0x00007ffa7602f000 	C:\WINDOWS\System32\combase.dll
0x00007ffa75490000 - 0x00007ffa75567000 	C:\WINDOWS\System32\OLEAUT32.dll
0x00007ffa62db0000 - 0x00007ffa62de2000 	C:\WINDOWS\SYSTEM32\dbgcore.DLL
0x00007ffa73850000 - 0x00007ffa738cb000 	C:\WINDOWS\System32\bcryptPrimitives.dll
0x00007ffa62be0000 - 0x00007ffa62bee000 	C:\Users\aplut\.gradle\jdks\eclipse_adoptium-17-amd64-windows\jdk-17.0.13+11\bin\instrument.dll
0x00007ffa62a00000 - 0x00007ffa62a25000 	C:\Users\aplut\.gradle\jdks\eclipse_adoptium-17-amd64-windows\jdk-17.0.13+11\bin\java.dll
0x00007ff9fe770000 - 0x00007ff9fe847000 	C:\Users\aplut\.gradle\jdks\eclipse_adoptium-17-amd64-windows\jdk-17.0.13+11\bin\jsvml.dll
0x00007ffa74bb0000 - 0x00007ffa75426000 	C:\WINDOWS\System32\SHELL32.dll
0x00007ffa71280000 - 0x00007ffa71b83000 	C:\WINDOWS\SYSTEM32\windows.storage.dll
0x00007ffa71140000 - 0x00007ffa7127f000 	C:\WINDOWS\SYSTEM32\wintypes.dll
0x00007ffa74850000 - 0x00007ffa74949000 	C:\WINDOWS\System32\SHCORE.dll
0x00007ffa74790000 - 0x00007ffa747ee000 	C:\WINDOWS\System32\shlwapi.dll
0x00007ffa732c0000 - 0x00007ffa732eb000 	C:\WINDOWS\SYSTEM32\profapi.dll
0x00007ffa629e0000 - 0x00007ffa629f8000 	C:\Users\aplut\.gradle\jdks\eclipse_adoptium-17-amd64-windows\jdk-17.0.13+11\bin\zip.dll
0x00007ffa629c0000 - 0x00007ffa629d9000 	C:\Users\aplut\.gradle\jdks\eclipse_adoptium-17-amd64-windows\jdk-17.0.13+11\bin\net.dll
0x00007ffa6a540000 - 0x00007ffa6a676000 	C:\WINDOWS\SYSTEM32\WINHTTP.dll
0x00007ffa72800000 - 0x00007ffa72869000 	C:\WINDOWS\system32\mswsock.dll
0x00007ffa62970000 - 0x00007ffa62986000 	C:\Users\aplut\.gradle\jdks\eclipse_adoptium-17-amd64-windows\jdk-17.0.13+11\bin\nio.dll
0x00007ffa62bc0000 - 0x00007ffa62bd0000 	C:\Users\aplut\.gradle\jdks\eclipse_adoptium-17-amd64-windows\jdk-17.0.13+11\bin\verify.dll
0x00007ffa3b650000 - 0x00007ffa3b677000 	C:\Users\aplut\.gradle\native\c067742578af261105cb4f569cf0c3c89f3d7b1fecec35dd04571415982c5e48\windows-amd64\native-platform.dll
0x00007ff9fdcf0000 - 0x00007ff9fde34000 	C:\Users\aplut\.gradle\native\100fb08df4bc3b14c8652ba06237920a3bd2aa13389f12d3474272988ae205f9\windows-amd64\native-platform-file-events.dll
0x00007ffa629b0000 - 0x00007ffa629ba000 	C:\Users\aplut\.gradle\jdks\eclipse_adoptium-17-amd64-windows\jdk-17.0.13+11\bin\management.dll
0x00007ffa54ec0000 - 0x00007ffa54ecb000 	C:\Users\aplut\.gradle\jdks\eclipse_adoptium-17-amd64-windows\jdk-17.0.13+11\bin\management_ext.dll
0x00007ffa74340000 - 0x00007ffa74348000 	C:\WINDOWS\System32\PSAPI.DLL
0x00007ffa72aa0000 - 0x00007ffa72abb000 	C:\WINDOWS\SYSTEM32\CRYPTSP.dll
0x00007ffa722f0000 - 0x00007ffa72325000 	C:\WINDOWS\system32\rsaenh.dll
0x00007ffa728a0000 - 0x00007ffa728c8000 	C:\WINDOWS\SYSTEM32\USERENV.dll
0x00007ffa72a00000 - 0x00007ffa72a0c000 	C:\WINDOWS\SYSTEM32\CRYPTBASE.dll
0x00007ffa71df0000 - 0x00007ffa71e1d000 	C:\WINDOWS\SYSTEM32\IPHLPAPI.DLL
0x00007ffa740c0000 - 0x00007ffa740c9000 	C:\WINDOWS\System32\NSI.dll
0x00007ffa67c90000 - 0x00007ffa67ca9000 	C:\WINDOWS\SYSTEM32\dhcpcsvc6.DLL
0x00007ffa67c70000 - 0x00007ffa67c8f000 	C:\WINDOWS\SYSTEM32\dhcpcsvc.DLL
0x00007ffa71e20000 - 0x00007ffa71f22000 	C:\WINDOWS\SYSTEM32\DNSAPI.dll
0x00007ffa4dfb0000 - 0x00007ffa4dfb9000 	C:\Users\aplut\.gradle\jdks\eclipse_adoptium-17-amd64-windows\jdk-17.0.13+11\bin\extnet.dll
0x00007ffa4dfa0000 - 0x00007ffa4dfae000 	C:\Users\aplut\.gradle\jdks\eclipse_adoptium-17-amd64-windows\jdk-17.0.13+11\bin\sunmscapi.dll
0x00007ffa736e0000 - 0x00007ffa73846000 	C:\WINDOWS\System32\CRYPT32.dll
0x00007ffa72cb0000 - 0x00007ffa72cdd000 	C:\WINDOWS\SYSTEM32\ncrypt.dll
0x00007ffa72c70000 - 0x00007ffa72ca7000 	C:\WINDOWS\SYSTEM32\NTASN1.dll
0x00007ffa62c70000 - 0x00007ffa62c78000 	C:\WINDOWS\system32\wshunix.dll
0x000000006c660000 - 0x000000006c686000 	C:\Program Files\Bonjour\mdnsNSP.dll
0x00007ffa648c0000 - 0x00007ffa648ca000 	C:\Windows\System32\rasadhlp.dll
0x00007ffa60960000 - 0x00007ffa609e3000 	C:\WINDOWS\System32\fwpuclnt.dll

dbghelp: loaded successfully - version: 4.0.5 - missing functions: none
symbol engine: initialized successfully - sym options: 0x614 - pdb path: .;C:\Users\aplut\.gradle\jdks\eclipse_adoptium-17-amd64-windows\jdk-17.0.13+11\bin;C:\WINDOWS\SYSTEM32;C:\Program Files\Avast Software\Avast;C:\WINDOWS\WinSxS\amd64_microsoft.windows.common-controls_6595b64144ccf1df_6.0.22621.4391_none_2715d37f73803e96;C:\Users\aplut\.gradle\jdks\eclipse_adoptium-17-amd64-windows\jdk-17.0.13+11\bin\server;C:\Users\aplut\.gradle\native\c067742578af261105cb4f569cf0c3c89f3d7b1fecec35dd04571415982c5e48\windows-amd64;C:\Users\aplut\.gradle\native\100fb08df4bc3b14c8652ba06237920a3bd2aa13389f12d3474272988ae205f9\windows-amd64;C:\Program Files\Bonjour

VM Arguments:
jvm_args: --add-opens=java.base/java.util.concurrent.atomic=ALL-UNNAMED --add-opens=java.base/java.util=ALL-UNNAMED --add-opens=java.base/java.lang=ALL-UNNAMED --add-opens=java.base/java.lang.invoke=ALL-UNNAMED --add-opens=java.prefs/java.util.prefs=ALL-UNNAMED --add-opens=java.base/java.nio.charset=ALL-UNNAMED --add-opens=java.base/java.net=ALL-UNNAMED --add-opens=java.base/java.util.concurrent.atomic=ALL-UNNAMED -Xmx3G -Dfile.encoding=UTF-8 -Duser.country=PL -Duser.language=pl -Duser.variant -javaagent:C:\Users\aplut\.gradle\wrapper\dists\gradle-8.8-bin\dl7vupf4psengwqhwktix4v1\gradle-8.8\lib\agents\gradle-instrumentation-agent-8.8.jar 
java_command: org.gradle.launcher.daemon.bootstrap.GradleDaemon 8.8
java_class_path (initial): C:\Users\aplut\.gradle\wrapper\dists\gradle-8.8-bin\dl7vupf4psengwqhwktix4v1\gradle-8.8\lib\gradle-launcher-8.8.jar
Launcher Type: SUN_STANDARD

[Global flags]
     intx CICompilerCount                          = 3                                         {product} {ergonomic}
     uint ConcGCThreads                            = 1                                         {product} {ergonomic}
     uint G1ConcRefinementThreads                  = 4                                         {product} {ergonomic}
   size_t G1HeapRegionSize                         = 2097152                                   {product} {ergonomic}
    uintx GCDrainStackTargetSize                   = 64                                        {product} {ergonomic}
   size_t InitialHeapSize                          = 130023424                                 {product} {ergonomic}
   size_t MarkStackSize                            = 4194304                                   {product} {ergonomic}
   size_t MaxHeapSize                              = 3221225472                                {product} {command line}
   size_t MaxNewSize                               = 1931476992                                {product} {ergonomic}
   size_t MinHeapDeltaBytes                        = 2097152                                   {product} {ergonomic}
   size_t MinHeapSize                              = 8388608                                   {product} {ergonomic}
    uintx NonNMethodCodeHeapSize                   = 5832780                                {pd product} {ergonomic}
    uintx NonProfiledCodeHeapSize                  = 122912730                              {pd product} {ergonomic}
    uintx ProfiledCodeHeapSize                     = 122912730                              {pd product} {ergonomic}
    uintx ReservedCodeCacheSize                    = 251658240                              {pd product} {ergonomic}
     bool SegmentedCodeCache                       = true                                      {product} {ergonomic}
   size_t SoftMaxHeapSize                          = 3221225472                             {manageable} {ergonomic}
     bool UseCompressedClassPointers               = true                           {product lp64_product} {ergonomic}
     bool UseCompressedOops                        = true                           {product lp64_product} {ergonomic}
     bool UseG1GC                                  = true                                      {product} {ergonomic}
     bool UseLargePagesIndividualAllocation        = false                                  {pd product} {ergonomic}

Logging:
Log output configuration:
 #0: stdout all=warning uptime,level,tags
 #1: stderr all=off uptime,level,tags

Environment Variables:
PATH=C:\Program Files\Eclipse Adoptium\jdk-17.0.13.11-hotspot\bin;C:\Users\aplut\OneDrive\Pulpit\PythonFlask\Scripts\;C:\Users\aplut\OneDrive\Pulpit\PythonFlask\;C:\Program Files\Oculus\Support\oculus-runtime;C:\PROGRA~2\Borland\CBUILD~1\Bin;C:\PROGRA~2\Borland\CBUILD~1\Projects\Bpl;C:\Program Files\Common Files\Oracle\Java\javapath;C:\Program Files (x86)\Common Files\Oracle\Java\java8path;C:\Program Files (x86)\Common Files\Oracle\Java\javapath;C:\Program Files (x86)\VMware\VMware Player\bin\;C:\Program Files\Microsoft\jdk-11.0.12.7-hotspot\bin;C:\WINDOWS\system32;C:\WINDOWS;C:\WINDOWS\System32\Wbem;C:\WINDOWS\System32\WindowsPowerShell\v1.0\;C:\WINDOWS\System32\OpenSSH\;C:\Program Files\Microsoft SQL Server\150\Tools\Binn\;C:\Program Files\dotnet\;C:\Program Files (x86)\Yarn\bin\;C:\Program Files\HP\HP One Agent;C:\Program Files\Docker\Docker\resources\bin;C:\Program Files\nodejs\;C:\Program Files\Microsoft SQL Server\120\Tools\Binn\;C:\Program Files\Git\cmd;C:\Users\aplut\.cargo\bin;C:\Ruby27-x64\bin;C:\Users\aplut\AppData\Local\Microsoft\WindowsApps;C:\Users\aplut\.dotnet\tools;%JAVA_HOME%\bin;C:\Users\aplut\AppData\Local\Programs\Microsoft VS Code\bin;C:\Users\aplut\AppData\Local\Yarn\bin;C:\ProgramData\aplut\GitHubDesktop\bin;C:\Users\aplut\AppData\Roaming\npm;C:\xampp\php;C:\Users\aplut\composer;C:\Users\aplut\AppData\Roaming\Composer\vendor\bin;C:\Users\aplut\AppData\Local\Muse Hub\lib;C:\Program Files\Oracle\VirtualBox;C:\Users\aplut\IntelliJ IDEA Community Edition 2024.3\bin;;C:\Gradle\bin;C:\Users\aplut\AppData\Local\GitHubDesktop\bin
USERNAME=aplut
OS=Windows_NT
PROCESSOR_IDENTIFIER=Intel64 Family 6 Model 140 Stepping 1, GenuineIntel
TMP=C:\Users\aplut\AppData\Local\Temp
TEMP=C:\Users\aplut\AppData\Local\Temp



Periodic native trim disabled


---------------  S Y S T E M  ---------------

OS:
 Windows 11 , 64 bit Build 22621 (10.0.22621.4391)
OS uptime: 0 days 10:36 hours
Hyper-V role detected

CPU: total 4 (initial active 4) (2 cores per cpu, 2 threads per core) family 6 model 140 stepping 1 microcode 0xac, cx8, cmov, fxsr, ht, mmx, 3dnowpref, sse, sse2, sse3, ssse3, sse4.1, sse4.2, popcnt, lzcnt, tsc, tscinvbit, avx, avx2, aes, erms, clmul, bmi1, bmi2, adx, avx512f, avx512dq, avx512cd, avx512bw, avx512vl, sha, fma, vzeroupper, avx512_vpopcntdq, avx512_vpclmulqdq, avx512_vaes, avx512_vnni, clflush, clflushopt, clwb, avx512_vbmi2, avx512_vbmi, hv
Processor Information for all 4 processors :
  Max Mhz: 2995, Current Mhz: 2995, Mhz Limit: 2995

Memory: 4k page, system-wide physical 7932M (584M free)
TotalPageFile size 16932M (AvailPageFile size 5M)
current process WorkingSet (physical memory assigned to process): 531M, peak: 531M
current process commit charge ("private bytes"): 571M, peak: 572M

vm_info: OpenJDK 64-Bit Server VM (17.0.13+11) for windows-amd64 JRE (17.0.13+11), built on Oct 16 2024 00:10:08 by "admin" with MS VC++ 17.7 (VS2022)

END.
