#
# There is insufficient memory for the Java Runtime Environment to continue.
# Native memory allocation (mmap) failed to map 222298112 bytes. Error detail: G1 virtual space
# Possible reasons:
#   The system is out of physical RAM or swap space
#   This process is running with CompressedOops enabled, and the Java Heap may be blocking the growth of the native heap
# Possible solutions:
#   Reduce memory load on the system
#   Increase physical memory or swap space
#   Check if swap backing store is full
#   Decrease Java heap size (-Xmx/-Xms)
#   Decrease number of Java threads
#   Decrease Java thread stack sizes (-Xss)
#   Set larger code cache with -XX:ReservedCodeCacheSize=
#   JVM is running with Zero Based Compressed Oops mode in which the Java heap is
#     placed in the first 32GB address space. The Java Heap base address is the
#     maximum limit for the native heap growth. Please use -XX:HeapBaseMinAddress
#     to set the Java Heap base and to place the Java Heap above 32GB virtual address.
# This output file may be truncated or incomplete.
#
#  Out of Memory Error (os_windows.cpp:3614), pid=7680, tid=15312
#
# JRE version: OpenJDK Runtime Environment Temurin-17.0.13+11 (17.0.13+11) (build 17.0.13+11)
# Java VM: OpenJDK 64-Bit Server VM Temurin-17.0.13+11 (17.0.13+11, mixed mode, sharing, tiered, compressed oops, compressed class ptrs, g1 gc, windows-amd64)
# No core dump will be written. Minidumps are not enabled by default on client versions of Windows
#

---------------  S U M M A R Y ------------

Command Line: --add-opens=java.base/java.util.concurrent.atomic=ALL-UNNAMED --add-opens=java.base/java.util=ALL-UNNAMED --add-opens=java.base/java.lang=ALL-UNNAMED --add-opens=java.base/java.lang.invoke=ALL-UNNAMED --add-opens=java.prefs/java.util.prefs=ALL-UNNAMED --add-opens=java.base/java.nio.charset=ALL-UNNAMED --add-opens=java.base/java.net=ALL-UNNAMED --add-opens=java.base/java.util.concurrent.atomic=ALL-UNNAMED -Xmx3G -Dfile.encoding=UTF-8 -Duser.country=PL -Duser.language=pl -Duser.variant -javaagent:C:\Users\aplut\.gradle\wrapper\dists\gradle-8.8-bin\dl7vupf4psengwqhwktix4v1\gradle-8.8\lib\agents\gradle-instrumentation-agent-8.8.jar org.gradle.launcher.daemon.bootstrap.GradleDaemon 8.8

Host: 11th Gen Intel(R) Core(TM) i3-1115G4 @ 3.00GHz, 4 cores, 7G,  Windows 11 , 64 bit Build 22621 (10.0.22621.4391)
Time: Wed Dec  4 20:17:58 2024  Windows 11 , 64 bit Build 22621 (10.0.22621.4391) elapsed time: 10.959372 seconds (0d 0h 0m 10s)

---------------  T H R E A D  ---------------

Current thread (0x0000020cff69cc80):  VMThread "VM Thread" [stack: 0x000000f15ee00000,0x000000f15ef00000] [id=15312]

Stack: [0x000000f15ee00000,0x000000f15ef00000]
Native frames: (J=compiled Java code, j=interpreted, Vv=VM code, C=native code)
V  [jvm.dll+0x682a19]
V  [jvm.dll+0x839538]
V  [jvm.dll+0x83afe3]
V  [jvm.dll+0x83b653]
V  [jvm.dll+0x24704f]
V  [jvm.dll+0x67f809]
V  [jvm.dll+0x6746fa]
V  [jvm.dll+0x304a96]
V  [jvm.dll+0x30bf56]
V  [jvm.dll+0x35da5e]
V  [jvm.dll+0x35dc9d]
V  [jvm.dll+0x2dbe5c]
V  [jvm.dll+0x2da1ff]
V  [jvm.dll+0x2d996c]
V  [jvm.dll+0x31d511]
V  [jvm.dll+0x83fe8d]
V  [jvm.dll+0x840bc3]
V  [jvm.dll+0x8410ef]
V  [jvm.dll+0x8414d4]
V  [jvm.dll+0x84159e]
V  [jvm.dll+0x7e8ffc]
V  [jvm.dll+0x6818f7]
C  [ucrtbase.dll+0x29333]
C  [KERNEL32.DLL+0x1259d]
C  [ntdll.dll+0x5af38]

VM_Operation (0x000000f1632fcb80): G1TryInitiateConcMark, mode: safepoint, requested by thread 0x0000020cd88a3a10


---------------  P R O C E S S  ---------------

Threads class SMR info:
_java_thread_list=0x0000020cd9306ec0, length=67, elements={
0x0000020cf14c2e00, 0x0000020cff6a3820, 0x0000020cff6a49f0, 0x0000020cff6b8ef0,
0x0000020cff6bbac0, 0x0000020cff6bed30, 0x0000020cff6c0700, 0x0000020cff6c14a0,
0x0000020cff850110, 0x0000020cff71b740, 0x0000020cff8e5610, 0x0000020cffa53810,
0x0000020cd890b460, 0x0000020cd7056da0, 0x0000020cd781d070, 0x0000020cd87c6830,
0x0000020cd7055150, 0x0000020cd88864a0, 0x0000020cd836d180, 0x0000020cd88a5360,
0x0000020cd88a4940, 0x0000020cd88a5d80, 0x0000020cd88a4e50, 0x0000020cd88a6290,
0x0000020cd88a2ae0, 0x0000020cd88a3f20, 0x0000020cd88a4430, 0x0000020cdabdec40,
0x0000020cdabe2e10, 0x0000020cdabde220, 0x0000020cdabde730, 0x0000020cdabddd10,
0x0000020cdabe0590, 0x0000020cdabdf150, 0x0000020cdabe3320, 0x0000020cdabdf660,
0x0000020cdabe4760, 0x0000020cdabe0080, 0x0000020cdabe2900, 0x0000020cdabe23f0,
0x0000020cdabe0aa0, 0x0000020cdabe19d0, 0x0000020cdabdd2f0, 0x0000020cdabe4c70,
0x0000020cdabdd800, 0x0000020cdb631db0, 0x0000020cdb6318a0, 0x0000020cdb630460,
0x0000020cdb631390, 0x0000020cdb633c10, 0x0000020cdb62e0f0, 0x0000020cdb6322c0,
0x0000020cdb62fa40, 0x0000020cdb62ff50, 0x0000020cdb62e600, 0x0000020cdb62eb10,
0x0000020cdb6331f0, 0x0000020cdb635560, 0x0000020cdb6327d0, 0x0000020cffab75e0,
0x0000020cdb633700, 0x0000020cdb635050, 0x0000020cdb62f530, 0x0000020cdb630e80,
0x0000020cd88a3a10, 0x0000020cd705ae80, 0x0000020cd705e120
}

Java Threads: ( => current thread )
  0x0000020cf14c2e00 JavaThread "main" [_thread_blocked, id=6080, stack(0x000000f15e800000,0x000000f15e900000)]
  0x0000020cff6a3820 JavaThread "Reference Handler" daemon [_thread_blocked, id=20980, stack(0x000000f15ef00000,0x000000f15f000000)]
  0x0000020cff6a49f0 JavaThread "Finalizer" daemon [_thread_blocked, id=22088, stack(0x000000f15f000000,0x000000f15f100000)]
  0x0000020cff6b8ef0 JavaThread "Signal Dispatcher" daemon [_thread_blocked, id=20532, stack(0x000000f15f100000,0x000000f15f200000)]
  0x0000020cff6bbac0 JavaThread "Attach Listener" daemon [_thread_blocked, id=26468, stack(0x000000f15f200000,0x000000f15f300000)]
  0x0000020cff6bed30 JavaThread "Service Thread" daemon [_thread_blocked, id=26812, stack(0x000000f15f300000,0x000000f15f400000)]
  0x0000020cff6c0700 JavaThread "Monitor Deflation Thread" daemon [_thread_blocked, id=2448, stack(0x000000f15f400000,0x000000f15f500000)]
  0x0000020cff6c14a0 JavaThread "C2 CompilerThread0" daemon [_thread_blocked, id=21656, stack(0x000000f15f500000,0x000000f15f600000)]
  0x0000020cff850110 JavaThread "C1 CompilerThread0" daemon [_thread_blocked, id=15700, stack(0x000000f15f600000,0x000000f15f700000)]
  0x0000020cff71b740 JavaThread "Sweeper thread" daemon [_thread_blocked, id=26340, stack(0x000000f15f700000,0x000000f15f800000)]
  0x0000020cff8e5610 JavaThread "Common-Cleaner" daemon [_thread_blocked, id=27104, stack(0x000000f15f800000,0x000000f15f900000)]
  0x0000020cffa53810 JavaThread "Notification Thread" daemon [_thread_blocked, id=22240, stack(0x000000f15f900000,0x000000f15fa00000)]
  0x0000020cd890b460 JavaThread "Daemon health stats" [_thread_blocked, id=24028, stack(0x000000f15ff00000,0x000000f160000000)]
  0x0000020cd7056da0 JavaThread "Incoming local TCP Connector on port 59467" [_thread_in_native, id=26488, stack(0x000000f160000000,0x000000f160100000)]
  0x0000020cd781d070 JavaThread "Daemon periodic checks" [_thread_blocked, id=21144, stack(0x000000f160100000,0x000000f160200000)]
  0x0000020cd87c6830 JavaThread "Daemon" [_thread_blocked, id=7032, stack(0x000000f160200000,0x000000f160300000)]
  0x0000020cd7055150 JavaThread "Handler for socket connection from /127.0.0.1:59467 to /127.0.0.1:59468" [_thread_in_native, id=15480, stack(0x000000f160300000,0x000000f160400000)]
  0x0000020cd88864a0 JavaThread "Cancel handler" [_thread_blocked, id=8344, stack(0x000000f160400000,0x000000f160500000)]
  0x0000020cd836d180 JavaThread "Daemon worker" [_thread_blocked, id=24940, stack(0x000000f160500000,0x000000f160600000)]
  0x0000020cd88a5360 JavaThread "Asynchronous log dispatcher for DefaultDaemonConnection: socket connection from /127.0.0.1:59467 to /127.0.0.1:59468" [_thread_blocked, id=14804, stack(0x000000f160600000,0x000000f160700000)]
  0x0000020cd88a4940 JavaThread "Stdin handler" [_thread_blocked, id=27052, stack(0x000000f160700000,0x000000f160800000)]
  0x0000020cd88a5d80 JavaThread "Daemon client event forwarder" [_thread_blocked, id=19860, stack(0x000000f160800000,0x000000f160900000)]
  0x0000020cd88a4e50 JavaThread "Cache worker for journal cache (C:\Users\aplut\.gradle\caches\journal-1)" [_thread_blocked, id=22856, stack(0x000000f160900000,0x000000f160a00000)]
  0x0000020cd88a6290 JavaThread "File lock request listener" [_thread_in_native, id=27376, stack(0x000000f160a00000,0x000000f160b00000)]
  0x0000020cd88a2ae0 JavaThread "Cache worker for file hash cache (C:\Users\aplut\.gradle\caches\8.8\fileHashes)" [_thread_blocked, id=21672, stack(0x000000f160b00000,0x000000f160c00000)]
  0x0000020cd88a3f20 JavaThread "Cache worker for file hash cache (C:\Users\aplut\OneDrive\Projekty\Mods\Creativity\.gradle\8.8\fileHashes)" [_thread_blocked, id=27020, stack(0x000000f160c00000,0x000000f160d00000)]
  0x0000020cd88a4430 JavaThread "File watcher server" daemon [_thread_in_native, id=17680, stack(0x000000f160d00000,0x000000f160e00000)]
  0x0000020cdabdec40 JavaThread "File watcher consumer" daemon [_thread_blocked, id=16544, stack(0x000000f160e00000,0x000000f160f00000)]
  0x0000020cdabe2e10 JavaThread "jar transforms" [_thread_blocked, id=22900, stack(0x000000f160f00000,0x000000f161000000)]
  0x0000020cdabde220 JavaThread "jar transforms Thread 2" [_thread_blocked, id=3512, stack(0x000000f161000000,0x000000f161100000)]
  0x0000020cdabde730 JavaThread "jar transforms Thread 3" [_thread_blocked, id=23912, stack(0x000000f161100000,0x000000f161200000)]
  0x0000020cdabddd10 JavaThread "jar transforms Thread 4" [_thread_blocked, id=27380, stack(0x000000f161200000,0x000000f161300000)]
  0x0000020cdabe0590 JavaThread "Cache worker for checksums cache (C:\Users\aplut\OneDrive\Projekty\Mods\Creativity\.gradle\8.8\checksums)" [_thread_blocked, id=18580, stack(0x000000f161300000,0x000000f161400000)]
  0x0000020cdabdf150 JavaThread "Cache worker for file content cache (C:\Users\aplut\.gradle\caches\8.8\fileContent)" [_thread_blocked, id=7004, stack(0x000000f161400000,0x000000f161500000)]
  0x0000020cdabe3320 JavaThread "Cache worker for cache directory md-rule (C:\Users\aplut\.gradle\caches\8.8\md-rule)" [_thread_blocked, id=4324, stack(0x000000f161500000,0x000000f161600000)]
  0x0000020cdabdf660 JavaThread "Cache worker for cache directory md-supplier (C:\Users\aplut\.gradle\caches\8.8\md-supplier)" [_thread_blocked, id=27364, stack(0x000000f161600000,0x000000f161700000)]
  0x0000020cdabe4760 JavaThread "Unconstrained build operations" [_thread_blocked, id=7096, stack(0x000000f161700000,0x000000f161800000)]
  0x0000020cdabe0080 JavaThread "Unconstrained build operations Thread 2" [_thread_blocked, id=7876, stack(0x000000f161800000,0x000000f161900000)]
  0x0000020cdabe2900 JavaThread "Unconstrained build operations Thread 3" [_thread_blocked, id=26800, stack(0x000000f161900000,0x000000f161a00000)]
  0x0000020cdabe23f0 JavaThread "Unconstrained build operations Thread 4" [_thread_blocked, id=21824, stack(0x000000f161a00000,0x000000f161b00000)]
  0x0000020cdabe0aa0 JavaThread "Unconstrained build operations Thread 5" [_thread_blocked, id=7772, stack(0x000000f161b00000,0x000000f161c00000)]
  0x0000020cdabe19d0 JavaThread "Unconstrained build operations Thread 6" [_thread_blocked, id=3780, stack(0x000000f161c00000,0x000000f161d00000)]
  0x0000020cdabdd2f0 JavaThread "Unconstrained build operations Thread 7" [_thread_blocked, id=26304, stack(0x000000f161d00000,0x000000f161e00000)]
  0x0000020cdabe4c70 JavaThread "Unconstrained build operations Thread 8" [_thread_blocked, id=19240, stack(0x000000f161e00000,0x000000f161f00000)]
  0x0000020cdabdd800 JavaThread "Unconstrained build operations Thread 9" [_thread_blocked, id=3228, stack(0x000000f161f00000,0x000000f162000000)]
  0x0000020cdb631db0 JavaThread "Unconstrained build operations Thread 10" [_thread_blocked, id=13564, stack(0x000000f162000000,0x000000f162100000)]
  0x0000020cdb6318a0 JavaThread "Unconstrained build operations Thread 11" [_thread_blocked, id=14436, stack(0x000000f162100000,0x000000f162200000)]
  0x0000020cdb630460 JavaThread "Unconstrained build operations Thread 12" [_thread_blocked, id=16324, stack(0x000000f162200000,0x000000f162300000)]
  0x0000020cdb631390 JavaThread "Cache worker for Build Output Cleanup Cache (C:\Users\aplut\OneDrive\Projekty\Mods\Creativity\.gradle\buildOutputCleanup)" [_thread_blocked, id=20736, stack(0x000000f162300000,0x000000f162400000)]
  0x0000020cdb633c10 JavaThread "Unconstrained build operations Thread 13" [_thread_blocked, id=22368, stack(0x000000f162400000,0x000000f162500000)]
  0x0000020cdb62e0f0 JavaThread "Unconstrained build operations Thread 14" [_thread_blocked, id=25944, stack(0x000000f162500000,0x000000f162600000)]
  0x0000020cdb6322c0 JavaThread "Unconstrained build operations Thread 15" [_thread_blocked, id=27260, stack(0x000000f162600000,0x000000f162700000)]
  0x0000020cdb62fa40 JavaThread "Unconstrained build operations Thread 16" [_thread_blocked, id=26508, stack(0x000000f162700000,0x000000f162800000)]
  0x0000020cdb62ff50 JavaThread "Unconstrained build operations Thread 17" [_thread_blocked, id=26388, stack(0x000000f162800000,0x000000f162900000)]
  0x0000020cdb62e600 JavaThread "Unconstrained build operations Thread 18" [_thread_blocked, id=16328, stack(0x000000f162900000,0x000000f162a00000)]
  0x0000020cdb62eb10 JavaThread "Unconstrained build operations Thread 19" [_thread_blocked, id=25480, stack(0x000000f162a00000,0x000000f162b00000)]
  0x0000020cdb6331f0 JavaThread "Unconstrained build operations Thread 20" [_thread_blocked, id=20944, stack(0x000000f162b00000,0x000000f162c00000)]
  0x0000020cdb635560 JavaThread "Unconstrained build operations Thread 21" [_thread_blocked, id=22996, stack(0x000000f162c00000,0x000000f162d00000)]
  0x0000020cdb6327d0 JavaThread "Keep-Alive-Timer" daemon [_thread_blocked, id=15516, stack(0x000000f15fd00000,0x000000f15fe00000)]
  0x0000020cffab75e0 JavaThread "C2 CompilerThread1" daemon [_thread_blocked, id=24488, stack(0x000000f162d00000,0x000000f162e00000)]
  0x0000020cdb633700 JavaThread "Memory manager" [_thread_blocked, id=1200, stack(0x000000f162e00000,0x000000f162f00000)]
  0x0000020cdb635050 JavaThread "Unconstrained build operations Thread 22" [_thread_blocked, id=15772, stack(0x000000f162f00000,0x000000f163000000)]
  0x0000020cdb62f530 JavaThread "Unconstrained build operations Thread 23" [_thread_blocked, id=25360, stack(0x000000f163000000,0x000000f163100000)]
  0x0000020cdb630e80 JavaThread "Unconstrained build operations Thread 24" [_thread_blocked, id=21776, stack(0x000000f163100000,0x000000f163200000)]
  0x0000020cd88a3a10 JavaThread "Unconstrained build operations Thread 25" [_thread_blocked, id=16708, stack(0x000000f163200000,0x000000f163300000)]
  0x0000020cd705ae80 JavaThread "Unconstrained build operations Thread 26" [_thread_blocked, id=22600, stack(0x000000f163300000,0x000000f163400000)]
  0x0000020cd705e120 JavaThread "Unconstrained build operations Thread 27" [_thread_blocked, id=25940, stack(0x000000f163400000,0x000000f163500000)]

Other Threads:
=>0x0000020cff69cc80 VMThread "VM Thread" [stack: 0x000000f15ee00000,0x000000f15ef00000] [id=15312]
  0x0000020cffa53cf0 WatcherThread [stack: 0x000000f15fa00000,0x000000f15fb00000] [id=23608]
  0x0000020cf151c6f0 GCTaskThread "GC Thread#0" [stack: 0x000000f15e900000,0x000000f15ea00000] [id=24388]
  0x0000020cffafaf30 GCTaskThread "GC Thread#1" [stack: 0x000000f15fb00000,0x000000f15fc00000] [id=8236]
  0x0000020cffb54dc0 GCTaskThread "GC Thread#2" [stack: 0x000000f15fc00000,0x000000f15fd00000] [id=27540]
  0x0000020cffb529e0 GCTaskThread "GC Thread#3" [stack: 0x000000f15fe00000,0x000000f15ff00000] [id=27204]
  0x0000020cf1529640 ConcurrentGCThread "G1 Main Marker" [stack: 0x000000f15ea00000,0x000000f15eb00000] [id=27076]
  0x0000020cf152a800 ConcurrentGCThread "G1 Conc#0" [stack: 0x000000f15eb00000,0x000000f15ec00000] [id=3348]
  0x0000020cf1564ce0 ConcurrentGCThread "G1 Refine#0" [stack: 0x000000f15ec00000,0x000000f15ed00000] [id=25840]
  0x0000020cf1565710 ConcurrentGCThread "G1 Service" [stack: 0x000000f15ed00000,0x000000f15ee00000] [id=25444]

Threads with active compile tasks:
C2 CompilerThread0    10981 8631       4       org.gradle.cache.internal.btree.CachingBlockStore::read (56 bytes)

VM state: at safepoint (normal execution)

VM Mutex/Monitor currently owned by a thread:  ([mutex/lock_event])
[0x0000020cf14beaa0] Threads_lock - owner thread: 0x0000020cff69cc80
[0x0000020cf14bef20] Heap_lock - owner thread: 0x0000020cd88a3a10

Heap address: 0x0000000740000000, size: 3072 MB, Compressed Oops mode: Zero based, Oop shift amount: 3

CDS archive(s) mapped at: [0x0000020c92000000-0x0000020c92bb0000-0x0000020c92bb0000), size 12255232, SharedBaseAddress: 0x0000020c92000000, ArchiveRelocationMode: 1.
Compressed class space mapped at: 0x0000020c93000000-0x0000020cd3000000, reserved size: 1073741824
Narrow klass base: 0x0000020c92000000, Narrow klass shift: 0, Narrow klass range: 0x100000000

GC Precious Log:
 CPUs: 4 total, 4 available
 Memory: 7932M
 Large Page Support: Disabled
 NUMA Support: Disabled
 Compressed Oops: Enabled (Zero based)
 Heap Region Size: 2M
 Heap Min Capacity: 8M
 Heap Initial Capacity: 124M
 Heap Max Capacity: 3G
 Pre-touch: Disabled
 Parallel Workers: 4
 Concurrent Workers: 1
 Concurrent Refinement Workers: 4
 Periodic GC: Disabled

Heap:
 garbage-first heap   total 217088K, used 89541K [0x0000000740000000, 0x0000000800000000)
  region size 2048K, 2 young (4096K), 2 survivors (4096K)
 Metaspace       used 66421K, committed 67136K, reserved 1114112K
  class space    used 9198K, committed 9536K, reserved 1048576K

Heap Regions: E=young(eden), S=young(survivor), O=old, HS=humongous(starts), HC=humongous(continues), CS=collection set, F=free, OA=open archive, CA=closed archive, TAMS=top-at-mark-start (previous, next)
|   0|0x0000000740000000, 0x0000000740200000, 0x0000000740200000|100%|HS|  |TAMS 0x0000000740200000, 0x0000000740200000| Complete 
|   1|0x0000000740200000, 0x0000000740400000, 0x0000000740400000|100%|HC|  |TAMS 0x0000000740400000, 0x0000000740400000| Complete 
|   2|0x0000000740400000, 0x0000000740600000, 0x0000000740600000|100%| O|  |TAMS 0x0000000740600000, 0x0000000740600000| Untracked 
|   3|0x0000000740600000, 0x0000000740800000, 0x0000000740800000|100%| O|  |TAMS 0x0000000740800000, 0x0000000740800000| Untracked 
|   4|0x0000000740800000, 0x0000000740a00000, 0x0000000740a00000|100%| O|  |TAMS 0x0000000740a00000, 0x0000000740a00000| Untracked 
|   5|0x0000000740a00000, 0x0000000740c00000, 0x0000000740c00000|100%| O|  |TAMS 0x0000000740c00000, 0x0000000740c00000| Untracked 
|   6|0x0000000740c00000, 0x0000000740e00000, 0x0000000740e00000|100%| O|  |TAMS 0x0000000740e00000, 0x0000000740e00000| Untracked 
|   7|0x0000000740e00000, 0x0000000741000000, 0x0000000741000000|100%| O|  |TAMS 0x0000000741000000, 0x0000000741000000| Untracked 
|   8|0x0000000741000000, 0x0000000741200000, 0x0000000741200000|100%|HS|  |TAMS 0x0000000741200000, 0x0000000741200000| Complete 
|   9|0x0000000741200000, 0x0000000741400000, 0x0000000741400000|100%|HC|  |TAMS 0x0000000741400000, 0x0000000741400000| Complete 
|  10|0x0000000741400000, 0x0000000741600000, 0x0000000741600000|100%|HC|  |TAMS 0x0000000741600000, 0x0000000741600000| Complete 
|  11|0x0000000741600000, 0x0000000741800000, 0x0000000741800000|100%|HS|  |TAMS 0x0000000741800000, 0x0000000741800000| Complete 
|  12|0x0000000741800000, 0x0000000741a00000, 0x0000000741a00000|100%|HC|  |TAMS 0x0000000741a00000, 0x0000000741a00000| Complete 
|  13|0x0000000741a00000, 0x0000000741c00000, 0x0000000741c00000|100%|HS|  |TAMS 0x0000000741c00000, 0x0000000741c00000| Complete 
|  14|0x0000000741c00000, 0x0000000741e00000, 0x0000000741e00000|100%| O|  |TAMS 0x0000000741e00000, 0x0000000741e00000| Untracked 
|  15|0x0000000741e00000, 0x0000000742000000, 0x0000000742000000|100%| O|  |TAMS 0x0000000742000000, 0x0000000742000000| Untracked 
|  16|0x0000000742000000, 0x0000000742200000, 0x0000000742200000|100%|HS|  |TAMS 0x0000000742000000, 0x0000000742200000| Complete 
|  17|0x0000000742200000, 0x0000000742400000, 0x0000000742400000|100%| O|  |TAMS 0x0000000742400000, 0x0000000742400000| Untracked 
|  18|0x0000000742400000, 0x0000000742600000, 0x0000000742600000|100%| O|  |TAMS 0x0000000742600000, 0x0000000742600000| Untracked 
|  19|0x0000000742600000, 0x0000000742800000, 0x0000000742800000|100%| O|  |TAMS 0x0000000742800000, 0x0000000742800000| Untracked 
|  20|0x0000000742800000, 0x0000000742a00000, 0x0000000742a00000|100%| O|  |TAMS 0x00000007428c9600, 0x0000000742a00000| Untracked 
|  21|0x0000000742a00000, 0x0000000742c00000, 0x0000000742c00000|100%| O|  |TAMS 0x0000000742c00000, 0x0000000742c00000| Untracked 
|  22|0x0000000742c00000, 0x0000000742e00000, 0x0000000742e00000|100%| O|  |TAMS 0x0000000742e00000, 0x0000000742e00000| Untracked 
|  23|0x0000000742e00000, 0x0000000743000000, 0x0000000743000000|100%| O|  |TAMS 0x0000000743000000, 0x0000000743000000| Untracked 
|  24|0x0000000743000000, 0x0000000743200000, 0x0000000743200000|100%|HS|  |TAMS 0x0000000743000000, 0x0000000743200000| Complete 
|  25|0x0000000743200000, 0x0000000743400000, 0x0000000743400000|100%|HS|  |TAMS 0x0000000743200000, 0x0000000743400000| Complete 
|  26|0x0000000743400000, 0x0000000743600000, 0x0000000743600000|100%|HC|  |TAMS 0x0000000743400000, 0x0000000743600000| Complete 
|  27|0x0000000743600000, 0x0000000743800000, 0x0000000743800000|100%|HC|  |TAMS 0x0000000743600000, 0x0000000743800000| Complete 
|  28|0x0000000743800000, 0x0000000743a00000, 0x0000000743a00000|100%|HS|  |TAMS 0x0000000743800000, 0x0000000743a00000| Complete 
|  29|0x0000000743a00000, 0x0000000743c00000, 0x0000000743c00000|100%|HC|  |TAMS 0x0000000743a00000, 0x0000000743c00000| Complete 
|  30|0x0000000743c00000, 0x0000000743e00000, 0x0000000743e00000|100%|HC|  |TAMS 0x0000000743c00000, 0x0000000743e00000| Complete 
|  31|0x0000000743e00000, 0x0000000744000000, 0x0000000744000000|100%| O|  |TAMS 0x0000000743e00000, 0x0000000744000000| Untracked 
|  32|0x0000000744000000, 0x0000000744200000, 0x0000000744200000|100%| O|  |TAMS 0x0000000744000000, 0x0000000744200000| Untracked 
|  33|0x0000000744200000, 0x0000000744400000, 0x0000000744400000|100%| O|  |TAMS 0x0000000744200000, 0x0000000744400000| Untracked 
|  34|0x0000000744400000, 0x0000000744600000, 0x0000000744600000|100%| O|  |TAMS 0x0000000744400000, 0x0000000744600000| Untracked 
|  35|0x0000000744600000, 0x0000000744800000, 0x0000000744800000|100%| O|  |TAMS 0x0000000744600000, 0x0000000744800000| Untracked 
|  36|0x0000000744800000, 0x0000000744a00000, 0x0000000744a00000|100%| O|  |TAMS 0x0000000744800000, 0x0000000744a00000| Untracked 
|  37|0x0000000744a00000, 0x0000000744c00000, 0x0000000744c00000|100%| O|  |TAMS 0x0000000744a00000, 0x0000000744c00000| Untracked 
|  38|0x0000000744c00000, 0x0000000744e00000, 0x0000000744e00000|100%| O|  |TAMS 0x0000000744c00000, 0x0000000744e00000| Untracked 
|  39|0x0000000744e00000, 0x0000000744e00000, 0x0000000745000000|  0%| F|  |TAMS 0x0000000744e00000, 0x0000000744e00000| Untracked 
|  40|0x0000000745000000, 0x0000000745000000, 0x0000000745200000|  0%| F|  |TAMS 0x0000000745000000, 0x0000000745000000| Untracked 
|  41|0x0000000745200000, 0x0000000745200000, 0x0000000745400000|  0%| F|  |TAMS 0x0000000745200000, 0x0000000745200000| Untracked 
|  42|0x0000000745400000, 0x0000000745400000, 0x0000000745600000|  0%| F|  |TAMS 0x0000000745400000, 0x0000000745400000| Untracked 
|  43|0x0000000745600000, 0x0000000745600000, 0x0000000745800000|  0%| F|  |TAMS 0x0000000745600000, 0x0000000745600000| Untracked 
|  44|0x0000000745800000, 0x0000000745800000, 0x0000000745a00000|  0%| F|  |TAMS 0x0000000745800000, 0x0000000745800000| Untracked 
|  45|0x0000000745a00000, 0x0000000745a00000, 0x0000000745c00000|  0%| F|  |TAMS 0x0000000745a00000, 0x0000000745a00000| Untracked 
|  46|0x0000000745c00000, 0x0000000745c00000, 0x0000000745e00000|  0%| F|  |TAMS 0x0000000745c00000, 0x0000000745c00000| Untracked 
|  47|0x0000000745e00000, 0x0000000745e00000, 0x0000000746000000|  0%| F|  |TAMS 0x0000000745e00000, 0x0000000745e00000| Untracked 
|  48|0x0000000746000000, 0x0000000746000000, 0x0000000746200000|  0%| F|  |TAMS 0x0000000746000000, 0x0000000746000000| Untracked 
|  49|0x0000000746200000, 0x0000000746200000, 0x0000000746400000|  0%| F|  |TAMS 0x0000000746200000, 0x0000000746200000| Untracked 
|  50|0x0000000746400000, 0x0000000746600000, 0x0000000746600000|100%| O|  |TAMS 0x0000000746400000, 0x0000000746600000| Untracked 
|  51|0x0000000746600000, 0x0000000746800000, 0x0000000746800000|100%| O|  |TAMS 0x0000000746600000, 0x0000000746800000| Untracked 
|  52|0x0000000746800000, 0x0000000746999600, 0x0000000746a00000| 79%| O|  |TAMS 0x0000000746800000, 0x0000000746999600| Untracked 
|  53|0x0000000746a00000, 0x0000000746a00000, 0x0000000746c00000|  0%| F|  |TAMS 0x0000000746a00000, 0x0000000746a00000| Untracked 
|  54|0x0000000746c00000, 0x0000000746c00000, 0x0000000746e00000|  0%| F|  |TAMS 0x0000000746c00000, 0x0000000746c00000| Untracked 
|  55|0x0000000746e00000, 0x0000000746e00000, 0x0000000747000000|  0%| F|  |TAMS 0x0000000746e00000, 0x0000000746e00000| Untracked 
|  56|0x0000000747000000, 0x0000000747000000, 0x0000000747200000|  0%| F|  |TAMS 0x0000000747000000, 0x0000000747000000| Untracked 
|  57|0x0000000747200000, 0x0000000747200000, 0x0000000747400000|  0%| F|  |TAMS 0x0000000747200000, 0x0000000747200000| Untracked 
|  58|0x0000000747400000, 0x0000000747400000, 0x0000000747600000|  0%| F|  |TAMS 0x0000000747400000, 0x0000000747400000| Untracked 
|  59|0x0000000747600000, 0x0000000747600000, 0x0000000747800000|  0%| F|  |TAMS 0x0000000747600000, 0x0000000747600000| Untracked 
|  60|0x0000000747800000, 0x0000000747800000, 0x0000000747a00000|  0%| F|  |TAMS 0x0000000747800000, 0x0000000747800000| Untracked 
|  61|0x0000000747a00000, 0x0000000747a00000, 0x0000000747c00000|  0%| F|  |TAMS 0x0000000747a00000, 0x0000000747a00000| Untracked 
|  62|0x0000000747c00000, 0x0000000747c00000, 0x0000000747e00000|  0%| F|  |TAMS 0x0000000747c00000, 0x0000000747c00000| Untracked 
|  63|0x0000000747e00000, 0x0000000747e00000, 0x0000000748000000|  0%| F|  |TAMS 0x0000000747e00000, 0x0000000747e00000| Untracked 
|  64|0x0000000748000000, 0x0000000748000000, 0x0000000748200000|  0%| F|  |TAMS 0x0000000748000000, 0x0000000748000000| Untracked 
|  65|0x0000000748200000, 0x0000000748200000, 0x0000000748400000|  0%| F|  |TAMS 0x0000000748200000, 0x0000000748200000| Untracked 
|  66|0x0000000748400000, 0x0000000748400000, 0x0000000748600000|  0%| F|  |TAMS 0x0000000748400000, 0x0000000748400000| Untracked 
|  67|0x0000000748600000, 0x0000000748600000, 0x0000000748800000|  0%| F|  |TAMS 0x0000000748600000, 0x0000000748600000| Untracked 
|  68|0x0000000748800000, 0x0000000748800000, 0x0000000748a00000|  0%| F|  |TAMS 0x0000000748800000, 0x0000000748800000| Untracked 
|  69|0x0000000748a00000, 0x0000000748a00000, 0x0000000748c00000|  0%| F|  |TAMS 0x0000000748a00000, 0x0000000748a00000| Untracked 
|  70|0x0000000748c00000, 0x0000000748c00000, 0x0000000748e00000|  0%| F|  |TAMS 0x0000000748c00000, 0x0000000748c00000| Untracked 
|  71|0x0000000748e00000, 0x0000000748e00000, 0x0000000749000000|  0%| F|  |TAMS 0x0000000748e00000, 0x0000000748e00000| Untracked 
|  72|0x0000000749000000, 0x0000000749000000, 0x0000000749200000|  0%| F|  |TAMS 0x0000000749000000, 0x0000000749000000| Untracked 
|  73|0x0000000749200000, 0x0000000749200000, 0x0000000749400000|  0%| F|  |TAMS 0x0000000749200000, 0x0000000749200000| Untracked 
|  74|0x0000000749400000, 0x0000000749400000, 0x0000000749600000|  0%| F|  |TAMS 0x0000000749400000, 0x0000000749400000| Untracked 
|  75|0x0000000749600000, 0x0000000749600000, 0x0000000749800000|  0%| F|  |TAMS 0x0000000749600000, 0x0000000749600000| Untracked 
|  76|0x0000000749800000, 0x0000000749800000, 0x0000000749a00000|  0%| F|  |TAMS 0x0000000749800000, 0x0000000749800000| Untracked 
|  77|0x0000000749a00000, 0x0000000749a00000, 0x0000000749c00000|  0%| F|  |TAMS 0x0000000749a00000, 0x0000000749a00000| Untracked 
|  78|0x0000000749c00000, 0x0000000749c00000, 0x0000000749e00000|  0%| F|  |TAMS 0x0000000749c00000, 0x0000000749c00000| Untracked 
|  79|0x0000000749e00000, 0x0000000749e00000, 0x000000074a000000|  0%| F|  |TAMS 0x0000000749e00000, 0x0000000749e00000| Untracked 
|  80|0x000000074a000000, 0x000000074a000000, 0x000000074a200000|  0%| F|  |TAMS 0x000000074a000000, 0x000000074a000000| Untracked 
|  81|0x000000074a200000, 0x000000074a200000, 0x000000074a400000|  0%| F|  |TAMS 0x000000074a200000, 0x000000074a200000| Untracked 
|  82|0x000000074a400000, 0x000000074a400000, 0x000000074a600000|  0%| F|  |TAMS 0x000000074a400000, 0x000000074a400000| Untracked 
|  83|0x000000074a600000, 0x000000074a600000, 0x000000074a800000|  0%| F|  |TAMS 0x000000074a600000, 0x000000074a600000| Untracked 
|  84|0x000000074a800000, 0x000000074a800000, 0x000000074aa00000|  0%| F|  |TAMS 0x000000074a800000, 0x000000074a800000| Untracked 
|  85|0x000000074aa00000, 0x000000074aa00000, 0x000000074ac00000|  0%| F|  |TAMS 0x000000074aa00000, 0x000000074aa00000| Untracked 
|  86|0x000000074ac00000, 0x000000074ac00000, 0x000000074ae00000|  0%| F|  |TAMS 0x000000074ac00000, 0x000000074ac00000| Untracked 
|  87|0x000000074ae00000, 0x000000074ae00000, 0x000000074b000000|  0%| F|  |TAMS 0x000000074ae00000, 0x000000074ae00000| Untracked 
|  88|0x000000074b000000, 0x000000074b000000, 0x000000074b200000|  0%| F|  |TAMS 0x000000074b000000, 0x000000074b000000| Untracked 
|  89|0x000000074b200000, 0x000000074b200000, 0x000000074b400000|  0%| F|  |TAMS 0x000000074b200000, 0x000000074b200000| Untracked 
|  90|0x000000074b400000, 0x000000074b400000, 0x000000074b600000|  0%| F|  |TAMS 0x000000074b400000, 0x000000074b400000| Untracked 
|  91|0x000000074b600000, 0x000000074b600000, 0x000000074b800000|  0%| F|  |TAMS 0x000000074b600000, 0x000000074b600000| Untracked 
|  92|0x000000074b800000, 0x000000074b800000, 0x000000074ba00000|  0%| F|  |TAMS 0x000000074b800000, 0x000000074b800000| Untracked 
|  93|0x000000074ba00000, 0x000000074ba00000, 0x000000074bc00000|  0%| F|  |TAMS 0x000000074ba00000, 0x000000074ba00000| Untracked 
|  94|0x000000074bc00000, 0x000000074bc00000, 0x000000074be00000|  0%| F|  |TAMS 0x000000074bc00000, 0x000000074bc00000| Untracked 
|  95|0x000000074be00000, 0x000000074be00000, 0x000000074c000000|  0%| F|  |TAMS 0x000000074be00000, 0x000000074be00000| Untracked 
|  96|0x000000074c000000, 0x000000074c000000, 0x000000074c200000|  0%| F|  |TAMS 0x000000074c000000, 0x000000074c000000| Untracked 
|  97|0x000000074c200000, 0x000000074c200000, 0x000000074c400000|  0%| F|  |TAMS 0x000000074c200000, 0x000000074c200000| Untracked 
|  98|0x000000074c400000, 0x000000074c400000, 0x000000074c600000|  0%| F|  |TAMS 0x000000074c400000, 0x000000074c400000| Untracked 
|  99|0x000000074c600000, 0x000000074c600000, 0x000000074c800000|  0%| F|  |TAMS 0x000000074c600000, 0x000000074c600000| Untracked 
| 100|0x000000074c800000, 0x000000074c800000, 0x000000074ca00000|  0%| F|  |TAMS 0x000000074c800000, 0x000000074c800000| Untracked 
| 101|0x000000074ca00000, 0x000000074ca00000, 0x000000074cc00000|  0%| F|  |TAMS 0x000000074ca00000, 0x000000074ca00000| Untracked 
| 102|0x000000074cc00000, 0x000000074cc00000, 0x000000074ce00000|  0%| F|  |TAMS 0x000000074cc00000, 0x000000074cc00000| Untracked 
| 103|0x000000074ce00000, 0x000000074cfd81c0, 0x000000074d000000| 92%| S|CS|TAMS 0x000000074ce00000, 0x000000074ce00000| Complete 
| 104|0x000000074d000000, 0x000000074d200000, 0x000000074d200000|100%| S|CS|TAMS 0x000000074d000000, 0x000000074d000000| Complete 
| 105|0x000000074d200000, 0x000000074d200000, 0x000000074d400000|  0%| F|  |TAMS 0x000000074d200000, 0x000000074d200000| Untracked 

Card table byte_map: [0x0000020cf95f0000,0x0000020cf9bf0000] _byte_map_base: 0x0000020cf5bf0000

Marking Bits (Prev, Next): (CMBitMap*) 0x0000020cf151cd50, (CMBitMap*) 0x0000020cf151cd10
 Prev Bits: [0x0000020c8f000000, 0x0000020c92000000)
 Next Bits: [0x0000020cfa1f0000, 0x0000020cfd1f0000)

Polling page: 0x0000020cef410000

Metaspace:

Usage:
  Non-class:     55.88 MB used.
      Class:      8.98 MB used.
       Both:     64.86 MB used.

Virtual space:
  Non-class space:       64.00 MB reserved,      56.25 MB ( 88%) committed,  1 nodes.
      Class space:        1.00 GB reserved,       9.31 MB ( <1%) committed,  1 nodes.
             Both:        1.06 GB reserved,      65.56 MB (  6%) committed. 

Chunk freelists:
   Non-Class:  7.54 MB
       Class:  6.66 MB
        Both:  14.20 MB

MaxMetaspaceSize: unlimited
CompressedClassSpaceSize: 1.00 GB
Initial GC threshold: 21.00 MB
Current GC threshold: 66.56 MB
CDS: on
MetaspaceReclaimPolicy: balanced
 - commit_granule_bytes: 65536.
 - commit_granule_words: 8192.
 - virtual_space_node_default_size: 8388608.
 - enlarge_chunks_in_place: 1.
 - new_chunks_are_fully_committed: 0.
 - uncommit_free_chunks: 1.
 - use_allocation_guard: 0.
 - handle_deallocations: 1.


Internal statistics:

num_allocs_failed_limit: 6.
num_arena_births: 766.
num_arena_deaths: 0.
num_vsnodes_births: 2.
num_vsnodes_deaths: 0.
num_space_committed: 1049.
num_space_uncommitted: 0.
num_chunks_returned_to_freelist: 6.
num_chunks_taken_from_freelist: 3316.
num_chunk_merges: 3.
num_chunk_splits: 2119.
num_chunks_enlarged: 1351.
num_inconsistent_stats: 0.

CodeHeap 'non-profiled nmethods': size=120000Kb used=4462Kb max_used=4462Kb free=115537Kb
 bounds [0x0000020c87ad0000, 0x0000020c87f30000, 0x0000020c8f000000]
CodeHeap 'profiled nmethods': size=120000Kb used=15380Kb max_used=15380Kb free=104619Kb
 bounds [0x0000020c80000000, 0x0000020c80f10000, 0x0000020c87530000]
CodeHeap 'non-nmethods': size=5760Kb used=2391Kb max_used=2441Kb free=3368Kb
 bounds [0x0000020c87530000, 0x0000020c877a0000, 0x0000020c87ad0000]
 total_blobs=8698 nmethods=7796 adapters=814
 compilation: enabled
              stopped_count=0, restarted_count=0
 full_count=0

Compilation events (20 events):
Event: 10.897 Thread 0x0000020cff850110 nmethod 8633 0x0000020c87f29290 code [0x0000020c87f29420, 0x0000020c87f294f8]
Event: 10.897 Thread 0x0000020cff850110 8634       3       org.gradle.internal.execution.DefaultWorkExecutionTracker$OperationListener::isTransformAction (11 bytes)
Event: 10.897 Thread 0x0000020cff850110 nmethod 8634 0x0000020c80f01210 code [0x0000020c80f013c0, 0x0000020c80f01598]
Event: 10.897 Thread 0x0000020cff850110 8635       3       org.gradle.api.internal.artifacts.ivyservice.resolutionstrategy.DefaultCachePolicy::applyOfflineRule (17 bytes)
Event: 10.897 Thread 0x0000020cff850110 nmethod 8635 0x0000020c80f01690 code [0x0000020c80f01840, 0x0000020c80f01b38]
Event: 10.897 Thread 0x0000020cff850110 8636       1       org.gradle.api.internal.artifacts.ivyservice.ivyresolve.CachingModuleComponentRepository::access$1600 (5 bytes)
Event: 10.897 Thread 0x0000020cff850110 nmethod 8636 0x0000020c87f29590 code [0x0000020c87f29720, 0x0000020c87f297d8]
Event: 10.897 Thread 0x0000020cff850110 8637       3       org.gradle.internal.component.model.DefaultComponentGraphResolveState$ExternalArtifactResolveMetadata::getSources (10 bytes)
Event: 10.898 Thread 0x0000020cff850110 nmethod 8637 0x0000020c80f01c90 code [0x0000020c80f01e40, 0x0000020c80f02028]
Event: 10.898 Thread 0x0000020cff6c14a0 nmethod 8620 0x0000020c87f29890 code [0x0000020c87f29a20, 0x0000020c87f29c18]
Event: 10.898 Thread 0x0000020cff6c14a0 8631       4       org.gradle.cache.internal.btree.CachingBlockStore::read (56 bytes)
Event: 10.898 Thread 0x0000020cff850110 8638       3       org.gradle.internal.resolve.result.DefaultBuildableTypedResolveResult::getResult (21 bytes)
Event: 10.898 Thread 0x0000020cff850110 nmethod 8638 0x0000020c80f02110 code [0x0000020c80f022e0, 0x0000020c80f02788]
Event: 10.898 Thread 0x0000020cff850110 8639       3       org.gradle.internal.resolve.result.DefaultBuildableTypedResolveResult::resolved (11 bytes)
Event: 10.898 Thread 0x0000020cff850110 nmethod 8639 0x0000020c80f02910 code [0x0000020c80f02aa0, 0x0000020c80f02c38]
Event: 10.899 Thread 0x0000020cff850110 8640       3       org.apache.commons.lang.StringUtils::isNotEmpty (13 bytes)
Event: 10.900 Thread 0x0000020cff850110 nmethod 8640 0x0000020c80f02d10 code [0x0000020c80f02ec0, 0x0000020c80f031d8]
Event: 10.913 Thread 0x0000020cffab75e0 nmethod 8582 0x0000020c87f29e90 code [0x0000020c87f2a0e0, 0x0000020c87f2afc0]
Event: 10.949 Thread 0x0000020cff850110 8641   !   3       java.io.BufferedReader::readLine (327 bytes)
Event: 10.950 Thread 0x0000020cff850110 nmethod 8641 0x0000020c80f03310 code [0x0000020c80f03620, 0x0000020c80f048d8]

GC Heap History (20 events):
Event: 5.176 GC heap after
{Heap after GC invocations=12 (full 0):
 garbage-first heap   total 108544K, used 48676K [0x0000000740000000, 0x0000000800000000)
  region size 2048K, 3 young (6144K), 3 survivors (6144K)
 Metaspace       used 39296K, committed 39808K, reserved 1114112K
  class space    used 5571K, committed 5824K, reserved 1048576K
}
Event: 5.202 GC heap before
{Heap before GC invocations=12 (full 0):
 garbage-first heap   total 108544K, used 50724K [0x0000000740000000, 0x0000000800000000)
  region size 2048K, 4 young (8192K), 3 survivors (6144K)
 Metaspace       used 39527K, committed 40064K, reserved 1114112K
  class space    used 5607K, committed 5888K, reserved 1048576K
}
Event: 5.209 GC heap after
{Heap after GC invocations=13 (full 0):
 garbage-first heap   total 108544K, used 48892K [0x0000000740000000, 0x0000000800000000)
  region size 2048K, 1 young (2048K), 1 survivors (2048K)
 Metaspace       used 39527K, committed 40064K, reserved 1114112K
  class space    used 5607K, committed 5888K, reserved 1048576K
}
Event: 5.462 GC heap before
{Heap before GC invocations=13 (full 0):
 garbage-first heap   total 108544K, used 61180K [0x0000000740000000, 0x0000000800000000)
  region size 2048K, 8 young (16384K), 1 survivors (2048K)
 Metaspace       used 40300K, committed 40768K, reserved 1114112K
  class space    used 5715K, committed 5952K, reserved 1048576K
}
Event: 5.464 GC heap after
{Heap after GC invocations=14 (full 0):
 garbage-first heap   total 108544K, used 48738K [0x0000000740000000, 0x0000000800000000)
  region size 2048K, 1 young (2048K), 1 survivors (2048K)
 Metaspace       used 40300K, committed 40768K, reserved 1114112K
  class space    used 5715K, committed 5952K, reserved 1048576K
}
Event: 5.860 GC heap before
{Heap before GC invocations=15 (full 0):
 garbage-first heap   total 108544K, used 95842K [0x0000000740000000, 0x0000000800000000)
  region size 2048K, 18 young (36864K), 1 survivors (2048K)
 Metaspace       used 42576K, committed 43136K, reserved 1114112K
  class space    used 5922K, committed 6208K, reserved 1048576K
}
Event: 5.866 GC heap after
{Heap after GC invocations=16 (full 0):
 garbage-first heap   total 108544K, used 67952K [0x0000000740000000, 0x0000000800000000)
  region size 2048K, 3 young (6144K), 3 survivors (6144K)
 Metaspace       used 42576K, committed 43136K, reserved 1114112K
  class space    used 5922K, committed 6208K, reserved 1048576K
}
Event: 5.888 GC heap before
{Heap before GC invocations=16 (full 0):
 garbage-first heap   total 108544K, used 70000K [0x0000000740000000, 0x0000000800000000)
  region size 2048K, 4 young (8192K), 3 survivors (6144K)
 Metaspace       used 42654K, committed 43200K, reserved 1114112K
  class space    used 5934K, committed 6208K, reserved 1048576K
}
Event: 5.898 GC heap after
{Heap after GC invocations=17 (full 0):
 garbage-first heap   total 217088K, used 67616K [0x0000000740000000, 0x0000000800000000)
  region size 2048K, 1 young (2048K), 1 survivors (2048K)
 Metaspace       used 42654K, committed 43200K, reserved 1114112K
  class space    used 5934K, committed 6208K, reserved 1048576K
}
Event: 7.064 GC heap before
{Heap before GC invocations=17 (full 0):
 garbage-first heap   total 217088K, used 145440K [0x0000000740000000, 0x0000000800000000)
  region size 2048K, 39 young (79872K), 1 survivors (2048K)
 Metaspace       used 49640K, committed 50176K, reserved 1114112K
  class space    used 7037K, committed 7296K, reserved 1048576K
}
Event: 7.070 GC heap after
{Heap after GC invocations=18 (full 0):
 garbage-first heap   total 217088K, used 71351K [0x0000000740000000, 0x0000000800000000)
  region size 2048K, 3 young (6144K), 3 survivors (6144K)
 Metaspace       used 49640K, committed 50176K, reserved 1114112K
  class space    used 7037K, committed 7296K, reserved 1048576K
}
Event: 8.882 GC heap before
{Heap before GC invocations=18 (full 0):
 garbage-first heap   total 217088K, used 155319K [0x0000000740000000, 0x0000000800000000)
  region size 2048K, 43 young (88064K), 3 survivors (6144K)
 Metaspace       used 58478K, committed 59136K, reserved 1114112K
  class space    used 8086K, committed 8384K, reserved 1048576K
}
Event: 8.895 GC heap after
{Heap after GC invocations=19 (full 0):
 garbage-first heap   total 217088K, used 79979K [0x0000000740000000, 0x0000000800000000)
  region size 2048K, 6 young (12288K), 6 survivors (12288K)
 Metaspace       used 58478K, committed 59136K, reserved 1114112K
  class space    used 8086K, committed 8384K, reserved 1048576K
}
Event: 9.939 GC heap before
{Heap before GC invocations=19 (full 0):
 garbage-first heap   total 217088K, used 159851K [0x0000000740000000, 0x0000000800000000)
  region size 2048K, 45 young (92160K), 6 survivors (12288K)
 Metaspace       used 63057K, committed 63744K, reserved 1114112K
  class space    used 8796K, committed 9152K, reserved 1048576K
}
Event: 9.962 GC heap after
{Heap after GC invocations=20 (full 0):
 garbage-first heap   total 217088K, used 86615K [0x0000000740000000, 0x0000000800000000)
  region size 2048K, 4 young (8192K), 4 survivors (8192K)
 Metaspace       used 63057K, committed 63744K, reserved 1114112K
  class space    used 8796K, committed 9152K, reserved 1048576K
}
Event: 10.662 GC heap before
{Heap before GC invocations=20 (full 0):
 garbage-first heap   total 217088K, used 143959K [0x0000000740000000, 0x0000000800000000)
  region size 2048K, 24 young (49152K), 4 survivors (8192K)
 Metaspace       used 66128K, committed 66880K, reserved 1114112K
  class space    used 9178K, committed 9536K, reserved 1048576K
}
Event: 10.670 GC heap after
{Heap after GC invocations=21 (full 0):
 garbage-first heap   total 217088K, used 88825K [0x0000000740000000, 0x0000000800000000)
  region size 2048K, 5 young (10240K), 5 survivors (10240K)
 Metaspace       used 66128K, committed 66880K, reserved 1114112K
  class space    used 9178K, committed 9536K, reserved 1048576K
}
Event: 10.901 GC heap before
{Heap before GC invocations=21 (full 0):
 garbage-first heap   total 217088K, used 121593K [0x0000000740000000, 0x0000000800000000)
  region size 2048K, 11 young (22528K), 5 survivors (10240K)
 Metaspace       used 66420K, committed 67136K, reserved 1114112K
  class space    used 9198K, committed 9536K, reserved 1048576K
}
Event: 10.911 GC heap after
{Heap after GC invocations=22 (full 0):
 garbage-first heap   total 217088K, used 90481K [0x0000000740000000, 0x0000000800000000)
  region size 2048K, 3 young (6144K), 3 survivors (6144K)
 Metaspace       used 66420K, committed 67136K, reserved 1114112K
  class space    used 9198K, committed 9536K, reserved 1048576K
}
Event: 10.953 GC heap before
{Heap before GC invocations=22 (full 0):
 garbage-first heap   total 217088K, used 115057K [0x0000000740000000, 0x0000000800000000)
  region size 2048K, 4 young (8192K), 3 survivors (6144K)
 Metaspace       used 66421K, committed 67136K, reserved 1114112K
  class space    used 9198K, committed 9536K, reserved 1048576K
}

Dll operation events (15 events):
Event: 0.063 Loaded shared library C:\Users\aplut\.gradle\jdks\eclipse_adoptium-17-amd64-windows\jdk-17.0.13+11\bin\java.dll
Event: 0.091 Loaded shared library C:\Users\aplut\.gradle\jdks\eclipse_adoptium-17-amd64-windows\jdk-17.0.13+11\bin\jsvml.dll
Event: 0.155 Loaded shared library C:\Users\aplut\.gradle\jdks\eclipse_adoptium-17-amd64-windows\jdk-17.0.13+11\bin\zip.dll
Event: 0.158 Loaded shared library C:\Users\aplut\.gradle\jdks\eclipse_adoptium-17-amd64-windows\jdk-17.0.13+11\bin\instrument.dll
Event: 0.163 Loaded shared library C:\Users\aplut\.gradle\jdks\eclipse_adoptium-17-amd64-windows\jdk-17.0.13+11\bin\net.dll
Event: 0.164 Loaded shared library C:\Users\aplut\.gradle\jdks\eclipse_adoptium-17-amd64-windows\jdk-17.0.13+11\bin\nio.dll
Event: 0.166 Loaded shared library C:\Users\aplut\.gradle\jdks\eclipse_adoptium-17-amd64-windows\jdk-17.0.13+11\bin\zip.dll
Event: 0.402 Loaded shared library C:\Users\aplut\.gradle\jdks\eclipse_adoptium-17-amd64-windows\jdk-17.0.13+11\bin\jimage.dll
Event: 0.487 Loaded shared library C:\Users\aplut\.gradle\jdks\eclipse_adoptium-17-amd64-windows\jdk-17.0.13+11\bin\verify.dll
Event: 0.643 Loaded shared library C:\Users\aplut\.gradle\native\c067742578af261105cb4f569cf0c3c89f3d7b1fecec35dd04571415982c5e48\windows-amd64\native-platform.dll
Event: 0.648 Loaded shared library C:\Users\aplut\.gradle\native\100fb08df4bc3b14c8652ba06237920a3bd2aa13389f12d3474272988ae205f9\windows-amd64\native-platform-file-events.dll
Event: 1.585 Loaded shared library C:\Users\aplut\.gradle\jdks\eclipse_adoptium-17-amd64-windows\jdk-17.0.13+11\bin\management.dll
Event: 1.588 Loaded shared library C:\Users\aplut\.gradle\jdks\eclipse_adoptium-17-amd64-windows\jdk-17.0.13+11\bin\management_ext.dll
Event: 1.753 Loaded shared library C:\Users\aplut\.gradle\jdks\eclipse_adoptium-17-amd64-windows\jdk-17.0.13+11\bin\extnet.dll
Event: 2.120 Loaded shared library C:\Users\aplut\.gradle\jdks\eclipse_adoptium-17-amd64-windows\jdk-17.0.13+11\bin\sunmscapi.dll

Deoptimization events (20 events):
Event: 10.654 Thread 0x0000020cd836d180 DEOPT PACKING pc=0x0000020c80df5d7c sp=0x000000f1605f5340
Event: 10.654 Thread 0x0000020cd836d180 DEOPT UNPACKING pc=0x0000020c8758ace3 sp=0x000000f1605f4810 mode 0
Event: 10.654 Thread 0x0000020cd836d180 DEOPT PACKING pc=0x0000020c80df5d7c sp=0x000000f1605f5450
Event: 10.654 Thread 0x0000020cd836d180 DEOPT UNPACKING pc=0x0000020c8758ace3 sp=0x000000f1605f4930 mode 0
Event: 10.782 Thread 0x0000020cd836d180 Uncommon trap: trap_request=0xffffff45 fr.pc=0x0000020c87ef6df8 relative=0x0000000000000df8
Event: 10.782 Thread 0x0000020cd836d180 Uncommon trap: reason=unstable_if action=reinterpret pc=0x0000020c87ef6df8 method=com.esotericsoftware.kryo.io.Input.readUtf8(I)V @ 79 c2
Event: 10.782 Thread 0x0000020cd836d180 DEOPT PACKING pc=0x0000020c87ef6df8 sp=0x000000f1605f5eb0
Event: 10.782 Thread 0x0000020cd836d180 DEOPT UNPACKING pc=0x0000020c8758a1a3 sp=0x000000f1605f5de0 mode 2
Event: 10.783 Thread 0x0000020cd836d180 Uncommon trap: trap_request=0xffffff45 fr.pc=0x0000020c87d89994 relative=0x00000000000004f4
Event: 10.783 Thread 0x0000020cd836d180 Uncommon trap: reason=unstable_if action=reinterpret pc=0x0000020c87d89994 method=com.esotericsoftware.kryo.io.Input.readUtf8(I)V @ 79 c2
Event: 10.783 Thread 0x0000020cd836d180 DEOPT PACKING pc=0x0000020c87d89994 sp=0x000000f1605f5e60
Event: 10.783 Thread 0x0000020cd836d180 DEOPT UNPACKING pc=0x0000020c8758a1a3 sp=0x000000f1605f5df8 mode 2
Event: 10.873 Thread 0x0000020cd88a3a10 Uncommon trap: trap_request=0xffffff66 fr.pc=0x0000020c87f183e0 relative=0x0000000000000680
Event: 10.873 Thread 0x0000020cd88a3a10 Uncommon trap: reason=speculate_class_check action=maybe_recompile pc=0x0000020c87f183e0 method=java.util.regex.Pattern$CharPredicate.lambda$negate$3(I)Z @ 2 c2
Event: 10.873 Thread 0x0000020cd88a3a10 DEOPT PACKING pc=0x0000020c87f183e0 sp=0x000000f1632fcfa0
Event: 10.873 Thread 0x0000020cd88a3a10 DEOPT UNPACKING pc=0x0000020c8758a1a3 sp=0x000000f1632fce60 mode 2
Event: 10.877 Thread 0x0000020cd836d180 Uncommon trap: trap_request=0xffffff45 fr.pc=0x0000020c87ca0070 relative=0x0000000000000170
Event: 10.877 Thread 0x0000020cd836d180 Uncommon trap: reason=unstable_if action=reinterpret pc=0x0000020c87ca0070 method=java.util.concurrent.locks.ReentrantLock$Sync.tryLock()Z @ 34 c2
Event: 10.877 Thread 0x0000020cd836d180 DEOPT PACKING pc=0x0000020c87ca0070 sp=0x000000f1605f7450
Event: 10.877 Thread 0x0000020cd836d180 DEOPT UNPACKING pc=0x0000020c8758a1a3 sp=0x000000f1605f7400 mode 2

Classes loaded (20 events):
Event: 10.606 Loading class com/sun/org/apache/xerces/internal/dom/AttributeMap
Event: 10.611 Loading class com/sun/org/apache/xerces/internal/dom/AttributeMap done
Event: 10.611 Loading class com/sun/org/apache/xerces/internal/dom/DeferredAttrImpl
Event: 10.611 Loading class com/sun/org/apache/xerces/internal/dom/AttrImpl
Event: 10.611 Loading class com/sun/org/apache/xerces/internal/dom/AttrImpl done
Event: 10.611 Loading class com/sun/org/apache/xerces/internal/dom/DeferredAttrImpl done
Event: 10.612 Loading class com/sun/org/apache/xerces/internal/dom/DeferredTextImpl
Event: 10.612 Loading class com/sun/org/apache/xerces/internal/dom/TextImpl
Event: 10.612 Loading class org/w3c/dom/CharacterData
Event: 10.612 Loading class org/w3c/dom/CharacterData done
Event: 10.612 Loading class org/w3c/dom/Text
Event: 10.612 Loading class org/w3c/dom/Text done
Event: 10.612 Loading class com/sun/org/apache/xerces/internal/dom/CharacterDataImpl
Event: 10.612 Loading class com/sun/org/apache/xerces/internal/dom/CharacterDataImpl done
Event: 10.612 Loading class com/sun/org/apache/xerces/internal/dom/TextImpl done
Event: 10.612 Loading class com/sun/org/apache/xerces/internal/dom/DeferredTextImpl done
Event: 10.613 Loading class com/sun/org/apache/xerces/internal/dom/CharacterDataImpl$1
Event: 10.613 Loading class com/sun/org/apache/xerces/internal/dom/CharacterDataImpl$1 done
Event: 10.633 Loading class org/w3c/dom/Comment
Event: 10.633 Loading class org/w3c/dom/Comment done

Classes unloaded (0 events):
No events

Classes redefined (0 events):
No events

Internal exceptions (20 events):
Event: 9.993 Thread 0x0000020cd836d180 Exception <a 'java/lang/ClassNotFoundException'{0x000000074cf50fa8}: org/gradle/api/tasks/bundling/JarCustomizer> (0x000000074cf50fa8) 
thrown [s\src\hotspot\share\classfile\systemDictionary.cpp, line 256]
Event: 9.994 Thread 0x0000020cd836d180 Exception <a 'java/lang/ClassNotFoundException'{0x000000074cf94808}: org/gradle/api/tasks/bundling/Jar_DecoratedCustomizer> (0x000000074cf94808) 
thrown [s\src\hotspot\share\classfile\systemDictionary.cpp, line 256]
Event: 9.998 Thread 0x0000020cd836d180 Exception <a 'java/lang/ClassNotFoundException'{0x000000074cc75fe8}: org/gradle/api/java/archives/internal/DefaultManifestBeanInfo> (0x000000074cc75fe8) 
thrown [s\src\hotspot\share\classfile\systemDictionary.cpp, line 256]
Event: 9.998 Thread 0x0000020cd836d180 Exception <a 'java/lang/ClassNotFoundException'{0x000000074cc9e868}: org/gradle/api/java/archives/internal/DefaultManifestCustomizer> (0x000000074cc9e868) 
thrown [s\src\hotspot\share\classfile\systemDictionary.cpp, line 256]
Event: 10.001 Thread 0x0000020cd836d180 Exception <a 'java/lang/ClassNotFoundException'{0x000000074ccec5a8}: java/util/DateBeanInfo> (0x000000074ccec5a8) 
thrown [s\src\hotspot\share\classfile\systemDictionary.cpp, line 256]
Event: 10.002 Thread 0x0000020cd836d180 Exception <a 'java/lang/ClassNotFoundException'{0x000000074ccfbd08}: java/util/DateCustomizer> (0x000000074ccfbd08) 
thrown [s\src\hotspot\share\classfile\systemDictionary.cpp, line 256]
Event: 10.018 Thread 0x0000020cd836d180 Exception <a 'java/lang/NoSuchMethodError'{0x000000074cd7c458}: 'void java.lang.invoke.DirectMethodHandle$Holder.invokeStatic(java.lang.Object, java.lang.Object, java.lang.Object, java.lang.Object, java.lang.Object, java.lang.Object, java.lang.Object)'> (0x000000074cd7c458) 
thrown [s\src\hotspot\share\interpreter\linkResolver.cpp, line 759]
Event: 10.033 Thread 0x0000020cd836d180 Exception <a 'java/lang/ClassNotFoundException'{0x000000074cb96608}: org/gradle/api/internal/tasks/DefaultRealizableTaskCollection_DecoratedBeanInfo> (0x000000074cb96608) 
thrown [s\src\hotspot\share\classfile\systemDictionary.cpp, line 256]
Event: 10.034 Thread 0x0000020cd836d180 Exception <a 'java/lang/ClassNotFoundException'{0x000000074cbaaa78}: org/gradle/api/internal/tasks/DefaultRealizableTaskCollectionBeanInfo> (0x000000074cbaaa78) 
thrown [s\src\hotspot\share\classfile\systemDictionary.cpp, line 256]
Event: 10.035 Thread 0x0000020cd836d180 Exception <a 'java/lang/ClassNotFoundException'{0x000000074cbbf348}: org/gradle/api/internal/DelegatingNamedDomainObjectSetBeanInfo> (0x000000074cbbf348) 
thrown [s\src\hotspot\share\classfile\systemDictionary.cpp, line 256]
Event: 10.036 Thread 0x0000020cd836d180 Exception <a 'java/lang/ClassNotFoundException'{0x000000074cbd4600}: org/gradle/api/internal/DelegatingDomainObjectSetBeanInfo> (0x000000074cbd4600) 
thrown [s\src\hotspot\share\classfile\systemDictionary.cpp, line 256]
Event: 10.042 Thread 0x0000020cd836d180 Exception <a 'java/lang/ClassNotFoundException'{0x000000074cbe90c8}: org/gradle/api/internal/DelegatingDomainObjectSetCustomizer> (0x000000074cbe90c8) 
thrown [s\src\hotspot\share\classfile\systemDictionary.cpp, line 256]
Event: 10.044 Thread 0x0000020cd836d180 Exception <a 'java/lang/ClassNotFoundException'{0x000000074c819d70}: org/gradle/api/internal/DelegatingNamedDomainObjectSetCustomizer> (0x000000074c819d70) 
thrown [s\src\hotspot\share\classfile\systemDictionary.cpp, line 256]
Event: 10.046 Thread 0x0000020cd836d180 Exception <a 'java/lang/ClassNotFoundException'{0x000000074c854640}: org/gradle/api/internal/tasks/DefaultRealizableTaskCollectionCustomizer> (0x000000074c854640) 
thrown [s\src\hotspot\share\classfile\systemDictionary.cpp, line 256]
Event: 10.047 Thread 0x0000020cd836d180 Exception <a 'java/lang/ClassNotFoundException'{0x000000074c898e70}: org/gradle/api/internal/tasks/DefaultRealizableTaskCollection_DecoratedCustomizer> (0x000000074c898e70) 
thrown [s\src\hotspot\share\classfile\systemDictionary.cpp, line 256]
Event: 10.235 Thread 0x0000020cd836d180 Implicit null exception at 0x0000020c87c7397c to 0x0000020c87c7408c
Event: 10.409 Thread 0x0000020cd836d180 Implicit null exception at 0x0000020c87c748fb to 0x0000020c87c74fcc
Event: 10.568 Thread 0x0000020cd836d180 Exception <a 'java/lang/NoSuchMethodError'{0x000000074b0d68a0}: 'int java.lang.invoke.DirectMethodHandle$Holder.invokeSpecial(java.lang.Object, java.lang.Object, int)'> (0x000000074b0d68a0) 
thrown [s\src\hotspot\share\interpreter\linkResolver.cpp, line 759]
Event: 10.877 Thread 0x0000020cd836d180 Exception <a 'java/lang/NoSuchMethodError'{0x000000074cd5ec50}: 'void java.lang.invoke.DirectMethodHandle$Holder.invokeVirtual(java.lang.Object, java.lang.Object)'> (0x000000074cd5ec50) 
thrown [s\src\hotspot\share\interpreter\linkResolver.cpp, line 759]
Event: 10.877 Thread 0x0000020cd705e120 Exception <a 'java/lang/NoSuchMethodError'{0x000000074ca18290}: 'void java.lang.invoke.DirectMethodHandle$Holder.invokeVirtual(java.lang.Object, java.lang.Object)'> (0x000000074ca18290) 
thrown [s\src\hotspot\share\interpreter\linkResolver.cpp, line 759]

VM Operations (20 events):
Event: 9.682 Executing VM operation: HandshakeAllThreads done
Event: 9.939 Executing VM operation: G1CollectForAllocation
Event: 9.962 Executing VM operation: G1CollectForAllocation done
Event: 10.167 Executing VM operation: HandshakeAllThreads
Event: 10.167 Executing VM operation: HandshakeAllThreads done
Event: 10.527 Executing VM operation: HandshakeAllThreads
Event: 10.527 Executing VM operation: HandshakeAllThreads done
Event: 10.576 Executing VM operation: HandshakeAllThreads
Event: 10.576 Executing VM operation: HandshakeAllThreads done
Event: 10.653 Executing VM operation: HandshakeAllThreads
Event: 10.653 Executing VM operation: HandshakeAllThreads done
Event: 10.661 Executing VM operation: G1TryInitiateConcMark
Event: 10.670 Executing VM operation: G1TryInitiateConcMark done
Event: 10.876 Executing VM operation: HandshakeAllThreads
Event: 10.876 Executing VM operation: HandshakeAllThreads done
Event: 10.877 Executing VM operation: ICBufferFull
Event: 10.877 Executing VM operation: ICBufferFull done
Event: 10.901 Executing VM operation: G1TryInitiateConcMark
Event: 10.911 Executing VM operation: G1TryInitiateConcMark done
Event: 10.953 Executing VM operation: G1TryInitiateConcMark

Memory protections (0 events):
No events

Nmethod flushes (20 events):
Event: 6.625 Thread 0x0000020cff71b740 flushing  nmethod 0x0000020c808ff790
Event: 6.625 Thread 0x0000020cff71b740 flushing  nmethod 0x0000020c808fff10
Event: 6.625 Thread 0x0000020cff71b740 flushing  nmethod 0x0000020c80910010
Event: 6.625 Thread 0x0000020cff71b740 flushing  nmethod 0x0000020c80928810
Event: 6.625 Thread 0x0000020cff71b740 flushing  nmethod 0x0000020c80929710
Event: 6.625 Thread 0x0000020cff71b740 flushing  nmethod 0x0000020c80950c90
Event: 6.625 Thread 0x0000020cff71b740 flushing  nmethod 0x0000020c80956890
Event: 6.625 Thread 0x0000020cff71b740 flushing  nmethod 0x0000020c8099ba90
Event: 6.625 Thread 0x0000020cff71b740 flushing  nmethod 0x0000020c809d3c90
Event: 9.684 Thread 0x0000020cff71b740 flushing  nmethod 0x0000020c87e0bb10
Event: 9.684 Thread 0x0000020cff71b740 flushing  nmethod 0x0000020c87e0bf10
Event: 9.686 Thread 0x0000020cff71b740 flushing  nmethod 0x0000020c80310190
Event: 9.687 Thread 0x0000020cff71b740 flushing  nmethod 0x0000020c803ce510
Event: 9.688 Thread 0x0000020cff71b740 flushing  nmethod 0x0000020c80597110
Event: 9.690 Thread 0x0000020cff71b740 flushing  nmethod 0x0000020c806c1810
Event: 9.692 Thread 0x0000020cff71b740 flushing  nmethod 0x0000020c8092d390
Event: 9.693 Thread 0x0000020cff71b740 flushing  nmethod 0x0000020c80afd990
Event: 9.693 Thread 0x0000020cff71b740 flushing  nmethod 0x0000020c80afe190
Event: 9.693 Thread 0x0000020cff71b740 flushing  nmethod 0x0000020c80afed10
Event: 9.693 Thread 0x0000020cff71b740 flushing  nmethod 0x0000020c80aff210

Events (20 events):
Event: 7.242 Thread 0x0000020cd836d180 Thread added: 0x0000020cdb62fa40
Event: 7.246 Thread 0x0000020cd836d180 Thread added: 0x0000020cdb62ff50
Event: 7.250 Thread 0x0000020cd836d180 Thread added: 0x0000020cdb62e600
Event: 7.353 Thread 0x0000020cd836d180 Thread added: 0x0000020cdb62eb10
Event: 7.355 Thread 0x0000020cd836d180 Thread added: 0x0000020cdb6331f0
Event: 7.358 Thread 0x0000020cd836d180 Thread added: 0x0000020cdb635560
Event: 8.115 Thread 0x0000020cd836d180 Thread added: 0x0000020cdb634120
Event: 8.115 Thread 0x0000020cdb634120 Thread exited: 0x0000020cdb634120
Event: 8.264 Thread 0x0000020cffab75e0 Thread exited: 0x0000020cffab75e0
Event: 8.267 Thread 0x0000020cd836d180 Thread added: 0x0000020cdb6327d0
Event: 8.428 Thread 0x0000020cd836d180 Thread added: 0x0000020cdb630e80
Event: 8.428 Thread 0x0000020cdb630e80 Thread exited: 0x0000020cdb630e80
Event: 8.805 Thread 0x0000020cff850110 Thread added: 0x0000020cffab75e0
Event: 9.033 Thread 0x0000020cd836d180 Thread added: 0x0000020cdb633700
Event: 10.467 Thread 0x0000020cd836d180 Thread added: 0x0000020cdb635050
Event: 10.470 Thread 0x0000020cd836d180 Thread added: 0x0000020cdb62f530
Event: 10.473 Thread 0x0000020cd836d180 Thread added: 0x0000020cdb630e80
Event: 10.870 Thread 0x0000020cd836d180 Thread added: 0x0000020cd88a3a10
Event: 10.871 Thread 0x0000020cd836d180 Thread added: 0x0000020cd705ae80
Event: 10.872 Thread 0x0000020cd836d180 Thread added: 0x0000020cd705e120


Dynamic libraries:
0x00007ff7d89a0000 - 0x00007ff7d89ae000 	C:\Users\aplut\.gradle\jdks\eclipse_adoptium-17-amd64-windows\jdk-17.0.13+11\bin\java.exe
0x00007ffa76090000 - 0x00007ffa762a7000 	C:\WINDOWS\SYSTEM32\ntdll.dll
0x00007ffa3c200000 - 0x00007ffa3c21a000 	C:\Program Files\Avast Software\Avast\aswhook.dll
0x00007ffa746c0000 - 0x00007ffa74784000 	C:\WINDOWS\System32\KERNEL32.DLL
0x00007ffa739f0000 - 0x00007ffa73da9000 	C:\WINDOWS\System32\KERNELBASE.dll
0x00007ffa738d0000 - 0x00007ffa739e1000 	C:\WINDOWS\System32\ucrtbase.dll
0x00007ffa62bf0000 - 0x00007ffa62c07000 	C:\Users\aplut\.gradle\jdks\eclipse_adoptium-17-amd64-windows\jdk-17.0.13+11\bin\jli.dll
0x00007ffa62a50000 - 0x00007ffa62a6e000 	C:\Users\aplut\.gradle\jdks\eclipse_adoptium-17-amd64-windows\jdk-17.0.13+11\bin\VCRUNTIME140.dll
0x00007ffa74190000 - 0x00007ffa7433e000 	C:\WINDOWS\System32\USER32.dll
0x00007ffa734b0000 - 0x00007ffa734d6000 	C:\WINDOWS\System32\win32u.dll
0x00007ffa59790000 - 0x00007ffa59a22000 	C:\WINDOWS\WinSxS\amd64_microsoft.windows.common-controls_6595b64144ccf1df_6.0.22621.4391_none_2715d37f73803e96\COMCTL32.dll
0x00007ffa74b80000 - 0x00007ffa74ba9000 	C:\WINDOWS\System32\GDI32.dll
0x00007ffa740d0000 - 0x00007ffa74177000 	C:\WINDOWS\System32\msvcrt.dll
0x00007ffa73390000 - 0x00007ffa734ab000 	C:\WINDOWS\System32\gdi32full.dll
0x00007ffa734e0000 - 0x00007ffa7357a000 	C:\WINDOWS\System32\msvcp_win.dll
0x00007ffa75430000 - 0x00007ffa75461000 	C:\WINDOWS\System32\IMM32.DLL
0x00007ffa67250000 - 0x00007ffa6725c000 	C:\Users\aplut\.gradle\jdks\eclipse_adoptium-17-amd64-windows\jdk-17.0.13+11\bin\vcruntime140_1.dll
0x00007ffa629c0000 - 0x00007ffa62a4d000 	C:\Users\aplut\.gradle\jdks\eclipse_adoptium-17-amd64-windows\jdk-17.0.13+11\bin\msvcp140.dll
0x00007ff9db080000 - 0x00007ff9dbceb000 	C:\Users\aplut\.gradle\jdks\eclipse_adoptium-17-amd64-windows\jdk-17.0.13+11\bin\server\jvm.dll
0x00007ffa74000000 - 0x00007ffa740b2000 	C:\WINDOWS\System32\ADVAPI32.dll
0x00007ffa75670000 - 0x00007ffa75717000 	C:\WINDOWS\System32\sechost.dll
0x00007ffa735f0000 - 0x00007ffa73618000 	C:\WINDOWS\System32\bcrypt.dll
0x00007ffa745a0000 - 0x00007ffa746b4000 	C:\WINDOWS\System32\RPCRT4.dll
0x00007ffa74950000 - 0x00007ffa749c1000 	C:\WINDOWS\System32\WS2_32.dll
0x00007ffa730b0000 - 0x00007ffa730fd000 	C:\WINDOWS\SYSTEM32\POWRPROF.dll
0x00007ffa671d0000 - 0x00007ffa67204000 	C:\WINDOWS\SYSTEM32\WINMM.dll
0x00007ffa64920000 - 0x00007ffa6492a000 	C:\WINDOWS\SYSTEM32\VERSION.dll
0x00007ffa72fc0000 - 0x00007ffa72fd3000 	C:\WINDOWS\SYSTEM32\UMPDC.dll
0x00007ffa72390000 - 0x00007ffa723a8000 	C:\WINDOWS\SYSTEM32\kernel.appcore.dll
0x00007ffa63840000 - 0x00007ffa6384a000 	C:\Users\aplut\.gradle\jdks\eclipse_adoptium-17-amd64-windows\jdk-17.0.13+11\bin\jimage.dll
0x00007ffa70980000 - 0x00007ffa70bb2000 	C:\WINDOWS\SYSTEM32\DBGHELP.DLL
0x00007ffa75ca0000 - 0x00007ffa7602f000 	C:\WINDOWS\System32\combase.dll
0x00007ffa75490000 - 0x00007ffa75567000 	C:\WINDOWS\System32\OLEAUT32.dll
0x00007ffa62db0000 - 0x00007ffa62de2000 	C:\WINDOWS\SYSTEM32\dbgcore.DLL
0x00007ffa73850000 - 0x00007ffa738cb000 	C:\WINDOWS\System32\bcryptPrimitives.dll
0x00007ffa62be0000 - 0x00007ffa62bee000 	C:\Users\aplut\.gradle\jdks\eclipse_adoptium-17-amd64-windows\jdk-17.0.13+11\bin\instrument.dll
0x00007ffa4df50000 - 0x00007ffa4df75000 	C:\Users\aplut\.gradle\jdks\eclipse_adoptium-17-amd64-windows\jdk-17.0.13+11\bin\java.dll
0x00007ffa2ed90000 - 0x00007ffa2ee67000 	C:\Users\aplut\.gradle\jdks\eclipse_adoptium-17-amd64-windows\jdk-17.0.13+11\bin\jsvml.dll
0x00007ffa74bb0000 - 0x00007ffa75426000 	C:\WINDOWS\System32\SHELL32.dll
0x00007ffa71280000 - 0x00007ffa71b83000 	C:\WINDOWS\SYSTEM32\windows.storage.dll
0x00007ffa71140000 - 0x00007ffa7127f000 	C:\WINDOWS\SYSTEM32\wintypes.dll
0x00007ffa74850000 - 0x00007ffa74949000 	C:\WINDOWS\System32\SHCORE.dll
0x00007ffa74790000 - 0x00007ffa747ee000 	C:\WINDOWS\System32\shlwapi.dll
0x00007ffa732c0000 - 0x00007ffa732eb000 	C:\WINDOWS\SYSTEM32\profapi.dll
0x00007ffa62970000 - 0x00007ffa62988000 	C:\Users\aplut\.gradle\jdks\eclipse_adoptium-17-amd64-windows\jdk-17.0.13+11\bin\zip.dll
0x00007ffa4dfa0000 - 0x00007ffa4dfb9000 	C:\Users\aplut\.gradle\jdks\eclipse_adoptium-17-amd64-windows\jdk-17.0.13+11\bin\net.dll
0x00007ffa6a540000 - 0x00007ffa6a676000 	C:\WINDOWS\SYSTEM32\WINHTTP.dll
0x00007ffa72800000 - 0x00007ffa72869000 	C:\WINDOWS\system32\mswsock.dll
0x00007ffa4df30000 - 0x00007ffa4df46000 	C:\Users\aplut\.gradle\jdks\eclipse_adoptium-17-amd64-windows\jdk-17.0.13+11\bin\nio.dll
0x00007ffa62bc0000 - 0x00007ffa62bd0000 	C:\Users\aplut\.gradle\jdks\eclipse_adoptium-17-amd64-windows\jdk-17.0.13+11\bin\verify.dll
0x00007ffa3b650000 - 0x00007ffa3b677000 	C:\Users\aplut\.gradle\native\c067742578af261105cb4f569cf0c3c89f3d7b1fecec35dd04571415982c5e48\windows-amd64\native-platform.dll
0x00007ff9fdcf0000 - 0x00007ff9fde34000 	C:\Users\aplut\.gradle\native\100fb08df4bc3b14c8652ba06237920a3bd2aa13389f12d3474272988ae205f9\windows-amd64\native-platform-file-events.dll
0x00007ffa629b0000 - 0x00007ffa629ba000 	C:\Users\aplut\.gradle\jdks\eclipse_adoptium-17-amd64-windows\jdk-17.0.13+11\bin\management.dll
0x00007ffa54ec0000 - 0x00007ffa54ecb000 	C:\Users\aplut\.gradle\jdks\eclipse_adoptium-17-amd64-windows\jdk-17.0.13+11\bin\management_ext.dll
0x00007ffa74340000 - 0x00007ffa74348000 	C:\WINDOWS\System32\PSAPI.DLL
0x00007ffa72aa0000 - 0x00007ffa72abb000 	C:\WINDOWS\SYSTEM32\CRYPTSP.dll
0x00007ffa722f0000 - 0x00007ffa72325000 	C:\WINDOWS\system32\rsaenh.dll
0x00007ffa728a0000 - 0x00007ffa728c8000 	C:\WINDOWS\SYSTEM32\USERENV.dll
0x00007ffa72a00000 - 0x00007ffa72a0c000 	C:\WINDOWS\SYSTEM32\CRYPTBASE.dll
0x00007ffa71df0000 - 0x00007ffa71e1d000 	C:\WINDOWS\SYSTEM32\IPHLPAPI.DLL
0x00007ffa740c0000 - 0x00007ffa740c9000 	C:\WINDOWS\System32\NSI.dll
0x00007ffa67c90000 - 0x00007ffa67ca9000 	C:\WINDOWS\SYSTEM32\dhcpcsvc6.DLL
0x00007ffa67c70000 - 0x00007ffa67c8f000 	C:\WINDOWS\SYSTEM32\dhcpcsvc.DLL
0x00007ffa71e20000 - 0x00007ffa71f22000 	C:\WINDOWS\SYSTEM32\DNSAPI.dll
0x00007ffa4df20000 - 0x00007ffa4df29000 	C:\Users\aplut\.gradle\jdks\eclipse_adoptium-17-amd64-windows\jdk-17.0.13+11\bin\extnet.dll
0x00007ffa4df10000 - 0x00007ffa4df1e000 	C:\Users\aplut\.gradle\jdks\eclipse_adoptium-17-amd64-windows\jdk-17.0.13+11\bin\sunmscapi.dll
0x00007ffa736e0000 - 0x00007ffa73846000 	C:\WINDOWS\System32\CRYPT32.dll
0x00007ffa72cb0000 - 0x00007ffa72cdd000 	C:\WINDOWS\SYSTEM32\ncrypt.dll
0x00007ffa72c70000 - 0x00007ffa72ca7000 	C:\WINDOWS\SYSTEM32\NTASN1.dll
0x00007ffa62c70000 - 0x00007ffa62c78000 	C:\WINDOWS\system32\wshunix.dll
0x000000006c660000 - 0x000000006c686000 	C:\Program Files\Bonjour\mdnsNSP.dll
0x00007ffa648c0000 - 0x00007ffa648ca000 	C:\Windows\System32\rasadhlp.dll
0x00007ffa60960000 - 0x00007ffa609e3000 	C:\WINDOWS\System32\fwpuclnt.dll

dbghelp: loaded successfully - version: 4.0.5 - missing functions: none
symbol engine: initialized successfully - sym options: 0x614 - pdb path: .;C:\Users\aplut\.gradle\jdks\eclipse_adoptium-17-amd64-windows\jdk-17.0.13+11\bin;C:\WINDOWS\SYSTEM32;C:\Program Files\Avast Software\Avast;C:\WINDOWS\WinSxS\amd64_microsoft.windows.common-controls_6595b64144ccf1df_6.0.22621.4391_none_2715d37f73803e96;C:\Users\aplut\.gradle\jdks\eclipse_adoptium-17-amd64-windows\jdk-17.0.13+11\bin\server;C:\Users\aplut\.gradle\native\c067742578af261105cb4f569cf0c3c89f3d7b1fecec35dd04571415982c5e48\windows-amd64;C:\Users\aplut\.gradle\native\100fb08df4bc3b14c8652ba06237920a3bd2aa13389f12d3474272988ae205f9\windows-amd64;C:\Program Files\Bonjour

VM Arguments:
jvm_args: --add-opens=java.base/java.util.concurrent.atomic=ALL-UNNAMED --add-opens=java.base/java.util=ALL-UNNAMED --add-opens=java.base/java.lang=ALL-UNNAMED --add-opens=java.base/java.lang.invoke=ALL-UNNAMED --add-opens=java.prefs/java.util.prefs=ALL-UNNAMED --add-opens=java.base/java.nio.charset=ALL-UNNAMED --add-opens=java.base/java.net=ALL-UNNAMED --add-opens=java.base/java.util.concurrent.atomic=ALL-UNNAMED -Xmx3G -Dfile.encoding=UTF-8 -Duser.country=PL -Duser.language=pl -Duser.variant -javaagent:C:\Users\aplut\.gradle\wrapper\dists\gradle-8.8-bin\dl7vupf4psengwqhwktix4v1\gradle-8.8\lib\agents\gradle-instrumentation-agent-8.8.jar 
java_command: org.gradle.launcher.daemon.bootstrap.GradleDaemon 8.8
java_class_path (initial): C:\Users\aplut\.gradle\wrapper\dists\gradle-8.8-bin\dl7vupf4psengwqhwktix4v1\gradle-8.8\lib\gradle-launcher-8.8.jar
Launcher Type: SUN_STANDARD

[Global flags]
     intx CICompilerCount                          = 3                                         {product} {ergonomic}
     uint ConcGCThreads                            = 1                                         {product} {ergonomic}
     uint G1ConcRefinementThreads                  = 4                                         {product} {ergonomic}
   size_t G1HeapRegionSize                         = 2097152                                   {product} {ergonomic}
    uintx GCDrainStackTargetSize                   = 64                                        {product} {ergonomic}
   size_t InitialHeapSize                          = 130023424                                 {product} {ergonomic}
   size_t MarkStackSize                            = 4194304                                   {product} {ergonomic}
   size_t MaxHeapSize                              = 3221225472                                {product} {command line}
   size_t MaxNewSize                               = 1931476992                                {product} {ergonomic}
   size_t MinHeapDeltaBytes                        = 2097152                                   {product} {ergonomic}
   size_t MinHeapSize                              = 8388608                                   {product} {ergonomic}
    uintx NonNMethodCodeHeapSize                   = 5832780                                {pd product} {ergonomic}
    uintx NonProfiledCodeHeapSize                  = 122912730                              {pd product} {ergonomic}
    uintx ProfiledCodeHeapSize                     = 122912730                              {pd product} {ergonomic}
    uintx ReservedCodeCacheSize                    = 251658240                              {pd product} {ergonomic}
     bool SegmentedCodeCache                       = true                                      {product} {ergonomic}
   size_t SoftMaxHeapSize                          = 3221225472                             {manageable} {ergonomic}
     bool UseCompressedClassPointers               = true                           {product lp64_product} {ergonomic}
     bool UseCompressedOops                        = true                           {product lp64_product} {ergonomic}
     bool UseG1GC                                  = true                                      {product} {ergonomic}
     bool UseLargePagesIndividualAllocation        = false                                  {pd product} {ergonomic}

Logging:
Log output configuration:
 #0: stdout all=warning uptime,level,tags
 #1: stderr all=off uptime,level,tags

Environment Variables:
PATH=C:\Program Files\Eclipse Adoptium\jdk-17.0.13.11-hotspot\bin;C:\Users\aplut\OneDrive\Pulpit\PythonFlask\Scripts\;C:\Users\aplut\OneDrive\Pulpit\PythonFlask\;C:\Program Files\Oculus\Support\oculus-runtime;C:\PROGRA~2\Borland\CBUILD~1\Bin;C:\PROGRA~2\Borland\CBUILD~1\Projects\Bpl;C:\Program Files\Common Files\Oracle\Java\javapath;C:\Program Files (x86)\Common Files\Oracle\Java\java8path;C:\Program Files (x86)\Common Files\Oracle\Java\javapath;C:\Program Files (x86)\VMware\VMware Player\bin\;C:\Program Files\Microsoft\jdk-11.0.12.7-hotspot\bin;C:\WINDOWS\system32;C:\WINDOWS;C:\WINDOWS\System32\Wbem;C:\WINDOWS\System32\WindowsPowerShell\v1.0\;C:\WINDOWS\System32\OpenSSH\;C:\Program Files\Microsoft SQL Server\150\Tools\Binn\;C:\Program Files\dotnet\;C:\Program Files (x86)\Yarn\bin\;C:\Program Files\HP\HP One Agent;C:\Program Files\Docker\Docker\resources\bin;C:\Program Files\nodejs\;C:\Program Files\Microsoft SQL Server\120\Tools\Binn\;C:\Program Files\Git\cmd;C:\Users\aplut\.cargo\bin;C:\Ruby27-x64\bin;C:\Users\aplut\AppData\Local\Microsoft\WindowsApps;C:\Users\aplut\.dotnet\tools;%JAVA_HOME%\bin;C:\Users\aplut\AppData\Local\Programs\Microsoft VS Code\bin;C:\Users\aplut\AppData\Local\Yarn\bin;C:\ProgramData\aplut\GitHubDesktop\bin;C:\Users\aplut\AppData\Roaming\npm;C:\xampp\php;C:\Users\aplut\composer;C:\Users\aplut\AppData\Roaming\Composer\vendor\bin;C:\Users\aplut\AppData\Local\Muse Hub\lib;C:\Program Files\Oracle\VirtualBox;C:\Users\aplut\IntelliJ IDEA Community Edition 2024.3\bin;;C:\Gradle\bin;C:\Users\aplut\AppData\Local\GitHubDesktop\bin
USERNAME=aplut
OS=Windows_NT
PROCESSOR_IDENTIFIER=Intel64 Family 6 Model 140 Stepping 1, GenuineIntel
TMP=C:\Users\aplut\AppData\Local\Temp
TEMP=C:\Users\aplut\AppData\Local\Temp



Periodic native trim disabled


---------------  S Y S T E M  ---------------

OS:
 Windows 11 , 64 bit Build 22621 (10.0.22621.4391)
OS uptime: 0 days 10:41 hours
Hyper-V role detected

CPU: total 4 (initial active 4) (2 cores per cpu, 2 threads per core) family 6 model 140 stepping 1 microcode 0xac, cx8, cmov, fxsr, ht, mmx, 3dnowpref, sse, sse2, sse3, ssse3, sse4.1, sse4.2, popcnt, lzcnt, tsc, tscinvbit, avx, avx2, aes, erms, clmul, bmi1, bmi2, adx, avx512f, avx512dq, avx512cd, avx512bw, avx512vl, sha, fma, vzeroupper, avx512_vpopcntdq, avx512_vpclmulqdq, avx512_vaes, avx512_vnni, clflush, clflushopt, clwb, avx512_vbmi2, avx512_vbmi, hv
Processor Information for all 4 processors :
  Max Mhz: 2995, Current Mhz: 2995, Mhz Limit: 2995

Memory: 4k page, system-wide physical 7932M (416M free)
TotalPageFile size 16932M (AvailPageFile size 112M)
current process WorkingSet (physical memory assigned to process): 458M, peak: 458M
current process commit charge ("private bytes"): 502M, peak: 714M

vm_info: OpenJDK 64-Bit Server VM (17.0.13+11) for windows-amd64 JRE (17.0.13+11), built on Oct 16 2024 00:10:08 by "admin" with MS VC++ 17.7 (VS2022)

END.
