#
# There is insufficient memory for the Java Runtime Environment to continue.
# Native memory allocation (mmap) failed to map 1048576000 bytes. Error detail: G1 virtual space
# Possible reasons:
#   The system is out of physical RAM or swap space
#   This process is running with CompressedOops enabled, and the Java Heap may be blocking the growth of the native heap
# Possible solutions:
#   Reduce memory load on the system
#   Increase physical memory or swap space
#   Check if swap backing store is full
#   Decrease Java heap size (-Xmx/-Xms)
#   Decrease number of Java threads
#   Decrease Java thread stack sizes (-Xss)
#   Set larger code cache with -XX:ReservedCodeCacheSize=
#   JVM is running with Zero Based Compressed Oops mode in which the Java heap is
#     placed in the first 32GB address space. The Java Heap base address is the
#     maximum limit for the native heap growth. Please use -XX:HeapBaseMinAddress
#     to set the Java Heap base and to place the Java Heap above 32GB virtual address.
# This output file may be truncated or incomplete.
#
#  Out of Memory Error (os_windows.cpp:3614), pid=20468, tid=3104
#
# JRE version: OpenJDK Runtime Environment Temurin-17.0.13+11 (17.0.13+11) (build 17.0.13+11)
# Java VM: OpenJDK 64-Bit Server VM Temurin-17.0.13+11 (17.0.13+11, mixed mode, sharing, tiered, compressed oops, compressed class ptrs, g1 gc, windows-amd64)
# No core dump will be written. Minidumps are not enabled by default on client versions of Windows
#

---------------  S U M M A R Y ------------

Command Line: --add-opens=java.base/java.util.concurrent.atomic=ALL-UNNAMED --add-opens=java.base/java.util=ALL-UNNAMED --add-opens=java.base/java.lang=ALL-UNNAMED --add-opens=java.base/java.lang.invoke=ALL-UNNAMED --add-opens=java.prefs/java.util.prefs=ALL-UNNAMED --add-opens=java.base/java.nio.charset=ALL-UNNAMED --add-opens=java.base/java.net=ALL-UNNAMED --add-opens=java.base/java.util.concurrent.atomic=ALL-UNNAMED -Xmx3G -Dfile.encoding=UTF-8 -Duser.country=PL -Duser.language=pl -Duser.variant -javaagent:C:\Users\aplut\.gradle\wrapper\dists\gradle-8.8-bin\dl7vupf4psengwqhwktix4v1\gradle-8.8\lib\agents\gradle-instrumentation-agent-8.8.jar org.gradle.launcher.daemon.bootstrap.GradleDaemon 8.8

Host: 11th Gen Intel(R) Core(TM) i3-1115G4 @ 3.00GHz, 4 cores, 7G,  Windows 11 , 64 bit Build 22621 (10.0.22621.4391)
Time: Wed Dec  4 21:38:10 2024  Windows 11 , 64 bit Build 22621 (10.0.22621.4391) elapsed time: 18.729776 seconds (0d 0h 0m 18s)

---------------  T H R E A D  ---------------

Current thread (0x00000166f1a52f30):  VMThread "VM Thread" [stack: 0x0000000706400000,0x0000000706500000] [id=3104]

Stack: [0x0000000706400000,0x0000000706500000]
Native frames: (J=compiled Java code, j=interpreted, Vv=VM code, C=native code)
V  [jvm.dll+0x682a19]
V  [jvm.dll+0x839538]
V  [jvm.dll+0x83afe3]
V  [jvm.dll+0x83b653]
V  [jvm.dll+0x24704f]
V  [jvm.dll+0x67f809]
V  [jvm.dll+0x6746fa]
V  [jvm.dll+0x304a96]
V  [jvm.dll+0x30bf56]
V  [jvm.dll+0x35da5e]
V  [jvm.dll+0x35dc9d]
V  [jvm.dll+0x2dbe5c]
V  [jvm.dll+0x2da1ff]
V  [jvm.dll+0x2d996c]
V  [jvm.dll+0x31d14b]
V  [jvm.dll+0x83fe8d]
V  [jvm.dll+0x840bc3]
V  [jvm.dll+0x8410ef]
V  [jvm.dll+0x8414d4]
V  [jvm.dll+0x84159e]
V  [jvm.dll+0x7e8ffc]
V  [jvm.dll+0x6818f7]
C  [ucrtbase.dll+0x29333]
C  [KERNEL32.DLL+0x1259d]
C  [ntdll.dll+0x5af38]

VM_Operation (0x0000000707bf5d90): G1CollectForAllocation, mode: safepoint, requested by thread 0x00000166f74fbfd0


---------------  P R O C E S S  ---------------

Threads class SMR info:
_java_thread_list=0x00000166faeb11e0, length=82, elements={
0x00000166d1873d40, 0x00000166f1a57510, 0x00000166f1a580d0, 0x00000166f1a6a740,
0x00000166f1a6ba20, 0x00000166f1a70500, 0x00000166f1a70ec0, 0x00000166f1a723c0,
0x00000166f1a74e80, 0x00000166f1a81190, 0x00000166f1c9b940, 0x00000166f1e0c370,
0x00000166f7273d30, 0x00000166f761bdf0, 0x00000166f765b270, 0x00000166f74a9fd0,
0x00000166f74a94e0, 0x00000166f74fa680, 0x00000166f74fbfd0, 0x00000166f74fc4e0,
0x00000166f74fa170, 0x00000166f74fab90, 0x00000166f74fb0a0, 0x00000166f74fc9f0,
0x00000166f74fb5b0, 0x00000166f74f9240, 0x00000166f74fbac0, 0x00000166f74f9c60,
0x00000166f807a130, 0x00000166f8079c20, 0x00000166f8076e90, 0x00000166f807ab50,
0x00000166f807b060, 0x00000166f807a640, 0x00000166f80778b0, 0x00000166f8075540,
0x00000166f8077dc0, 0x00000166f80787e0, 0x00000166f8075030, 0x00000166f807c4a0,
0x00000166f8079710, 0x00000166f8075f60, 0x00000166f80782d0, 0x00000166f8075a50,
0x00000166f8079200, 0x00000166f8078cf0, 0x00000166f807ba80, 0x00000166f807c9b0,
0x00000166f807bf90, 0x00000166f8076470, 0x00000166f8076980, 0x00000166fb41aab0,
0x00000166fb41fbb0, 0x00000166fb4205d0, 0x00000166fb4200c0, 0x00000166fb41ce20,
0x00000166fb41c910, 0x00000166fb41d330, 0x00000166fb420ff0, 0x00000166fb421500,
0x00000166fb421a10, 0x00000166fb41dd50, 0x00000166fb41e260, 0x00000166fb41a5a0,
0x00000166fb41e770, 0x00000166fb41afc0, 0x00000166fb41b4d0, 0x00000166fb41ec80,
0x00000166fb41b9e0, 0x00000166fb41d840, 0x00000166fb41bef0, 0x00000166fb41c400,
0x00000166fb41f190, 0x00000166fb41f6a0, 0x00000166f92ba700, 0x00000166f92bd490,
0x00000166f92bf800, 0x00000166f92ba1f0, 0x00000166f92b97d0, 0x00000166f92bac10,
0x00000166f92bb120, 0x00000166f92bb630
}

Java Threads: ( => current thread )
  0x00000166d1873d40 JavaThread "main" [_thread_blocked, id=23064, stack(0x0000000705e00000,0x0000000705f00000)]
  0x00000166f1a57510 JavaThread "Reference Handler" daemon [_thread_blocked, id=25880, stack(0x0000000706500000,0x0000000706600000)]
  0x00000166f1a580d0 JavaThread "Finalizer" daemon [_thread_blocked, id=7024, stack(0x0000000706600000,0x0000000706700000)]
  0x00000166f1a6a740 JavaThread "Signal Dispatcher" daemon [_thread_blocked, id=14812, stack(0x0000000706700000,0x0000000706800000)]
  0x00000166f1a6ba20 JavaThread "Attach Listener" daemon [_thread_blocked, id=12816, stack(0x0000000706800000,0x0000000706900000)]
  0x00000166f1a70500 JavaThread "Service Thread" daemon [_thread_blocked, id=3164, stack(0x0000000706900000,0x0000000706a00000)]
  0x00000166f1a70ec0 JavaThread "Monitor Deflation Thread" daemon [_thread_blocked, id=25876, stack(0x0000000706a00000,0x0000000706b00000)]
  0x00000166f1a723c0 JavaThread "C2 CompilerThread0" daemon [_thread_blocked, id=11428, stack(0x0000000706b00000,0x0000000706c00000)]
  0x00000166f1a74e80 JavaThread "C1 CompilerThread0" daemon [_thread_blocked, id=6892, stack(0x0000000706c00000,0x0000000706d00000)]
  0x00000166f1a81190 JavaThread "Sweeper thread" daemon [_thread_blocked, id=9100, stack(0x0000000706d00000,0x0000000706e00000)]
  0x00000166f1c9b940 JavaThread "Common-Cleaner" daemon [_thread_blocked, id=12784, stack(0x0000000706e00000,0x0000000706f00000)]
  0x00000166f1e0c370 JavaThread "Notification Thread" daemon [_thread_blocked, id=3676, stack(0x0000000706f00000,0x0000000707000000)]
  0x00000166f7273d30 JavaThread "Daemon health stats" [_thread_blocked, id=27488, stack(0x0000000707500000,0x0000000707600000)]
  0x00000166f761bdf0 JavaThread "Incoming local TCP Connector on port 50539" [_thread_in_native, id=12672, stack(0x0000000707600000,0x0000000707700000)]
  0x00000166f765b270 JavaThread "Daemon periodic checks" [_thread_blocked, id=26544, stack(0x0000000707700000,0x0000000707800000)]
  0x00000166f74a9fd0 JavaThread "Daemon" [_thread_blocked, id=20948, stack(0x0000000707800000,0x0000000707900000)]
  0x00000166f74a94e0 JavaThread "Handler for socket connection from /127.0.0.1:50539 to /127.0.0.1:50540" [_thread_in_native, id=26188, stack(0x0000000707900000,0x0000000707a00000)]
  0x00000166f74fa680 JavaThread "Cancel handler" [_thread_blocked, id=24840, stack(0x0000000707a00000,0x0000000707b00000)]
  0x00000166f74fbfd0 JavaThread "Daemon worker" [_thread_blocked, id=4360, stack(0x0000000707b00000,0x0000000707c00000)]
  0x00000166f74fc4e0 JavaThread "Asynchronous log dispatcher for DefaultDaemonConnection: socket connection from /127.0.0.1:50539 to /127.0.0.1:50540" [_thread_blocked, id=23168, stack(0x0000000707c00000,0x0000000707d00000)]
  0x00000166f74fa170 JavaThread "Stdin handler" [_thread_blocked, id=4196, stack(0x0000000707d00000,0x0000000707e00000)]
  0x00000166f74fab90 JavaThread "Daemon client event forwarder" [_thread_blocked, id=25336, stack(0x0000000707e00000,0x0000000707f00000)]
  0x00000166f74fb0a0 JavaThread "Cache worker for journal cache (C:\Users\aplut\.gradle\caches\journal-1)" [_thread_blocked, id=18292, stack(0x0000000707f00000,0x0000000708000000)]
  0x00000166f74fc9f0 JavaThread "File lock request listener" [_thread_in_native, id=23388, stack(0x0000000708000000,0x0000000708100000)]
  0x00000166f74fb5b0 JavaThread "Cache worker for file hash cache (C:\Users\aplut\.gradle\caches\8.8\fileHashes)" [_thread_blocked, id=26012, stack(0x0000000708100000,0x0000000708200000)]
  0x00000166f74f9240 JavaThread "Cache worker for file hash cache (C:\Users\aplut\OneDrive\Projekty\Mods\Creativity\.gradle\8.8\fileHashes)" [_thread_blocked, id=26616, stack(0x0000000708200000,0x0000000708300000)]
  0x00000166f74fbac0 JavaThread "File watcher server" daemon [_thread_in_native, id=19612, stack(0x0000000708300000,0x0000000708400000)]
  0x00000166f74f9c60 JavaThread "File watcher consumer" daemon [_thread_blocked, id=27456, stack(0x0000000708400000,0x0000000708500000)]
  0x00000166f807a130 JavaThread "jar transforms" [_thread_blocked, id=26892, stack(0x0000000708500000,0x0000000708600000)]
  0x00000166f8079c20 JavaThread "jar transforms Thread 2" [_thread_blocked, id=18320, stack(0x0000000708600000,0x0000000708700000)]
  0x00000166f8076e90 JavaThread "jar transforms Thread 3" [_thread_blocked, id=15716, stack(0x0000000708700000,0x0000000708800000)]
  0x00000166f807ab50 JavaThread "jar transforms Thread 4" [_thread_blocked, id=26584, stack(0x0000000708800000,0x0000000708900000)]
  0x00000166f807b060 JavaThread "Cache worker for checksums cache (C:\Users\aplut\OneDrive\Projekty\Mods\Creativity\.gradle\8.8\checksums)" [_thread_blocked, id=24304, stack(0x0000000708900000,0x0000000708a00000)]
  0x00000166f807a640 JavaThread "Cache worker for file content cache (C:\Users\aplut\.gradle\caches\8.8\fileContent)" [_thread_blocked, id=22864, stack(0x0000000708a00000,0x0000000708b00000)]
  0x00000166f80778b0 JavaThread "Cache worker for cache directory md-rule (C:\Users\aplut\.gradle\caches\8.8\md-rule)" [_thread_blocked, id=9320, stack(0x0000000708b00000,0x0000000708c00000)]
  0x00000166f8075540 JavaThread "Cache worker for cache directory md-supplier (C:\Users\aplut\.gradle\caches\8.8\md-supplier)" [_thread_blocked, id=8868, stack(0x0000000708c00000,0x0000000708d00000)]
  0x00000166f8077dc0 JavaThread "Unconstrained build operations" [_thread_blocked, id=27524, stack(0x0000000708d00000,0x0000000708e00000)]
  0x00000166f80787e0 JavaThread "Unconstrained build operations Thread 2" [_thread_blocked, id=14444, stack(0x0000000708e00000,0x0000000708f00000)]
  0x00000166f8075030 JavaThread "Unconstrained build operations Thread 3" [_thread_blocked, id=25288, stack(0x0000000708f00000,0x0000000709000000)]
  0x00000166f807c4a0 JavaThread "Unconstrained build operations Thread 4" [_thread_blocked, id=17100, stack(0x0000000709000000,0x0000000709100000)]
  0x00000166f8079710 JavaThread "Unconstrained build operations Thread 5" [_thread_blocked, id=27272, stack(0x0000000709100000,0x0000000709200000)]
  0x00000166f8075f60 JavaThread "Unconstrained build operations Thread 6" [_thread_blocked, id=14116, stack(0x0000000709200000,0x0000000709300000)]
  0x00000166f80782d0 JavaThread "Unconstrained build operations Thread 7" [_thread_blocked, id=18620, stack(0x0000000709300000,0x0000000709400000)]
  0x00000166f8075a50 JavaThread "Unconstrained build operations Thread 8" [_thread_blocked, id=3100, stack(0x0000000709400000,0x0000000709500000)]
  0x00000166f8079200 JavaThread "Unconstrained build operations Thread 9" [_thread_blocked, id=21612, stack(0x0000000709500000,0x0000000709600000)]
  0x00000166f8078cf0 JavaThread "Unconstrained build operations Thread 10" [_thread_blocked, id=23776, stack(0x0000000709600000,0x0000000709700000)]
  0x00000166f807ba80 JavaThread "Unconstrained build operations Thread 11" [_thread_blocked, id=26104, stack(0x0000000709700000,0x0000000709800000)]
  0x00000166f807c9b0 JavaThread "Unconstrained build operations Thread 12" [_thread_blocked, id=10304, stack(0x0000000709800000,0x0000000709900000)]
  0x00000166f807bf90 JavaThread "Cache worker for Build Output Cleanup Cache (C:\Users\aplut\OneDrive\Projekty\Mods\Creativity\.gradle\buildOutputCleanup)" [_thread_blocked, id=19928, stack(0x0000000707300000,0x0000000707400000)]
  0x00000166f8076470 JavaThread "Unconstrained build operations Thread 13" [_thread_blocked, id=27200, stack(0x0000000709900000,0x0000000709a00000)]
  0x00000166f8076980 JavaThread "Unconstrained build operations Thread 14" [_thread_blocked, id=12088, stack(0x0000000709a00000,0x0000000709b00000)]
  0x00000166fb41aab0 JavaThread "Unconstrained build operations Thread 15" [_thread_blocked, id=21136, stack(0x0000000709b00000,0x0000000709c00000)]
  0x00000166fb41fbb0 JavaThread "Unconstrained build operations Thread 16" [_thread_blocked, id=21244, stack(0x0000000709c00000,0x0000000709d00000)]
  0x00000166fb4205d0 JavaThread "Unconstrained build operations Thread 17" [_thread_blocked, id=3264, stack(0x0000000709d00000,0x0000000709e00000)]
  0x00000166fb4200c0 JavaThread "Unconstrained build operations Thread 18" [_thread_blocked, id=7848, stack(0x0000000709e00000,0x0000000709f00000)]
  0x00000166fb41ce20 JavaThread "Unconstrained build operations Thread 19" [_thread_blocked, id=9116, stack(0x0000000709f00000,0x000000070a000000)]
  0x00000166fb41c910 JavaThread "Unconstrained build operations Thread 20" [_thread_blocked, id=27140, stack(0x000000070a000000,0x000000070a100000)]
  0x00000166fb41d330 JavaThread "Unconstrained build operations Thread 21" [_thread_blocked, id=17396, stack(0x000000070a100000,0x000000070a200000)]
  0x00000166fb420ff0 JavaThread "Keep-Alive-Timer" daemon [_thread_blocked, id=22444, stack(0x000000070a200000,0x000000070a300000)]
  0x00000166fb421500 JavaThread "Memory manager" [_thread_blocked, id=20492, stack(0x000000070a300000,0x000000070a400000)]
  0x00000166fb421a10 JavaThread "Unconstrained build operations Thread 22" [_thread_blocked, id=25848, stack(0x000000070a500000,0x000000070a600000)]
  0x00000166fb41dd50 JavaThread "Unconstrained build operations Thread 23" [_thread_blocked, id=3228, stack(0x000000070a600000,0x000000070a700000)]
  0x00000166fb41e260 JavaThread "Unconstrained build operations Thread 24" [_thread_blocked, id=20744, stack(0x000000070a700000,0x000000070a800000)]
  0x00000166fb41a5a0 JavaThread "Unconstrained build operations Thread 25" [_thread_blocked, id=27212, stack(0x000000070a800000,0x000000070a900000)]
  0x00000166fb41e770 JavaThread "Unconstrained build operations Thread 26" [_thread_blocked, id=14028, stack(0x000000070a900000,0x000000070aa00000)]
  0x00000166fb41afc0 JavaThread "Unconstrained build operations Thread 27" [_thread_blocked, id=26028, stack(0x000000070aa00000,0x000000070ab00000)]
  0x00000166fb41b4d0 JavaThread "Unconstrained build operations Thread 28" [_thread_blocked, id=6032, stack(0x000000070a400000,0x000000070a500000)]
  0x00000166fb41ec80 JavaThread "included builds" [_thread_blocked, id=26128, stack(0x000000070ab00000,0x000000070ac00000)]
  0x00000166fb41b9e0 JavaThread "Execution worker" [_thread_blocked, id=4228, stack(0x000000070ac00000,0x000000070ad00000)]
  0x00000166fb41d840 JavaThread "Execution worker Thread 2" [_thread_blocked, id=24076, stack(0x000000070ad00000,0x000000070ae00000)]
  0x00000166fb41bef0 JavaThread "Execution worker Thread 3" [_thread_blocked, id=25440, stack(0x000000070ae00000,0x000000070af00000)]
  0x00000166fb41c400 JavaThread "Cache worker for execution history cache (C:\Users\aplut\OneDrive\Projekty\Mods\Creativity\.gradle\8.8\executionHistory)" [_thread_blocked, id=10124, stack(0x000000070af00000,0x000000070b000000)]
  0x00000166fb41f190 JavaThread "ForkJoinPool.commonPool-worker-1" daemon [_thread_blocked, id=6932, stack(0x000000070b000000,0x000000070b100000)]
  0x00000166fb41f6a0 JavaThread "ForkJoinPool.commonPool-worker-2" daemon [_thread_blocked, id=1896, stack(0x000000070b100000,0x000000070b200000)]
  0x00000166f92ba700 JavaThread "ForkJoinPool.commonPool-worker-3" daemon [_thread_blocked, id=1048, stack(0x000000070b200000,0x000000070b300000)]
  0x00000166f92bd490 JavaThread "Exec process" [_thread_blocked, id=26412, stack(0x000000070b300000,0x000000070b400000)]
  0x00000166f92bf800 JavaThread "Exec process Thread 2" [_thread_blocked, id=26100, stack(0x000000070b400000,0x000000070b500000)]
  0x00000166f92ba1f0 JavaThread "Exec process Thread 3" [_thread_blocked, id=26164, stack(0x000000070b500000,0x000000070b600000)]
  0x00000166f92b97d0 JavaThread "idea-tooling-model-converter" [_thread_blocked, id=21496, stack(0x000000070b600000,0x000000070b700000)]
  0x00000166f92bac10 JavaThread "Unconstrained build operations Thread 29" [_thread_blocked, id=14692, stack(0x000000070ba00000,0x000000070bb00000)]
  0x00000166f92bb120 JavaThread "Unconstrained build operations Thread 30" [_thread_blocked, id=16892, stack(0x000000070bb00000,0x000000070bc00000)]
  0x00000166f92bb630 JavaThread "Unconstrained build operations Thread 31" [_thread_blocked, id=22672, stack(0x000000070bc00000,0x000000070bd00000)]

Other Threads:
=>0x00000166f1a52f30 VMThread "VM Thread" [stack: 0x0000000706400000,0x0000000706500000] [id=3104]
  0x00000166f1d55ab0 WatcherThread [stack: 0x0000000707000000,0x0000000707100000] [id=18224]
  0x00000166d18cd630 GCTaskThread "GC Thread#0" [stack: 0x0000000705f00000,0x0000000706000000] [id=12980]
  0x00000166f1e23010 GCTaskThread "GC Thread#1" [stack: 0x0000000707100000,0x0000000707200000] [id=27632]
  0x00000166f1f85ad0 GCTaskThread "GC Thread#2" [stack: 0x0000000707200000,0x0000000707300000] [id=7880]
  0x00000166f66b3910 GCTaskThread "GC Thread#3" [stack: 0x0000000707400000,0x0000000707500000] [id=21900]
  0x00000166d18da580 ConcurrentGCThread "G1 Main Marker" [stack: 0x0000000706000000,0x0000000706100000] [id=7068]
  0x00000166d18db740 ConcurrentGCThread "G1 Conc#0" [stack: 0x0000000706100000,0x0000000706200000] [id=26988]
  0x00000166d1915d00 ConcurrentGCThread "G1 Refine#0" [stack: 0x0000000706200000,0x0000000706300000] [id=5204]
  0x00000166f7ce5750 ConcurrentGCThread "G1 Refine#1" [stack: 0x000000070b700000,0x000000070b800000] [id=23964]
  0x00000166f7ce39f0 ConcurrentGCThread "G1 Refine#2" [stack: 0x000000070b800000,0x000000070b900000] [id=7564]
  0x00000166f7ce5a40 ConcurrentGCThread "G1 Refine#3" [stack: 0x000000070b900000,0x000000070ba00000] [id=11456]
  0x00000166d1916730 ConcurrentGCThread "G1 Service" [stack: 0x0000000706300000,0x0000000706400000] [id=17644]

Threads with active compile tasks:
C2 CompilerThread0    18764 9679       4       net.minecraftforge.srgutils.InternalUtils::loadTSrg2 (661 bytes)

VM state: at safepoint (normal execution)

VM Mutex/Monitor currently owned by a thread:  ([mutex/lock_event])
[0x00000166d186f710] Threads_lock - owner thread: 0x00000166f1a52f30
[0x00000166d1870a30] Heap_lock - owner thread: 0x00000166f74fbfd0

Heap address: 0x0000000740000000, size: 3072 MB, Compressed Oops mode: Zero based, Oop shift amount: 3

CDS archive(s) mapped at: [0x0000016680000000-0x0000016680bb0000-0x0000016680bb0000), size 12255232, SharedBaseAddress: 0x0000016680000000, ArchiveRelocationMode: 1.
Compressed class space mapped at: 0x0000016681000000-0x00000166c1000000, reserved size: 1073741824
Narrow klass base: 0x0000016680000000, Narrow klass shift: 0, Narrow klass range: 0x100000000

GC Precious Log:
 CPUs: 4 total, 4 available
 Memory: 7932M
 Large Page Support: Disabled
 NUMA Support: Disabled
 Compressed Oops: Enabled (Zero based)
 Heap Region Size: 2M
 Heap Min Capacity: 8M
 Heap Initial Capacity: 124M
 Heap Max Capacity: 3G
 Pre-touch: Disabled
 Parallel Workers: 4
 Concurrent Workers: 1
 Concurrent Refinement Workers: 4
 Periodic GC: Disabled

Heap:
 garbage-first heap   total 512000K, used 363520K [0x0000000740000000, 0x0000000800000000)
  region size 2048K, 4 young (8192K), 4 survivors (8192K)
 Metaspace       used 75639K, committed 76352K, reserved 1179648K
  class space    used 10571K, committed 10880K, reserved 1048576K

Heap Regions: E=young(eden), S=young(survivor), O=old, HS=humongous(starts), HC=humongous(continues), CS=collection set, F=free, OA=open archive, CA=closed archive, TAMS=top-at-mark-start (previous, next)
|   0|0x0000000740000000, 0x0000000740200000, 0x0000000740200000|100%|HS|  |TAMS 0x0000000740200000, 0x0000000740200000| Complete 
|   1|0x0000000740200000, 0x0000000740400000, 0x0000000740400000|100%|HC|  |TAMS 0x0000000740400000, 0x0000000740400000| Complete 
|   2|0x0000000740400000, 0x0000000740600000, 0x0000000740600000|100%| O|  |TAMS 0x0000000740600000, 0x0000000740600000| Untracked 
|   3|0x0000000740600000, 0x0000000740800000, 0x0000000740800000|100%| O|  |TAMS 0x0000000740800000, 0x0000000740800000| Untracked 
|   4|0x0000000740800000, 0x0000000740a00000, 0x0000000740a00000|100%| O|  |TAMS 0x0000000740a00000, 0x0000000740a00000| Untracked 
|   5|0x0000000740a00000, 0x0000000740c00000, 0x0000000740c00000|100%| O|  |TAMS 0x0000000740c00000, 0x0000000740c00000| Untracked 
|   6|0x0000000740c00000, 0x0000000740e00000, 0x0000000740e00000|100%| O|  |TAMS 0x0000000740e00000, 0x0000000740e00000| Untracked 
|   7|0x0000000740e00000, 0x0000000741000000, 0x0000000741000000|100%| O|  |TAMS 0x0000000741000000, 0x0000000741000000| Untracked 
|   8|0x0000000741000000, 0x0000000741200000, 0x0000000741200000|100%|HS|  |TAMS 0x0000000741200000, 0x0000000741200000| Complete 
|   9|0x0000000741200000, 0x0000000741400000, 0x0000000741400000|100%|HC|  |TAMS 0x0000000741400000, 0x0000000741400000| Complete 
|  10|0x0000000741400000, 0x0000000741600000, 0x0000000741600000|100%|HC|  |TAMS 0x0000000741600000, 0x0000000741600000| Complete 
|  11|0x0000000741600000, 0x0000000741800000, 0x0000000741800000|100%|HS|  |TAMS 0x0000000741800000, 0x0000000741800000| Complete 
|  12|0x0000000741800000, 0x0000000741a00000, 0x0000000741a00000|100%|HC|  |TAMS 0x0000000741a00000, 0x0000000741a00000| Complete 
|  13|0x0000000741a00000, 0x0000000741c00000, 0x0000000741c00000|100%|HS|  |TAMS 0x0000000741c00000, 0x0000000741c00000| Complete 
|  14|0x0000000741c00000, 0x0000000741e00000, 0x0000000741e00000|100%| O|  |TAMS 0x0000000741e00000, 0x0000000741e00000| Untracked 
|  15|0x0000000741e00000, 0x0000000742000000, 0x0000000742000000|100%| O|  |TAMS 0x0000000742000000, 0x0000000742000000| Untracked 
|  16|0x0000000742000000, 0x0000000742200000, 0x0000000742200000|100%|HS|  |TAMS 0x0000000742200000, 0x0000000742200000| Complete 
|  17|0x0000000742200000, 0x0000000742400000, 0x0000000742400000|100%| O|  |TAMS 0x0000000742400000, 0x0000000742400000| Untracked 
|  18|0x0000000742400000, 0x0000000742600000, 0x0000000742600000|100%| O|  |TAMS 0x0000000742600000, 0x0000000742600000| Untracked 
|  19|0x0000000742600000, 0x0000000742800000, 0x0000000742800000|100%| O|  |TAMS 0x0000000742800000, 0x0000000742800000| Untracked 
|  20|0x0000000742800000, 0x0000000742a00000, 0x0000000742a00000|100%| O|  |TAMS 0x0000000742a00000, 0x0000000742a00000| Untracked 
|  21|0x0000000742a00000, 0x0000000742c00000, 0x0000000742c00000|100%| O|  |TAMS 0x0000000742c00000, 0x0000000742c00000| Untracked 
|  22|0x0000000742c00000, 0x0000000742e00000, 0x0000000742e00000|100%| O|  |TAMS 0x0000000742e00000, 0x0000000742e00000| Untracked 
|  23|0x0000000742e00000, 0x0000000743000000, 0x0000000743000000|100%| O|  |TAMS 0x0000000743000000, 0x0000000743000000| Untracked 
|  24|0x0000000743000000, 0x0000000743200000, 0x0000000743200000|100%| O|  |TAMS 0x0000000743200000, 0x0000000743200000| Untracked 
|  25|0x0000000743200000, 0x0000000743400000, 0x0000000743400000|100%|HS|  |TAMS 0x0000000743400000, 0x0000000743400000| Complete 
|  26|0x0000000743400000, 0x0000000743600000, 0x0000000743600000|100%|HC|  |TAMS 0x0000000743600000, 0x0000000743600000| Complete 
|  27|0x0000000743600000, 0x0000000743800000, 0x0000000743800000|100%|HC|  |TAMS 0x0000000743800000, 0x0000000743800000| Complete 
|  28|0x0000000743800000, 0x0000000743a00000, 0x0000000743a00000|100%|HS|  |TAMS 0x0000000743a00000, 0x0000000743a00000| Complete 
|  29|0x0000000743a00000, 0x0000000743c00000, 0x0000000743c00000|100%|HC|  |TAMS 0x0000000743c00000, 0x0000000743c00000| Complete 
|  30|0x0000000743c00000, 0x0000000743e00000, 0x0000000743e00000|100%|HC|  |TAMS 0x0000000743e00000, 0x0000000743e00000| Complete 
|  31|0x0000000743e00000, 0x0000000744000000, 0x0000000744000000|100%| O|  |TAMS 0x0000000744000000, 0x0000000744000000| Untracked 
|  32|0x0000000744000000, 0x0000000744200000, 0x0000000744200000|100%| O|  |TAMS 0x0000000744200000, 0x0000000744200000| Untracked 
|  33|0x0000000744200000, 0x0000000744400000, 0x0000000744400000|100%| O|  |TAMS 0x0000000744400000, 0x0000000744400000| Untracked 
|  34|0x0000000744400000, 0x0000000744600000, 0x0000000744600000|100%|HS|  |TAMS 0x0000000744600000, 0x0000000744600000| Complete 
|  35|0x0000000744600000, 0x0000000744800000, 0x0000000744800000|100%| O|  |TAMS 0x0000000744800000, 0x0000000744800000| Untracked 
|  36|0x0000000744800000, 0x0000000744a00000, 0x0000000744a00000|100%| O|  |TAMS 0x0000000744a00000, 0x0000000744a00000| Untracked 
|  37|0x0000000744a00000, 0x0000000744c00000, 0x0000000744c00000|100%| O|  |TAMS 0x0000000744c00000, 0x0000000744c00000| Untracked 
|  38|0x0000000744c00000, 0x0000000744e00000, 0x0000000744e00000|100%| O|  |TAMS 0x0000000744e00000, 0x0000000744e00000| Untracked 
|  39|0x0000000744e00000, 0x0000000745000000, 0x0000000745000000|100%| O|  |TAMS 0x0000000745000000, 0x0000000745000000| Untracked 
|  40|0x0000000745000000, 0x0000000745200000, 0x0000000745200000|100%| O|  |TAMS 0x0000000745200000, 0x0000000745200000| Untracked 
|  41|0x0000000745200000, 0x0000000745400000, 0x0000000745400000|100%| O|  |TAMS 0x0000000745400000, 0x0000000745400000| Untracked 
|  42|0x0000000745400000, 0x0000000745600000, 0x0000000745600000|100%| O|  |TAMS 0x0000000745600000, 0x0000000745600000| Untracked 
|  43|0x0000000745600000, 0x0000000745800000, 0x0000000745800000|100%|HS|  |TAMS 0x0000000745800000, 0x0000000745800000| Complete 
|  44|0x0000000745800000, 0x0000000745a00000, 0x0000000745a00000|100%|HS|  |TAMS 0x0000000745a00000, 0x0000000745a00000| Complete 
|  45|0x0000000745a00000, 0x0000000745c00000, 0x0000000745c00000|100%|HC|  |TAMS 0x0000000745c00000, 0x0000000745c00000| Complete 
|  46|0x0000000745c00000, 0x0000000745e00000, 0x0000000745e00000|100%|HC|  |TAMS 0x0000000745e00000, 0x0000000745e00000| Complete 
|  47|0x0000000745e00000, 0x0000000746000000, 0x0000000746000000|100%|HS|  |TAMS 0x0000000746000000, 0x0000000746000000| Complete 
|  48|0x0000000746000000, 0x0000000746200000, 0x0000000746200000|100%|HC|  |TAMS 0x0000000746200000, 0x0000000746200000| Complete 
|  49|0x0000000746200000, 0x0000000746400000, 0x0000000746400000|100%|HS|  |TAMS 0x0000000746400000, 0x0000000746400000| Complete 
|  50|0x0000000746400000, 0x0000000746600000, 0x0000000746600000|100%| O|  |TAMS 0x0000000746600000, 0x0000000746600000| Untracked 
|  51|0x0000000746600000, 0x0000000746800000, 0x0000000746800000|100%| O|  |TAMS 0x0000000746800000, 0x0000000746800000| Untracked 
|  52|0x0000000746800000, 0x0000000746a00000, 0x0000000746a00000|100%| O|  |TAMS 0x0000000746800000, 0x0000000746800000| Untracked 
|  53|0x0000000746a00000, 0x0000000746c00000, 0x0000000746c00000|100%| O|  |TAMS 0x0000000746c00000, 0x0000000746c00000| Untracked 
|  54|0x0000000746c00000, 0x0000000746e00000, 0x0000000746e00000|100%| O|  |TAMS 0x0000000746e00000, 0x0000000746e00000| Untracked 
|  55|0x0000000746e00000, 0x0000000747000000, 0x0000000747000000|100%| O|  |TAMS 0x0000000747000000, 0x0000000747000000| Untracked 
|  56|0x0000000747000000, 0x0000000747200000, 0x0000000747200000|100%| O|  |TAMS 0x0000000747200000, 0x0000000747200000| Untracked 
|  57|0x0000000747200000, 0x0000000747400000, 0x0000000747400000|100%| O|  |TAMS 0x0000000747400000, 0x0000000747400000| Untracked 
|  58|0x0000000747400000, 0x0000000747600000, 0x0000000747600000|100%| O|  |TAMS 0x0000000747600000, 0x0000000747600000| Untracked 
|  59|0x0000000747600000, 0x0000000747800000, 0x0000000747800000|100%| O|  |TAMS 0x0000000747800000, 0x0000000747800000| Untracked 
|  60|0x0000000747800000, 0x0000000747a00000, 0x0000000747a00000|100%| O|  |TAMS 0x0000000747a00000, 0x0000000747a00000| Untracked 
|  61|0x0000000747a00000, 0x0000000747c00000, 0x0000000747c00000|100%| O|  |TAMS 0x0000000747c00000, 0x0000000747c00000| Untracked 
|  62|0x0000000747c00000, 0x0000000747e00000, 0x0000000747e00000|100%| O|  |TAMS 0x0000000747e00000, 0x0000000747e00000| Untracked 
|  63|0x0000000747e00000, 0x0000000748000000, 0x0000000748000000|100%|HS|  |TAMS 0x0000000748000000, 0x0000000748000000| Complete 
|  64|0x0000000748000000, 0x0000000748200000, 0x0000000748200000|100%|HC|  |TAMS 0x0000000748200000, 0x0000000748200000| Complete 
|  65|0x0000000748200000, 0x0000000748400000, 0x0000000748400000|100%|HC|  |TAMS 0x0000000748400000, 0x0000000748400000| Complete 
|  66|0x0000000748400000, 0x0000000748600000, 0x0000000748600000|100%| O|  |TAMS 0x0000000748600000, 0x0000000748600000| Untracked 
|  67|0x0000000748600000, 0x0000000748800000, 0x0000000748800000|100%| O|  |TAMS 0x0000000748800000, 0x0000000748800000| Untracked 
|  68|0x0000000748800000, 0x0000000748a00000, 0x0000000748a00000|100%| O|  |TAMS 0x0000000748800000, 0x0000000748800000| Untracked 
|  69|0x0000000748a00000, 0x0000000748c00000, 0x0000000748c00000|100%| O|  |TAMS 0x0000000748c00000, 0x0000000748c00000| Untracked 
|  70|0x0000000748c00000, 0x0000000748e00000, 0x0000000748e00000|100%| O|  |TAMS 0x0000000748e00000, 0x0000000748e00000| Untracked 
|  71|0x0000000748e00000, 0x0000000749000000, 0x0000000749000000|100%| O|  |TAMS 0x0000000749000000, 0x0000000749000000| Untracked 
|  72|0x0000000749000000, 0x0000000749200000, 0x0000000749200000|100%| O|  |TAMS 0x0000000749200000, 0x0000000749200000| Untracked 
|  73|0x0000000749200000, 0x0000000749400000, 0x0000000749400000|100%| O|  |TAMS 0x0000000749400000, 0x0000000749400000| Untracked 
|  74|0x0000000749400000, 0x0000000749600000, 0x0000000749600000|100%| O|  |TAMS 0x0000000749600000, 0x0000000749600000| Untracked 
|  75|0x0000000749600000, 0x0000000749800000, 0x0000000749800000|100%| O|  |TAMS 0x0000000749800000, 0x0000000749800000| Untracked 
|  76|0x0000000749800000, 0x0000000749a00000, 0x0000000749a00000|100%| O|  |TAMS 0x0000000749a00000, 0x0000000749a00000| Untracked 
|  77|0x0000000749a00000, 0x0000000749c00000, 0x0000000749c00000|100%| O|  |TAMS 0x0000000749c00000, 0x0000000749c00000| Untracked 
|  78|0x0000000749c00000, 0x0000000749e00000, 0x0000000749e00000|100%| O|  |TAMS 0x0000000749e00000, 0x0000000749e00000| Untracked 
|  79|0x0000000749e00000, 0x000000074a000000, 0x000000074a000000|100%| O|  |TAMS 0x000000074a000000, 0x000000074a000000| Untracked 
|  80|0x000000074a000000, 0x000000074a200000, 0x000000074a200000|100%| O|  |TAMS 0x000000074a200000, 0x000000074a200000| Untracked 
|  81|0x000000074a200000, 0x000000074a400000, 0x000000074a400000|100%| O|  |TAMS 0x000000074a400000, 0x000000074a400000| Untracked 
|  82|0x000000074a400000, 0x000000074a600000, 0x000000074a600000|100%| O|  |TAMS 0x000000074a600000, 0x000000074a600000| Untracked 
|  83|0x000000074a600000, 0x000000074a800000, 0x000000074a800000|100%| O|  |TAMS 0x000000074a800000, 0x000000074a800000| Untracked 
|  84|0x000000074a800000, 0x000000074aa00000, 0x000000074aa00000|100%| O|  |TAMS 0x000000074aa00000, 0x000000074aa00000| Untracked 
|  85|0x000000074aa00000, 0x000000074ac00000, 0x000000074ac00000|100%| O|  |TAMS 0x000000074ac00000, 0x000000074ac00000| Untracked 
|  86|0x000000074ac00000, 0x000000074ae00000, 0x000000074ae00000|100%| O|  |TAMS 0x000000074ae00000, 0x000000074ae00000| Untracked 
|  87|0x000000074ae00000, 0x000000074b000000, 0x000000074b000000|100%| O|  |TAMS 0x000000074b000000, 0x000000074b000000| Untracked 
|  88|0x000000074b000000, 0x000000074b200000, 0x000000074b200000|100%| O|  |TAMS 0x000000074b200000, 0x000000074b200000| Untracked 
|  89|0x000000074b200000, 0x000000074b400000, 0x000000074b400000|100%| O|  |TAMS 0x000000074b400000, 0x000000074b400000| Untracked 
|  90|0x000000074b400000, 0x000000074b600000, 0x000000074b600000|100%| O|  |TAMS 0x000000074b600000, 0x000000074b600000| Untracked 
|  91|0x000000074b600000, 0x000000074b800000, 0x000000074b800000|100%| O|  |TAMS 0x000000074b800000, 0x000000074b800000| Untracked 
|  92|0x000000074b800000, 0x000000074ba00000, 0x000000074ba00000|100%| O|  |TAMS 0x000000074ba00000, 0x000000074ba00000| Untracked 
|  93|0x000000074ba00000, 0x000000074bc00000, 0x000000074bc00000|100%| O|  |TAMS 0x000000074bc00000, 0x000000074bc00000| Untracked 
|  94|0x000000074bc00000, 0x000000074be00000, 0x000000074be00000|100%| O|  |TAMS 0x000000074be00000, 0x000000074be00000| Untracked 
|  95|0x000000074be00000, 0x000000074c000000, 0x000000074c000000|100%| O|  |TAMS 0x000000074c000000, 0x000000074c000000| Untracked 
|  96|0x000000074c000000, 0x000000074c200000, 0x000000074c200000|100%| O|  |TAMS 0x000000074c200000, 0x000000074c200000| Untracked 
|  97|0x000000074c200000, 0x000000074c400000, 0x000000074c400000|100%| O|  |TAMS 0x000000074c400000, 0x000000074c400000| Untracked 
|  98|0x000000074c400000, 0x000000074c600000, 0x000000074c600000|100%| O|  |TAMS 0x000000074c600000, 0x000000074c600000| Untracked 
|  99|0x000000074c600000, 0x000000074c800000, 0x000000074c800000|100%| O|  |TAMS 0x000000074c800000, 0x000000074c800000| Untracked 
| 100|0x000000074c800000, 0x000000074ca00000, 0x000000074ca00000|100%| O|  |TAMS 0x000000074ca00000, 0x000000074ca00000| Untracked 
| 101|0x000000074ca00000, 0x000000074cc00000, 0x000000074cc00000|100%| O|  |TAMS 0x000000074cc00000, 0x000000074cc00000| Untracked 
| 102|0x000000074cc00000, 0x000000074ce00000, 0x000000074ce00000|100%| O|  |TAMS 0x000000074ce00000, 0x000000074ce00000| Untracked 
| 103|0x000000074ce00000, 0x000000074d000000, 0x000000074d000000|100%| O|  |TAMS 0x000000074d000000, 0x000000074d000000| Untracked 
| 104|0x000000074d000000, 0x000000074d200000, 0x000000074d200000|100%| O|  |TAMS 0x000000074d200000, 0x000000074d200000| Untracked 
| 105|0x000000074d200000, 0x000000074d400000, 0x000000074d400000|100%| O|  |TAMS 0x000000074d387a00, 0x000000074d400000| Untracked 
| 106|0x000000074d400000, 0x000000074d600000, 0x000000074d600000|100%| O|  |TAMS 0x000000074d400000, 0x000000074d600000| Untracked 
| 107|0x000000074d600000, 0x000000074d800000, 0x000000074d800000|100%| O|  |TAMS 0x000000074d600000, 0x000000074d800000| Untracked 
| 108|0x000000074d800000, 0x000000074da00000, 0x000000074da00000|100%| O|  |TAMS 0x000000074d800000, 0x000000074da00000| Untracked 
| 109|0x000000074da00000, 0x000000074dc00000, 0x000000074dc00000|100%| O|  |TAMS 0x000000074da00000, 0x000000074dc00000| Untracked 
| 110|0x000000074dc00000, 0x000000074de00000, 0x000000074de00000|100%| O|  |TAMS 0x000000074dc00000, 0x000000074de00000| Untracked 
| 111|0x000000074de00000, 0x000000074e000000, 0x000000074e000000|100%| O|  |TAMS 0x000000074de00000, 0x000000074e000000| Untracked 
| 112|0x000000074e000000, 0x000000074e200000, 0x000000074e200000|100%| O|  |TAMS 0x000000074e000000, 0x000000074e200000| Untracked 
| 113|0x000000074e200000, 0x000000074e400000, 0x000000074e400000|100%| O|  |TAMS 0x000000074e200000, 0x000000074e400000| Untracked 
| 114|0x000000074e400000, 0x000000074e600000, 0x000000074e600000|100%| O|  |TAMS 0x000000074e400000, 0x000000074e600000| Untracked 
| 115|0x000000074e600000, 0x000000074e800000, 0x000000074e800000|100%| O|  |TAMS 0x000000074e600000, 0x000000074e800000| Untracked 
| 116|0x000000074e800000, 0x000000074ea00000, 0x000000074ea00000|100%| O|  |TAMS 0x000000074e800000, 0x000000074ea00000| Untracked 
| 117|0x000000074ea00000, 0x000000074ec00000, 0x000000074ec00000|100%| O|  |TAMS 0x000000074ea00000, 0x000000074ec00000| Untracked 
| 118|0x000000074ec00000, 0x000000074ee00000, 0x000000074ee00000|100%| O|  |TAMS 0x000000074ec00000, 0x000000074ee00000| Untracked 
| 119|0x000000074ee00000, 0x000000074f000000, 0x000000074f000000|100%| O|  |TAMS 0x000000074ee00000, 0x000000074f000000| Untracked 
| 120|0x000000074f000000, 0x000000074f200000, 0x000000074f200000|100%| O|  |TAMS 0x000000074f000000, 0x000000074f200000| Untracked 
| 121|0x000000074f200000, 0x000000074f400000, 0x000000074f400000|100%| O|  |TAMS 0x000000074f200000, 0x000000074f400000| Untracked 
| 122|0x000000074f400000, 0x000000074f600000, 0x000000074f600000|100%| O|  |TAMS 0x000000074f400000, 0x000000074f600000| Untracked 
| 123|0x000000074f600000, 0x000000074f800000, 0x000000074f800000|100%| O|  |TAMS 0x000000074f600000, 0x000000074f800000| Untracked 
| 124|0x000000074f800000, 0x000000074fa00000, 0x000000074fa00000|100%| O|  |TAMS 0x000000074f800000, 0x000000074f9ec000| Untracked 
| 125|0x000000074fa00000, 0x000000074fc00000, 0x000000074fc00000|100%| O|  |TAMS 0x000000074fa00000, 0x000000074fa00000| Untracked 
| 126|0x000000074fc00000, 0x000000074fe00000, 0x000000074fe00000|100%| O|  |TAMS 0x000000074fc00000, 0x000000074fc00000| Untracked 
| 127|0x000000074fe00000, 0x0000000750000000, 0x0000000750000000|100%| O|  |TAMS 0x000000074fe00000, 0x000000074fe00000| Untracked 
| 128|0x0000000750000000, 0x0000000750200000, 0x0000000750200000|100%| O|  |TAMS 0x0000000750000000, 0x0000000750000000| Untracked 
| 129|0x0000000750200000, 0x0000000750400000, 0x0000000750400000|100%| O|  |TAMS 0x0000000750200000, 0x0000000750200000| Untracked 
| 130|0x0000000750400000, 0x0000000750600000, 0x0000000750600000|100%| O|  |TAMS 0x0000000750400000, 0x0000000750400000| Untracked 
| 131|0x0000000750600000, 0x0000000750800000, 0x0000000750800000|100%| O|  |TAMS 0x0000000750600000, 0x0000000750600000| Untracked 
| 132|0x0000000750800000, 0x0000000750a00000, 0x0000000750a00000|100%| O|  |TAMS 0x0000000750800000, 0x0000000750800000| Untracked 
| 133|0x0000000750a00000, 0x0000000750c00000, 0x0000000750c00000|100%| O|  |TAMS 0x0000000750a00000, 0x0000000750a00000| Untracked 
| 134|0x0000000750c00000, 0x0000000750e00000, 0x0000000750e00000|100%| O|  |TAMS 0x0000000750c00000, 0x0000000750c00000| Untracked 
| 135|0x0000000750e00000, 0x0000000751000000, 0x0000000751000000|100%| O|  |TAMS 0x0000000750e00000, 0x0000000750e00000| Untracked 
| 136|0x0000000751000000, 0x0000000751200000, 0x0000000751200000|100%| O|  |TAMS 0x0000000751000000, 0x0000000751000000| Untracked 
| 137|0x0000000751200000, 0x0000000751400000, 0x0000000751400000|100%| O|  |TAMS 0x0000000751200000, 0x0000000751200000| Untracked 
| 138|0x0000000751400000, 0x0000000751600000, 0x0000000751600000|100%| O|  |TAMS 0x0000000751400000, 0x0000000751400000| Untracked 
| 139|0x0000000751600000, 0x0000000751800000, 0x0000000751800000|100%|HS|  |TAMS 0x0000000751600000, 0x0000000751800000| Complete 
| 140|0x0000000751800000, 0x0000000751a00000, 0x0000000751a00000|100%|HC|  |TAMS 0x0000000751800000, 0x0000000751a00000| Complete 
| 141|0x0000000751a00000, 0x0000000751c00000, 0x0000000751c00000|100%|HC|  |TAMS 0x0000000751a00000, 0x0000000751c00000| Complete 
| 142|0x0000000751c00000, 0x0000000751e00000, 0x0000000751e00000|100%| O|  |TAMS 0x0000000751c00000, 0x0000000751e00000| Untracked 
| 143|0x0000000751e00000, 0x0000000752000000, 0x0000000752000000|100%| O|  |TAMS 0x0000000751e00000, 0x0000000752000000| Untracked 
| 144|0x0000000752000000, 0x0000000752200000, 0x0000000752200000|100%| O|  |TAMS 0x0000000752000000, 0x0000000752200000| Untracked 
| 145|0x0000000752200000, 0x0000000752400000, 0x0000000752400000|100%| O|  |TAMS 0x0000000752200000, 0x0000000752400000| Untracked 
| 146|0x0000000752400000, 0x0000000752600000, 0x0000000752600000|100%| O|  |TAMS 0x0000000752400000, 0x0000000752600000| Untracked 
| 147|0x0000000752600000, 0x0000000752800000, 0x0000000752800000|100%| O|  |TAMS 0x0000000752600000, 0x0000000752800000| Untracked 
| 148|0x0000000752800000, 0x0000000752a00000, 0x0000000752a00000|100%| O|  |TAMS 0x0000000752800000, 0x0000000752a00000| Untracked 
| 149|0x0000000752a00000, 0x0000000752c00000, 0x0000000752c00000|100%| O|  |TAMS 0x0000000752a00000, 0x0000000752c00000| Untracked 
| 150|0x0000000752c00000, 0x0000000752e00000, 0x0000000752e00000|100%| O|  |TAMS 0x0000000752c00000, 0x0000000752c00000| Untracked 
| 151|0x0000000752e00000, 0x0000000753000000, 0x0000000753000000|100%| O|  |TAMS 0x0000000752e00000, 0x0000000752e00000| Untracked 
| 152|0x0000000753000000, 0x0000000753200000, 0x0000000753200000|100%| O|  |TAMS 0x0000000753000000, 0x0000000753000000| Untracked 
| 153|0x0000000753200000, 0x0000000753400000, 0x0000000753400000|100%| O|  |TAMS 0x0000000753200000, 0x0000000753400000| Untracked 
| 154|0x0000000753400000, 0x0000000753600000, 0x0000000753600000|100%| O|  |TAMS 0x0000000753400000, 0x0000000753600000| Untracked 
| 155|0x0000000753600000, 0x0000000753800000, 0x0000000753800000|100%| O|  |TAMS 0x0000000753600000, 0x0000000753600000| Untracked 
| 156|0x0000000753800000, 0x0000000753a00000, 0x0000000753a00000|100%| O|  |TAMS 0x0000000753800000, 0x0000000753800000| Untracked 
| 157|0x0000000753a00000, 0x0000000753c00000, 0x0000000753c00000|100%| O|  |TAMS 0x0000000753a00000, 0x0000000753a00000| Untracked 
| 158|0x0000000753c00000, 0x0000000753e00000, 0x0000000753e00000|100%| O|  |TAMS 0x0000000753c00000, 0x0000000753c00000| Untracked 
| 159|0x0000000753e00000, 0x0000000754000000, 0x0000000754000000|100%| O|  |TAMS 0x0000000753e00000, 0x0000000753e00000| Untracked 
| 160|0x0000000754000000, 0x0000000754200000, 0x0000000754200000|100%| O|  |TAMS 0x0000000754000000, 0x0000000754000000| Untracked 
| 161|0x0000000754200000, 0x0000000754400000, 0x0000000754400000|100%| O|  |TAMS 0x0000000754200000, 0x0000000754200000| Untracked 
| 162|0x0000000754400000, 0x0000000754600000, 0x0000000754600000|100%| O|  |TAMS 0x0000000754400000, 0x0000000754400000| Untracked 
| 163|0x0000000754600000, 0x0000000754800000, 0x0000000754800000|100%| O|  |TAMS 0x0000000754600000, 0x0000000754600000| Untracked 
| 164|0x0000000754800000, 0x0000000754a00000, 0x0000000754a00000|100%| O|  |TAMS 0x0000000754800000, 0x0000000754800000| Untracked 
| 165|0x0000000754a00000, 0x0000000754c00000, 0x0000000754c00000|100%| O|  |TAMS 0x0000000754a00000, 0x0000000754a00000| Untracked 
| 166|0x0000000754c00000, 0x0000000754e00000, 0x0000000754e00000|100%| O|  |TAMS 0x0000000754c00000, 0x0000000754c00000| Untracked 
| 167|0x0000000754e00000, 0x0000000755000000, 0x0000000755000000|100%| O|  |TAMS 0x0000000754e00000, 0x0000000754e00000| Untracked 
| 168|0x0000000755000000, 0x0000000755200000, 0x0000000755200000|100%| O|  |TAMS 0x0000000755000000, 0x0000000755000000| Untracked 
| 169|0x0000000755200000, 0x0000000755400000, 0x0000000755400000|100%| O|  |TAMS 0x0000000755200000, 0x0000000755200000| Untracked 
| 170|0x0000000755400000, 0x0000000755600000, 0x0000000755600000|100%| O|  |TAMS 0x0000000755400000, 0x0000000755400000| Untracked 
| 171|0x0000000755600000, 0x0000000755800000, 0x0000000755800000|100%| O|  |TAMS 0x0000000755600000, 0x0000000755600000| Untracked 
| 172|0x0000000755800000, 0x0000000755a00000, 0x0000000755a00000|100%| O|  |TAMS 0x0000000755800000, 0x0000000755800000| Untracked 
| 173|0x0000000755a00000, 0x0000000755b00000, 0x0000000755c00000| 50%| O|  |TAMS 0x0000000755a00000, 0x0000000755a00000| Untracked 
| 174|0x0000000755c00000, 0x0000000755c00000, 0x0000000755e00000|  0%| F|  |TAMS 0x0000000755c00000, 0x0000000755c00000| Untracked 
| 175|0x0000000755e00000, 0x0000000755e00000, 0x0000000756000000|  0%| F|  |TAMS 0x0000000755e00000, 0x0000000755e00000| Untracked 
| 176|0x0000000756000000, 0x0000000756000000, 0x0000000756200000|  0%| F|  |TAMS 0x0000000756000000, 0x0000000756000000| Untracked 
| 177|0x0000000756200000, 0x0000000756200000, 0x0000000756400000|  0%| F|  |TAMS 0x0000000756200000, 0x0000000756200000| Untracked 
| 178|0x0000000756400000, 0x0000000756400000, 0x0000000756600000|  0%| F|  |TAMS 0x0000000756400000, 0x0000000756400000| Untracked 
| 179|0x0000000756600000, 0x0000000756600000, 0x0000000756800000|  0%| F|  |TAMS 0x0000000756600000, 0x0000000756600000| Untracked 
| 180|0x0000000756800000, 0x0000000756800000, 0x0000000756a00000|  0%| F|  |TAMS 0x0000000756800000, 0x0000000756800000| Untracked 
| 181|0x0000000756a00000, 0x0000000756a00000, 0x0000000756c00000|  0%| F|  |TAMS 0x0000000756a00000, 0x0000000756a00000| Untracked 
| 182|0x0000000756c00000, 0x0000000756c00000, 0x0000000756e00000|  0%| F|  |TAMS 0x0000000756c00000, 0x0000000756c00000| Untracked 
| 183|0x0000000756e00000, 0x0000000756e00000, 0x0000000757000000|  0%| F|  |TAMS 0x0000000756e00000, 0x0000000756e00000| Untracked 
| 184|0x0000000757000000, 0x0000000757000000, 0x0000000757200000|  0%| F|  |TAMS 0x0000000757000000, 0x0000000757000000| Untracked 
| 185|0x0000000757200000, 0x0000000757200000, 0x0000000757400000|  0%| F|  |TAMS 0x0000000757200000, 0x0000000757200000| Untracked 
| 186|0x0000000757400000, 0x0000000757400000, 0x0000000757600000|  0%| F|  |TAMS 0x0000000757400000, 0x0000000757400000| Untracked 
| 187|0x0000000757600000, 0x0000000757600000, 0x0000000757800000|  0%| F|  |TAMS 0x0000000757600000, 0x0000000757600000| Untracked 
| 188|0x0000000757800000, 0x0000000757800000, 0x0000000757a00000|  0%| F|  |TAMS 0x0000000757800000, 0x0000000757800000| Untracked 
| 189|0x0000000757a00000, 0x0000000757a00000, 0x0000000757c00000|  0%| F|  |TAMS 0x0000000757a00000, 0x0000000757a00000| Untracked 
| 190|0x0000000757c00000, 0x0000000757c00000, 0x0000000757e00000|  0%| F|  |TAMS 0x0000000757c00000, 0x0000000757c00000| Untracked 
| 191|0x0000000757e00000, 0x0000000757e00000, 0x0000000758000000|  0%| F|  |TAMS 0x0000000757e00000, 0x0000000757e00000| Untracked 
| 192|0x0000000758000000, 0x0000000758000000, 0x0000000758200000|  0%| F|  |TAMS 0x0000000758000000, 0x0000000758000000| Untracked 
| 193|0x0000000758200000, 0x0000000758200000, 0x0000000758400000|  0%| F|  |TAMS 0x0000000758200000, 0x0000000758200000| Untracked 
| 194|0x0000000758400000, 0x0000000758400000, 0x0000000758600000|  0%| F|  |TAMS 0x0000000758400000, 0x0000000758400000| Untracked 
| 195|0x0000000758600000, 0x0000000758600000, 0x0000000758800000|  0%| F|  |TAMS 0x0000000758600000, 0x0000000758600000| Untracked 
| 196|0x0000000758800000, 0x0000000758800000, 0x0000000758a00000|  0%| F|  |TAMS 0x0000000758800000, 0x0000000758800000| Untracked 
| 197|0x0000000758a00000, 0x0000000758a00000, 0x0000000758c00000|  0%| F|  |TAMS 0x0000000758a00000, 0x0000000758a00000| Untracked 
| 198|0x0000000758c00000, 0x0000000758c00000, 0x0000000758e00000|  0%| F|  |TAMS 0x0000000758c00000, 0x0000000758c00000| Untracked 
| 199|0x0000000758e00000, 0x0000000758e00000, 0x0000000759000000|  0%| F|  |TAMS 0x0000000758e00000, 0x0000000758e00000| Untracked 
| 200|0x0000000759000000, 0x0000000759000000, 0x0000000759200000|  0%| F|  |TAMS 0x0000000759000000, 0x0000000759000000| Untracked 
| 201|0x0000000759200000, 0x0000000759200000, 0x0000000759400000|  0%| F|  |TAMS 0x0000000759200000, 0x0000000759200000| Untracked 
| 202|0x0000000759400000, 0x0000000759400000, 0x0000000759600000|  0%| F|  |TAMS 0x0000000759400000, 0x0000000759400000| Untracked 
| 203|0x0000000759600000, 0x0000000759600000, 0x0000000759800000|  0%| F|  |TAMS 0x0000000759600000, 0x0000000759600000| Untracked 
| 204|0x0000000759800000, 0x0000000759800000, 0x0000000759a00000|  0%| F|  |TAMS 0x0000000759800000, 0x0000000759800000| Untracked 
| 205|0x0000000759a00000, 0x0000000759a00000, 0x0000000759c00000|  0%| F|  |TAMS 0x0000000759a00000, 0x0000000759a00000| Untracked 
| 206|0x0000000759c00000, 0x0000000759c00000, 0x0000000759e00000|  0%| F|  |TAMS 0x0000000759c00000, 0x0000000759c00000| Untracked 
| 207|0x0000000759e00000, 0x0000000759e00000, 0x000000075a000000|  0%| F|  |TAMS 0x0000000759e00000, 0x0000000759e00000| Untracked 
| 208|0x000000075a000000, 0x000000075a000000, 0x000000075a200000|  0%| F|  |TAMS 0x000000075a000000, 0x000000075a000000| Untracked 
| 209|0x000000075a200000, 0x000000075a200000, 0x000000075a400000|  0%| F|  |TAMS 0x000000075a200000, 0x000000075a200000| Untracked 
| 210|0x000000075a400000, 0x000000075a400000, 0x000000075a600000|  0%| F|  |TAMS 0x000000075a400000, 0x000000075a400000| Untracked 
| 211|0x000000075a600000, 0x000000075a600000, 0x000000075a800000|  0%| F|  |TAMS 0x000000075a600000, 0x000000075a600000| Untracked 
| 212|0x000000075a800000, 0x000000075a800000, 0x000000075aa00000|  0%| F|  |TAMS 0x000000075a800000, 0x000000075a800000| Untracked 
| 213|0x000000075aa00000, 0x000000075aa00000, 0x000000075ac00000|  0%| F|  |TAMS 0x000000075aa00000, 0x000000075aa00000| Untracked 
| 214|0x000000075ac00000, 0x000000075ac00000, 0x000000075ae00000|  0%| F|  |TAMS 0x000000075ac00000, 0x000000075ac00000| Untracked 
| 215|0x000000075ae00000, 0x000000075ae00000, 0x000000075b000000|  0%| F|  |TAMS 0x000000075ae00000, 0x000000075ae00000| Untracked 
| 216|0x000000075b000000, 0x000000075b000000, 0x000000075b200000|  0%| F|  |TAMS 0x000000075b000000, 0x000000075b000000| Untracked 
| 217|0x000000075b200000, 0x000000075b200000, 0x000000075b400000|  0%| F|  |TAMS 0x000000075b200000, 0x000000075b200000| Untracked 
| 218|0x000000075b400000, 0x000000075b400000, 0x000000075b600000|  0%| F|  |TAMS 0x000000075b400000, 0x000000075b400000| Untracked 
| 219|0x000000075b600000, 0x000000075b600000, 0x000000075b800000|  0%| F|  |TAMS 0x000000075b600000, 0x000000075b600000| Untracked 
| 220|0x000000075b800000, 0x000000075b800000, 0x000000075ba00000|  0%| F|  |TAMS 0x000000075b800000, 0x000000075b800000| Untracked 
| 221|0x000000075ba00000, 0x000000075ba00000, 0x000000075bc00000|  0%| F|  |TAMS 0x000000075ba00000, 0x000000075ba00000| Untracked 
| 222|0x000000075bc00000, 0x000000075be00000, 0x000000075be00000|100%| S|CS|TAMS 0x000000075bc00000, 0x000000075bc00000| Complete 
| 223|0x000000075be00000, 0x000000075c000000, 0x000000075c000000|100%| S|CS|TAMS 0x000000075be00000, 0x000000075be00000| Complete 
| 224|0x000000075c000000, 0x000000075c200000, 0x000000075c200000|100%| S|CS|TAMS 0x000000075c000000, 0x000000075c000000| Complete 
| 225|0x000000075c200000, 0x000000075c400000, 0x000000075c400000|100%| S|CS|TAMS 0x000000075c200000, 0x000000075c200000| Complete 
| 226|0x000000075c400000, 0x000000075c400000, 0x000000075c600000|  0%| F|  |TAMS 0x000000075c400000, 0x000000075c400000| Untracked 
| 227|0x000000075c600000, 0x000000075c600000, 0x000000075c800000|  0%| F|  |TAMS 0x000000075c600000, 0x000000075c600000| Untracked 
| 228|0x000000075c800000, 0x000000075c800000, 0x000000075ca00000|  0%| F|  |TAMS 0x000000075c800000, 0x000000075c800000| Untracked 
| 229|0x000000075ca00000, 0x000000075ca00000, 0x000000075cc00000|  0%| F|  |TAMS 0x000000075ca00000, 0x000000075ca00000| Untracked 
| 230|0x000000075cc00000, 0x000000075cc00000, 0x000000075ce00000|  0%| F|  |TAMS 0x000000075cc00000, 0x000000075cc00000| Untracked 
| 231|0x000000075ce00000, 0x000000075ce00000, 0x000000075d000000|  0%| F|  |TAMS 0x000000075ce00000, 0x000000075ce00000| Untracked 
| 232|0x000000075d000000, 0x000000075d000000, 0x000000075d200000|  0%| F|  |TAMS 0x000000075d000000, 0x000000075d000000| Untracked 
| 233|0x000000075d200000, 0x000000075d200000, 0x000000075d400000|  0%| F|  |TAMS 0x000000075d200000, 0x000000075d200000| Untracked 
| 234|0x000000075d400000, 0x000000075d400000, 0x000000075d600000|  0%| F|  |TAMS 0x000000075d400000, 0x000000075d400000| Untracked 
| 235|0x000000075d600000, 0x000000075d600000, 0x000000075d800000|  0%| F|  |TAMS 0x000000075d600000, 0x000000075d600000| Untracked 
| 236|0x000000075d800000, 0x000000075d800000, 0x000000075da00000|  0%| F|  |TAMS 0x000000075d800000, 0x000000075d800000| Untracked 
| 237|0x000000075da00000, 0x000000075da00000, 0x000000075dc00000|  0%| F|  |TAMS 0x000000075da00000, 0x000000075da00000| Untracked 
| 238|0x000000075dc00000, 0x000000075dc00000, 0x000000075de00000|  0%| F|  |TAMS 0x000000075dc00000, 0x000000075dc00000| Untracked 
| 239|0x000000075de00000, 0x000000075de00000, 0x000000075e000000|  0%| F|  |TAMS 0x000000075de00000, 0x000000075de00000| Untracked 
| 240|0x000000075e000000, 0x000000075e000000, 0x000000075e200000|  0%| F|  |TAMS 0x000000075e000000, 0x000000075e000000| Untracked 
| 241|0x000000075e200000, 0x000000075e200000, 0x000000075e400000|  0%| F|  |TAMS 0x000000075e200000, 0x000000075e200000| Untracked 
| 242|0x000000075e400000, 0x000000075e400000, 0x000000075e600000|  0%| F|  |TAMS 0x000000075e400000, 0x000000075e400000| Untracked 
| 243|0x000000075e600000, 0x000000075e600000, 0x000000075e800000|  0%| F|  |TAMS 0x000000075e600000, 0x000000075e600000| Untracked 
| 244|0x000000075e800000, 0x000000075e800000, 0x000000075ea00000|  0%| F|  |TAMS 0x000000075e800000, 0x000000075e800000| Untracked 
| 245|0x000000075ea00000, 0x000000075ea00000, 0x000000075ec00000|  0%| F|  |TAMS 0x000000075ea00000, 0x000000075ea00000| Untracked 
| 246|0x000000075ec00000, 0x000000075ec00000, 0x000000075ee00000|  0%| F|  |TAMS 0x000000075ec00000, 0x000000075ec00000| Untracked 
| 247|0x000000075ee00000, 0x000000075ee00000, 0x000000075f000000|  0%| F|  |TAMS 0x000000075ee00000, 0x000000075ee00000| Untracked 
| 248|0x000000075f000000, 0x000000075f000000, 0x000000075f200000|  0%| F|  |TAMS 0x000000075f000000, 0x000000075f000000| Untracked 
| 249|0x000000075f200000, 0x000000075f200000, 0x000000075f400000|  0%| F|  |TAMS 0x000000075f200000, 0x000000075f200000| Untracked 

Card table byte_map: [0x00000166e89a0000,0x00000166e8fa0000] _byte_map_base: 0x00000166e4fa0000

Marking Bits (Prev, Next): (CMBitMap*) 0x00000166d18cdc90, (CMBitMap*) 0x00000166d18cdc50
 Prev Bits: [0x00000166ec5a0000, 0x00000166ef5a0000)
 Next Bits: [0x00000166e95a0000, 0x00000166ec5a0000)

Polling page: 0x00000166d1020000

Metaspace:

Usage:
  Non-class:     63.54 MB used.
      Class:     10.32 MB used.
       Both:     73.87 MB used.

Virtual space:
  Non-class space:      128.00 MB reserved,      63.94 MB ( 50%) committed,  2 nodes.
      Class space:        1.00 GB reserved,      10.62 MB (  1%) committed,  1 nodes.
             Both:        1.12 GB reserved,      74.56 MB (  6%) committed. 

Chunk freelists:
   Non-Class:  15.78 MB
       Class:  5.38 MB
        Both:  21.15 MB

MaxMetaspaceSize: unlimited
CompressedClassSpaceSize: 1.00 GB
Initial GC threshold: 21.00 MB
Current GC threshold: 124.31 MB
CDS: on
MetaspaceReclaimPolicy: balanced
 - commit_granule_bytes: 65536.
 - commit_granule_words: 8192.
 - virtual_space_node_default_size: 8388608.
 - enlarge_chunks_in_place: 1.
 - new_chunks_are_fully_committed: 0.
 - uncommit_free_chunks: 1.
 - use_allocation_guard: 0.
 - handle_deallocations: 1.


Internal statistics:

num_allocs_failed_limit: 3.
num_arena_births: 884.
num_arena_deaths: 0.
num_vsnodes_births: 3.
num_vsnodes_deaths: 0.
num_space_committed: 1193.
num_space_uncommitted: 0.
num_chunks_returned_to_freelist: 3.
num_chunks_taken_from_freelist: 3939.
num_chunk_merges: 3.
num_chunk_splits: 2490.
num_chunks_enlarged: 1533.
num_inconsistent_stats: 0.

CodeHeap 'non-profiled nmethods': size=120000Kb used=5294Kb max_used=5294Kb free=114705Kb
 bounds [0x00000166e0e70000, 0x00000166e13a0000, 0x00000166e83a0000]
CodeHeap 'profiled nmethods': size=120000Kb used=17410Kb max_used=17410Kb free=102589Kb
 bounds [0x00000166d93a0000, 0x00000166da4b0000, 0x00000166e08d0000]
CodeHeap 'non-nmethods': size=5760Kb used=2399Kb max_used=2483Kb free=3360Kb
 bounds [0x00000166e08d0000, 0x00000166e0b50000, 0x00000166e0e70000]
 total_blobs=9793 nmethods=8879 adapters=826
 compilation: enabled
              stopped_count=0, restarted_count=0
 full_count=0

Compilation events (20 events):
Event: 18.207 Thread 0x00000166f1a723c0 nmethod 9673% 0x00000166e138ec90 code [0x00000166e138ee40, 0x00000166e138f118]
Event: 18.207 Thread 0x00000166f1a723c0 9457       4       net.minecraftforge.srgutils.MappingFile$Cls$Field::<init> (24 bytes)
Event: 18.212 Thread 0x00000166f1a723c0 nmethod 9457 0x00000166e138f390 code [0x00000166e138f520, 0x00000166e138fbd8]
Event: 18.212 Thread 0x00000166f1a723c0 9387       4       net.minecraftforge.srgutils.NamedMappingFile$Cls::field (31 bytes)
Event: 18.238 Thread 0x00000166f1a723c0 nmethod 9387 0x00000166e138fd90 code [0x00000166e138ffc0, 0x00000166e13911a0]
Event: 18.239 Thread 0x00000166f1a723c0 9626       4       java.lang.Long::hashCode (8 bytes)
Event: 18.239 Thread 0x00000166f1a723c0 nmethod 9626 0x00000166e1391b90 code [0x00000166e1391d00, 0x00000166e1391d78]
Event: 18.410 Thread 0x00000166f1a723c0 9674       4       java.util.Arrays::copyOfRange (90 bytes)
Event: 18.413 Thread 0x00000166f1a723c0 nmethod 9674 0x00000166e1391e90 code [0x00000166e1392020, 0x00000166e1392518]
Event: 18.413 Thread 0x00000166f1a723c0 9675       4       java.lang.Class::getComponentType (14 bytes)
Event: 18.413 Thread 0x00000166f1a723c0 nmethod 9675 0x00000166e1392790 code [0x00000166e1392900, 0x00000166e1392998]
Event: 18.420 Thread 0x00000166f1a723c0 9676       4       net.minecraftforge.srgutils.NamedMappingFile::addClass (28 bytes)
Event: 18.465 Thread 0x00000166f1a723c0 nmethod 9676 0x00000166e1392a90 code [0x00000166e1392cc0, 0x00000166e13941c0]
Event: 18.465 Thread 0x00000166f1a723c0 9678 %     4       net.minecraftforge.srgutils.InternalUtils::loadTSrg2 @ 100 (661 bytes)
Event: 18.626 Thread 0x00000166f1a723c0 nmethod 9678% 0x00000166e1394c10 code [0x00000166e1394fc0, 0x00000166e1398ed8]
Event: 18.627 Thread 0x00000166f1a723c0 9677       4       net.minecraftforge.srgutils.NamedMappingFile$Cls::<init> (45 bytes)
Event: 18.633 Thread 0x00000166f1a723c0 nmethod 9677 0x00000166e139af90 code [0x00000166e139b120, 0x00000166e139b838]
Event: 18.633 Thread 0x00000166f1a723c0 9679       4       net.minecraftforge.srgutils.InternalUtils::loadTSrg2 (661 bytes)
Event: 18.650 Thread 0x00000166f1a74e80 9681       3       java.util.HashMap$ValueSpliterator::forEachRemaining (186 bytes)
Event: 18.651 Thread 0x00000166f1a74e80 nmethod 9681 0x00000166da49fd10 code [0x00000166da49ff20, 0x00000166da4a0748]

GC Heap History (20 events):
Event: 16.301 GC heap after
{Heap after GC invocations=33 (full 0):
 garbage-first heap   total 239616K, used 113082K [0x0000000740000000, 0x0000000800000000)
  region size 2048K, 6 young (12288K), 6 survivors (12288K)
 Metaspace       used 75124K, committed 75904K, reserved 1114112K
  class space    used 10521K, committed 10880K, reserved 1048576K
}
Event: 16.333 GC heap before
{Heap before GC invocations=33 (full 0):
 garbage-first heap   total 239616K, used 121274K [0x0000000740000000, 0x0000000800000000)
  region size 2048K, 7 young (14336K), 6 survivors (12288K)
 Metaspace       used 75130K, committed 75904K, reserved 1114112K
  class space    used 10521K, committed 10880K, reserved 1048576K
}
Event: 16.347 GC heap after
{Heap after GC invocations=34 (full 0):
 garbage-first heap   total 239616K, used 114930K [0x0000000740000000, 0x0000000800000000)
  region size 2048K, 1 young (2048K), 1 survivors (2048K)
 Metaspace       used 75130K, committed 75904K, reserved 1114112K
  class space    used 10521K, committed 10880K, reserved 1048576K
}
Event: 16.736 GC heap before
{Heap before GC invocations=35 (full 0):
 garbage-first heap   total 249856K, used 186610K [0x0000000740000000, 0x0000000800000000)
  region size 2048K, 28 young (57344K), 1 survivors (2048K)
 Metaspace       used 75246K, committed 76032K, reserved 1114112K
  class space    used 10531K, committed 10880K, reserved 1048576K
}
Event: 16.767 GC heap after
{Heap after GC invocations=36 (full 0):
 garbage-first heap   total 249856K, used 157696K [0x0000000740000000, 0x0000000800000000)
  region size 2048K, 4 young (8192K), 4 survivors (8192K)
 Metaspace       used 75246K, committed 76032K, reserved 1114112K
  class space    used 10531K, committed 10880K, reserved 1048576K
}
Event: 16.841 GC heap before
{Heap before GC invocations=36 (full 0):
 garbage-first heap   total 249856K, used 188416K [0x0000000740000000, 0x0000000800000000)
  region size 2048K, 19 young (38912K), 4 survivors (8192K)
 Metaspace       used 75260K, committed 76032K, reserved 1114112K
  class space    used 10534K, committed 10880K, reserved 1048576K
}
Event: 16.866 GC heap after
{Heap after GC invocations=37 (full 0):
 garbage-first heap   total 249856K, used 178176K [0x0000000740000000, 0x0000000800000000)
  region size 2048K, 3 young (6144K), 3 survivors (6144K)
 Metaspace       used 75260K, committed 76032K, reserved 1114112K
  class space    used 10534K, committed 10880K, reserved 1048576K
}
Event: 16.896 GC heap before
{Heap before GC invocations=37 (full 0):
 garbage-first heap   total 249856K, used 196608K [0x0000000740000000, 0x0000000800000000)
  region size 2048K, 12 young (24576K), 3 survivors (6144K)
 Metaspace       used 75260K, committed 76032K, reserved 1114112K
  class space    used 10534K, committed 10880K, reserved 1048576K
}
Event: 16.913 GC heap after
{Heap after GC invocations=38 (full 0):
 garbage-first heap   total 335872K, used 191487K [0x0000000740000000, 0x0000000800000000)
  region size 2048K, 2 young (4096K), 2 survivors (4096K)
 Metaspace       used 75260K, committed 76032K, reserved 1114112K
  class space    used 10534K, committed 10880K, reserved 1048576K
}
Event: 17.464 GC heap before
{Heap before GC invocations=39 (full 0):
 garbage-first heap   total 348160K, used 236543K [0x0000000740000000, 0x0000000800000000)
  region size 2048K, 24 young (49152K), 2 survivors (4096K)
 Metaspace       used 75370K, committed 76096K, reserved 1114112K
  class space    used 10546K, committed 10880K, reserved 1048576K
}
Event: 17.504 GC heap after
{Heap after GC invocations=40 (full 0):
 garbage-first heap   total 348160K, used 222750K [0x0000000740000000, 0x0000000800000000)
  region size 2048K, 3 young (6144K), 3 survivors (6144K)
 Metaspace       used 75370K, committed 76096K, reserved 1114112K
  class space    used 10546K, committed 10880K, reserved 1048576K
}
Event: 17.662 GC heap before
{Heap before GC invocations=40 (full 0):
 garbage-first heap   total 348160K, used 257566K [0x0000000740000000, 0x0000000800000000)
  region size 2048K, 20 young (40960K), 3 survivors (6144K)
 Metaspace       used 75373K, committed 76096K, reserved 1114112K
  class space    used 10546K, committed 10880K, reserved 1048576K
}
Event: 17.701 GC heap after
{Heap after GC invocations=41 (full 0):
 garbage-first heap   total 348160K, used 247808K [0x0000000740000000, 0x0000000800000000)
  region size 2048K, 3 young (6144K), 3 survivors (6144K)
 Metaspace       used 75373K, committed 76096K, reserved 1114112K
  class space    used 10546K, committed 10880K, reserved 1048576K
}
Event: 18.359 GC heap before
{Heap before GC invocations=42 (full 0):
 garbage-first heap   total 512000K, used 319488K [0x0000000740000000, 0x0000000800000000)
  region size 2048K, 15 young (30720K), 3 survivors (6144K)
 Metaspace       used 75639K, committed 76352K, reserved 1179648K
  class space    used 10571K, committed 10880K, reserved 1048576K
}
Event: 18.393 GC heap after
{Heap after GC invocations=43 (full 0):
 garbage-first heap   total 512000K, used 271360K [0x0000000740000000, 0x0000000800000000)
  region size 2048K, 2 young (4096K), 2 survivors (4096K)
 Metaspace       used 75639K, committed 76352K, reserved 1179648K
  class space    used 10571K, committed 10880K, reserved 1048576K
}
Event: 18.424 GC heap before
{Heap before GC invocations=43 (full 0):
 garbage-first heap   total 512000K, used 289792K [0x0000000740000000, 0x0000000800000000)
  region size 2048K, 12 young (24576K), 2 survivors (4096K)
 Metaspace       used 75639K, committed 76352K, reserved 1179648K
  class space    used 10571K, committed 10880K, reserved 1048576K
}
Event: 18.444 GC heap after
{Heap after GC invocations=44 (full 0):
 garbage-first heap   total 512000K, used 282544K [0x0000000740000000, 0x0000000800000000)
  region size 2048K, 2 young (4096K), 2 survivors (4096K)
 Metaspace       used 75639K, committed 76352K, reserved 1179648K
  class space    used 10571K, committed 10880K, reserved 1048576K
}
Event: 18.547 GC heap before
{Heap before GC invocations=44 (full 0):
 garbage-first heap   total 512000K, used 350128K [0x0000000740000000, 0x0000000800000000)
  region size 2048K, 35 young (71680K), 2 survivors (4096K)
 Metaspace       used 75639K, committed 76352K, reserved 1179648K
  class space    used 10571K, committed 10880K, reserved 1048576K
}
Event: 18.596 GC heap after
{Heap after GC invocations=45 (full 0):
 garbage-first heap   total 512000K, used 329097K [0x0000000740000000, 0x0000000800000000)
  region size 2048K, 5 young (10240K), 5 survivors (10240K)
 Metaspace       used 75639K, committed 76352K, reserved 1179648K
  class space    used 10571K, committed 10880K, reserved 1048576K
}
Event: 18.678 GC heap before
{Heap before GC invocations=45 (full 0):
 garbage-first heap   total 512000K, used 378249K [0x0000000740000000, 0x0000000800000000)
  region size 2048K, 29 young (59392K), 5 survivors (10240K)
 Metaspace       used 75639K, committed 76352K, reserved 1179648K
  class space    used 10571K, committed 10880K, reserved 1048576K
}

Dll operation events (15 events):
Event: 0.025 Loaded shared library C:\Users\aplut\.gradle\jdks\eclipse_adoptium-17-amd64-windows\jdk-17.0.13+11\bin\java.dll
Event: 0.072 Loaded shared library C:\Users\aplut\.gradle\jdks\eclipse_adoptium-17-amd64-windows\jdk-17.0.13+11\bin\jsvml.dll
Event: 0.139 Loaded shared library C:\Users\aplut\.gradle\jdks\eclipse_adoptium-17-amd64-windows\jdk-17.0.13+11\bin\zip.dll
Event: 0.142 Loaded shared library C:\Users\aplut\.gradle\jdks\eclipse_adoptium-17-amd64-windows\jdk-17.0.13+11\bin\instrument.dll
Event: 0.146 Loaded shared library C:\Users\aplut\.gradle\jdks\eclipse_adoptium-17-amd64-windows\jdk-17.0.13+11\bin\net.dll
Event: 0.149 Loaded shared library C:\Users\aplut\.gradle\jdks\eclipse_adoptium-17-amd64-windows\jdk-17.0.13+11\bin\nio.dll
Event: 0.154 Loaded shared library C:\Users\aplut\.gradle\jdks\eclipse_adoptium-17-amd64-windows\jdk-17.0.13+11\bin\zip.dll
Event: 0.413 Loaded shared library C:\Users\aplut\.gradle\jdks\eclipse_adoptium-17-amd64-windows\jdk-17.0.13+11\bin\jimage.dll
Event: 0.507 Loaded shared library C:\Users\aplut\.gradle\jdks\eclipse_adoptium-17-amd64-windows\jdk-17.0.13+11\bin\verify.dll
Event: 0.708 Loaded shared library C:\Users\aplut\.gradle\native\c067742578af261105cb4f569cf0c3c89f3d7b1fecec35dd04571415982c5e48\windows-amd64\native-platform.dll
Event: 0.712 Loaded shared library C:\Users\aplut\.gradle\native\100fb08df4bc3b14c8652ba06237920a3bd2aa13389f12d3474272988ae205f9\windows-amd64\native-platform-file-events.dll
Event: 1.807 Loaded shared library C:\Users\aplut\.gradle\jdks\eclipse_adoptium-17-amd64-windows\jdk-17.0.13+11\bin\management.dll
Event: 1.810 Loaded shared library C:\Users\aplut\.gradle\jdks\eclipse_adoptium-17-amd64-windows\jdk-17.0.13+11\bin\management_ext.dll
Event: 2.030 Loaded shared library C:\Users\aplut\.gradle\jdks\eclipse_adoptium-17-amd64-windows\jdk-17.0.13+11\bin\extnet.dll
Event: 2.385 Loaded shared library C:\Users\aplut\.gradle\jdks\eclipse_adoptium-17-amd64-windows\jdk-17.0.13+11\bin\sunmscapi.dll

Deoptimization events (20 events):
Event: 18.673 Thread 0x00000166f74fbfd0 DEOPT PACKING pc=0x00000166da4a064b sp=0x0000000707bf6000
Event: 18.673 Thread 0x00000166f74fbfd0 DEOPT UNPACKING pc=0x00000166e092ace3 sp=0x0000000707bf5498 mode 0
Event: 18.673 Thread 0x00000166f74fbfd0 DEOPT PACKING pc=0x00000166da4a064b sp=0x0000000707bf6000
Event: 18.673 Thread 0x00000166f74fbfd0 DEOPT UNPACKING pc=0x00000166e092ace3 sp=0x0000000707bf5498 mode 0
Event: 18.674 Thread 0x00000166f74fbfd0 DEOPT PACKING pc=0x00000166da4a062a sp=0x0000000707bf6000
Event: 18.674 Thread 0x00000166f74fbfd0 DEOPT UNPACKING pc=0x00000166e092ace3 sp=0x0000000707bf54a0 mode 0
Event: 18.674 Thread 0x00000166f74fbfd0 DEOPT PACKING pc=0x00000166da4a062a sp=0x0000000707bf6130
Event: 18.674 Thread 0x00000166f74fbfd0 DEOPT UNPACKING pc=0x00000166e092ace3 sp=0x0000000707bf55d0 mode 0
Event: 18.675 Thread 0x00000166f74fbfd0 DEOPT PACKING pc=0x00000166da4a064b sp=0x0000000707bf6000
Event: 18.675 Thread 0x00000166f74fbfd0 DEOPT UNPACKING pc=0x00000166e092ace3 sp=0x0000000707bf5498 mode 0
Event: 18.675 Thread 0x00000166f74fbfd0 DEOPT PACKING pc=0x00000166da4a064b sp=0x0000000707bf6000
Event: 18.675 Thread 0x00000166f74fbfd0 DEOPT UNPACKING pc=0x00000166e092ace3 sp=0x0000000707bf5498 mode 0
Event: 18.676 Thread 0x00000166f74fbfd0 DEOPT PACKING pc=0x00000166da4a064b sp=0x0000000707bf6000
Event: 18.676 Thread 0x00000166f74fbfd0 DEOPT UNPACKING pc=0x00000166e092ace3 sp=0x0000000707bf5498 mode 0
Event: 18.676 Thread 0x00000166f74fbfd0 DEOPT PACKING pc=0x00000166da4a062a sp=0x0000000707bf6000
Event: 18.676 Thread 0x00000166f74fbfd0 DEOPT UNPACKING pc=0x00000166e092ace3 sp=0x0000000707bf54a0 mode 0
Event: 18.677 Thread 0x00000166f74fbfd0 DEOPT PACKING pc=0x00000166da4a064b sp=0x0000000707bf6130
Event: 18.677 Thread 0x00000166f74fbfd0 DEOPT UNPACKING pc=0x00000166e092ace3 sp=0x0000000707bf55c8 mode 0
Event: 18.677 Thread 0x00000166f74fbfd0 DEOPT PACKING pc=0x00000166da4a064b sp=0x0000000707bf6000
Event: 18.677 Thread 0x00000166f74fbfd0 DEOPT UNPACKING pc=0x00000166e092ace3 sp=0x0000000707bf5498 mode 0

Classes loaded (20 events):
Event: 15.651 Loading class java/lang/ProcessImpl$2
Event: 15.651 Loading class java/lang/ProcessImpl$2 done
Event: 15.651 Loading class java/lang/Process$PipeInputStream
Event: 15.651 Loading class java/lang/Process$PipeInputStream done
Event: 15.661 Loading class jdk/internal/event/ProcessStartEvent
Event: 15.661 Loading class jdk/internal/event/ProcessStartEvent done
Event: 15.888 Loading class java/lang/StackTraceElement$HashedModules
Event: 15.888 Loading class java/lang/StackTraceElement$HashedModules done
Event: 16.170 Loading class sun/security/ssl/Alert
Event: 16.171 Loading class sun/security/ssl/Alert done
Event: 16.171 Loading class sun/security/ssl/Alert$AlertConsumer
Event: 16.171 Loading class sun/security/ssl/Alert$AlertConsumer done
Event: 16.171 Loading class sun/security/ssl/Alert$Level
Event: 16.171 Loading class sun/security/ssl/Alert$Level done
Event: 16.179 Loading class jdk/internal/reflect/UnsafeQualifiedBooleanFieldAccessorImpl
Event: 16.179 Loading class jdk/internal/reflect/UnsafeQualifiedBooleanFieldAccessorImpl done
Event: 16.186 Loading class java/net/SocketTimeoutException
Event: 16.186 Loading class java/net/SocketTimeoutException done
Event: 16.398 Loading class java/io/BufferedReader$1
Event: 16.398 Loading class java/io/BufferedReader$1 done

Classes unloaded (0 events):
No events

Classes redefined (0 events):
No events

Internal exceptions (20 events):
Event: 15.980 Thread 0x00000166f92b97d0 Exception <a 'java/lang/NoSuchMethodError'{0x0000000749f75318}: 'void java.lang.invoke.DirectMethodHandle$Holder.invokeStaticInit(java.lang.Object, int)'> (0x0000000749f75318) 
thrown [s\src\hotspot\share\interpreter\linkResolver.cpp, line 759]
Event: 16.073 Thread 0x00000166f74fbfd0 Exception <a 'java/lang/ClassNotFoundException'{0x00000007498053a0}: org/gradle/api/internal/file/copy/SingleParentCopySpecBeanInfo> (0x00000007498053a0) 
thrown [s\src\hotspot\share\classfile\systemDictionary.cpp, line 256]
Event: 16.073 Thread 0x00000166f74fbfd0 Exception <a 'java/lang/ClassNotFoundException'{0x000000074980f230}: org/gradle/api/internal/file/copy/DefaultCopySpecBeanInfo> (0x000000074980f230) 
thrown [s\src\hotspot\share\classfile\systemDictionary.cpp, line 256]
Event: 16.073 Thread 0x00000166f74fbfd0 Exception <a 'java/lang/ClassNotFoundException'{0x00000007498190a8}: org/gradle/api/internal/file/copy/DefaultCopySpecCustomizer> (0x00000007498190a8) 
thrown [s\src\hotspot\share\classfile\systemDictionary.cpp, line 256]
Event: 16.075 Thread 0x00000166f74fbfd0 Exception <a 'java/lang/ClassNotFoundException'{0x000000074987d178}: org/gradle/api/internal/file/copy/SingleParentCopySpecCustomizer> (0x000000074987d178) 
thrown [s\src\hotspot\share\classfile\systemDictionary.cpp, line 256]
Event: 16.079 Thread 0x00000166f74fbfd0 Exception <a 'java/lang/ClassNotFoundException'{0x00000007498b5120}: org/gradle/api/internal/file/copy/CopySpecInternalBeanInfo> (0x00000007498b5120) 
thrown [s\src\hotspot\share\classfile\systemDictionary.cpp, line 256]
Event: 16.079 Thread 0x00000166f74fbfd0 Exception <a 'java/lang/ClassNotFoundException'{0x00000007498bef98}: org/gradle/api/internal/file/copy/CopySpecInternalCustomizer> (0x00000007498bef98) 
thrown [s\src\hotspot\share\classfile\systemDictionary.cpp, line 256]
Event: 16.080 Thread 0x00000166f74fbfd0 Exception <a 'java/lang/ClassNotFoundException'{0x00000007498de1a8}: org/gradle/api/file/SyncSpecBeanInfo> (0x00000007498de1a8) 
thrown [s\src\hotspot\share\classfile\systemDictionary.cpp, line 256]
Event: 16.080 Thread 0x00000166f74fbfd0 Exception <a 'java/lang/ClassNotFoundException'{0x00000007498e7998}: org/gradle/api/file/SyncSpecCustomizer> (0x00000007498e7998) 
thrown [s\src\hotspot\share\classfile\systemDictionary.cpp, line 256]
Event: 16.081 Thread 0x00000166f74fbfd0 Exception <a 'java/lang/ClassNotFoundException'{0x00000007498fdc00}: org/gradle/api/file/CopySpecBeanInfo> (0x00000007498fdc00) 
thrown [s\src\hotspot\share\classfile\systemDictionary.cpp, line 256]
Event: 16.081 Thread 0x00000166f74fbfd0 Exception <a 'java/lang/ClassNotFoundException'{0x0000000749907698}: org/gradle/api/file/CopySpecCustomizer> (0x0000000749907698) 
thrown [s\src\hotspot\share\classfile\systemDictionary.cpp, line 256]
Event: 16.083 Thread 0x00000166f74fbfd0 Exception <a 'java/lang/ClassNotFoundException'{0x00000007499528e8}: org/gradle/api/file/CopySourceSpecBeanInfo> (0x00000007499528e8) 
thrown [s\src\hotspot\share\classfile\systemDictionary.cpp, line 256]
Event: 16.084 Thread 0x00000166f74fbfd0 Exception <a 'java/lang/ClassNotFoundException'{0x000000074995c200}: org/gradle/api/file/CopySourceSpecCustomizer> (0x000000074995c200) 
thrown [s\src\hotspot\share\classfile\systemDictionary.cpp, line 256]
Event: 16.085 Thread 0x00000166f74fbfd0 Exception <a 'java/lang/ClassNotFoundException'{0x0000000749970830}: org/gradle/api/file/CopyProcessingSpecBeanInfo> (0x0000000749970830) 
thrown [s\src\hotspot\share\classfile\systemDictionary.cpp, line 256]
Event: 16.085 Thread 0x00000166f74fbfd0 Exception <a 'java/lang/ClassNotFoundException'{0x000000074997a220}: org/gradle/api/file/CopyProcessingSpecCustomizer> (0x000000074997a220) 
thrown [s\src\hotspot\share\classfile\systemDictionary.cpp, line 256]
Event: 16.087 Thread 0x00000166f74fbfd0 Exception <a 'java/lang/ClassNotFoundException'{0x00000007499993b8}: org/gradle/api/file/ContentFilterableBeanInfo> (0x00000007499993b8) 
thrown [s\src\hotspot\share\classfile\systemDictionary.cpp, line 256]
Event: 16.087 Thread 0x00000166f74fbfd0 Exception <a 'java/lang/ClassNotFoundException'{0x00000007499a2da8}: org/gradle/api/file/ContentFilterableCustomizer> (0x00000007499a2da8) 
thrown [s\src\hotspot\share\classfile\systemDictionary.cpp, line 256]
Event: 16.087 Thread 0x00000166f74fbfd0 Exception <a 'java/lang/ClassNotFoundException'{0x00000007499bc0e8}: org/gradle/api/tasks/util/PatternFilterableBeanInfo> (0x00000007499bc0e8) 
thrown [s\src\hotspot\share\classfile\systemDictionary.cpp, line 256]
Event: 16.087 Thread 0x00000166f74fbfd0 Exception <a 'java/lang/ClassNotFoundException'{0x00000007499c5cb8}: org/gradle/api/tasks/util/PatternFilterableCustomizer> (0x00000007499c5cb8) 
thrown [s\src\hotspot\share\classfile\systemDictionary.cpp, line 256]
Event: 17.402 Thread 0x00000166f74fbfd0 Exception <a 'java/lang/NoSuchMethodError'{0x0000000752e53bf0}: 'void java.lang.invoke.DirectMethodHandle$Holder.invokeStatic(java.lang.Object, java.lang.Object, int, int, java.lang.Object)'> (0x0000000752e53bf0) 
thrown [s\src\hotspot\share\interpreter\linkResolver.cpp, line 759]

VM Operations (20 events):
Event: 16.913 Executing VM operation: G1CollectForAllocation done
Event: 17.106 Executing VM operation: G1PauseRemark
Event: 17.123 Executing VM operation: G1PauseRemark done
Event: 17.258 Executing VM operation: G1PauseCleanup
Event: 17.309 Executing VM operation: G1PauseCleanup done
Event: 17.464 Executing VM operation: G1CollectForAllocation
Event: 17.504 Executing VM operation: G1CollectForAllocation done
Event: 17.662 Executing VM operation: G1CollectForAllocation
Event: 17.701 Executing VM operation: G1CollectForAllocation done
Event: 18.076 Executing VM operation: G1PauseRemark
Event: 18.167 Executing VM operation: G1PauseRemark done
Event: 18.311 Executing VM operation: G1PauseCleanup
Event: 18.312 Executing VM operation: G1PauseCleanup done
Event: 18.358 Executing VM operation: G1CollectForAllocation
Event: 18.393 Executing VM operation: G1CollectForAllocation done
Event: 18.424 Executing VM operation: G1CollectForAllocation
Event: 18.444 Executing VM operation: G1CollectForAllocation done
Event: 18.547 Executing VM operation: G1CollectForAllocation
Event: 18.596 Executing VM operation: G1CollectForAllocation done
Event: 18.678 Executing VM operation: G1CollectForAllocation

Memory protections (0 events):
No events

Nmethod flushes (20 events):
Event: 7.863 Thread 0x00000166f1a81190 flushing  nmethod 0x00000166d9b41610
Event: 7.863 Thread 0x00000166f1a81190 flushing  nmethod 0x00000166d9b42790
Event: 7.863 Thread 0x00000166f1a81190 flushing  nmethod 0x00000166d9b43c90
Event: 7.863 Thread 0x00000166f1a81190 flushing  nmethod 0x00000166d9b4b610
Event: 7.863 Thread 0x00000166f1a81190 flushing  nmethod 0x00000166d9b55a90
Event: 7.863 Thread 0x00000166f1a81190 flushing  nmethod 0x00000166d9b60d90
Event: 7.863 Thread 0x00000166f1a81190 flushing  nmethod 0x00000166d9b94810
Event: 7.863 Thread 0x00000166f1a81190 flushing  nmethod 0x00000166d9bab090
Event: 7.863 Thread 0x00000166f1a81190 flushing  nmethod 0x00000166d9bbac10
Event: 7.863 Thread 0x00000166f1a81190 flushing  nmethod 0x00000166d9bed510
Event: 7.863 Thread 0x00000166f1a81190 flushing  nmethod 0x00000166d9c00690
Event: 7.863 Thread 0x00000166f1a81190 flushing  nmethod 0x00000166d9c32f10
Event: 7.863 Thread 0x00000166f1a81190 flushing  nmethod 0x00000166d9c34f90
Event: 7.864 Thread 0x00000166f1a81190 flushing  nmethod 0x00000166d9c99d90
Event: 7.864 Thread 0x00000166f1a81190 flushing  nmethod 0x00000166d9ca6c10
Event: 7.864 Thread 0x00000166f1a81190 flushing  nmethod 0x00000166d9cd8190
Event: 12.489 Thread 0x00000166f1a81190 flushing  nmethod 0x00000166d947ed90
Event: 12.489 Thread 0x00000166f1a81190 flushing  nmethod 0x00000166d9502a90
Event: 12.493 Thread 0x00000166f1a81190 flushing  nmethod 0x00000166d9a88910
Event: 12.493 Thread 0x00000166f1a81190 flushing  nmethod 0x00000166d9a88d90

Events (20 events):
Event: 14.150 Thread 0x00000166f74fbfd0 Thread added: 0x00000166fb41afc0
Event: 14.332 Thread 0x00000166fb09fe90 Thread exited: 0x00000166fb09fe90
Event: 14.413 Thread 0x00000166f74fbfd0 Thread added: 0x00000166fb41b4d0
Event: 14.645 Thread 0x00000166f74fbfd0 Thread added: 0x00000166fb41ec80
Event: 14.680 Thread 0x00000166fb41ec80 Thread exited: 0x00000166fb41ec80
Event: 14.772 Thread 0x00000166f74fbfd0 Thread added: 0x00000166fb41ec80
Event: 14.778 Thread 0x00000166fb41ec80 Thread added: 0x00000166fb41b9e0
Event: 14.779 Thread 0x00000166fb41ec80 Thread added: 0x00000166fb41d840
Event: 14.783 Thread 0x00000166fb41ec80 Thread added: 0x00000166fb41bef0
Event: 14.805 Thread 0x00000166fb41b9e0 Thread added: 0x00000166fb41c400
Event: 15.557 Thread 0x00000166f74fbfd0 Thread added: 0x00000166fb41f190
Event: 15.585 Thread 0x00000166fb41f190 Thread added: 0x00000166fb41f6a0
Event: 15.587 Thread 0x00000166fb41f190 Thread added: 0x00000166f92ba700
Event: 15.635 Thread 0x00000166f74fbfd0 Thread added: 0x00000166f92bd490
Event: 15.663 Thread 0x00000166f92bd490 Thread added: 0x00000166f92bf800
Event: 15.665 Thread 0x00000166f92bd490 Thread added: 0x00000166f92ba1f0
Event: 15.935 Thread 0x00000166f74fbfd0 Thread added: 0x00000166f92b97d0
Event: 17.829 Thread 0x00000166f74fbfd0 Thread added: 0x00000166f92bac10
Event: 17.830 Thread 0x00000166f74fbfd0 Thread added: 0x00000166f92bb120
Event: 17.837 Thread 0x00000166f74fbfd0 Thread added: 0x00000166f92bb630


Dynamic libraries:
0x00007ff71a020000 - 0x00007ff71a02e000 	C:\Users\aplut\.gradle\jdks\eclipse_adoptium-17-amd64-windows\jdk-17.0.13+11\bin\java.exe
0x00007ffa76090000 - 0x00007ffa762a7000 	C:\WINDOWS\SYSTEM32\ntdll.dll
0x00007ffa3c200000 - 0x00007ffa3c21a000 	C:\Program Files\Avast Software\Avast\aswhook.dll
0x00007ffa746c0000 - 0x00007ffa74784000 	C:\WINDOWS\System32\KERNEL32.DLL
0x00007ffa739f0000 - 0x00007ffa73da9000 	C:\WINDOWS\System32\KERNELBASE.dll
0x00007ffa738d0000 - 0x00007ffa739e1000 	C:\WINDOWS\System32\ucrtbase.dll
0x00007ffa62cb0000 - 0x00007ffa62cce000 	C:\Users\aplut\.gradle\jdks\eclipse_adoptium-17-amd64-windows\jdk-17.0.13+11\bin\VCRUNTIME140.dll
0x00007ffa4dec0000 - 0x00007ffa4ded7000 	C:\Users\aplut\.gradle\jdks\eclipse_adoptium-17-amd64-windows\jdk-17.0.13+11\bin\jli.dll
0x00007ffa74190000 - 0x00007ffa7433e000 	C:\WINDOWS\System32\USER32.dll
0x00007ffa734b0000 - 0x00007ffa734d6000 	C:\WINDOWS\System32\win32u.dll
0x00007ffa74b80000 - 0x00007ffa74ba9000 	C:\WINDOWS\System32\GDI32.dll
0x00007ffa73390000 - 0x00007ffa734ab000 	C:\WINDOWS\System32\gdi32full.dll
0x00007ffa59790000 - 0x00007ffa59a22000 	C:\WINDOWS\WinSxS\amd64_microsoft.windows.common-controls_6595b64144ccf1df_6.0.22621.4391_none_2715d37f73803e96\COMCTL32.dll
0x00007ffa734e0000 - 0x00007ffa7357a000 	C:\WINDOWS\System32\msvcp_win.dll
0x00007ffa740d0000 - 0x00007ffa74177000 	C:\WINDOWS\System32\msvcrt.dll
0x00007ffa75430000 - 0x00007ffa75461000 	C:\WINDOWS\System32\IMM32.DLL
0x00007ffa4deb0000 - 0x00007ffa4debc000 	C:\Users\aplut\.gradle\jdks\eclipse_adoptium-17-amd64-windows\jdk-17.0.13+11\bin\vcruntime140_1.dll
0x00007ffa2ede0000 - 0x00007ffa2ee6d000 	C:\Users\aplut\.gradle\jdks\eclipse_adoptium-17-amd64-windows\jdk-17.0.13+11\bin\msvcp140.dll
0x00007ff9db080000 - 0x00007ff9dbceb000 	C:\Users\aplut\.gradle\jdks\eclipse_adoptium-17-amd64-windows\jdk-17.0.13+11\bin\server\jvm.dll
0x00007ffa74000000 - 0x00007ffa740b2000 	C:\WINDOWS\System32\ADVAPI32.dll
0x00007ffa75670000 - 0x00007ffa75717000 	C:\WINDOWS\System32\sechost.dll
0x00007ffa735f0000 - 0x00007ffa73618000 	C:\WINDOWS\System32\bcrypt.dll
0x00007ffa745a0000 - 0x00007ffa746b4000 	C:\WINDOWS\System32\RPCRT4.dll
0x00007ffa74950000 - 0x00007ffa749c1000 	C:\WINDOWS\System32\WS2_32.dll
0x00007ffa730b0000 - 0x00007ffa730fd000 	C:\WINDOWS\SYSTEM32\POWRPROF.dll
0x00007ffa671d0000 - 0x00007ffa67204000 	C:\WINDOWS\SYSTEM32\WINMM.dll
0x00007ffa64920000 - 0x00007ffa6492a000 	C:\WINDOWS\SYSTEM32\VERSION.dll
0x00007ffa72fc0000 - 0x00007ffa72fd3000 	C:\WINDOWS\SYSTEM32\UMPDC.dll
0x00007ffa72390000 - 0x00007ffa723a8000 	C:\WINDOWS\SYSTEM32\kernel.appcore.dll
0x00007ffa48460000 - 0x00007ffa4846a000 	C:\Users\aplut\.gradle\jdks\eclipse_adoptium-17-amd64-windows\jdk-17.0.13+11\bin\jimage.dll
0x00007ffa70980000 - 0x00007ffa70bb2000 	C:\WINDOWS\SYSTEM32\DBGHELP.DLL
0x00007ffa75ca0000 - 0x00007ffa7602f000 	C:\WINDOWS\System32\combase.dll
0x00007ffa75490000 - 0x00007ffa75567000 	C:\WINDOWS\System32\OLEAUT32.dll
0x00007ffa62db0000 - 0x00007ffa62de2000 	C:\WINDOWS\SYSTEM32\dbgcore.DLL
0x00007ffa73850000 - 0x00007ffa738cb000 	C:\WINDOWS\System32\bcryptPrimitives.dll
0x00007ffa48450000 - 0x00007ffa4845e000 	C:\Users\aplut\.gradle\jdks\eclipse_adoptium-17-amd64-windows\jdk-17.0.13+11\bin\instrument.dll
0x00007ffa483b0000 - 0x00007ffa483d5000 	C:\Users\aplut\.gradle\jdks\eclipse_adoptium-17-amd64-windows\jdk-17.0.13+11\bin\java.dll
0x00007ffa20090000 - 0x00007ffa20167000 	C:\Users\aplut\.gradle\jdks\eclipse_adoptium-17-amd64-windows\jdk-17.0.13+11\bin\jsvml.dll
0x00007ffa74bb0000 - 0x00007ffa75426000 	C:\WINDOWS\System32\SHELL32.dll
0x00007ffa71280000 - 0x00007ffa71b83000 	C:\WINDOWS\SYSTEM32\windows.storage.dll
0x00007ffa71140000 - 0x00007ffa7127f000 	C:\WINDOWS\SYSTEM32\wintypes.dll
0x00007ffa74850000 - 0x00007ffa74949000 	C:\WINDOWS\System32\SHCORE.dll
0x00007ffa74790000 - 0x00007ffa747ee000 	C:\WINDOWS\System32\shlwapi.dll
0x00007ffa732c0000 - 0x00007ffa732eb000 	C:\WINDOWS\SYSTEM32\profapi.dll
0x00007ffa48390000 - 0x00007ffa483a8000 	C:\Users\aplut\.gradle\jdks\eclipse_adoptium-17-amd64-windows\jdk-17.0.13+11\bin\zip.dll
0x00007ffa48370000 - 0x00007ffa48389000 	C:\Users\aplut\.gradle\jdks\eclipse_adoptium-17-amd64-windows\jdk-17.0.13+11\bin\net.dll
0x00007ffa6a540000 - 0x00007ffa6a676000 	C:\WINDOWS\SYSTEM32\WINHTTP.dll
0x00007ffa72800000 - 0x00007ffa72869000 	C:\WINDOWS\system32\mswsock.dll
0x00007ffa45e50000 - 0x00007ffa45e66000 	C:\Users\aplut\.gradle\jdks\eclipse_adoptium-17-amd64-windows\jdk-17.0.13+11\bin\nio.dll
0x00007ffa48440000 - 0x00007ffa48450000 	C:\Users\aplut\.gradle\jdks\eclipse_adoptium-17-amd64-windows\jdk-17.0.13+11\bin\verify.dll
0x00007ffa3b650000 - 0x00007ffa3b677000 	C:\Users\aplut\.gradle\native\c067742578af261105cb4f569cf0c3c89f3d7b1fecec35dd04571415982c5e48\windows-amd64\native-platform.dll
0x00007ff9fe770000 - 0x00007ff9fe8b4000 	C:\Users\aplut\.gradle\native\100fb08df4bc3b14c8652ba06237920a3bd2aa13389f12d3474272988ae205f9\windows-amd64\native-platform-file-events.dll
0x00007ffa45980000 - 0x00007ffa4598a000 	C:\Users\aplut\.gradle\jdks\eclipse_adoptium-17-amd64-windows\jdk-17.0.13+11\bin\management.dll
0x00007ffa45970000 - 0x00007ffa4597b000 	C:\Users\aplut\.gradle\jdks\eclipse_adoptium-17-amd64-windows\jdk-17.0.13+11\bin\management_ext.dll
0x00007ffa74340000 - 0x00007ffa74348000 	C:\WINDOWS\System32\PSAPI.DLL
0x00007ffa72aa0000 - 0x00007ffa72abb000 	C:\WINDOWS\SYSTEM32\CRYPTSP.dll
0x00007ffa722f0000 - 0x00007ffa72325000 	C:\WINDOWS\system32\rsaenh.dll
0x00007ffa728a0000 - 0x00007ffa728c8000 	C:\WINDOWS\SYSTEM32\USERENV.dll
0x00007ffa72a00000 - 0x00007ffa72a0c000 	C:\WINDOWS\SYSTEM32\CRYPTBASE.dll
0x00007ffa71df0000 - 0x00007ffa71e1d000 	C:\WINDOWS\SYSTEM32\IPHLPAPI.DLL
0x00007ffa740c0000 - 0x00007ffa740c9000 	C:\WINDOWS\System32\NSI.dll
0x00007ffa67c90000 - 0x00007ffa67ca9000 	C:\WINDOWS\SYSTEM32\dhcpcsvc6.DLL
0x00007ffa67c70000 - 0x00007ffa67c8f000 	C:\WINDOWS\SYSTEM32\dhcpcsvc.DLL
0x00007ffa71e20000 - 0x00007ffa71f22000 	C:\WINDOWS\SYSTEM32\DNSAPI.dll
0x00007ffa45500000 - 0x00007ffa45509000 	C:\Users\aplut\.gradle\jdks\eclipse_adoptium-17-amd64-windows\jdk-17.0.13+11\bin\extnet.dll
0x00007ffa454f0000 - 0x00007ffa454fe000 	C:\Users\aplut\.gradle\jdks\eclipse_adoptium-17-amd64-windows\jdk-17.0.13+11\bin\sunmscapi.dll
0x00007ffa736e0000 - 0x00007ffa73846000 	C:\WINDOWS\System32\CRYPT32.dll
0x00007ffa72cb0000 - 0x00007ffa72cdd000 	C:\WINDOWS\SYSTEM32\ncrypt.dll
0x00007ffa72c70000 - 0x00007ffa72ca7000 	C:\WINDOWS\SYSTEM32\NTASN1.dll
0x00007ffa62950000 - 0x00007ffa62958000 	C:\WINDOWS\system32\wshunix.dll
0x000000006c660000 - 0x000000006c686000 	C:\Program Files\Bonjour\mdnsNSP.dll
0x00007ffa648c0000 - 0x00007ffa648ca000 	C:\Windows\System32\rasadhlp.dll
0x00007ffa60960000 - 0x00007ffa609e3000 	C:\WINDOWS\System32\fwpuclnt.dll

dbghelp: loaded successfully - version: 4.0.5 - missing functions: none
symbol engine: initialized successfully - sym options: 0x614 - pdb path: .;C:\Users\aplut\.gradle\jdks\eclipse_adoptium-17-amd64-windows\jdk-17.0.13+11\bin;C:\WINDOWS\SYSTEM32;C:\Program Files\Avast Software\Avast;C:\WINDOWS\WinSxS\amd64_microsoft.windows.common-controls_6595b64144ccf1df_6.0.22621.4391_none_2715d37f73803e96;C:\Users\aplut\.gradle\jdks\eclipse_adoptium-17-amd64-windows\jdk-17.0.13+11\bin\server;C:\Users\aplut\.gradle\native\c067742578af261105cb4f569cf0c3c89f3d7b1fecec35dd04571415982c5e48\windows-amd64;C:\Users\aplut\.gradle\native\100fb08df4bc3b14c8652ba06237920a3bd2aa13389f12d3474272988ae205f9\windows-amd64;C:\Program Files\Bonjour

VM Arguments:
jvm_args: --add-opens=java.base/java.util.concurrent.atomic=ALL-UNNAMED --add-opens=java.base/java.util=ALL-UNNAMED --add-opens=java.base/java.lang=ALL-UNNAMED --add-opens=java.base/java.lang.invoke=ALL-UNNAMED --add-opens=java.prefs/java.util.prefs=ALL-UNNAMED --add-opens=java.base/java.nio.charset=ALL-UNNAMED --add-opens=java.base/java.net=ALL-UNNAMED --add-opens=java.base/java.util.concurrent.atomic=ALL-UNNAMED -Xmx3G -Dfile.encoding=UTF-8 -Duser.country=PL -Duser.language=pl -Duser.variant -javaagent:C:\Users\aplut\.gradle\wrapper\dists\gradle-8.8-bin\dl7vupf4psengwqhwktix4v1\gradle-8.8\lib\agents\gradle-instrumentation-agent-8.8.jar 
java_command: org.gradle.launcher.daemon.bootstrap.GradleDaemon 8.8
java_class_path (initial): C:\Users\aplut\.gradle\wrapper\dists\gradle-8.8-bin\dl7vupf4psengwqhwktix4v1\gradle-8.8\lib\gradle-launcher-8.8.jar
Launcher Type: SUN_STANDARD

[Global flags]
     intx CICompilerCount                          = 3                                         {product} {ergonomic}
     uint ConcGCThreads                            = 1                                         {product} {ergonomic}
     uint G1ConcRefinementThreads                  = 4                                         {product} {ergonomic}
   size_t G1HeapRegionSize                         = 2097152                                   {product} {ergonomic}
    uintx GCDrainStackTargetSize                   = 64                                        {product} {ergonomic}
   size_t InitialHeapSize                          = 130023424                                 {product} {ergonomic}
   size_t MarkStackSize                            = 4194304                                   {product} {ergonomic}
   size_t MaxHeapSize                              = 3221225472                                {product} {command line}
   size_t MaxNewSize                               = 1931476992                                {product} {ergonomic}
   size_t MinHeapDeltaBytes                        = 2097152                                   {product} {ergonomic}
   size_t MinHeapSize                              = 8388608                                   {product} {ergonomic}
    uintx NonNMethodCodeHeapSize                   = 5832780                                {pd product} {ergonomic}
    uintx NonProfiledCodeHeapSize                  = 122912730                              {pd product} {ergonomic}
    uintx ProfiledCodeHeapSize                     = 122912730                              {pd product} {ergonomic}
    uintx ReservedCodeCacheSize                    = 251658240                              {pd product} {ergonomic}
     bool SegmentedCodeCache                       = true                                      {product} {ergonomic}
   size_t SoftMaxHeapSize                          = 3221225472                             {manageable} {ergonomic}
     bool UseCompressedClassPointers               = true                           {product lp64_product} {ergonomic}
     bool UseCompressedOops                        = true                           {product lp64_product} {ergonomic}
     bool UseG1GC                                  = true                                      {product} {ergonomic}
     bool UseLargePagesIndividualAllocation        = false                                  {pd product} {ergonomic}

Logging:
Log output configuration:
 #0: stdout all=warning uptime,level,tags
 #1: stderr all=off uptime,level,tags

Environment Variables:
PATH=C:\Program Files\Eclipse Adoptium\jdk-17.0.13.11-hotspot\bin;C:\Users\aplut\OneDrive\Pulpit\PythonFlask\Scripts\;C:\Users\aplut\OneDrive\Pulpit\PythonFlask\;C:\Program Files\Oculus\Support\oculus-runtime;C:\PROGRA~2\Borland\CBUILD~1\Bin;C:\PROGRA~2\Borland\CBUILD~1\Projects\Bpl;C:\Program Files\Common Files\Oracle\Java\javapath;C:\Program Files (x86)\Common Files\Oracle\Java\java8path;C:\Program Files (x86)\Common Files\Oracle\Java\javapath;C:\Program Files (x86)\VMware\VMware Player\bin\;C:\Program Files\Microsoft\jdk-11.0.12.7-hotspot\bin;C:\WINDOWS\system32;C:\WINDOWS;C:\WINDOWS\System32\Wbem;C:\WINDOWS\System32\WindowsPowerShell\v1.0\;C:\WINDOWS\System32\OpenSSH\;C:\Program Files\Microsoft SQL Server\150\Tools\Binn\;C:\Program Files\dotnet\;C:\Program Files (x86)\Yarn\bin\;C:\Program Files\HP\HP One Agent;C:\Program Files\Docker\Docker\resources\bin;C:\Program Files\nodejs\;C:\Program Files\Microsoft SQL Server\120\Tools\Binn\;C:\Program Files\Git\cmd;C:\Users\aplut\.cargo\bin;C:\Ruby27-x64\bin;C:\Users\aplut\AppData\Local\Microsoft\WindowsApps;C:\Users\aplut\.dotnet\tools;%JAVA_HOME%\bin;C:\Users\aplut\AppData\Local\Programs\Microsoft VS Code\bin;C:\Users\aplut\AppData\Local\Yarn\bin;C:\ProgramData\aplut\GitHubDesktop\bin;C:\Users\aplut\AppData\Roaming\npm;C:\xampp\php;C:\Users\aplut\composer;C:\Users\aplut\AppData\Roaming\Composer\vendor\bin;C:\Users\aplut\AppData\Local\Muse Hub\lib;C:\Program Files\Oracle\VirtualBox;C:\Users\aplut\IntelliJ IDEA Community Edition 2024.3\bin;;C:\Gradle\bin;C:\Users\aplut\AppData\Local\GitHubDesktop\bin
USERNAME=aplut
OS=Windows_NT
PROCESSOR_IDENTIFIER=Intel64 Family 6 Model 140 Stepping 1, GenuineIntel
TMP=C:\Users\aplut\AppData\Local\Temp
TEMP=C:\Users\aplut\AppData\Local\Temp



Periodic native trim disabled


---------------  S Y S T E M  ---------------

OS:
 Windows 11 , 64 bit Build 22621 (10.0.22621.4391)
OS uptime: 0 days 12:01 hours
Hyper-V role detected

CPU: total 4 (initial active 4) (2 cores per cpu, 2 threads per core) family 6 model 140 stepping 1 microcode 0xac, cx8, cmov, fxsr, ht, mmx, 3dnowpref, sse, sse2, sse3, ssse3, sse4.1, sse4.2, popcnt, lzcnt, tsc, tscinvbit, avx, avx2, aes, erms, clmul, bmi1, bmi2, adx, avx512f, avx512dq, avx512cd, avx512bw, avx512vl, sha, fma, vzeroupper, avx512_vpopcntdq, avx512_vpclmulqdq, avx512_vaes, avx512_vnni, clflush, clflushopt, clwb, avx512_vbmi2, avx512_vbmi, hv
Processor Information for all 4 processors :
  Max Mhz: 2995, Current Mhz: 2995, Mhz Limit: 2995

Memory: 4k page, system-wide physical 7932M (210M free)
TotalPageFile size 16932M (AvailPageFile size 104M)
current process WorkingSet (physical memory assigned to process): 493M, peak: 570M
current process commit charge ("private bytes"): 821M, peak: 1821M

vm_info: OpenJDK 64-Bit Server VM (17.0.13+11) for windows-amd64 JRE (17.0.13+11), built on Oct 16 2024 00:10:08 by "admin" with MS VC++ 17.7 (VS2022)

END.
