#
# There is insufficient memory for the Java Runtime Environment to continue.
# Native memory allocation (mmap) failed to map 262144000 bytes. Error detail: G1 virtual space
# Possible reasons:
#   The system is out of physical RAM or swap space
#   This process is running with CompressedOops enabled, and the Java Heap may be blocking the growth of the native heap
# Possible solutions:
#   Reduce memory load on the system
#   Increase physical memory or swap space
#   Check if swap backing store is full
#   Decrease Java heap size (-Xmx/-Xms)
#   Decrease number of Java threads
#   Decrease Java thread stack sizes (-Xss)
#   Set larger code cache with -XX:ReservedCodeCacheSize=
#   JVM is running with Zero Based Compressed Oops mode in which the Java heap is
#     placed in the first 32GB address space. The Java Heap base address is the
#     maximum limit for the native heap growth. Please use -XX:HeapBaseMinAddress
#     to set the Java Heap base and to place the Java Heap above 32GB virtual address.
# This output file may be truncated or incomplete.
#
#  Out of Memory Error (os_windows.cpp:3614), pid=828, tid=27136
#
# JRE version: OpenJDK Runtime Environment Temurin-17.0.13+11 (17.0.13+11) (build 17.0.13+11)
# Java VM: OpenJDK 64-Bit Server VM Temurin-17.0.13+11 (17.0.13+11, mixed mode, sharing, tiered, compressed oops, compressed class ptrs, g1 gc, windows-amd64)
# No core dump will be written. Minidumps are not enabled by default on client versions of Windows
#

---------------  S U M M A R Y ------------

Command Line: --add-opens=java.base/java.util.concurrent.atomic=ALL-UNNAMED --add-opens=java.base/java.util=ALL-UNNAMED --add-opens=java.base/java.lang=ALL-UNNAMED --add-opens=java.base/java.lang.invoke=ALL-UNNAMED --add-opens=java.prefs/java.util.prefs=ALL-UNNAMED --add-opens=java.base/java.nio.charset=ALL-UNNAMED --add-opens=java.base/java.net=ALL-UNNAMED --add-opens=java.base/java.util.concurrent.atomic=ALL-UNNAMED -Xmx3G -Dfile.encoding=UTF-8 -Duser.country=PL -Duser.language=pl -Duser.variant -javaagent:C:\Users\aplut\.gradle\wrapper\dists\gradle-8.8-bin\dl7vupf4psengwqhwktix4v1\gradle-8.8\lib\agents\gradle-instrumentation-agent-8.8.jar org.gradle.launcher.daemon.bootstrap.GradleDaemon 8.8

Host: 11th Gen Intel(R) Core(TM) i3-1115G4 @ 3.00GHz, 4 cores, 7G,  Windows 11 , 64 bit Build 22621 (10.0.22621.4391)
Time: Wed Dec  4 20:09:44 2024  Windows 11 , 64 bit Build 22621 (10.0.22621.4391) elapsed time: 24.521700 seconds (0d 0h 0m 24s)

---------------  T H R E A D  ---------------

Current thread (0x000001c5f33bf9f0):  VMThread "VM Thread" [stack: 0x000000b396900000,0x000000b396a00000] [id=27136]

Stack: [0x000000b396900000,0x000000b396a00000]
Native frames: (J=compiled Java code, j=interpreted, Vv=VM code, C=native code)
V  [jvm.dll+0x682a19]
V  [jvm.dll+0x839538]
V  [jvm.dll+0x83afe3]
V  [jvm.dll+0x83b653]
V  [jvm.dll+0x24704f]
V  [jvm.dll+0x67f809]
V  [jvm.dll+0x6746fa]
V  [jvm.dll+0x304a96]
V  [jvm.dll+0x30bf56]
V  [jvm.dll+0x35da5e]
V  [jvm.dll+0x35dc9d]
V  [jvm.dll+0x2dbe5c]
V  [jvm.dll+0x2da1ff]
V  [jvm.dll+0x2d996c]
V  [jvm.dll+0x31d511]
V  [jvm.dll+0x83fe8d]
V  [jvm.dll+0x840bc3]
V  [jvm.dll+0x8410ef]
V  [jvm.dll+0x8414d4]
V  [jvm.dll+0x84159e]
V  [jvm.dll+0x7e8ffc]
V  [jvm.dll+0x6818f7]
C  [ucrtbase.dll+0x29333]
C  [KERNEL32.DLL+0x1259d]
C  [ntdll.dll+0x5af38]

VM_Operation (0x000000b39affcb80): G1TryInitiateConcMark, mode: safepoint, requested by thread 0x000001c5f93a3300


---------------  P R O C E S S  ---------------

Threads class SMR info:
_java_thread_list=0x000001c5fb1d5ae0, length=66, elements={
0x000001c5d31e3cf0, 0x000001c5f33c6690, 0x000001c5f33c8a10, 0x000001c5f33dcda0,
0x000001c5f33dd960, 0x000001c5f33e3600, 0x000001c5f3405780, 0x000001c5f340fe20,
0x000001c5f3411680, 0x000001c5f3414c40, 0x000001c5f33ad5c0, 0x000001c5f374f080,
0x000001c5f88cb540, 0x000001c5f99bcbf0, 0x000001c5f99b2930, 0x000001c5f97e85f0,
0x000001c5f97c5c10, 0x000001c5f37f1f80, 0x000001c5f37f4800, 0x000001c5f37f38d0,
0x000001c5f37f3de0, 0x000001c5f37f29a0, 0x000001c5f37f1a70, 0x000001c5f37f33c0,
0x000001c5f37f42f0, 0x000001c5f9bb9060, 0x000001c5f9bbf090, 0x000001c5f9bbdc50,
0x000001c5f9bbc300, 0x000001c5f9bb9f90, 0x000001c5f9bbeb80, 0x000001c5f9bbbdf0,
0x000001c5f9bba4a0, 0x000001c5f9bbc810, 0x000001c5f9bbaec0, 0x000001c5f9bbd740,
0x000001c5f9bbb3d0, 0x000001c5f9bbffc0, 0x000001c5f9bb9a80, 0x000001c5f9bc04d0,
0x000001c5f9bb9570, 0x000001c5fae16230, 0x000001c5fae15810, 0x000001c5fae15300,
0x000001c5fae143d0, 0x000001c5fae17160, 0x000001c5fae15d20, 0x000001c5fae16740,
0x000001c5fae134a0, 0x000001c5fae194d0, 0x000001c5fae199e0, 0x000001c5fae14df0,
0x000001c5fae18ab0, 0x000001c5fae19ef0, 0x000001c5fae17670, 0x000001c5fae1a400,
0x000001c5fae139b0, 0x000001c5fae17b80, 0x000001c5fae13ec0, 0x000001c5fae18090,
0x000001c5f37f2490, 0x000001c5f37f2eb0, 0x000001c5f93a1ec0, 0x000001c5f93a3300,
0x000001c5f93a14a0, 0x000001c5f93a6fc0
}

Java Threads: ( => current thread )
  0x000001c5d31e3cf0 JavaThread "main" [_thread_blocked, id=25836, stack(0x000000b396300000,0x000000b396400000)]
  0x000001c5f33c6690 JavaThread "Reference Handler" daemon [_thread_blocked, id=7032, stack(0x000000b396a00000,0x000000b396b00000)]
  0x000001c5f33c8a10 JavaThread "Finalizer" daemon [_thread_blocked, id=23492, stack(0x000000b396b00000,0x000000b396c00000)]
  0x000001c5f33dcda0 JavaThread "Signal Dispatcher" daemon [_thread_blocked, id=26664, stack(0x000000b396c00000,0x000000b396d00000)]
  0x000001c5f33dd960 JavaThread "Attach Listener" daemon [_thread_blocked, id=10756, stack(0x000000b396d00000,0x000000b396e00000)]
  0x000001c5f33e3600 JavaThread "Service Thread" daemon [_thread_blocked, id=25960, stack(0x000000b396e00000,0x000000b396f00000)]
  0x000001c5f3405780 JavaThread "Monitor Deflation Thread" daemon [_thread_blocked, id=13756, stack(0x000000b396f00000,0x000000b397000000)]
  0x000001c5f340fe20 JavaThread "C2 CompilerThread0" daemon [_thread_blocked, id=7304, stack(0x000000b397000000,0x000000b397100000)]
  0x000001c5f3411680 JavaThread "C1 CompilerThread0" daemon [_thread_blocked, id=19508, stack(0x000000b397100000,0x000000b397200000)]
  0x000001c5f3414c40 JavaThread "Sweeper thread" daemon [_thread_blocked, id=20604, stack(0x000000b397200000,0x000000b397300000)]
  0x000001c5f33ad5c0 JavaThread "Common-Cleaner" daemon [_thread_blocked, id=3512, stack(0x000000b397300000,0x000000b397400000)]
  0x000001c5f374f080 JavaThread "Notification Thread" daemon [_thread_blocked, id=24432, stack(0x000000b397400000,0x000000b397500000)]
  0x000001c5f88cb540 JavaThread "Daemon health stats" [_thread_blocked, id=12816, stack(0x000000b397800000,0x000000b397900000)]
  0x000001c5f99bcbf0 JavaThread "Incoming local TCP Connector on port 58759" [_thread_in_native, id=26200, stack(0x000000b397a00000,0x000000b397b00000)]
  0x000001c5f99b2930 JavaThread "Daemon periodic checks" [_thread_blocked, id=25336, stack(0x000000b397b00000,0x000000b397c00000)]
  0x000001c5f97e85f0 JavaThread "Daemon" [_thread_blocked, id=18580, stack(0x000000b397c00000,0x000000b397d00000)]
  0x000001c5f97c5c10 JavaThread "Handler for socket connection from /127.0.0.1:58759 to /127.0.0.1:58760" [_thread_in_native, id=13520, stack(0x000000b397d00000,0x000000b397e00000)]
  0x000001c5f37f1f80 JavaThread "Cancel handler" [_thread_blocked, id=6760, stack(0x000000b397e00000,0x000000b397f00000)]
  0x000001c5f37f4800 JavaThread "Daemon worker" [_thread_blocked, id=21480, stack(0x000000b397f00000,0x000000b398000000)]
  0x000001c5f37f38d0 JavaThread "Asynchronous log dispatcher for DefaultDaemonConnection: socket connection from /127.0.0.1:58759 to /127.0.0.1:58760" [_thread_blocked, id=21260, stack(0x000000b398000000,0x000000b398100000)]
  0x000001c5f37f3de0 JavaThread "Stdin handler" [_thread_blocked, id=26264, stack(0x000000b398100000,0x000000b398200000)]
  0x000001c5f37f29a0 JavaThread "Daemon client event forwarder" [_thread_blocked, id=22416, stack(0x000000b398200000,0x000000b398300000)]
  0x000001c5f37f1a70 JavaThread "Cache worker for journal cache (C:\Users\aplut\.gradle\caches\journal-1)" [_thread_blocked, id=16988, stack(0x000000b398300000,0x000000b398400000)]
  0x000001c5f37f33c0 JavaThread "File lock request listener" [_thread_in_native, id=11412, stack(0x000000b398400000,0x000000b398500000)]
  0x000001c5f37f42f0 JavaThread "Cache worker for file hash cache (C:\Users\aplut\.gradle\caches\8.8\fileHashes)" [_thread_blocked, id=3888, stack(0x000000b398500000,0x000000b398600000)]
  0x000001c5f9bb9060 JavaThread "Cache worker for file hash cache (C:\Users\aplut\OneDrive\Projekty\Mods\Creativity\.gradle\8.8\fileHashes)" [_thread_blocked, id=27624, stack(0x000000b398700000,0x000000b398800000)]
  0x000001c5f9bbf090 JavaThread "File watcher server" daemon [_thread_in_native, id=19616, stack(0x000000b398800000,0x000000b398900000)]
  0x000001c5f9bbdc50 JavaThread "File watcher consumer" daemon [_thread_blocked, id=25800, stack(0x000000b398900000,0x000000b398a00000)]
  0x000001c5f9bbc300 JavaThread "jar transforms" [_thread_blocked, id=25180, stack(0x000000b398a00000,0x000000b398b00000)]
  0x000001c5f9bb9f90 JavaThread "jar transforms Thread 2" [_thread_blocked, id=11500, stack(0x000000b398b00000,0x000000b398c00000)]
  0x000001c5f9bbeb80 JavaThread "jar transforms Thread 3" [_thread_blocked, id=6932, stack(0x000000b398c00000,0x000000b398d00000)]
  0x000001c5f9bbbdf0 JavaThread "jar transforms Thread 4" [_thread_blocked, id=23144, stack(0x000000b398d00000,0x000000b398e00000)]
  0x000001c5f9bba4a0 JavaThread "Cache worker for checksums cache (C:\Users\aplut\OneDrive\Projekty\Mods\Creativity\.gradle\8.8\checksums)" [_thread_blocked, id=3652, stack(0x000000b398e00000,0x000000b398f00000)]
  0x000001c5f9bbc810 JavaThread "Cache worker for file content cache (C:\Users\aplut\.gradle\caches\8.8\fileContent)" [_thread_blocked, id=19952, stack(0x000000b398f00000,0x000000b399000000)]
  0x000001c5f9bbaec0 JavaThread "Cache worker for cache directory md-rule (C:\Users\aplut\.gradle\caches\8.8\md-rule)" [_thread_blocked, id=23024, stack(0x000000b399200000,0x000000b399300000)]
  0x000001c5f9bbd740 JavaThread "Cache worker for cache directory md-supplier (C:\Users\aplut\.gradle\caches\8.8\md-supplier)" [_thread_blocked, id=7892, stack(0x000000b399300000,0x000000b399400000)]
  0x000001c5f9bbb3d0 JavaThread "Unconstrained build operations" [_thread_blocked, id=10008, stack(0x000000b398600000,0x000000b398700000)]
  0x000001c5f9bbffc0 JavaThread "Unconstrained build operations Thread 2" [_thread_blocked, id=15732, stack(0x000000b399400000,0x000000b399500000)]
  0x000001c5f9bb9a80 JavaThread "Unconstrained build operations Thread 3" [_thread_blocked, id=24328, stack(0x000000b399500000,0x000000b399600000)]
  0x000001c5f9bc04d0 JavaThread "Unconstrained build operations Thread 4" [_thread_blocked, id=6080, stack(0x000000b399600000,0x000000b399700000)]
  0x000001c5f9bb9570 JavaThread "Unconstrained build operations Thread 5" [_thread_blocked, id=4716, stack(0x000000b399700000,0x000000b399800000)]
  0x000001c5fae16230 JavaThread "Unconstrained build operations Thread 6" [_thread_blocked, id=25496, stack(0x000000b399800000,0x000000b399900000)]
  0x000001c5fae15810 JavaThread "Unconstrained build operations Thread 7" [_thread_blocked, id=27604, stack(0x000000b399900000,0x000000b399a00000)]
  0x000001c5fae15300 JavaThread "Unconstrained build operations Thread 8" [_thread_blocked, id=25712, stack(0x000000b399a00000,0x000000b399b00000)]
  0x000001c5fae143d0 JavaThread "Unconstrained build operations Thread 9" [_thread_blocked, id=26708, stack(0x000000b399b00000,0x000000b399c00000)]
  0x000001c5fae17160 JavaThread "Unconstrained build operations Thread 10" [_thread_blocked, id=6752, stack(0x000000b399c00000,0x000000b399d00000)]
  0x000001c5fae15d20 JavaThread "Unconstrained build operations Thread 11" [_thread_blocked, id=9628, stack(0x000000b399d00000,0x000000b399e00000)]
  0x000001c5fae16740 JavaThread "Unconstrained build operations Thread 12" [_thread_blocked, id=12444, stack(0x000000b399e00000,0x000000b399f00000)]
  0x000001c5fae134a0 JavaThread "Cache worker for Build Output Cleanup Cache (C:\Users\aplut\OneDrive\Projekty\Mods\Creativity\.gradle\buildOutputCleanup)" [_thread_blocked, id=2672, stack(0x000000b399f00000,0x000000b39a000000)]
  0x000001c5fae194d0 JavaThread "Unconstrained build operations Thread 13" [_thread_blocked, id=26860, stack(0x000000b39a000000,0x000000b39a100000)]
  0x000001c5fae199e0 JavaThread "Unconstrained build operations Thread 14" [_thread_blocked, id=16328, stack(0x000000b39a200000,0x000000b39a300000)]
  0x000001c5fae14df0 JavaThread "Unconstrained build operations Thread 15" [_thread_blocked, id=12992, stack(0x000000b39a300000,0x000000b39a400000)]
  0x000001c5fae18ab0 JavaThread "Unconstrained build operations Thread 16" [_thread_blocked, id=26216, stack(0x000000b39a400000,0x000000b39a500000)]
  0x000001c5fae19ef0 JavaThread "Unconstrained build operations Thread 17" [_thread_blocked, id=20396, stack(0x000000b39a500000,0x000000b39a600000)]
  0x000001c5fae17670 JavaThread "Unconstrained build operations Thread 18" [_thread_blocked, id=12912, stack(0x000000b39a600000,0x000000b39a700000)]
  0x000001c5fae1a400 JavaThread "Unconstrained build operations Thread 19" [_thread_blocked, id=16116, stack(0x000000b39a700000,0x000000b39a800000)]
  0x000001c5fae139b0 JavaThread "Unconstrained build operations Thread 20" [_thread_blocked, id=25660, stack(0x000000b39a800000,0x000000b39a900000)]
  0x000001c5fae17b80 JavaThread "Unconstrained build operations Thread 21" [_thread_blocked, id=8488, stack(0x000000b39a900000,0x000000b39aa00000)]
  0x000001c5fae13ec0 JavaThread "Keep-Alive-Timer" daemon [_thread_blocked, id=7448, stack(0x000000b39aa00000,0x000000b39ab00000)]
  0x000001c5fae18090 JavaThread "Memory manager" [_thread_blocked, id=20856, stack(0x000000b39ab00000,0x000000b39ac00000)]
  0x000001c5f37f2490 JavaThread "Unconstrained build operations Thread 22" [_thread_blocked, id=27272, stack(0x000000b39ac00000,0x000000b39ad00000)]
  0x000001c5f37f2eb0 JavaThread "Unconstrained build operations Thread 23" [_thread_blocked, id=14008, stack(0x000000b39ad00000,0x000000b39ae00000)]
  0x000001c5f93a1ec0 JavaThread "Unconstrained build operations Thread 24" [_thread_blocked, id=24112, stack(0x000000b39ae00000,0x000000b39af00000)]
  0x000001c5f93a3300 JavaThread "Unconstrained build operations Thread 25" [_thread_blocked, id=7516, stack(0x000000b39af00000,0x000000b39b000000)]
  0x000001c5f93a14a0 JavaThread "Unconstrained build operations Thread 26" [_thread_blocked, id=21496, stack(0x000000b39b000000,0x000000b39b100000)]
  0x000001c5f93a6fc0 JavaThread "Unconstrained build operations Thread 27" [_thread_blocked, id=5692, stack(0x000000b39b100000,0x000000b39b200000)]

Other Threads:
=>0x000001c5f33bf9f0 VMThread "VM Thread" [stack: 0x000000b396900000,0x000000b396a00000] [id=27136]
  0x000001c5f378fd10 WatcherThread [stack: 0x000000b397500000,0x000000b397600000] [id=23416]
  0x000001c5d323d5e0 GCTaskThread "GC Thread#0" [stack: 0x000000b396400000,0x000000b396500000] [id=26328]
  0x000001c5f38a1b70 GCTaskThread "GC Thread#1" [stack: 0x000000b397600000,0x000000b397700000] [id=26260]
  0x000001c5f38629c0 GCTaskThread "GC Thread#2" [stack: 0x000000b397700000,0x000000b397800000] [id=9136]
  0x000001c5f84cc350 GCTaskThread "GC Thread#3" [stack: 0x000000b397900000,0x000000b397a00000] [id=13392]
  0x000001c5d324a530 ConcurrentGCThread "G1 Main Marker" [stack: 0x000000b396500000,0x000000b396600000] [id=9084]
  0x000001c5d324b6f0 ConcurrentGCThread "G1 Conc#0" [stack: 0x000000b396600000,0x000000b396700000] [id=16048]
  0x000001c5d3287e30 ConcurrentGCThread "G1 Refine#0" [stack: 0x000000b396700000,0x000000b396800000] [id=26108]
  0x000001c5f9b45600 ConcurrentGCThread "G1 Refine#1" [stack: 0x000000b399000000,0x000000b399100000] [id=14804]
  0x000001c5fae46420 ConcurrentGCThread "G1 Refine#2" [stack: 0x000000b399100000,0x000000b399200000] [id=26712]
  0x000001c5d3288860 ConcurrentGCThread "G1 Service" [stack: 0x000000b396800000,0x000000b396900000] [id=15988]

Threads with active compile tasks:
C2 CompilerThread0    24567 9588       4       java.lang.ThreadLocal::set (30 bytes)

VM state: at safepoint (normal execution)

VM Mutex/Monitor currently owned by a thread:  ([mutex/lock_event])
[0x000001c5d31e0f80] Threads_lock - owner thread: 0x000001c5f33bf9f0
[0x000001c5d31df630] Heap_lock - owner thread: 0x000001c5f93a3300

Heap address: 0x0000000740000000, size: 3072 MB, Compressed Oops mode: Zero based, Oop shift amount: 3

CDS archive(s) mapped at: [0x000001c580000000-0x000001c580bb0000-0x000001c580bb0000), size 12255232, SharedBaseAddress: 0x000001c580000000, ArchiveRelocationMode: 1.
Compressed class space mapped at: 0x000001c581000000-0x000001c5c1000000, reserved size: 1073741824
Narrow klass base: 0x000001c580000000, Narrow klass shift: 0, Narrow klass range: 0x100000000

GC Precious Log:
 CPUs: 4 total, 4 available
 Memory: 7932M
 Large Page Support: Disabled
 NUMA Support: Disabled
 Compressed Oops: Enabled (Zero based)
 Heap Region Size: 2M
 Heap Min Capacity: 8M
 Heap Initial Capacity: 124M
 Heap Max Capacity: 3G
 Pre-touch: Disabled
 Parallel Workers: 4
 Concurrent Workers: 1
 Concurrent Refinement Workers: 4
 Periodic GC: Disabled

Heap:
 garbage-first heap   total 227328K, used 96410K [0x0000000740000000, 0x0000000800000000)
  region size 2048K, 2 young (4096K), 2 survivors (4096K)
 Metaspace       used 74048K, committed 74816K, reserved 1114112K
  class space    used 10291K, committed 10624K, reserved 1048576K

Heap Regions: E=young(eden), S=young(survivor), O=old, HS=humongous(starts), HC=humongous(continues), CS=collection set, F=free, OA=open archive, CA=closed archive, TAMS=top-at-mark-start (previous, next)
|   0|0x0000000740000000, 0x0000000740200000, 0x0000000740200000|100%|HS|  |TAMS 0x0000000740200000, 0x0000000740200000| Complete 
|   1|0x0000000740200000, 0x0000000740400000, 0x0000000740400000|100%|HC|  |TAMS 0x0000000740400000, 0x0000000740400000| Complete 
|   2|0x0000000740400000, 0x0000000740600000, 0x0000000740600000|100%| O|  |TAMS 0x0000000740600000, 0x0000000740600000| Untracked 
|   3|0x0000000740600000, 0x0000000740800000, 0x0000000740800000|100%| O|  |TAMS 0x0000000740800000, 0x0000000740800000| Untracked 
|   4|0x0000000740800000, 0x0000000740a00000, 0x0000000740a00000|100%| O|  |TAMS 0x0000000740a00000, 0x0000000740a00000| Untracked 
|   5|0x0000000740a00000, 0x0000000740c00000, 0x0000000740c00000|100%| O|  |TAMS 0x0000000740c00000, 0x0000000740c00000| Untracked 
|   6|0x0000000740c00000, 0x0000000740e00000, 0x0000000740e00000|100%| O|  |TAMS 0x0000000740e00000, 0x0000000740e00000| Untracked 
|   7|0x0000000740e00000, 0x0000000741000000, 0x0000000741000000|100%| O|  |TAMS 0x0000000741000000, 0x0000000741000000| Untracked 
|   8|0x0000000741000000, 0x0000000741200000, 0x0000000741200000|100%|HS|  |TAMS 0x0000000741200000, 0x0000000741200000| Complete 
|   9|0x0000000741200000, 0x0000000741400000, 0x0000000741400000|100%|HC|  |TAMS 0x0000000741400000, 0x0000000741400000| Complete 
|  10|0x0000000741400000, 0x0000000741600000, 0x0000000741600000|100%|HC|  |TAMS 0x0000000741600000, 0x0000000741600000| Complete 
|  11|0x0000000741600000, 0x0000000741800000, 0x0000000741800000|100%|HS|  |TAMS 0x0000000741800000, 0x0000000741800000| Complete 
|  12|0x0000000741800000, 0x0000000741a00000, 0x0000000741a00000|100%|HC|  |TAMS 0x0000000741a00000, 0x0000000741a00000| Complete 
|  13|0x0000000741a00000, 0x0000000741c00000, 0x0000000741c00000|100%|HS|  |TAMS 0x0000000741c00000, 0x0000000741c00000| Complete 
|  14|0x0000000741c00000, 0x0000000741e00000, 0x0000000741e00000|100%| O|  |TAMS 0x0000000741e00000, 0x0000000741e00000| Untracked 
|  15|0x0000000741e00000, 0x0000000742000000, 0x0000000742000000|100%| O|  |TAMS 0x0000000742000000, 0x0000000742000000| Untracked 
|  16|0x0000000742000000, 0x0000000742200000, 0x0000000742200000|100%| O|  |TAMS 0x0000000742200000, 0x0000000742200000| Untracked 
|  17|0x0000000742200000, 0x0000000742400000, 0x0000000742400000|100%| O|  |TAMS 0x0000000742400000, 0x0000000742400000| Untracked 
|  18|0x0000000742400000, 0x0000000742600000, 0x0000000742600000|100%| O|  |TAMS 0x0000000742600000, 0x0000000742600000| Untracked 
|  19|0x0000000742600000, 0x0000000742800000, 0x0000000742800000|100%| O|  |TAMS 0x0000000742800000, 0x0000000742800000| Untracked 
|  20|0x0000000742800000, 0x0000000742a00000, 0x0000000742a00000|100%|HS|  |TAMS 0x0000000742a00000, 0x0000000742a00000| Complete 
|  21|0x0000000742a00000, 0x0000000742c00000, 0x0000000742c00000|100%| O|  |TAMS 0x0000000742c00000, 0x0000000742c00000| Untracked 
|  22|0x0000000742c00000, 0x0000000742e00000, 0x0000000742e00000|100%| O|  |TAMS 0x0000000742e00000, 0x0000000742e00000| Untracked 
|  23|0x0000000742e00000, 0x0000000743000000, 0x0000000743000000|100%| O|  |TAMS 0x0000000743000000, 0x0000000743000000| Untracked 
|  24|0x0000000743000000, 0x0000000743200000, 0x0000000743200000|100%| O|  |TAMS 0x0000000743200000, 0x0000000743200000| Untracked 
|  25|0x0000000743200000, 0x0000000743400000, 0x0000000743400000|100%|HS|  |TAMS 0x0000000743400000, 0x0000000743400000| Complete 
|  26|0x0000000743400000, 0x0000000743600000, 0x0000000743600000|100%|HC|  |TAMS 0x0000000743600000, 0x0000000743600000| Complete 
|  27|0x0000000743600000, 0x0000000743800000, 0x0000000743800000|100%|HC|  |TAMS 0x0000000743800000, 0x0000000743800000| Complete 
|  28|0x0000000743800000, 0x0000000743a00000, 0x0000000743a00000|100%|HS|  |TAMS 0x0000000743a00000, 0x0000000743a00000| Complete 
|  29|0x0000000743a00000, 0x0000000743c00000, 0x0000000743c00000|100%|HC|  |TAMS 0x0000000743c00000, 0x0000000743c00000| Complete 
|  30|0x0000000743c00000, 0x0000000743e00000, 0x0000000743e00000|100%|HC|  |TAMS 0x0000000743e00000, 0x0000000743e00000| Complete 
|  31|0x0000000743e00000, 0x0000000744000000, 0x0000000744000000|100%| O|  |TAMS 0x0000000744000000, 0x0000000744000000| Untracked 
|  32|0x0000000744000000, 0x0000000744200000, 0x0000000744200000|100%| O|  |TAMS 0x0000000744200000, 0x0000000744200000| Untracked 
|  33|0x0000000744200000, 0x0000000744400000, 0x0000000744400000|100%| O|  |TAMS 0x0000000744400000, 0x0000000744400000| Untracked 
|  34|0x0000000744400000, 0x0000000744600000, 0x0000000744600000|100%| O|  |TAMS 0x0000000744600000, 0x0000000744600000| Untracked 
|  35|0x0000000744600000, 0x0000000744800000, 0x0000000744800000|100%| O|  |TAMS 0x0000000744800000, 0x0000000744800000| Untracked 
|  36|0x0000000744800000, 0x0000000744a00000, 0x0000000744a00000|100%| O|  |TAMS 0x0000000744a00000, 0x0000000744a00000| Untracked 
|  37|0x0000000744a00000, 0x0000000744c00000, 0x0000000744c00000|100%| O|  |TAMS 0x0000000744c00000, 0x0000000744c00000| Untracked 
|  38|0x0000000744c00000, 0x0000000744e00000, 0x0000000744e00000|100%| O|  |TAMS 0x0000000744e00000, 0x0000000744e00000| Untracked 
|  39|0x0000000744e00000, 0x0000000745000000, 0x0000000745000000|100%|HS|  |TAMS 0x0000000745000000, 0x0000000745000000| Complete 
|  40|0x0000000745000000, 0x0000000745200000, 0x0000000745200000|100%| O|  |TAMS 0x0000000745200000, 0x0000000745200000| Untracked 
|  41|0x0000000745200000, 0x0000000745400000, 0x0000000745400000|100%| O|  |TAMS 0x0000000745400000, 0x0000000745400000| Untracked 
|  42|0x0000000745400000, 0x0000000745600000, 0x0000000745600000|100%| O|  |TAMS 0x0000000745447200, 0x0000000745600000| Untracked 
|  43|0x0000000745600000, 0x0000000745800000, 0x0000000745800000|100%| O|  |TAMS 0x0000000745600000, 0x0000000745800000| Untracked 
|  44|0x0000000745800000, 0x0000000745a00000, 0x0000000745a00000|100%| O|  |TAMS 0x0000000745800000, 0x0000000745a00000| Untracked 
|  45|0x0000000745a00000, 0x0000000745a28200, 0x0000000745c00000|  7%| O|  |TAMS 0x0000000745a00000, 0x0000000745a28200| Untracked 
|  46|0x0000000745c00000, 0x0000000745c00000, 0x0000000745e00000|  0%| F|  |TAMS 0x0000000745c00000, 0x0000000745c00000| Untracked 
|  47|0x0000000745e00000, 0x0000000745e00000, 0x0000000746000000|  0%| F|  |TAMS 0x0000000745e00000, 0x0000000745e00000| Untracked 
|  48|0x0000000746000000, 0x0000000746000000, 0x0000000746200000|  0%| F|  |TAMS 0x0000000746000000, 0x0000000746000000| Untracked 
|  49|0x0000000746200000, 0x0000000746200000, 0x0000000746400000|  0%| F|  |TAMS 0x0000000746200000, 0x0000000746200000| Untracked 
|  50|0x0000000746400000, 0x0000000746400000, 0x0000000746600000|  0%| F|  |TAMS 0x0000000746400000, 0x0000000746400000| Untracked 
|  51|0x0000000746600000, 0x0000000746600000, 0x0000000746800000|  0%| F|  |TAMS 0x0000000746600000, 0x0000000746600000| Untracked 
|  52|0x0000000746800000, 0x0000000746800000, 0x0000000746a00000|  0%| F|  |TAMS 0x0000000746800000, 0x0000000746800000| Untracked 
|  53|0x0000000746a00000, 0x0000000746a00000, 0x0000000746c00000|  0%| F|  |TAMS 0x0000000746a00000, 0x0000000746a00000| Untracked 
|  54|0x0000000746c00000, 0x0000000746c00000, 0x0000000746e00000|  0%| F|  |TAMS 0x0000000746c00000, 0x0000000746c00000| Untracked 
|  55|0x0000000746e00000, 0x0000000746e00000, 0x0000000747000000|  0%| F|  |TAMS 0x0000000746e00000, 0x0000000746e00000| Untracked 
|  56|0x0000000747000000, 0x0000000747000000, 0x0000000747200000|  0%| F|  |TAMS 0x0000000747000000, 0x0000000747000000| Untracked 
|  57|0x0000000747200000, 0x0000000747200000, 0x0000000747400000|  0%| F|  |TAMS 0x0000000747200000, 0x0000000747200000| Untracked 
|  58|0x0000000747400000, 0x0000000747400000, 0x0000000747600000|  0%| F|  |TAMS 0x0000000747400000, 0x0000000747400000| Untracked 
|  59|0x0000000747600000, 0x0000000747600000, 0x0000000747800000|  0%| F|  |TAMS 0x0000000747600000, 0x0000000747600000| Untracked 
|  60|0x0000000747800000, 0x0000000747800000, 0x0000000747a00000|  0%| F|  |TAMS 0x0000000747800000, 0x0000000747800000| Untracked 
|  61|0x0000000747a00000, 0x0000000747a00000, 0x0000000747c00000|  0%| F|  |TAMS 0x0000000747a00000, 0x0000000747a00000| Untracked 
|  62|0x0000000747c00000, 0x0000000747c00000, 0x0000000747e00000|  0%| F|  |TAMS 0x0000000747c00000, 0x0000000747c00000| Untracked 
|  63|0x0000000747e00000, 0x0000000747e00000, 0x0000000748000000|  0%| F|  |TAMS 0x0000000747e00000, 0x0000000747e00000| Untracked 
|  64|0x0000000748000000, 0x0000000748000000, 0x0000000748200000|  0%| F|  |TAMS 0x0000000748000000, 0x0000000748000000| Untracked 
|  65|0x0000000748200000, 0x0000000748200000, 0x0000000748400000|  0%| F|  |TAMS 0x0000000748200000, 0x0000000748200000| Untracked 
|  66|0x0000000748400000, 0x0000000748400000, 0x0000000748600000|  0%| F|  |TAMS 0x0000000748400000, 0x0000000748400000| Untracked 
|  67|0x0000000748600000, 0x0000000748600000, 0x0000000748800000|  0%| F|  |TAMS 0x0000000748600000, 0x0000000748600000| Untracked 
|  68|0x0000000748800000, 0x0000000748800000, 0x0000000748a00000|  0%| F|  |TAMS 0x0000000748800000, 0x0000000748800000| Untracked 
|  69|0x0000000748a00000, 0x0000000748a00000, 0x0000000748c00000|  0%| F|  |TAMS 0x0000000748a00000, 0x0000000748a00000| Untracked 
|  70|0x0000000748c00000, 0x0000000748c00000, 0x0000000748e00000|  0%| F|  |TAMS 0x0000000748c00000, 0x0000000748c00000| Untracked 
|  71|0x0000000748e00000, 0x0000000748e00000, 0x0000000749000000|  0%| F|  |TAMS 0x0000000748e00000, 0x0000000748e00000| Untracked 
|  72|0x0000000749000000, 0x0000000749000000, 0x0000000749200000|  0%| F|  |TAMS 0x0000000749000000, 0x0000000749000000| Untracked 
|  73|0x0000000749200000, 0x0000000749200000, 0x0000000749400000|  0%| F|  |TAMS 0x0000000749200000, 0x0000000749200000| Untracked 
|  74|0x0000000749400000, 0x0000000749400000, 0x0000000749600000|  0%| F|  |TAMS 0x0000000749400000, 0x0000000749400000| Untracked 
|  75|0x0000000749600000, 0x0000000749600000, 0x0000000749800000|  0%| F|  |TAMS 0x0000000749600000, 0x0000000749600000| Untracked 
|  76|0x0000000749800000, 0x0000000749800000, 0x0000000749a00000|  0%| F|  |TAMS 0x0000000749800000, 0x0000000749800000| Untracked 
|  77|0x0000000749a00000, 0x0000000749a00000, 0x0000000749c00000|  0%| F|  |TAMS 0x0000000749a00000, 0x0000000749a00000| Untracked 
|  78|0x0000000749c00000, 0x0000000749c00000, 0x0000000749e00000|  0%| F|  |TAMS 0x0000000749c00000, 0x0000000749c00000| Untracked 
|  79|0x0000000749e00000, 0x0000000749e00000, 0x000000074a000000|  0%| F|  |TAMS 0x0000000749e00000, 0x0000000749e00000| Untracked 
|  80|0x000000074a000000, 0x000000074a000000, 0x000000074a200000|  0%| F|  |TAMS 0x000000074a000000, 0x000000074a000000| Untracked 
|  81|0x000000074a200000, 0x000000074a200000, 0x000000074a400000|  0%| F|  |TAMS 0x000000074a200000, 0x000000074a200000| Untracked 
|  82|0x000000074a400000, 0x000000074a400000, 0x000000074a600000|  0%| F|  |TAMS 0x000000074a400000, 0x000000074a400000| Untracked 
|  83|0x000000074a600000, 0x000000074a600000, 0x000000074a800000|  0%| F|  |TAMS 0x000000074a600000, 0x000000074a600000| Untracked 
|  84|0x000000074a800000, 0x000000074a800000, 0x000000074aa00000|  0%| F|  |TAMS 0x000000074a800000, 0x000000074a800000| Untracked 
|  85|0x000000074aa00000, 0x000000074aa00000, 0x000000074ac00000|  0%| F|  |TAMS 0x000000074aa00000, 0x000000074aa00000| Untracked 
|  86|0x000000074ac00000, 0x000000074ac00000, 0x000000074ae00000|  0%| F|  |TAMS 0x000000074ac00000, 0x000000074ac00000| Untracked 
|  87|0x000000074ae00000, 0x000000074ae00000, 0x000000074b000000|  0%| F|  |TAMS 0x000000074ae00000, 0x000000074ae00000| Untracked 
|  88|0x000000074b000000, 0x000000074b000000, 0x000000074b200000|  0%| F|  |TAMS 0x000000074b000000, 0x000000074b000000| Untracked 
|  89|0x000000074b200000, 0x000000074b200000, 0x000000074b400000|  0%| F|  |TAMS 0x000000074b200000, 0x000000074b200000| Untracked 
|  90|0x000000074b400000, 0x000000074b400000, 0x000000074b600000|  0%| F|  |TAMS 0x000000074b400000, 0x000000074b400000| Untracked 
|  91|0x000000074b600000, 0x000000074b600000, 0x000000074b800000|  0%| F|  |TAMS 0x000000074b600000, 0x000000074b600000| Untracked 
|  92|0x000000074b800000, 0x000000074b800000, 0x000000074ba00000|  0%| F|  |TAMS 0x000000074b800000, 0x000000074b800000| Untracked 
|  93|0x000000074ba00000, 0x000000074ba00000, 0x000000074bc00000|  0%| F|  |TAMS 0x000000074ba00000, 0x000000074ba00000| Untracked 
|  94|0x000000074bc00000, 0x000000074bc00000, 0x000000074be00000|  0%| F|  |TAMS 0x000000074bc00000, 0x000000074bc00000| Untracked 
|  95|0x000000074be00000, 0x000000074be00000, 0x000000074c000000|  0%| F|  |TAMS 0x000000074be00000, 0x000000074be00000| Untracked 
|  96|0x000000074c000000, 0x000000074c000000, 0x000000074c200000|  0%| F|  |TAMS 0x000000074c000000, 0x000000074c000000| Untracked 
|  97|0x000000074c200000, 0x000000074c200000, 0x000000074c400000|  0%| F|  |TAMS 0x000000074c200000, 0x000000074c200000| Untracked 
|  98|0x000000074c400000, 0x000000074c400000, 0x000000074c600000|  0%| F|  |TAMS 0x000000074c400000, 0x000000074c400000| Untracked 
|  99|0x000000074c600000, 0x000000074c600000, 0x000000074c800000|  0%| F|  |TAMS 0x000000074c600000, 0x000000074c600000| Untracked 
| 100|0x000000074c800000, 0x000000074c800000, 0x000000074ca00000|  0%| F|  |TAMS 0x000000074c800000, 0x000000074c800000| Untracked 
| 101|0x000000074ca00000, 0x000000074ca00000, 0x000000074cc00000|  0%| F|  |TAMS 0x000000074ca00000, 0x000000074ca00000| Untracked 
| 102|0x000000074cc00000, 0x000000074cc00000, 0x000000074ce00000|  0%| F|  |TAMS 0x000000074cc00000, 0x000000074cc00000| Untracked 
| 103|0x000000074ce00000, 0x000000074ce00000, 0x000000074d000000|  0%| F|  |TAMS 0x000000074ce00000, 0x000000074ce00000| Untracked 
| 104|0x000000074d000000, 0x000000074d000000, 0x000000074d200000|  0%| F|  |TAMS 0x000000074d000000, 0x000000074d000000| Untracked 
| 105|0x000000074d200000, 0x000000074d200000, 0x000000074d400000|  0%| F|  |TAMS 0x000000074d200000, 0x000000074d200000| Untracked 
| 106|0x000000074d400000, 0x000000074d5fe620, 0x000000074d600000| 99%| S|CS|TAMS 0x000000074d400000, 0x000000074d400000| Complete 
| 107|0x000000074d600000, 0x000000074d800000, 0x000000074d800000|100%| S|CS|TAMS 0x000000074d600000, 0x000000074d600000| Complete 
| 108|0x000000074d800000, 0x000000074d800000, 0x000000074da00000|  0%| F|  |TAMS 0x000000074d800000, 0x000000074d800000| Untracked 
| 109|0x000000074da00000, 0x000000074da00000, 0x000000074dc00000|  0%| F|  |TAMS 0x000000074da00000, 0x000000074da00000| Untracked 
| 110|0x000000074dc00000, 0x000000074dc00000, 0x000000074de00000|  0%| F|  |TAMS 0x000000074dc00000, 0x000000074dc00000| Untracked 

Card table byte_map: [0x000001c5ea310000,0x000001c5ea910000] _byte_map_base: 0x000001c5e6910000

Marking Bits (Prev, Next): (CMBitMap*) 0x000001c5d323dc40, (CMBitMap*) 0x000001c5d323dc00
 Prev Bits: [0x000001c5edf10000, 0x000001c5f0f10000)
 Next Bits: [0x000001c5eaf10000, 0x000001c5edf10000)

Polling page: 0x000001c5d2990000

Metaspace:

Usage:
  Non-class:     62.26 MB used.
      Class:     10.05 MB used.
       Both:     72.31 MB used.

Virtual space:
  Non-class space:       64.00 MB reserved,      62.69 MB ( 98%) committed,  1 nodes.
      Class space:        1.00 GB reserved,      10.38 MB (  1%) committed,  1 nodes.
             Both:        1.06 GB reserved,      73.06 MB (  7%) committed. 

Chunk freelists:
   Non-Class:  1.17 MB
       Class:  5.53 MB
        Both:  6.70 MB

MaxMetaspaceSize: unlimited
CompressedClassSpaceSize: 1.00 GB
Initial GC threshold: 21.00 MB
Current GC threshold: 120.44 MB
CDS: on
MetaspaceReclaimPolicy: balanced
 - commit_granule_bytes: 65536.
 - commit_granule_words: 8192.
 - virtual_space_node_default_size: 8388608.
 - enlarge_chunks_in_place: 1.
 - new_chunks_are_fully_committed: 0.
 - uncommit_free_chunks: 1.
 - use_allocation_guard: 0.
 - handle_deallocations: 1.


Internal statistics:

num_allocs_failed_limit: 6.
num_arena_births: 778.
num_arena_deaths: 4.
num_vsnodes_births: 2.
num_vsnodes_deaths: 0.
num_space_committed: 1169.
num_space_uncommitted: 0.
num_chunks_returned_to_freelist: 14.
num_chunks_taken_from_freelist: 3637.
num_chunk_merges: 6.
num_chunk_splits: 2361.
num_chunks_enlarged: 1525.
num_inconsistent_stats: 0.

CodeHeap 'non-profiled nmethods': size=120000Kb used=5086Kb max_used=5086Kb free=114913Kb
 bounds [0x000001c5e27e0000, 0x000001c5e2ce0000, 0x000001c5e9d10000]
CodeHeap 'profiled nmethods': size=120000Kb used=17737Kb max_used=17737Kb free=102262Kb
 bounds [0x000001c5dad10000, 0x000001c5dbe70000, 0x000001c5e2240000]
CodeHeap 'non-nmethods': size=5760Kb used=2413Kb max_used=2463Kb free=3346Kb
 bounds [0x000001c5e2240000, 0x000001c5e24c0000, 0x000001c5e27e0000]
 total_blobs=9756 nmethods=8827 adapters=840
 compilation: enabled
              stopped_count=0, restarted_count=0
 full_count=0

Compilation events (20 events):
Event: 24.384 Thread 0x000001c5f3411680 9634       3       org.gradle.internal.resolve.result.DefaultBuildableTypedResolveResult::getResult (21 bytes)
Event: 24.384 Thread 0x000001c5f3411680 nmethod 9634 0x000001c5dbe5fd10 code [0x000001c5dbe5fee0, 0x000001c5dbe60388]
Event: 24.384 Thread 0x000001c5f3411680 9635       3       org.gradle.internal.serialize.kryo.KryoBackedEncoder::writeNullableString (9 bytes)
Event: 24.385 Thread 0x000001c5f3411680 nmethod 9635 0x000001c5dbe60510 code [0x000001c5dbe606c0, 0x000001c5dbe60828]
Event: 24.386 Thread 0x000001c5f3411680 9636       3       org.gradle.internal.resolve.result.DefaultBuildableTypedResolveResult::resolved (11 bytes)
Event: 24.387 Thread 0x000001c5f3411680 nmethod 9636 0x000001c5dbe60910 code [0x000001c5dbe60aa0, 0x000001c5dbe60c38]
Event: 24.389 Thread 0x000001c5f3411680 9637       3       java.util.LinkedHashMap$LinkedHashIterator::remove (75 bytes)
Event: 24.389 Thread 0x000001c5f3411680 nmethod 9637 0x000001c5dbe60d10 code [0x000001c5dbe60ee0, 0x000001c5dbe612a8]
Event: 24.389 Thread 0x000001c5f3411680 9638       3       org.apache.commons.lang.StringUtils::isNotEmpty (13 bytes)
Event: 24.389 Thread 0x000001c5f3411680 nmethod 9638 0x000001c5dbe61490 code [0x000001c5dbe61640, 0x000001c5dbe61958]
Event: 24.486 Thread 0x000001c5f3411680 9640       3       java.security.MessageDigest::getInstance (119 bytes)
Event: 24.487 Thread 0x000001c5f3411680 nmethod 9640 0x000001c5dbe61a90 code [0x000001c5dbe61c80, 0x000001c5dbe62348]
Event: 24.491 Thread 0x000001c5f340fe20 nmethod 9573 0x000001c5e2ccfa10 code [0x000001c5e2ccff00, 0x000001c5e2cd3a48]
Event: 24.491 Thread 0x000001c5f340fe20 9639 %     4       sun.security.provider.SHA::implCompress0 @ 137 (506 bytes)
Event: 24.509 Thread 0x000001c5f340fe20 nmethod 9639% 0x000001c5e2cd6310 code [0x000001c5e2cd64a0, 0x000001c5e2cd6e38]
Event: 24.509 Thread 0x000001c5f340fe20 9575       4       com.google.gson.stream.JsonReader::nextName (117 bytes)
Event: 24.511 Thread 0x000001c5f340fe20 nmethod 9575 0x000001c5e2cd7090 code [0x000001c5e2cd7220, 0x000001c5e2cd7448]
Event: 24.511 Thread 0x000001c5f340fe20 9582       4       com.google.gson.stream.JsonReader::peek (144 bytes)
Event: 24.512 Thread 0x000001c5f340fe20 nmethod 9582 0x000001c5e2cd7610 code [0x000001c5e2cd77a0, 0x000001c5e2cd78c8]
Event: 24.512 Thread 0x000001c5f340fe20 9588       4       java.lang.ThreadLocal::set (30 bytes)

GC Heap History (20 events):
Event: 19.811 GC heap after
{Heap after GC invocations=20 (full 0):
 garbage-first heap   total 157696K, used 82492K [0x0000000740000000, 0x0000000800000000)
  region size 2048K, 2 young (4096K), 2 survivors (4096K)
 Metaspace       used 65639K, committed 66240K, reserved 1114112K
  class space    used 9047K, committed 9344K, reserved 1048576K
}
Event: 21.209 GC heap before
{Heap before GC invocations=20 (full 0):
 garbage-first heap   total 157696K, used 102972K [0x0000000740000000, 0x0000000800000000)
  region size 2048K, 14 young (28672K), 2 survivors (4096K)
 Metaspace       used 67421K, committed 68096K, reserved 1114112K
  class space    used 9298K, committed 9600K, reserved 1048576K
}
Event: 21.227 GC heap after
{Heap after GC invocations=21 (full 0):
 garbage-first heap   total 157696K, used 84101K [0x0000000740000000, 0x0000000800000000)
  region size 2048K, 3 young (6144K), 3 survivors (6144K)
 Metaspace       used 67421K, committed 68096K, reserved 1114112K
  class space    used 9298K, committed 9600K, reserved 1048576K
}
Event: 22.399 GC heap before
{Heap before GC invocations=22 (full 0):
 garbage-first heap   total 157696K, used 131205K [0x0000000740000000, 0x0000000800000000)
  region size 2048K, 25 young (51200K), 3 survivors (6144K)
 Metaspace       used 70760K, committed 71424K, reserved 1114112K
  class space    used 9835K, committed 10176K, reserved 1048576K
}
Event: 22.408 GC heap after
{Heap after GC invocations=23 (full 0):
 garbage-first heap   total 157696K, used 89185K [0x0000000740000000, 0x0000000800000000)
  region size 2048K, 3 young (6144K), 3 survivors (6144K)
 Metaspace       used 70760K, committed 71424K, reserved 1114112K
  class space    used 9835K, committed 10176K, reserved 1048576K
}
Event: 22.845 GC heap before
{Heap before GC invocations=23 (full 0):
 garbage-first heap   total 157696K, used 130145K [0x0000000740000000, 0x0000000800000000)
  region size 2048K, 23 young (47104K), 3 survivors (6144K)
 Metaspace       used 71548K, committed 72256K, reserved 1114112K
  class space    used 9969K, committed 10304K, reserved 1048576K
}
Event: 22.857 GC heap after
{Heap after GC invocations=24 (full 0):
 garbage-first heap   total 157696K, used 92444K [0x0000000740000000, 0x0000000800000000)
  region size 2048K, 3 young (6144K), 3 survivors (6144K)
 Metaspace       used 71548K, committed 72256K, reserved 1114112K
  class space    used 9969K, committed 10304K, reserved 1048576K
}
Event: 23.344 GC heap before
{Heap before GC invocations=25 (full 0):
 garbage-first heap   total 174080K, used 117020K [0x0000000740000000, 0x0000000800000000)
  region size 2048K, 16 young (32768K), 3 survivors (6144K)
 Metaspace       used 73004K, committed 73664K, reserved 1114112K
  class space    used 10193K, committed 10496K, reserved 1048576K
}
Event: 23.352 GC heap after
{Heap after GC invocations=26 (full 0):
 garbage-first heap   total 174080K, used 94637K [0x0000000740000000, 0x0000000800000000)
  region size 2048K, 2 young (4096K), 2 survivors (4096K)
 Metaspace       used 73004K, committed 73664K, reserved 1114112K
  class space    used 10193K, committed 10496K, reserved 1048576K
}
Event: 23.577 GC heap before
{Heap before GC invocations=27 (full 0):
 garbage-first heap   total 188416K, used 113069K [0x0000000740000000, 0x0000000800000000)
  region size 2048K, 6 young (12288K), 2 survivors (4096K)
 Metaspace       used 73493K, committed 74176K, reserved 1114112K
  class space    used 10258K, committed 10560K, reserved 1048576K
}
Event: 23.581 GC heap after
{Heap after GC invocations=28 (full 0):
 garbage-first heap   total 227328K, used 94915K [0x0000000740000000, 0x0000000800000000)
  region size 2048K, 2 young (4096K), 2 survivors (4096K)
 Metaspace       used 73493K, committed 74176K, reserved 1114112K
  class space    used 10258K, committed 10560K, reserved 1048576K
}
Event: 23.674 GC heap before
{Heap before GC invocations=28 (full 0):
 garbage-first heap   total 227328K, used 103107K [0x0000000740000000, 0x0000000800000000)
  region size 2048K, 5 young (10240K), 2 survivors (4096K)
 Metaspace       used 73776K, committed 74496K, reserved 1114112K
  class space    used 10282K, committed 10624K, reserved 1048576K
}
Event: 23.680 GC heap after
{Heap after GC invocations=29 (full 0):
 garbage-first heap   total 227328K, used 95246K [0x0000000740000000, 0x0000000800000000)
  region size 2048K, 2 young (4096K), 2 survivors (4096K)
 Metaspace       used 73776K, committed 74496K, reserved 1114112K
  class space    used 10282K, committed 10624K, reserved 1048576K
}
Event: 24.285 GC heap before
{Heap before GC invocations=29 (full 0):
 garbage-first heap   total 227328K, used 125966K [0x0000000740000000, 0x0000000800000000)
  region size 2048K, 7 young (14336K), 2 survivors (4096K)
 Metaspace       used 74013K, committed 74688K, reserved 1114112K
  class space    used 10290K, committed 10624K, reserved 1048576K
}
Event: 24.291 GC heap after
{Heap after GC invocations=30 (full 0):
 garbage-first heap   total 227328K, used 96341K [0x0000000740000000, 0x0000000800000000)
  region size 2048K, 2 young (4096K), 2 survivors (4096K)
 Metaspace       used 74013K, committed 74688K, reserved 1114112K
  class space    used 10290K, committed 10624K, reserved 1048576K
}
Event: 24.437 GC heap before
{Heap before GC invocations=30 (full 0):
 garbage-first heap   total 227328K, used 122965K [0x0000000740000000, 0x0000000800000000)
  region size 2048K, 5 young (10240K), 2 survivors (4096K)
 Metaspace       used 74045K, committed 74752K, reserved 1114112K
  class space    used 10291K, committed 10624K, reserved 1048576K
}
Event: 24.443 GC heap after
{Heap after GC invocations=31 (full 0):
 garbage-first heap   total 227328K, used 96385K [0x0000000740000000, 0x0000000800000000)
  region size 2048K, 2 young (4096K), 2 survivors (4096K)
 Metaspace       used 74045K, committed 74752K, reserved 1114112K
  class space    used 10291K, committed 10624K, reserved 1048576K
}
Event: 24.451 GC heap before
{Heap before GC invocations=31 (full 0):
 garbage-first heap   total 227328K, used 98433K [0x0000000740000000, 0x0000000800000000)
  region size 2048K, 3 young (6144K), 2 survivors (4096K)
 Metaspace       used 74045K, committed 74752K, reserved 1114112K
  class space    used 10291K, committed 10624K, reserved 1048576K
}
Event: 24.457 GC heap after
{Heap after GC invocations=32 (full 0):
 garbage-first heap   total 227328K, used 96416K [0x0000000740000000, 0x0000000800000000)
  region size 2048K, 2 young (4096K), 2 survivors (4096K)
 Metaspace       used 74045K, committed 74752K, reserved 1114112K
  class space    used 10291K, committed 10624K, reserved 1048576K
}
Event: 24.514 GC heap before
{Heap before GC invocations=32 (full 0):
 garbage-first heap   total 227328K, used 118944K [0x0000000740000000, 0x0000000800000000)
  region size 2048K, 3 young (6144K), 2 survivors (4096K)
 Metaspace       used 74048K, committed 74816K, reserved 1114112K
  class space    used 10291K, committed 10624K, reserved 1048576K
}

Dll operation events (15 events):
Event: 0.010 Loaded shared library C:\Users\aplut\.gradle\jdks\eclipse_adoptium-17-amd64-windows\jdk-17.0.13+11\bin\java.dll
Event: 0.035 Loaded shared library C:\Users\aplut\.gradle\jdks\eclipse_adoptium-17-amd64-windows\jdk-17.0.13+11\bin\jsvml.dll
Event: 0.077 Loaded shared library C:\Users\aplut\.gradle\jdks\eclipse_adoptium-17-amd64-windows\jdk-17.0.13+11\bin\zip.dll
Event: 0.079 Loaded shared library C:\Users\aplut\.gradle\jdks\eclipse_adoptium-17-amd64-windows\jdk-17.0.13+11\bin\instrument.dll
Event: 0.082 Loaded shared library C:\Users\aplut\.gradle\jdks\eclipse_adoptium-17-amd64-windows\jdk-17.0.13+11\bin\net.dll
Event: 0.085 Loaded shared library C:\Users\aplut\.gradle\jdks\eclipse_adoptium-17-amd64-windows\jdk-17.0.13+11\bin\nio.dll
Event: 0.088 Loaded shared library C:\Users\aplut\.gradle\jdks\eclipse_adoptium-17-amd64-windows\jdk-17.0.13+11\bin\zip.dll
Event: 0.417 Loaded shared library C:\Users\aplut\.gradle\jdks\eclipse_adoptium-17-amd64-windows\jdk-17.0.13+11\bin\jimage.dll
Event: 0.613 Loaded shared library C:\Users\aplut\.gradle\jdks\eclipse_adoptium-17-amd64-windows\jdk-17.0.13+11\bin\verify.dll
Event: 1.043 Loaded shared library C:\Users\aplut\.gradle\native\c067742578af261105cb4f569cf0c3c89f3d7b1fecec35dd04571415982c5e48\windows-amd64\native-platform.dll
Event: 1.061 Loaded shared library C:\Users\aplut\.gradle\native\100fb08df4bc3b14c8652ba06237920a3bd2aa13389f12d3474272988ae205f9\windows-amd64\native-platform-file-events.dll
Event: 2.641 Loaded shared library C:\Users\aplut\.gradle\jdks\eclipse_adoptium-17-amd64-windows\jdk-17.0.13+11\bin\management.dll
Event: 2.647 Loaded shared library C:\Users\aplut\.gradle\jdks\eclipse_adoptium-17-amd64-windows\jdk-17.0.13+11\bin\management_ext.dll
Event: 3.097 Loaded shared library C:\Users\aplut\.gradle\jdks\eclipse_adoptium-17-amd64-windows\jdk-17.0.13+11\bin\extnet.dll
Event: 3.750 Loaded shared library C:\Users\aplut\.gradle\jdks\eclipse_adoptium-17-amd64-windows\jdk-17.0.13+11\bin\sunmscapi.dll

Deoptimization events (20 events):
Event: 23.518 Thread 0x000001c5f37f4800 DEOPT PACKING pc=0x000001c5e2c18aa4 sp=0x000000b397ff7b20
Event: 23.518 Thread 0x000001c5f37f4800 DEOPT UNPACKING pc=0x000001c5e229a1a3 sp=0x000000b397ff7ae8 mode 2
Event: 23.668 Thread 0x000001c5f37f4800 DEOPT PACKING pc=0x000001c5dbd54bfc sp=0x000000b397ff5420
Event: 23.668 Thread 0x000001c5f37f4800 DEOPT UNPACKING pc=0x000001c5e229ace3 sp=0x000000b397ff48f0 mode 0
Event: 23.668 Thread 0x000001c5f37f4800 DEOPT PACKING pc=0x000001c5dbd54bfc sp=0x000000b397ff5530
Event: 23.668 Thread 0x000001c5f37f4800 DEOPT UNPACKING pc=0x000001c5e229ace3 sp=0x000000b397ff4a10 mode 0
Event: 24.020 Thread 0x000001c5f37f4800 Uncommon trap: trap_request=0xffffff45 fr.pc=0x000001c5e2c9f7b4 relative=0x0000000000000e34
Event: 24.020 Thread 0x000001c5f37f4800 Uncommon trap: reason=unstable_if action=reinterpret pc=0x000001c5e2c9f7b4 method=com.esotericsoftware.kryo.io.Input.readUtf8(I)V @ 79 c2
Event: 24.020 Thread 0x000001c5f37f4800 DEOPT PACKING pc=0x000001c5e2c9f7b4 sp=0x000000b397ff5f50
Event: 24.020 Thread 0x000001c5f37f4800 DEOPT UNPACKING pc=0x000001c5e229a1a3 sp=0x000000b397ff5e80 mode 2
Event: 24.023 Thread 0x000001c5f37f4800 Uncommon trap: trap_request=0xffffff45 fr.pc=0x000001c5e2ba7998 relative=0x00000000000004f8
Event: 24.023 Thread 0x000001c5f37f4800 Uncommon trap: reason=unstable_if action=reinterpret pc=0x000001c5e2ba7998 method=com.esotericsoftware.kryo.io.Input.readUtf8(I)V @ 79 c2
Event: 24.023 Thread 0x000001c5f37f4800 DEOPT PACKING pc=0x000001c5e2ba7998 sp=0x000000b397ff5f00
Event: 24.023 Thread 0x000001c5f37f4800 DEOPT UNPACKING pc=0x000001c5e229a1a3 sp=0x000000b397ff5e98 mode 2
Event: 24.129 Thread 0x000001c5f37f4800 DEOPT PACKING pc=0x000001c5db9bc872 sp=0x000000b397ff6c70
Event: 24.129 Thread 0x000001c5f37f4800 DEOPT UNPACKING pc=0x000001c5e229ace3 sp=0x000000b397ff6180 mode 0
Event: 24.313 Thread 0x000001c5f37f4800 Uncommon trap: trap_request=0xffffff45 fr.pc=0x000001c5e2bebc70 relative=0x0000000000000170
Event: 24.313 Thread 0x000001c5f37f4800 Uncommon trap: reason=unstable_if action=reinterpret pc=0x000001c5e2bebc70 method=java.util.concurrent.locks.ReentrantLock$Sync.tryLock()Z @ 34 c2
Event: 24.313 Thread 0x000001c5f37f4800 DEOPT PACKING pc=0x000001c5e2bebc70 sp=0x000000b397ff73e0
Event: 24.313 Thread 0x000001c5f37f4800 DEOPT UNPACKING pc=0x000001c5e229a1a3 sp=0x000000b397ff7390 mode 2

Classes loaded (20 events):
Event: 22.499 Loading class java/io/SerializableCustomizer
Event: 22.499 Loading class java/io/SerializableCustomizer done
Event: 22.499 Loading class java/io/SerializableCustomizer
Event: 22.499 Loading class java/io/SerializableCustomizer done
Event: 22.593 Loading class sun/reflect/generics/tree/LongSignature
Event: 22.593 Loading class sun/reflect/generics/tree/LongSignature done
Event: 22.941 Loading class java/io/FilterReader
Event: 22.942 Loading class java/io/FilterReader done
Event: 23.064 Loading class sun/util/calendar/Era
Event: 23.065 Loading class sun/util/calendar/Era done
Event: 23.065 Loading class java/util/DateBeanInfo
Event: 23.065 Loading class java/util/DateBeanInfo done
Event: 23.066 Loading class java/util/DateBeanInfo
Event: 23.066 Loading class java/util/DateBeanInfo done
Event: 23.066 Loading class java/util/DateCustomizer
Event: 23.066 Loading class java/util/DateCustomizer done
Event: 23.066 Loading class java/util/DateCustomizer
Event: 23.066 Loading class java/util/DateCustomizer done
Event: 23.600 Loading class java/util/Collections$UnmodifiableSortedMap
Event: 23.600 Loading class java/util/Collections$UnmodifiableSortedMap done

Classes unloaded (7 events):
Event: 21.324 Thread 0x000001c5f33bf9f0 Unloading class 0x000001c58172c000 '_BuildScript_'
Event: 21.324 Thread 0x000001c5f33bf9f0 Unloading class 0x000001c5816b8bb8 '_BuildScript_$_run_closure2'
Event: 21.324 Thread 0x000001c5f33bf9f0 Unloading class 0x000001c5816b87d0 '_BuildScript_$_run_closure1$_closure3$_closure5'
Event: 21.324 Thread 0x000001c5f33bf9f0 Unloading class 0x000001c5816b83e8 '_BuildScript_$_run_closure1$_closure3$_closure4'
Event: 21.324 Thread 0x000001c5f33bf9f0 Unloading class 0x000001c5816b8000 '_BuildScript_$_run_closure1$_closure3'
Event: 21.324 Thread 0x000001c5f33bf9f0 Unloading class 0x000001c5816b0400 '_BuildScript_$_run_closure1'
Event: 21.324 Thread 0x000001c5f33bf9f0 Unloading class 0x000001c5816b0800 '_BuildScript_'

Classes redefined (0 events):
No events

Internal exceptions (20 events):
Event: 22.940 Thread 0x000001c5f37f4800 Exception <a 'java/lang/ClassNotFoundException'{0x00000007495d3968}: org/gradle/api/tasks/AbstractCopyTaskCustomizer> (0x00000007495d3968) 
thrown [s\src\hotspot\share\classfile\systemDictionary.cpp, line 256]
Event: 22.944 Thread 0x000001c5f37f4800 Exception <a 'java/lang/ClassNotFoundException'{0x000000074926b648}: org/gradle/api/tasks/bundling/AbstractArchiveTaskCustomizer> (0x000000074926b648) 
thrown [s\src\hotspot\share\classfile\systemDictionary.cpp, line 256]
Event: 22.950 Thread 0x000001c5f37f4800 Exception <a 'java/lang/ClassNotFoundException'{0x00000007492b9aa0}: org/gradle/api/tasks/bundling/ZipCustomizer> (0x00000007492b9aa0) 
thrown [s\src\hotspot\share\classfile\systemDictionary.cpp, line 256]
Event: 22.952 Thread 0x000001c5f37f4800 Exception <a 'java/lang/ClassNotFoundException'{0x00000007492fc580}: org/gradle/jvm/tasks/JarCustomizer> (0x00000007492fc580) 
thrown [s\src\hotspot\share\classfile\systemDictionary.cpp, line 256]
Event: 22.955 Thread 0x000001c5f37f4800 Exception <a 'java/lang/ClassNotFoundException'{0x0000000749346230}: org/gradle/api/tasks/bundling/JarCustomizer> (0x0000000749346230) 
thrown [s\src\hotspot\share\classfile\systemDictionary.cpp, line 256]
Event: 22.957 Thread 0x000001c5f37f4800 Exception <a 'java/lang/ClassNotFoundException'{0x0000000749389d10}: org/gradle/api/tasks/bundling/Jar_DecoratedCustomizer> (0x0000000749389d10) 
thrown [s\src\hotspot\share\classfile\systemDictionary.cpp, line 256]
Event: 23.046 Thread 0x000001c5f37f4800 Exception <a 'java/lang/ClassNotFoundException'{0x000000074906b5b0}: org/gradle/api/java/archives/internal/DefaultManifestBeanInfo> (0x000000074906b5b0) 
thrown [s\src\hotspot\share\classfile\systemDictionary.cpp, line 256]
Event: 23.049 Thread 0x000001c5f37f4800 Exception <a 'java/lang/ClassNotFoundException'{0x0000000749093e30}: org/gradle/api/java/archives/internal/DefaultManifestCustomizer> (0x0000000749093e30) 
thrown [s\src\hotspot\share\classfile\systemDictionary.cpp, line 256]
Event: 23.066 Thread 0x000001c5f37f4800 Exception <a 'java/lang/ClassNotFoundException'{0x00000007490e1dc8}: java/util/DateBeanInfo> (0x00000007490e1dc8) 
thrown [s\src\hotspot\share\classfile\systemDictionary.cpp, line 256]
Event: 23.066 Thread 0x000001c5f37f4800 Exception <a 'java/lang/ClassNotFoundException'{0x00000007490f1528}: java/util/DateCustomizer> (0x00000007490f1528) 
thrown [s\src\hotspot\share\classfile\systemDictionary.cpp, line 256]
Event: 23.099 Thread 0x000001c5f37f4800 Exception <a 'java/lang/NoSuchMethodError'{0x0000000749171e48}: 'void java.lang.invoke.DirectMethodHandle$Holder.invokeStatic(java.lang.Object, java.lang.Object, java.lang.Object, java.lang.Object, java.lang.Object, java.lang.Object, java.lang.Object)'> (0x0000000749171e48) 
thrown [s\src\hotspot\share\interpreter\linkResolver.cpp, line 759]
Event: 23.119 Thread 0x000001c5f37f4800 Exception <a 'java/lang/ClassNotFoundException'{0x000000074a98c0f0}: org/gradle/api/internal/tasks/DefaultRealizableTaskCollection_DecoratedBeanInfo> (0x000000074a98c0f0) 
thrown [s\src\hotspot\share\classfile\systemDictionary.cpp, line 256]
Event: 23.120 Thread 0x000001c5f37f4800 Exception <a 'java/lang/ClassNotFoundException'{0x000000074a9a0560}: org/gradle/api/internal/tasks/DefaultRealizableTaskCollectionBeanInfo> (0x000000074a9a0560) 
thrown [s\src\hotspot\share\classfile\systemDictionary.cpp, line 256]
Event: 23.120 Thread 0x000001c5f37f4800 Exception <a 'java/lang/ClassNotFoundException'{0x000000074a9b4e30}: org/gradle/api/internal/DelegatingNamedDomainObjectSetBeanInfo> (0x000000074a9b4e30) 
thrown [s\src\hotspot\share\classfile\systemDictionary.cpp, line 256]
Event: 23.121 Thread 0x000001c5f37f4800 Exception <a 'java/lang/ClassNotFoundException'{0x000000074a9ca0e8}: org/gradle/api/internal/DelegatingDomainObjectSetBeanInfo> (0x000000074a9ca0e8) 
thrown [s\src\hotspot\share\classfile\systemDictionary.cpp, line 256]
Event: 23.122 Thread 0x000001c5f37f4800 Exception <a 'java/lang/ClassNotFoundException'{0x000000074a9debb0}: org/gradle/api/internal/DelegatingDomainObjectSetCustomizer> (0x000000074a9debb0) 
thrown [s\src\hotspot\share\classfile\systemDictionary.cpp, line 256]
Event: 23.125 Thread 0x000001c5f37f4800 Exception <a 'java/lang/ClassNotFoundException'{0x000000074a60fb20}: org/gradle/api/internal/DelegatingNamedDomainObjectSetCustomizer> (0x000000074a60fb20) 
thrown [s\src\hotspot\share\classfile\systemDictionary.cpp, line 256]
Event: 23.128 Thread 0x000001c5f37f4800 Exception <a 'java/lang/ClassNotFoundException'{0x000000074a64a330}: org/gradle/api/internal/tasks/DefaultRealizableTaskCollectionCustomizer> (0x000000074a64a330) 
thrown [s\src\hotspot\share\classfile\systemDictionary.cpp, line 256]
Event: 23.131 Thread 0x000001c5f37f4800 Exception <a 'java/lang/ClassNotFoundException'{0x000000074a68eb00}: org/gradle/api/internal/tasks/DefaultRealizableTaskCollection_DecoratedCustomizer> (0x000000074a68eb00) 
thrown [s\src\hotspot\share\classfile\systemDictionary.cpp, line 256]
Event: 23.401 Thread 0x000001c5f37f4800 Implicit null exception at 0x000001c5e29961fc to 0x000001c5e299690c

VM Operations (20 events):
Event: 23.581 Executing VM operation: G1TryInitiateConcMark done
Event: 23.601 Executing VM operation: HandshakeAllThreads
Event: 23.601 Executing VM operation: HandshakeAllThreads done
Event: 23.609 Executing VM operation: HandshakeAllThreads
Event: 23.609 Executing VM operation: HandshakeAllThreads done
Event: 23.666 Executing VM operation: HandshakeAllThreads
Event: 23.666 Executing VM operation: HandshakeAllThreads done
Event: 23.674 Executing VM operation: G1TryInitiateConcMark
Event: 23.680 Executing VM operation: G1TryInitiateConcMark done
Event: 24.267 Executing VM operation: ICBufferFull
Event: 24.267 Executing VM operation: ICBufferFull done
Event: 24.267 Executing VM operation: ICBufferFull
Event: 24.267 Executing VM operation: ICBufferFull done
Event: 24.285 Executing VM operation: G1TryInitiateConcMark
Event: 24.291 Executing VM operation: G1TryInitiateConcMark done
Event: 24.436 Executing VM operation: G1TryInitiateConcMark
Event: 24.443 Executing VM operation: G1TryInitiateConcMark done
Event: 24.451 Executing VM operation: G1TryInitiateConcMark
Event: 24.458 Executing VM operation: G1TryInitiateConcMark done
Event: 24.514 Executing VM operation: G1TryInitiateConcMark

Memory protections (0 events):
No events

Nmethod flushes (20 events):
Event: 11.538 Thread 0x000001c5f3414c40 flushing  nmethod 0x000001c5db783510
Event: 11.538 Thread 0x000001c5f3414c40 flushing  nmethod 0x000001c5db783890
Event: 11.538 Thread 0x000001c5f3414c40 flushing  nmethod 0x000001c5db786310
Event: 11.538 Thread 0x000001c5f3414c40 flushing  nmethod 0x000001c5db786690
Event: 11.538 Thread 0x000001c5f3414c40 flushing  nmethod 0x000001c5db78c690
Event: 11.538 Thread 0x000001c5f3414c40 flushing  nmethod 0x000001c5db78e810
Event: 11.538 Thread 0x000001c5f3414c40 flushing  nmethod 0x000001c5db78f590
Event: 11.538 Thread 0x000001c5f3414c40 flushing  nmethod 0x000001c5db795b10
Event: 11.539 Thread 0x000001c5f3414c40 flushing  nmethod 0x000001c5db796b90
Event: 11.539 Thread 0x000001c5f3414c40 flushing  nmethod 0x000001c5db797410
Event: 11.539 Thread 0x000001c5f3414c40 flushing  nmethod 0x000001c5db798710
Event: 11.539 Thread 0x000001c5f3414c40 flushing  nmethod 0x000001c5db798a90
Event: 11.539 Thread 0x000001c5f3414c40 flushing  nmethod 0x000001c5db799790
Event: 11.539 Thread 0x000001c5f3414c40 flushing  nmethod 0x000001c5db7b7e10
Event: 11.539 Thread 0x000001c5f3414c40 flushing  nmethod 0x000001c5db7ba990
Event: 11.539 Thread 0x000001c5f3414c40 flushing  nmethod 0x000001c5db7c0890
Event: 11.539 Thread 0x000001c5f3414c40 flushing  nmethod 0x000001c5db7c1190
Event: 11.539 Thread 0x000001c5f3414c40 flushing  nmethod 0x000001c5db7c5590
Event: 11.539 Thread 0x000001c5f3414c40 flushing  nmethod 0x000001c5db7c5b90
Event: 18.973 Thread 0x000001c5f3414c40 flushing  nmethod 0x000001c5db53e490

Events (20 events):
Event: 18.701 Thread 0x000001c5f37f4800 Thread added: 0x000001c5fae199e0
Event: 18.702 Thread 0x000001c5f37f4800 Thread added: 0x000001c5fae14df0
Event: 18.913 Thread 0x000001c5f37f4800 Thread added: 0x000001c5fae18ab0
Event: 18.916 Thread 0x000001c5f37f4800 Thread added: 0x000001c5fae19ef0
Event: 18.920 Thread 0x000001c5f37f4800 Thread added: 0x000001c5fae17670
Event: 19.094 Thread 0x000001c5f37f4800 Thread added: 0x000001c5fae1a400
Event: 19.096 Thread 0x000001c5f37f4800 Thread added: 0x000001c5fae139b0
Event: 19.099 Thread 0x000001c5f37f4800 Thread added: 0x000001c5fae17b80
Event: 20.221 Thread 0x000001c5f37f4800 Thread added: 0x000001c5fae1a910
Event: 20.222 Thread 0x000001c5fae1a910 Thread exited: 0x000001c5fae1a910
Event: 20.413 Thread 0x000001c5f37f4800 Thread added: 0x000001c5fae13ec0
Event: 20.590 Thread 0x000001c5f37f4800 Thread added: 0x000001c5fae148e0
Event: 20.593 Thread 0x000001c5fae148e0 Thread exited: 0x000001c5fae148e0
Event: 21.592 Thread 0x000001c5f37f4800 Thread added: 0x000001c5fae18090
Event: 23.551 Thread 0x000001c5f37f4800 Thread added: 0x000001c5f37f2490
Event: 23.553 Thread 0x000001c5f37f4800 Thread added: 0x000001c5f37f2eb0
Event: 23.555 Thread 0x000001c5f37f4800 Thread added: 0x000001c5f93a1ec0
Event: 24.264 Thread 0x000001c5f37f4800 Thread added: 0x000001c5f93a3300
Event: 24.266 Thread 0x000001c5f37f4800 Thread added: 0x000001c5f93a14a0
Event: 24.267 Thread 0x000001c5f37f4800 Thread added: 0x000001c5f93a6fc0


Dynamic libraries:
0x00007ff7fbb70000 - 0x00007ff7fbb7e000 	C:\Users\aplut\.gradle\jdks\eclipse_adoptium-17-amd64-windows\jdk-17.0.13+11\bin\java.exe
0x00007ffa76090000 - 0x00007ffa762a7000 	C:\WINDOWS\SYSTEM32\ntdll.dll
0x00007ffa3c200000 - 0x00007ffa3c21a000 	C:\Program Files\Avast Software\Avast\aswhook.dll
0x00007ffa746c0000 - 0x00007ffa74784000 	C:\WINDOWS\System32\KERNEL32.DLL
0x00007ffa739f0000 - 0x00007ffa73da9000 	C:\WINDOWS\System32\KERNELBASE.dll
0x00007ffa738d0000 - 0x00007ffa739e1000 	C:\WINDOWS\System32\ucrtbase.dll
0x00007ffa62bf0000 - 0x00007ffa62c0e000 	C:\Users\aplut\.gradle\jdks\eclipse_adoptium-17-amd64-windows\jdk-17.0.13+11\bin\VCRUNTIME140.dll
0x00007ffa62a50000 - 0x00007ffa62a67000 	C:\Users\aplut\.gradle\jdks\eclipse_adoptium-17-amd64-windows\jdk-17.0.13+11\bin\jli.dll
0x00007ffa74190000 - 0x00007ffa7433e000 	C:\WINDOWS\System32\USER32.dll
0x00007ffa59790000 - 0x00007ffa59a22000 	C:\WINDOWS\WinSxS\amd64_microsoft.windows.common-controls_6595b64144ccf1df_6.0.22621.4391_none_2715d37f73803e96\COMCTL32.dll
0x00007ffa734b0000 - 0x00007ffa734d6000 	C:\WINDOWS\System32\win32u.dll
0x00007ffa740d0000 - 0x00007ffa74177000 	C:\WINDOWS\System32\msvcrt.dll
0x00007ffa74b80000 - 0x00007ffa74ba9000 	C:\WINDOWS\System32\GDI32.dll
0x00007ffa73390000 - 0x00007ffa734ab000 	C:\WINDOWS\System32\gdi32full.dll
0x00007ffa734e0000 - 0x00007ffa7357a000 	C:\WINDOWS\System32\msvcp_win.dll
0x00007ffa75430000 - 0x00007ffa75461000 	C:\WINDOWS\System32\IMM32.DLL
0x00007ffa67250000 - 0x00007ffa6725c000 	C:\Users\aplut\.gradle\jdks\eclipse_adoptium-17-amd64-windows\jdk-17.0.13+11\bin\vcruntime140_1.dll
0x00007ffa629c0000 - 0x00007ffa62a4d000 	C:\Users\aplut\.gradle\jdks\eclipse_adoptium-17-amd64-windows\jdk-17.0.13+11\bin\msvcp140.dll
0x00007ff9db080000 - 0x00007ff9dbceb000 	C:\Users\aplut\.gradle\jdks\eclipse_adoptium-17-amd64-windows\jdk-17.0.13+11\bin\server\jvm.dll
0x00007ffa74000000 - 0x00007ffa740b2000 	C:\WINDOWS\System32\ADVAPI32.dll
0x00007ffa75670000 - 0x00007ffa75717000 	C:\WINDOWS\System32\sechost.dll
0x00007ffa735f0000 - 0x00007ffa73618000 	C:\WINDOWS\System32\bcrypt.dll
0x00007ffa745a0000 - 0x00007ffa746b4000 	C:\WINDOWS\System32\RPCRT4.dll
0x00007ffa74950000 - 0x00007ffa749c1000 	C:\WINDOWS\System32\WS2_32.dll
0x00007ffa730b0000 - 0x00007ffa730fd000 	C:\WINDOWS\SYSTEM32\POWRPROF.dll
0x00007ffa671d0000 - 0x00007ffa67204000 	C:\WINDOWS\SYSTEM32\WINMM.dll
0x00007ffa64920000 - 0x00007ffa6492a000 	C:\WINDOWS\SYSTEM32\VERSION.dll
0x00007ffa72fc0000 - 0x00007ffa72fd3000 	C:\WINDOWS\SYSTEM32\UMPDC.dll
0x00007ffa72390000 - 0x00007ffa723a8000 	C:\WINDOWS\SYSTEM32\kernel.appcore.dll
0x00007ffa63840000 - 0x00007ffa6384a000 	C:\Users\aplut\.gradle\jdks\eclipse_adoptium-17-amd64-windows\jdk-17.0.13+11\bin\jimage.dll
0x00007ffa70980000 - 0x00007ffa70bb2000 	C:\WINDOWS\SYSTEM32\DBGHELP.DLL
0x00007ffa75ca0000 - 0x00007ffa7602f000 	C:\WINDOWS\System32\combase.dll
0x00007ffa75490000 - 0x00007ffa75567000 	C:\WINDOWS\System32\OLEAUT32.dll
0x00007ffa62db0000 - 0x00007ffa62de2000 	C:\WINDOWS\SYSTEM32\dbgcore.DLL
0x00007ffa73850000 - 0x00007ffa738cb000 	C:\WINDOWS\System32\bcryptPrimitives.dll
0x00007ffa62be0000 - 0x00007ffa62bee000 	C:\Users\aplut\.gradle\jdks\eclipse_adoptium-17-amd64-windows\jdk-17.0.13+11\bin\instrument.dll
0x00007ffa4df50000 - 0x00007ffa4df75000 	C:\Users\aplut\.gradle\jdks\eclipse_adoptium-17-amd64-windows\jdk-17.0.13+11\bin\java.dll
0x00007ffa2ed90000 - 0x00007ffa2ee67000 	C:\Users\aplut\.gradle\jdks\eclipse_adoptium-17-amd64-windows\jdk-17.0.13+11\bin\jsvml.dll
0x00007ffa74bb0000 - 0x00007ffa75426000 	C:\WINDOWS\System32\SHELL32.dll
0x00007ffa71280000 - 0x00007ffa71b83000 	C:\WINDOWS\SYSTEM32\windows.storage.dll
0x00007ffa71140000 - 0x00007ffa7127f000 	C:\WINDOWS\SYSTEM32\wintypes.dll
0x00007ffa74850000 - 0x00007ffa74949000 	C:\WINDOWS\System32\SHCORE.dll
0x00007ffa74790000 - 0x00007ffa747ee000 	C:\WINDOWS\System32\shlwapi.dll
0x00007ffa732c0000 - 0x00007ffa732eb000 	C:\WINDOWS\SYSTEM32\profapi.dll
0x00007ffa62970000 - 0x00007ffa62988000 	C:\Users\aplut\.gradle\jdks\eclipse_adoptium-17-amd64-windows\jdk-17.0.13+11\bin\zip.dll
0x00007ffa4df30000 - 0x00007ffa4df49000 	C:\Users\aplut\.gradle\jdks\eclipse_adoptium-17-amd64-windows\jdk-17.0.13+11\bin\net.dll
0x00007ffa6a540000 - 0x00007ffa6a676000 	C:\WINDOWS\SYSTEM32\WINHTTP.dll
0x00007ffa72800000 - 0x00007ffa72869000 	C:\WINDOWS\system32\mswsock.dll
0x00007ffa4df10000 - 0x00007ffa4df26000 	C:\Users\aplut\.gradle\jdks\eclipse_adoptium-17-amd64-windows\jdk-17.0.13+11\bin\nio.dll
0x00007ffa62bc0000 - 0x00007ffa62bd0000 	C:\Users\aplut\.gradle\jdks\eclipse_adoptium-17-amd64-windows\jdk-17.0.13+11\bin\verify.dll
0x00007ffa3b650000 - 0x00007ffa3b677000 	C:\Users\aplut\.gradle\native\c067742578af261105cb4f569cf0c3c89f3d7b1fecec35dd04571415982c5e48\windows-amd64\native-platform.dll
0x00007ff9fe2d0000 - 0x00007ff9fe414000 	C:\Users\aplut\.gradle\native\100fb08df4bc3b14c8652ba06237920a3bd2aa13389f12d3474272988ae205f9\windows-amd64\native-platform-file-events.dll
0x00007ffa629b0000 - 0x00007ffa629ba000 	C:\Users\aplut\.gradle\jdks\eclipse_adoptium-17-amd64-windows\jdk-17.0.13+11\bin\management.dll
0x00007ffa54ec0000 - 0x00007ffa54ecb000 	C:\Users\aplut\.gradle\jdks\eclipse_adoptium-17-amd64-windows\jdk-17.0.13+11\bin\management_ext.dll
0x00007ffa74340000 - 0x00007ffa74348000 	C:\WINDOWS\System32\PSAPI.DLL
0x00007ffa72aa0000 - 0x00007ffa72abb000 	C:\WINDOWS\SYSTEM32\CRYPTSP.dll
0x00007ffa722f0000 - 0x00007ffa72325000 	C:\WINDOWS\system32\rsaenh.dll
0x00007ffa728a0000 - 0x00007ffa728c8000 	C:\WINDOWS\SYSTEM32\USERENV.dll
0x00007ffa72a00000 - 0x00007ffa72a0c000 	C:\WINDOWS\SYSTEM32\CRYPTBASE.dll
0x00007ffa71df0000 - 0x00007ffa71e1d000 	C:\WINDOWS\SYSTEM32\IPHLPAPI.DLL
0x00007ffa740c0000 - 0x00007ffa740c9000 	C:\WINDOWS\System32\NSI.dll
0x00007ffa67c90000 - 0x00007ffa67ca9000 	C:\WINDOWS\SYSTEM32\dhcpcsvc6.DLL
0x00007ffa67c70000 - 0x00007ffa67c8f000 	C:\WINDOWS\SYSTEM32\dhcpcsvc.DLL
0x00007ffa71e20000 - 0x00007ffa71f22000 	C:\WINDOWS\SYSTEM32\DNSAPI.dll
0x00007ffa4dfb0000 - 0x00007ffa4dfb9000 	C:\Users\aplut\.gradle\jdks\eclipse_adoptium-17-amd64-windows\jdk-17.0.13+11\bin\extnet.dll
0x00007ffa4dfa0000 - 0x00007ffa4dfae000 	C:\Users\aplut\.gradle\jdks\eclipse_adoptium-17-amd64-windows\jdk-17.0.13+11\bin\sunmscapi.dll
0x00007ffa736e0000 - 0x00007ffa73846000 	C:\WINDOWS\System32\CRYPT32.dll
0x00007ffa72cb0000 - 0x00007ffa72cdd000 	C:\WINDOWS\SYSTEM32\ncrypt.dll
0x00007ffa72c70000 - 0x00007ffa72ca7000 	C:\WINDOWS\SYSTEM32\NTASN1.dll
0x00007ffa62c70000 - 0x00007ffa62c78000 	C:\WINDOWS\system32\wshunix.dll
0x000000006c660000 - 0x000000006c686000 	C:\Program Files\Bonjour\mdnsNSP.dll
0x00007ffa648c0000 - 0x00007ffa648ca000 	C:\Windows\System32\rasadhlp.dll
0x00007ffa60960000 - 0x00007ffa609e3000 	C:\WINDOWS\System32\fwpuclnt.dll

dbghelp: loaded successfully - version: 4.0.5 - missing functions: none
symbol engine: initialized successfully - sym options: 0x614 - pdb path: .;C:\Users\aplut\.gradle\jdks\eclipse_adoptium-17-amd64-windows\jdk-17.0.13+11\bin;C:\WINDOWS\SYSTEM32;C:\Program Files\Avast Software\Avast;C:\WINDOWS\WinSxS\amd64_microsoft.windows.common-controls_6595b64144ccf1df_6.0.22621.4391_none_2715d37f73803e96;C:\Users\aplut\.gradle\jdks\eclipse_adoptium-17-amd64-windows\jdk-17.0.13+11\bin\server;C:\Users\aplut\.gradle\native\c067742578af261105cb4f569cf0c3c89f3d7b1fecec35dd04571415982c5e48\windows-amd64;C:\Users\aplut\.gradle\native\100fb08df4bc3b14c8652ba06237920a3bd2aa13389f12d3474272988ae205f9\windows-amd64;C:\Program Files\Bonjour

VM Arguments:
jvm_args: --add-opens=java.base/java.util.concurrent.atomic=ALL-UNNAMED --add-opens=java.base/java.util=ALL-UNNAMED --add-opens=java.base/java.lang=ALL-UNNAMED --add-opens=java.base/java.lang.invoke=ALL-UNNAMED --add-opens=java.prefs/java.util.prefs=ALL-UNNAMED --add-opens=java.base/java.nio.charset=ALL-UNNAMED --add-opens=java.base/java.net=ALL-UNNAMED --add-opens=java.base/java.util.concurrent.atomic=ALL-UNNAMED -Xmx3G -Dfile.encoding=UTF-8 -Duser.country=PL -Duser.language=pl -Duser.variant -javaagent:C:\Users\aplut\.gradle\wrapper\dists\gradle-8.8-bin\dl7vupf4psengwqhwktix4v1\gradle-8.8\lib\agents\gradle-instrumentation-agent-8.8.jar 
java_command: org.gradle.launcher.daemon.bootstrap.GradleDaemon 8.8
java_class_path (initial): C:\Users\aplut\.gradle\wrapper\dists\gradle-8.8-bin\dl7vupf4psengwqhwktix4v1\gradle-8.8\lib\gradle-launcher-8.8.jar
Launcher Type: SUN_STANDARD

[Global flags]
     intx CICompilerCount                          = 3                                         {product} {ergonomic}
     uint ConcGCThreads                            = 1                                         {product} {ergonomic}
     uint G1ConcRefinementThreads                  = 4                                         {product} {ergonomic}
   size_t G1HeapRegionSize                         = 2097152                                   {product} {ergonomic}
    uintx GCDrainStackTargetSize                   = 64                                        {product} {ergonomic}
   size_t InitialHeapSize                          = 130023424                                 {product} {ergonomic}
   size_t MarkStackSize                            = 4194304                                   {product} {ergonomic}
   size_t MaxHeapSize                              = 3221225472                                {product} {command line}
   size_t MaxNewSize                               = 1931476992                                {product} {ergonomic}
   size_t MinHeapDeltaBytes                        = 2097152                                   {product} {ergonomic}
   size_t MinHeapSize                              = 8388608                                   {product} {ergonomic}
    uintx NonNMethodCodeHeapSize                   = 5832780                                {pd product} {ergonomic}
    uintx NonProfiledCodeHeapSize                  = 122912730                              {pd product} {ergonomic}
    uintx ProfiledCodeHeapSize                     = 122912730                              {pd product} {ergonomic}
    uintx ReservedCodeCacheSize                    = 251658240                              {pd product} {ergonomic}
     bool SegmentedCodeCache                       = true                                      {product} {ergonomic}
   size_t SoftMaxHeapSize                          = 3221225472                             {manageable} {ergonomic}
     bool UseCompressedClassPointers               = true                           {product lp64_product} {ergonomic}
     bool UseCompressedOops                        = true                           {product lp64_product} {ergonomic}
     bool UseG1GC                                  = true                                      {product} {ergonomic}
     bool UseLargePagesIndividualAllocation        = false                                  {pd product} {ergonomic}

Logging:
Log output configuration:
 #0: stdout all=warning uptime,level,tags
 #1: stderr all=off uptime,level,tags

Environment Variables:
PATH=C:\Program Files\Eclipse Adoptium\jdk-17.0.13.11-hotspot\bin;C:\Users\aplut\OneDrive\Pulpit\PythonFlask\Scripts\;C:\Users\aplut\OneDrive\Pulpit\PythonFlask\;C:\Program Files\Oculus\Support\oculus-runtime;C:\PROGRA~2\Borland\CBUILD~1\Bin;C:\PROGRA~2\Borland\CBUILD~1\Projects\Bpl;C:\Program Files\Common Files\Oracle\Java\javapath;C:\Program Files (x86)\Common Files\Oracle\Java\java8path;C:\Program Files (x86)\Common Files\Oracle\Java\javapath;C:\Program Files (x86)\VMware\VMware Player\bin\;C:\Program Files\Microsoft\jdk-11.0.12.7-hotspot\bin;C:\WINDOWS\system32;C:\WINDOWS;C:\WINDOWS\System32\Wbem;C:\WINDOWS\System32\WindowsPowerShell\v1.0\;C:\WINDOWS\System32\OpenSSH\;C:\Program Files\Microsoft SQL Server\150\Tools\Binn\;C:\Program Files\dotnet\;C:\Program Files (x86)\Yarn\bin\;C:\Program Files\HP\HP One Agent;C:\Program Files\Docker\Docker\resources\bin;C:\Program Files\nodejs\;C:\Program Files\Microsoft SQL Server\120\Tools\Binn\;C:\Program Files\Git\cmd;C:\Users\aplut\.cargo\bin;C:\Ruby27-x64\bin;C:\Users\aplut\AppData\Local\Microsoft\WindowsApps;C:\Users\aplut\.dotnet\tools;%JAVA_HOME%\bin;C:\Users\aplut\AppData\Local\Programs\Microsoft VS Code\bin;C:\Users\aplut\AppData\Local\Yarn\bin;C:\ProgramData\aplut\GitHubDesktop\bin;C:\Users\aplut\AppData\Roaming\npm;C:\xampp\php;C:\Users\aplut\composer;C:\Users\aplut\AppData\Roaming\Composer\vendor\bin;C:\Users\aplut\AppData\Local\Muse Hub\lib;C:\Program Files\Oracle\VirtualBox;C:\Users\aplut\IntelliJ IDEA Community Edition 2024.3\bin;;C:\Gradle\bin;C:\Users\aplut\AppData\Local\GitHubDesktop\bin
USERNAME=aplut
OS=Windows_NT
PROCESSOR_IDENTIFIER=Intel64 Family 6 Model 140 Stepping 1, GenuineIntel
TMP=C:\Users\aplut\AppData\Local\Temp
TEMP=C:\Users\aplut\AppData\Local\Temp



Periodic native trim disabled


---------------  S Y S T E M  ---------------

OS:
 Windows 11 , 64 bit Build 22621 (10.0.22621.4391)
OS uptime: 0 days 10:33 hours
Hyper-V role detected

CPU: total 4 (initial active 4) (2 cores per cpu, 2 threads per core) family 6 model 140 stepping 1 microcode 0xac, cx8, cmov, fxsr, ht, mmx, 3dnowpref, sse, sse2, sse3, ssse3, sse4.1, sse4.2, popcnt, lzcnt, tsc, tscinvbit, avx, avx2, aes, erms, clmul, bmi1, bmi2, adx, avx512f, avx512dq, avx512cd, avx512bw, avx512vl, sha, fma, vzeroupper, avx512_vpopcntdq, avx512_vpclmulqdq, avx512_vaes, avx512_vnni, clflush, clflushopt, clwb, avx512_vbmi2, avx512_vbmi, hv
Processor Information for all 4 processors :
  Max Mhz: 2995, Current Mhz: 2995, Mhz Limit: 2995

Memory: 4k page, system-wide physical 7932M (283M free)
TotalPageFile size 16932M (AvailPageFile size 93M)
current process WorkingSet (physical memory assigned to process): 447M, peak: 447M
current process commit charge ("private bytes"): 513M, peak: 763M

vm_info: OpenJDK 64-Bit Server VM (17.0.13+11) for windows-amd64 JRE (17.0.13+11), built on Oct 16 2024 00:10:08 by "admin" with MS VC++ 17.7 (VS2022)

END.
