#
# There is insufficient memory for the Java Runtime Environment to continue.
# Native memory allocation (mmap) failed to map 356515840 bytes. Error detail: G1 virtual space
# Possible reasons:
#   The system is out of physical RAM or swap space
#   This process is running with CompressedOops enabled, and the Java Heap may be blocking the growth of the native heap
# Possible solutions:
#   Reduce memory load on the system
#   Increase physical memory or swap space
#   Check if swap backing store is full
#   Decrease Java heap size (-Xmx/-Xms)
#   Decrease number of Java threads
#   Decrease Java thread stack sizes (-Xss)
#   Set larger code cache with -XX:ReservedCodeCacheSize=
#   JVM is running with Zero Based Compressed Oops mode in which the Java heap is
#     placed in the first 32GB address space. The Java Heap base address is the
#     maximum limit for the native heap growth. Please use -XX:HeapBaseMinAddress
#     to set the Java Heap base and to place the Java Heap above 32GB virtual address.
# This output file may be truncated or incomplete.
#
#  Out of Memory Error (os_windows.cpp:3614), pid=21496, tid=5792
#
# JRE version: OpenJDK Runtime Environment Temurin-17.0.13+11 (17.0.13+11) (build 17.0.13+11)
# Java VM: OpenJDK 64-Bit Server VM Temurin-17.0.13+11 (17.0.13+11, mixed mode, sharing, tiered, compressed oops, compressed class ptrs, g1 gc, windows-amd64)
# No core dump will be written. Minidumps are not enabled by default on client versions of Windows
#

---------------  S U M M A R Y ------------

Command Line: --add-opens=java.base/java.util.concurrent.atomic=ALL-UNNAMED --add-opens=java.base/java.util=ALL-UNNAMED --add-opens=java.base/java.lang=ALL-UNNAMED --add-opens=java.base/java.lang.invoke=ALL-UNNAMED --add-opens=java.prefs/java.util.prefs=ALL-UNNAMED --add-opens=java.base/java.nio.charset=ALL-UNNAMED --add-opens=java.base/java.net=ALL-UNNAMED --add-opens=java.base/java.util.concurrent.atomic=ALL-UNNAMED -Xmx3G -Dfile.encoding=UTF-8 -Duser.country=PL -Duser.language=pl -Duser.variant -javaagent:C:\Users\aplut\.gradle\wrapper\dists\gradle-8.8-bin\dl7vupf4psengwqhwktix4v1\gradle-8.8\lib\agents\gradle-instrumentation-agent-8.8.jar org.gradle.launcher.daemon.bootstrap.GradleDaemon 8.8

Host: 11th Gen Intel(R) Core(TM) i3-1115G4 @ 3.00GHz, 4 cores, 7G,  Windows 11 , 64 bit Build 22621 (10.0.22621.4391)
Time: Wed Dec  4 20:20:18 2024  Windows 11 , 64 bit Build 22621 (10.0.22621.4391) elapsed time: 63.763705 seconds (0d 0h 1m 3s)

---------------  T H R E A D  ---------------

Current thread (0x0000021b7ff12740):  VMThread "VM Thread" [stack: 0x000000fc88d00000,0x000000fc88e00000] [id=5792]

Stack: [0x000000fc88d00000,0x000000fc88e00000]
Native frames: (J=compiled Java code, j=interpreted, Vv=VM code, C=native code)
V  [jvm.dll+0x682a19]
V  [jvm.dll+0x839538]
V  [jvm.dll+0x83afe3]
V  [jvm.dll+0x83b653]
V  [jvm.dll+0x24704f]
V  [jvm.dll+0x67f809]
V  [jvm.dll+0x6746fa]
V  [jvm.dll+0x304a96]
V  [jvm.dll+0x30bf56]
V  [jvm.dll+0x35da5e]
V  [jvm.dll+0x35dc9d]
V  [jvm.dll+0x2dbe5c]
V  [jvm.dll+0x2da1ff]
V  [jvm.dll+0x2d996c]
V  [jvm.dll+0x31d14b]
V  [jvm.dll+0x83fe8d]
V  [jvm.dll+0x840bc3]
V  [jvm.dll+0x8410ef]
V  [jvm.dll+0x8414d4]
V  [jvm.dll+0x84159e]
V  [jvm.dll+0x7e8ffc]
V  [jvm.dll+0x6818f7]
C  [ucrtbase.dll+0x29333]
C  [KERNEL32.DLL+0x1259d]
C  [ntdll.dll+0x5af38]

VM_Operation (0x000000fc8a4f5540): G1CollectForAllocation, mode: safepoint, requested by thread 0x0000021b637a7430


---------------  P R O C E S S  ---------------

Threads class SMR info:
_java_thread_list=0x0000021b65cc49e0, length=77, elements={
0x0000021b7c7a3a50, 0x0000021b7ff15820, 0x0000021b7ff163e0, 0x0000021b7ff2cdd0,
0x0000021b7ff2d8a0, 0x0000021b7ff30470, 0x0000021b7ff34f90, 0x0000021b7ff41930,
0x0000021b7ff4a300, 0x0000021b7ff5d4d0, 0x0000021b1cc63c80, 0x0000021b1cdaceb0,
0x0000021b6347b170, 0x0000021b63778980, 0x0000021b63192c90, 0x0000021b628c18d0,
0x0000021b6377cee0, 0x0000021b6377d3c0, 0x0000021b637a7430, 0x0000021b63844f90,
0x0000021b638454a0, 0x0000021b63844060, 0x0000021b63844a80, 0x0000021b63846df0,
0x0000021b638463d0, 0x0000021b638459b0, 0x0000021b63845ec0, 0x0000021b638468e0,
0x0000021b63847300, 0x0000021b63847810, 0x0000021b65c39620, 0x0000021b65c34a30,
0x0000021b65c39b30, 0x0000021b65c33b00, 0x0000021b65c326c0, 0x0000021b65c35450,
0x0000021b65c381e0, 0x0000021b65c3a040, 0x0000021b65c335f0, 0x0000021b65c38c00,
0x0000021b65c32bd0, 0x0000021b65c34520, 0x0000021b65c330e0, 0x0000021b65c34f40,
0x0000021b65c386f0, 0x0000021b65c37cd0, 0x0000021b65c35960, 0x0000021b65c35e70,
0x0000021b65c36380, 0x0000021b65c372b0, 0x0000021b65c36da0, 0x0000021b65c377c0,
0x0000021b62168200, 0x0000021b621663a0, 0x0000021b62167cf0, 0x0000021b62164540,
0x0000021b621672d0, 0x0000021b6216aa80, 0x0000021b62166dc0, 0x0000021b62169640,
0x0000021b62165470, 0x0000021b6216a570, 0x0000021b6216af90, 0x0000021b6216a060,
0x0000021b62165980, 0x0000021b62165e90, 0x0000021b62169b50, 0x0000021b6216b9b0,
0x0000021b6216bec0, 0x0000021b62164f60, 0x0000021b621677e0, 0x0000021b62164a50,
0x0000021b62168710, 0x0000021b62168c20, 0x0000021b65aafb70, 0x0000021b65aab490,
0x0000021b65ab14c0
}

Java Threads: ( => current thread )
  0x0000021b7c7a3a50 JavaThread "main" [_thread_blocked, id=26184, stack(0x000000fc88700000,0x000000fc88800000)]
  0x0000021b7ff15820 JavaThread "Reference Handler" daemon [_thread_blocked, id=7620, stack(0x000000fc88e00000,0x000000fc88f00000)]
  0x0000021b7ff163e0 JavaThread "Finalizer" daemon [_thread_blocked, id=21032, stack(0x000000fc88f00000,0x000000fc89000000)]
  0x0000021b7ff2cdd0 JavaThread "Signal Dispatcher" daemon [_thread_blocked, id=19980, stack(0x000000fc89000000,0x000000fc89100000)]
  0x0000021b7ff2d8a0 JavaThread "Attach Listener" daemon [_thread_blocked, id=16660, stack(0x000000fc89100000,0x000000fc89200000)]
  0x0000021b7ff30470 JavaThread "Service Thread" daemon [_thread_blocked, id=16968, stack(0x000000fc89200000,0x000000fc89300000)]
  0x0000021b7ff34f90 JavaThread "Monitor Deflation Thread" daemon [_thread_blocked, id=18676, stack(0x000000fc89300000,0x000000fc89400000)]
  0x0000021b7ff41930 JavaThread "C2 CompilerThread0" daemon [_thread_blocked, id=20416, stack(0x000000fc89400000,0x000000fc89500000)]
  0x0000021b7ff4a300 JavaThread "C1 CompilerThread0" daemon [_thread_blocked, id=20776, stack(0x000000fc89500000,0x000000fc89600000)]
  0x0000021b7ff5d4d0 JavaThread "Sweeper thread" daemon [_thread_blocked, id=5512, stack(0x000000fc89600000,0x000000fc89700000)]
  0x0000021b1cc63c80 JavaThread "Common-Cleaner" daemon [_thread_blocked, id=22016, stack(0x000000fc89700000,0x000000fc89800000)]
  0x0000021b1cdaceb0 JavaThread "Notification Thread" daemon [_thread_blocked, id=21596, stack(0x000000fc89800000,0x000000fc89900000)]
  0x0000021b6347b170 JavaThread "Daemon health stats" [_thread_blocked, id=25284, stack(0x000000fc89e00000,0x000000fc89f00000)]
  0x0000021b63778980 JavaThread "Incoming local TCP Connector on port 59517" [_thread_in_native, id=26416, stack(0x000000fc89f00000,0x000000fc8a000000)]
  0x0000021b63192c90 JavaThread "Daemon periodic checks" [_thread_blocked, id=18708, stack(0x000000fc8a000000,0x000000fc8a100000)]
  0x0000021b628c18d0 JavaThread "Daemon" [_thread_blocked, id=25776, stack(0x000000fc8a100000,0x000000fc8a200000)]
  0x0000021b6377cee0 JavaThread "Handler for socket connection from /127.0.0.1:59517 to /127.0.0.1:59518" [_thread_in_native, id=19792, stack(0x000000fc8a200000,0x000000fc8a300000)]
  0x0000021b6377d3c0 JavaThread "Cancel handler" [_thread_blocked, id=19296, stack(0x000000fc8a300000,0x000000fc8a400000)]
  0x0000021b637a7430 JavaThread "Daemon worker" [_thread_blocked, id=26996, stack(0x000000fc8a400000,0x000000fc8a500000)]
  0x0000021b63844f90 JavaThread "Asynchronous log dispatcher for DefaultDaemonConnection: socket connection from /127.0.0.1:59517 to /127.0.0.1:59518" [_thread_blocked, id=22732, stack(0x000000fc8a500000,0x000000fc8a600000)]
  0x0000021b638454a0 JavaThread "Stdin handler" [_thread_blocked, id=20884, stack(0x000000fc8a600000,0x000000fc8a700000)]
  0x0000021b63844060 JavaThread "Daemon client event forwarder" [_thread_blocked, id=14920, stack(0x000000fc8a700000,0x000000fc8a800000)]
  0x0000021b63844a80 JavaThread "Cache worker for journal cache (C:\Users\aplut\.gradle\caches\journal-1)" [_thread_blocked, id=26324, stack(0x000000fc8a800000,0x000000fc8a900000)]
  0x0000021b63846df0 JavaThread "File lock request listener" [_thread_in_native, id=18596, stack(0x000000fc8a900000,0x000000fc8aa00000)]
  0x0000021b638463d0 JavaThread "Cache worker for file hash cache (C:\Users\aplut\.gradle\caches\8.8\fileHashes)" [_thread_blocked, id=11092, stack(0x000000fc8aa00000,0x000000fc8ab00000)]
  0x0000021b638459b0 JavaThread "Cache worker for file hash cache (C:\Users\aplut\OneDrive\Projekty\Mods\Creativity\.gradle\8.8\fileHashes)" [_thread_blocked, id=24680, stack(0x000000fc89c00000,0x000000fc89d00000)]
  0x0000021b63845ec0 JavaThread "File watcher server" daemon [_thread_in_native, id=23648, stack(0x000000fc8ac00000,0x000000fc8ad00000)]
  0x0000021b638468e0 JavaThread "File watcher consumer" daemon [_thread_blocked, id=20216, stack(0x000000fc8ad00000,0x000000fc8ae00000)]
  0x0000021b63847300 JavaThread "jar transforms" [_thread_blocked, id=25256, stack(0x000000fc8ae00000,0x000000fc8af00000)]
  0x0000021b63847810 JavaThread "jar transforms Thread 2" [_thread_blocked, id=12992, stack(0x000000fc8af00000,0x000000fc8b000000)]
  0x0000021b65c39620 JavaThread "jar transforms Thread 3" [_thread_blocked, id=21336, stack(0x000000fc8b000000,0x000000fc8b100000)]
  0x0000021b65c34a30 JavaThread "jar transforms Thread 4" [_thread_blocked, id=9796, stack(0x000000fc8b100000,0x000000fc8b200000)]
  0x0000021b65c39b30 JavaThread "Cache worker for checksums cache (C:\Users\aplut\OneDrive\Projekty\Mods\Creativity\.gradle\8.8\checksums)" [_thread_blocked, id=12508, stack(0x000000fc8b200000,0x000000fc8b300000)]
  0x0000021b65c33b00 JavaThread "Cache worker for file content cache (C:\Users\aplut\.gradle\caches\8.8\fileContent)" [_thread_blocked, id=8256, stack(0x000000fc8b300000,0x000000fc8b400000)]
  0x0000021b65c326c0 JavaThread "Cache worker for cache directory md-rule (C:\Users\aplut\.gradle\caches\8.8\md-rule)" [_thread_blocked, id=25156, stack(0x000000fc8b400000,0x000000fc8b500000)]
  0x0000021b65c35450 JavaThread "Cache worker for cache directory md-supplier (C:\Users\aplut\.gradle\caches\8.8\md-supplier)" [_thread_blocked, id=3468, stack(0x000000fc8b500000,0x000000fc8b600000)]
  0x0000021b65c381e0 JavaThread "Unconstrained build operations" [_thread_blocked, id=26212, stack(0x000000fc8ab00000,0x000000fc8ac00000)]
  0x0000021b65c3a040 JavaThread "Unconstrained build operations Thread 2" [_thread_blocked, id=22056, stack(0x000000fc8b600000,0x000000fc8b700000)]
  0x0000021b65c335f0 JavaThread "Unconstrained build operations Thread 3" [_thread_blocked, id=14820, stack(0x000000fc8b700000,0x000000fc8b800000)]
  0x0000021b65c38c00 JavaThread "Unconstrained build operations Thread 4" [_thread_blocked, id=24520, stack(0x000000fc8b800000,0x000000fc8b900000)]
  0x0000021b65c32bd0 JavaThread "Unconstrained build operations Thread 5" [_thread_blocked, id=4716, stack(0x000000fc8b900000,0x000000fc8ba00000)]
  0x0000021b65c34520 JavaThread "Unconstrained build operations Thread 6" [_thread_blocked, id=22624, stack(0x000000fc8ba00000,0x000000fc8bb00000)]
  0x0000021b65c330e0 JavaThread "Unconstrained build operations Thread 7" [_thread_blocked, id=16324, stack(0x000000fc8bb00000,0x000000fc8bc00000)]
  0x0000021b65c34f40 JavaThread "Unconstrained build operations Thread 8" [_thread_blocked, id=20736, stack(0x000000fc8bc00000,0x000000fc8bd00000)]
  0x0000021b65c386f0 JavaThread "Unconstrained build operations Thread 9" [_thread_blocked, id=22368, stack(0x000000fc8bd00000,0x000000fc8be00000)]
  0x0000021b65c37cd0 JavaThread "Unconstrained build operations Thread 10" [_thread_blocked, id=25944, stack(0x000000fc8be00000,0x000000fc8bf00000)]
  0x0000021b65c35960 JavaThread "Unconstrained build operations Thread 11" [_thread_blocked, id=27260, stack(0x000000fc8bf00000,0x000000fc8c000000)]
  0x0000021b65c35e70 JavaThread "Unconstrained build operations Thread 12" [_thread_blocked, id=26508, stack(0x000000fc8c000000,0x000000fc8c100000)]
  0x0000021b65c36380 JavaThread "Cache worker for Build Output Cleanup Cache (C:\Users\aplut\OneDrive\Projekty\Mods\Creativity\.gradle\buildOutputCleanup)" [_thread_blocked, id=6716, stack(0x000000fc8c100000,0x000000fc8c200000)]
  0x0000021b65c372b0 JavaThread "Unconstrained build operations Thread 13" [_thread_blocked, id=21148, stack(0x000000fc8c200000,0x000000fc8c300000)]
  0x0000021b65c36da0 JavaThread "Unconstrained build operations Thread 14" [_thread_blocked, id=4812, stack(0x000000fc8c300000,0x000000fc8c400000)]
  0x0000021b65c377c0 JavaThread "Unconstrained build operations Thread 15" [_thread_blocked, id=25096, stack(0x000000fc8c400000,0x000000fc8c500000)]
  0x0000021b62168200 JavaThread "Unconstrained build operations Thread 16" [_thread_blocked, id=25020, stack(0x000000fc8c500000,0x000000fc8c600000)]
  0x0000021b621663a0 JavaThread "Unconstrained build operations Thread 17" [_thread_blocked, id=14780, stack(0x000000fc8c600000,0x000000fc8c700000)]
  0x0000021b62167cf0 JavaThread "Unconstrained build operations Thread 18" [_thread_blocked, id=9076, stack(0x000000fc8c700000,0x000000fc8c800000)]
  0x0000021b62164540 JavaThread "Unconstrained build operations Thread 19" [_thread_blocked, id=26912, stack(0x000000fc8c800000,0x000000fc8c900000)]
  0x0000021b621672d0 JavaThread "Unconstrained build operations Thread 20" [_thread_blocked, id=27320, stack(0x000000fc8c900000,0x000000fc8ca00000)]
  0x0000021b6216aa80 JavaThread "Unconstrained build operations Thread 21" [_thread_blocked, id=27212, stack(0x000000fc8ca00000,0x000000fc8cb00000)]
  0x0000021b62166dc0 JavaThread "Memory manager" [_thread_blocked, id=9692, stack(0x000000fc8ce00000,0x000000fc8cf00000)]
  0x0000021b62169640 JavaThread "Unconstrained build operations Thread 22" [_thread_blocked, id=15872, stack(0x000000fc8cb00000,0x000000fc8cc00000)]
  0x0000021b62165470 JavaThread "Unconstrained build operations Thread 23" [_thread_blocked, id=26300, stack(0x000000fc8cf00000,0x000000fc8d000000)]
  0x0000021b6216a570 JavaThread "Unconstrained build operations Thread 24" [_thread_blocked, id=23924, stack(0x000000fc8d000000,0x000000fc8d100000)]
  0x0000021b6216af90 JavaThread "Unconstrained build operations Thread 25" [_thread_blocked, id=12888, stack(0x000000fc8d100000,0x000000fc8d200000)]
  0x0000021b6216a060 JavaThread "Unconstrained build operations Thread 26" [_thread_blocked, id=26540, stack(0x000000fc8d200000,0x000000fc8d300000)]
  0x0000021b62165980 JavaThread "Unconstrained build operations Thread 27" [_thread_blocked, id=18260, stack(0x000000fc8d300000,0x000000fc8d400000)]
  0x0000021b62165e90 JavaThread "included builds" [_thread_blocked, id=18696, stack(0x000000fc8d700000,0x000000fc8d800000)]
  0x0000021b62169b50 JavaThread "Execution worker" [_thread_blocked, id=25836, stack(0x000000fc8d800000,0x000000fc8d900000)]
  0x0000021b6216b9b0 JavaThread "Execution worker Thread 2" [_thread_blocked, id=10940, stack(0x000000fc8d900000,0x000000fc8da00000)]
  0x0000021b6216bec0 JavaThread "Execution worker Thread 3" [_thread_blocked, id=13800, stack(0x000000fc8da00000,0x000000fc8db00000)]
  0x0000021b62164f60 JavaThread "Cache worker for execution history cache (C:\Users\aplut\OneDrive\Projekty\Mods\Creativity\.gradle\8.8\executionHistory)" [_thread_blocked, id=20136, stack(0x000000fc8db00000,0x000000fc8dc00000)]
  0x0000021b621677e0 JavaThread "ForkJoinPool.commonPool-worker-1" daemon [_thread_blocked, id=25936, stack(0x000000fc88400000,0x000000fc88500000)]
  0x0000021b62164a50 JavaThread "ForkJoinPool.commonPool-worker-2" daemon [_thread_blocked, id=16988, stack(0x000000fc88500000,0x000000fc88600000)]
  0x0000021b62168710 JavaThread "ForkJoinPool.commonPool-worker-3" daemon [_thread_blocked, id=26408, stack(0x000000fc88600000,0x000000fc88700000)]
  0x0000021b62168c20 JavaThread "Exec process" daemon [_thread_blocked, id=21280, stack(0x000000fc8d500000,0x000000fc8d600000)]
  0x0000021b65aafb70 JavaThread "Exec process Thread 2" daemon [_thread_blocked, id=18348, stack(0x000000fc8d600000,0x000000fc8d700000)]
  0x0000021b65aab490 JavaThread "Exec process Thread 3" daemon [_thread_blocked, id=26936, stack(0x000000fc8dc00000,0x000000fc8dd00000)]
  0x0000021b65ab14c0 JavaThread "idea-tooling-model-converter" [_thread_blocked, id=25968, stack(0x000000fc8dd00000,0x000000fc8de00000)]

Other Threads:
=>0x0000021b7ff12740 VMThread "VM Thread" [stack: 0x000000fc88d00000,0x000000fc88e00000] [id=5792]
  0x0000021b1cdad390 WatcherThread [stack: 0x000000fc89900000,0x000000fc89a00000] [id=12336]
  0x0000021b7c7fbf80 GCTaskThread "GC Thread#0" [stack: 0x000000fc88800000,0x000000fc88900000] [id=10024]
  0x0000021b1cfa63e0 GCTaskThread "GC Thread#1" [stack: 0x000000fc89a00000,0x000000fc89b00000] [id=22992]
  0x0000021b620c4290 GCTaskThread "GC Thread#2" [stack: 0x000000fc89b00000,0x000000fc89c00000] [id=25700]
  0x0000021b6209dac0 GCTaskThread "GC Thread#3" [stack: 0x000000fc89d00000,0x000000fc89e00000] [id=25816]
  0x0000021b7c808ed0 ConcurrentGCThread "G1 Main Marker" [stack: 0x000000fc88900000,0x000000fc88a00000] [id=26628]
  0x0000021b7c80a090 ConcurrentGCThread "G1 Conc#0" [stack: 0x000000fc88a00000,0x000000fc88b00000] [id=3848]
  0x0000021b7c844650 ConcurrentGCThread "G1 Refine#0" [stack: 0x000000fc88b00000,0x000000fc88c00000] [id=3276]
  0x0000021b66951d30 ConcurrentGCThread "G1 Refine#1" [stack: 0x000000fc8de00000,0x000000fc8df00000] [id=22676]
  0x0000021b66952020 ConcurrentGCThread "G1 Refine#2" [stack: 0x000000fc8df00000,0x000000fc8e000000] [id=21400]
  0x0000021b66951170 ConcurrentGCThread "G1 Refine#3" [stack: 0x000000fc8e000000,0x000000fc8e100000] [id=2936]
  0x0000021b7c845080 ConcurrentGCThread "G1 Service" [stack: 0x000000fc88c00000,0x000000fc88d00000] [id=15732]

Threads with active compile tasks:
C2 CompilerThread0    63813 10158       4       java.util.Collections$UnmodifiableCollection::size (10 bytes)

VM state: at safepoint (normal execution)

VM Mutex/Monitor currently owned by a thread:  ([mutex/lock_event])
[0x0000021b7c79e6f0] Threads_lock - owner thread: 0x0000021b7ff12740
[0x0000021b7c79f470] Heap_lock - owner thread: 0x0000021b637a7430

Heap address: 0x0000000740000000, size: 3072 MB, Compressed Oops mode: Zero based, Oop shift amount: 3

CDS archive(s) mapped at: [0x0000021b1d000000-0x0000021b1dbb0000-0x0000021b1dbb0000), size 12255232, SharedBaseAddress: 0x0000021b1d000000, ArchiveRelocationMode: 1.
Compressed class space mapped at: 0x0000021b1e000000-0x0000021b5e000000, reserved size: 1073741824
Narrow klass base: 0x0000021b1d000000, Narrow klass shift: 0, Narrow klass range: 0x100000000

GC Precious Log:
 CPUs: 4 total, 4 available
 Memory: 7932M
 Large Page Support: Disabled
 NUMA Support: Disabled
 Compressed Oops: Enabled (Zero based)
 Heap Region Size: 2M
 Heap Min Capacity: 8M
 Heap Initial Capacity: 124M
 Heap Max Capacity: 3G
 Pre-touch: Disabled
 Parallel Workers: 4
 Concurrent Workers: 1
 Concurrent Refinement Workers: 4
 Periodic GC: Disabled

Heap:
 garbage-first heap   total 239616K, used 193580K [0x0000000740000000, 0x0000000800000000)
  region size 2048K, 1 young (2048K), 1 survivors (2048K)
 Metaspace       used 78455K, committed 79168K, reserved 1179648K
  class space    used 10902K, committed 11264K, reserved 1048576K

Heap Regions: E=young(eden), S=young(survivor), O=old, HS=humongous(starts), HC=humongous(continues), CS=collection set, F=free, OA=open archive, CA=closed archive, TAMS=top-at-mark-start (previous, next)
|   0|0x0000000740000000, 0x0000000740200000, 0x0000000740200000|100%|HS|  |TAMS 0x0000000740200000, 0x0000000740200000| Complete 
|   1|0x0000000740200000, 0x0000000740400000, 0x0000000740400000|100%|HC|  |TAMS 0x0000000740400000, 0x0000000740400000| Complete 
|   2|0x0000000740400000, 0x0000000740600000, 0x0000000740600000|100%| O|  |TAMS 0x0000000740600000, 0x0000000740600000| Untracked 
|   3|0x0000000740600000, 0x0000000740800000, 0x0000000740800000|100%| O|  |TAMS 0x0000000740800000, 0x0000000740800000| Untracked 
|   4|0x0000000740800000, 0x0000000740a00000, 0x0000000740a00000|100%| O|  |TAMS 0x0000000740a00000, 0x0000000740a00000| Untracked 
|   5|0x0000000740a00000, 0x0000000740c00000, 0x0000000740c00000|100%| O|  |TAMS 0x0000000740c00000, 0x0000000740c00000| Untracked 
|   6|0x0000000740c00000, 0x0000000740e00000, 0x0000000740e00000|100%| O|  |TAMS 0x0000000740e00000, 0x0000000740e00000| Untracked 
|   7|0x0000000740e00000, 0x0000000741000000, 0x0000000741000000|100%|HS|  |TAMS 0x0000000741000000, 0x0000000741000000| Complete 
|   8|0x0000000741000000, 0x0000000741200000, 0x0000000741200000|100%|HS|  |TAMS 0x0000000741200000, 0x0000000741200000| Complete 
|   9|0x0000000741200000, 0x0000000741400000, 0x0000000741400000|100%|HC|  |TAMS 0x0000000741400000, 0x0000000741400000| Complete 
|  10|0x0000000741400000, 0x0000000741600000, 0x0000000741600000|100%|HC|  |TAMS 0x0000000741600000, 0x0000000741600000| Complete 
|  11|0x0000000741600000, 0x0000000741800000, 0x0000000741800000|100%|HS|  |TAMS 0x0000000741800000, 0x0000000741800000| Complete 
|  12|0x0000000741800000, 0x0000000741a00000, 0x0000000741a00000|100%|HC|  |TAMS 0x0000000741a00000, 0x0000000741a00000| Complete 
|  13|0x0000000741a00000, 0x0000000741c00000, 0x0000000741c00000|100%|HS|  |TAMS 0x0000000741c00000, 0x0000000741c00000| Complete 
|  14|0x0000000741c00000, 0x0000000741e00000, 0x0000000741e00000|100%| O|  |TAMS 0x0000000741e00000, 0x0000000741e00000| Untracked 
|  15|0x0000000741e00000, 0x0000000742000000, 0x0000000742000000|100%| O|  |TAMS 0x0000000742000000, 0x0000000742000000| Untracked 
|  16|0x0000000742000000, 0x0000000742200000, 0x0000000742200000|100%| O|  |TAMS 0x0000000742200000, 0x0000000742200000| Untracked 
|  17|0x0000000742200000, 0x0000000742400000, 0x0000000742400000|100%| O|  |TAMS 0x0000000742400000, 0x0000000742400000| Untracked 
|  18|0x0000000742400000, 0x0000000742600000, 0x0000000742600000|100%| O|  |TAMS 0x0000000742600000, 0x0000000742600000| Untracked 
|  19|0x0000000742600000, 0x0000000742800000, 0x0000000742800000|100%| O|  |TAMS 0x0000000742800000, 0x0000000742800000| Untracked 
|  20|0x0000000742800000, 0x0000000742a00000, 0x0000000742a00000|100%| O|  |TAMS 0x0000000742a00000, 0x0000000742a00000| Untracked 
|  21|0x0000000742a00000, 0x0000000742c00000, 0x0000000742c00000|100%| O|  |TAMS 0x0000000742c00000, 0x0000000742c00000| Untracked 
|  22|0x0000000742c00000, 0x0000000742e00000, 0x0000000742e00000|100%| O|  |TAMS 0x0000000742e00000, 0x0000000742e00000| Untracked 
|  23|0x0000000742e00000, 0x0000000743000000, 0x0000000743000000|100%| O|  |TAMS 0x0000000743000000, 0x0000000743000000| Untracked 
|  24|0x0000000743000000, 0x0000000743200000, 0x0000000743200000|100%| O|  |TAMS 0x0000000743000000, 0x0000000743000000| Untracked 
|  25|0x0000000743200000, 0x0000000743400000, 0x0000000743400000|100%|HS|  |TAMS 0x0000000743400000, 0x0000000743400000| Complete 
|  26|0x0000000743400000, 0x0000000743600000, 0x0000000743600000|100%|HC|  |TAMS 0x0000000743600000, 0x0000000743600000| Complete 
|  27|0x0000000743600000, 0x0000000743800000, 0x0000000743800000|100%|HC|  |TAMS 0x0000000743800000, 0x0000000743800000| Complete 
|  28|0x0000000743800000, 0x0000000743a00000, 0x0000000743a00000|100%|HS|  |TAMS 0x0000000743a00000, 0x0000000743a00000| Complete 
|  29|0x0000000743a00000, 0x0000000743c00000, 0x0000000743c00000|100%|HC|  |TAMS 0x0000000743c00000, 0x0000000743c00000| Complete 
|  30|0x0000000743c00000, 0x0000000743e00000, 0x0000000743e00000|100%|HC|  |TAMS 0x0000000743e00000, 0x0000000743e00000| Complete 
|  31|0x0000000743e00000, 0x0000000744000000, 0x0000000744000000|100%| O|  |TAMS 0x0000000744000000, 0x0000000744000000| Untracked 
|  32|0x0000000744000000, 0x0000000744200000, 0x0000000744200000|100%| O|  |TAMS 0x0000000744200000, 0x0000000744200000| Untracked 
|  33|0x0000000744200000, 0x0000000744400000, 0x0000000744400000|100%| O|  |TAMS 0x0000000744400000, 0x0000000744400000| Untracked 
|  34|0x0000000744400000, 0x0000000744600000, 0x0000000744600000|100%| O|  |TAMS 0x0000000744600000, 0x0000000744600000| Untracked 
|  35|0x0000000744600000, 0x0000000744800000, 0x0000000744800000|100%|HS|  |TAMS 0x0000000744800000, 0x0000000744800000| Complete 
|  36|0x0000000744800000, 0x0000000744a00000, 0x0000000744a00000|100%| O|  |TAMS 0x0000000744a00000, 0x0000000744a00000| Untracked 
|  37|0x0000000744a00000, 0x0000000744c00000, 0x0000000744c00000|100%| O|  |TAMS 0x0000000744c00000, 0x0000000744c00000| Untracked 
|  38|0x0000000744c00000, 0x0000000744e00000, 0x0000000744e00000|100%|HS|  |TAMS 0x0000000744e00000, 0x0000000744e00000| Complete 
|  39|0x0000000744e00000, 0x0000000745000000, 0x0000000745000000|100%| O|  |TAMS 0x0000000745000000, 0x0000000745000000| Untracked 
|  40|0x0000000745000000, 0x0000000745200000, 0x0000000745200000|100%| O|  |TAMS 0x0000000745200000, 0x0000000745200000| Untracked 
|  41|0x0000000745200000, 0x0000000745400000, 0x0000000745400000|100%| O|  |TAMS 0x0000000745400000, 0x0000000745400000| Untracked 
|  42|0x0000000745400000, 0x0000000745600000, 0x0000000745600000|100%| O|  |TAMS 0x0000000745600000, 0x0000000745600000| Untracked 
|  43|0x0000000745600000, 0x0000000745800000, 0x0000000745800000|100%| O|  |TAMS 0x0000000745688e00, 0x0000000745800000| Untracked 
|  44|0x0000000745800000, 0x0000000745a00000, 0x0000000745a00000|100%|HS|  |TAMS 0x0000000745a00000, 0x0000000745a00000| Complete 
|  45|0x0000000745a00000, 0x0000000745c00000, 0x0000000745c00000|100%|HC|  |TAMS 0x0000000745c00000, 0x0000000745c00000| Complete 
|  46|0x0000000745c00000, 0x0000000745e00000, 0x0000000745e00000|100%|HC|  |TAMS 0x0000000745e00000, 0x0000000745e00000| Complete 
|  47|0x0000000745e00000, 0x0000000746000000, 0x0000000746000000|100%|HS|  |TAMS 0x0000000746000000, 0x0000000746000000| Complete 
|  48|0x0000000746000000, 0x0000000746200000, 0x0000000746200000|100%|HC|  |TAMS 0x0000000746200000, 0x0000000746200000| Complete 
|  49|0x0000000746200000, 0x0000000746400000, 0x0000000746400000|100%|HS|  |TAMS 0x0000000746400000, 0x0000000746400000| Complete 
|  50|0x0000000746400000, 0x0000000746600000, 0x0000000746600000|100%| O|  |TAMS 0x0000000746400000, 0x0000000746600000| Untracked 
|  51|0x0000000746600000, 0x0000000746800000, 0x0000000746800000|100%| O|  |TAMS 0x0000000746600000, 0x0000000746800000| Untracked 
|  52|0x0000000746800000, 0x0000000746a00000, 0x0000000746a00000|100%| O|  |TAMS 0x0000000746800000, 0x0000000746a00000| Untracked 
|  53|0x0000000746a00000, 0x0000000746c00000, 0x0000000746c00000|100%| O|  |TAMS 0x0000000746a00000, 0x0000000746c00000| Untracked 
|  54|0x0000000746c00000, 0x0000000746e00000, 0x0000000746e00000|100%| O|  |TAMS 0x0000000746c00000, 0x0000000746e00000| Untracked 
|  55|0x0000000746e00000, 0x0000000747000000, 0x0000000747000000|100%| O|  |TAMS 0x0000000746e00000, 0x0000000747000000| Untracked 
|  56|0x0000000747000000, 0x0000000747200000, 0x0000000747200000|100%| O|  |TAMS 0x0000000747000000, 0x0000000747200000| Untracked 
|  57|0x0000000747200000, 0x0000000747400000, 0x0000000747400000|100%| O|  |TAMS 0x0000000747200000, 0x0000000747400000| Untracked 
|  58|0x0000000747400000, 0x0000000747600000, 0x0000000747600000|100%| O|  |TAMS 0x0000000747400000, 0x0000000747600000| Untracked 
|  59|0x0000000747600000, 0x0000000747800000, 0x0000000747800000|100%| O|  |TAMS 0x0000000747600000, 0x0000000747800000| Untracked 
|  60|0x0000000747800000, 0x0000000747a00000, 0x0000000747a00000|100%| O|  |TAMS 0x0000000747800000, 0x0000000747a00000| Untracked 
|  61|0x0000000747a00000, 0x0000000747c00000, 0x0000000747c00000|100%| O|  |TAMS 0x0000000747a00000, 0x0000000747a00000| Untracked 
|  62|0x0000000747c00000, 0x0000000747e00000, 0x0000000747e00000|100%|HS|  |TAMS 0x0000000747c00000, 0x0000000747e00000| Complete 
|  63|0x0000000747e00000, 0x0000000748000000, 0x0000000748000000|100%|HC|  |TAMS 0x0000000747e00000, 0x0000000748000000| Complete 
|  64|0x0000000748000000, 0x0000000748200000, 0x0000000748200000|100%|HC|  |TAMS 0x0000000748000000, 0x0000000748200000| Complete 
|  65|0x0000000748200000, 0x0000000748400000, 0x0000000748400000|100%| O|  |TAMS 0x0000000748200000, 0x0000000748400000| Untracked 
|  66|0x0000000748400000, 0x0000000748600000, 0x0000000748600000|100%| O|  |TAMS 0x0000000748400000, 0x0000000748600000| Untracked 
|  67|0x0000000748600000, 0x0000000748800000, 0x0000000748800000|100%| O|  |TAMS 0x0000000748600000, 0x0000000748800000| Untracked 
|  68|0x0000000748800000, 0x0000000748a00000, 0x0000000748a00000|100%| O|  |TAMS 0x0000000748800000, 0x0000000748a00000| Untracked 
|  69|0x0000000748a00000, 0x0000000748c00000, 0x0000000748c00000|100%| O|  |TAMS 0x0000000748a00000, 0x0000000748c00000| Untracked 
|  70|0x0000000748c00000, 0x0000000748e00000, 0x0000000748e00000|100%| O|  |TAMS 0x0000000748c00000, 0x0000000748e00000| Untracked 
|  71|0x0000000748e00000, 0x0000000749000000, 0x0000000749000000|100%| O|  |TAMS 0x0000000748e00000, 0x0000000749000000| Untracked 
|  72|0x0000000749000000, 0x0000000749200000, 0x0000000749200000|100%| O|  |TAMS 0x0000000749000000, 0x0000000749200000| Untracked 
|  73|0x0000000749200000, 0x0000000749400000, 0x0000000749400000|100%| O|  |TAMS 0x0000000749200000, 0x0000000749400000| Untracked 
|  74|0x0000000749400000, 0x0000000749600000, 0x0000000749600000|100%| O|  |TAMS 0x0000000749400000, 0x0000000749600000| Untracked 
|  75|0x0000000749600000, 0x0000000749800000, 0x0000000749800000|100%| O|  |TAMS 0x0000000749600000, 0x0000000749800000| Untracked 
|  76|0x0000000749800000, 0x0000000749a00000, 0x0000000749a00000|100%| O|  |TAMS 0x0000000749800000, 0x0000000749a00000| Untracked 
|  77|0x0000000749a00000, 0x0000000749c00000, 0x0000000749c00000|100%| O|  |TAMS 0x0000000749a00000, 0x0000000749c00000| Untracked 
|  78|0x0000000749c00000, 0x0000000749e00000, 0x0000000749e00000|100%| O|  |TAMS 0x0000000749c00000, 0x0000000749e00000| Untracked 
|  79|0x0000000749e00000, 0x000000074a000000, 0x000000074a000000|100%| O|  |TAMS 0x0000000749e00000, 0x0000000749e00000| Untracked 
|  80|0x000000074a000000, 0x000000074a200000, 0x000000074a200000|100%| O|  |TAMS 0x000000074a000000, 0x000000074a000000| Untracked 
|  81|0x000000074a200000, 0x000000074a400000, 0x000000074a400000|100%| O|  |TAMS 0x000000074a200000, 0x000000074a200000| Untracked 
|  82|0x000000074a400000, 0x000000074a600000, 0x000000074a600000|100%| O|  |TAMS 0x000000074a400000, 0x000000074a400000| Untracked 
|  83|0x000000074a600000, 0x000000074a800000, 0x000000074a800000|100%| O|  |TAMS 0x000000074a600000, 0x000000074a600000| Untracked 
|  84|0x000000074a800000, 0x000000074aa00000, 0x000000074aa00000|100%| O|  |TAMS 0x000000074a800000, 0x000000074a800000| Untracked 
|  85|0x000000074aa00000, 0x000000074ac00000, 0x000000074ac00000|100%| O|  |TAMS 0x000000074aa00000, 0x000000074aa00000| Untracked 
|  86|0x000000074ac00000, 0x000000074ae00000, 0x000000074ae00000|100%| O|  |TAMS 0x000000074ac00000, 0x000000074ac00000| Untracked 
|  87|0x000000074ae00000, 0x000000074b000000, 0x000000074b000000|100%| O|  |TAMS 0x000000074ae00000, 0x000000074ae00000| Untracked 
|  88|0x000000074b000000, 0x000000074b200000, 0x000000074b200000|100%| O|  |TAMS 0x000000074b000000, 0x000000074b000000| Untracked 
|  89|0x000000074b200000, 0x000000074b400000, 0x000000074b400000|100%| O|  |TAMS 0x000000074b200000, 0x000000074b200000| Untracked 
|  90|0x000000074b400000, 0x000000074b600000, 0x000000074b600000|100%| O|  |TAMS 0x000000074b400000, 0x000000074b400000| Untracked 
|  91|0x000000074b600000, 0x000000074b800000, 0x000000074b800000|100%| O|  |TAMS 0x000000074b600000, 0x000000074b600000| Untracked 
|  92|0x000000074b800000, 0x000000074ba00000, 0x000000074ba00000|100%| O|  |TAMS 0x000000074b800000, 0x000000074b800000| Untracked 
|  93|0x000000074ba00000, 0x000000074bb0b000, 0x000000074bc00000| 52%| O|  |TAMS 0x000000074ba00000, 0x000000074ba00000| Untracked 
|  94|0x000000074bc00000, 0x000000074bc00000, 0x000000074be00000|  0%| F|  |TAMS 0x000000074bc00000, 0x000000074bc00000| Untracked 
|  95|0x000000074be00000, 0x000000074be00000, 0x000000074c000000|  0%| F|  |TAMS 0x000000074be00000, 0x000000074be00000| Untracked 
|  96|0x000000074c000000, 0x000000074c000000, 0x000000074c200000|  0%| F|  |TAMS 0x000000074c000000, 0x000000074c000000| Untracked 
|  97|0x000000074c200000, 0x000000074c200000, 0x000000074c400000|  0%| F|  |TAMS 0x000000074c200000, 0x000000074c200000| Untracked 
|  98|0x000000074c400000, 0x000000074c400000, 0x000000074c600000|  0%| F|  |TAMS 0x000000074c400000, 0x000000074c400000| Untracked 
|  99|0x000000074c600000, 0x000000074c600000, 0x000000074c800000|  0%| F|  |TAMS 0x000000074c600000, 0x000000074c600000| Untracked 
| 100|0x000000074c800000, 0x000000074c800000, 0x000000074ca00000|  0%| F|  |TAMS 0x000000074c800000, 0x000000074c800000| Untracked 
| 101|0x000000074ca00000, 0x000000074ca00000, 0x000000074cc00000|  0%| F|  |TAMS 0x000000074ca00000, 0x000000074ca00000| Untracked 
| 102|0x000000074cc00000, 0x000000074cc00000, 0x000000074ce00000|  0%| F|  |TAMS 0x000000074cc00000, 0x000000074cc00000| Untracked 
| 103|0x000000074ce00000, 0x000000074ce00000, 0x000000074d000000|  0%| F|  |TAMS 0x000000074ce00000, 0x000000074ce00000| Untracked 
| 104|0x000000074d000000, 0x000000074d000000, 0x000000074d200000|  0%| F|  |TAMS 0x000000074d000000, 0x000000074d000000| Untracked 
| 105|0x000000074d200000, 0x000000074d200000, 0x000000074d400000|  0%| F|  |TAMS 0x000000074d200000, 0x000000074d200000| Untracked 
| 106|0x000000074d400000, 0x000000074d400000, 0x000000074d600000|  0%| F|  |TAMS 0x000000074d400000, 0x000000074d400000| Untracked 
| 107|0x000000074d600000, 0x000000074d600000, 0x000000074d800000|  0%| F|  |TAMS 0x000000074d600000, 0x000000074d600000| Untracked 
| 108|0x000000074d800000, 0x000000074d800000, 0x000000074da00000|  0%| F|  |TAMS 0x000000074d800000, 0x000000074d800000| Untracked 
| 109|0x000000074da00000, 0x000000074da00000, 0x000000074dc00000|  0%| F|  |TAMS 0x000000074da00000, 0x000000074da00000| Untracked 
| 110|0x000000074dc00000, 0x000000074dc00000, 0x000000074de00000|  0%| F|  |TAMS 0x000000074dc00000, 0x000000074dc00000| Untracked 
| 111|0x000000074de00000, 0x000000074e000000, 0x000000074e000000|100%| S|CS|TAMS 0x000000074de00000, 0x000000074de00000| Complete 
| 112|0x000000074e000000, 0x000000074e000000, 0x000000074e200000|  0%| F|  |TAMS 0x000000074e000000, 0x000000074e000000| Untracked 
| 113|0x000000074e200000, 0x000000074e200000, 0x000000074e400000|  0%| F|  |TAMS 0x000000074e200000, 0x000000074e200000| Untracked 
| 114|0x000000074e400000, 0x000000074e400000, 0x000000074e600000|  0%| F|  |TAMS 0x000000074e400000, 0x000000074e400000| Untracked 
| 115|0x000000074e600000, 0x000000074e600000, 0x000000074e800000|  0%| F|  |TAMS 0x000000074e600000, 0x000000074e600000| Untracked 
| 116|0x000000074e800000, 0x000000074e800000, 0x000000074ea00000|  0%| F|  |TAMS 0x000000074e800000, 0x000000074e800000| Untracked 

Card table byte_map: [0x0000021b7ce50000,0x0000021b7d450000] _byte_map_base: 0x0000021b79450000

Marking Bits (Prev, Next): (CMBitMap*) 0x0000021b7c7fc5a0, (CMBitMap*) 0x0000021b7c7fc5e0
 Prev Bits: [0x0000021b16a80000, 0x0000021b19a80000)
 Next Bits: [0x0000021b19a80000, 0x0000021b1ca80000)

Polling page: 0x0000021b7a760000

Metaspace:

Usage:
  Non-class:     65.97 MB used.
      Class:     10.65 MB used.
       Both:     76.62 MB used.

Virtual space:
  Non-class space:      128.00 MB reserved,      66.31 MB ( 52%) committed,  2 nodes.
      Class space:        1.00 GB reserved,      11.00 MB (  1%) committed,  1 nodes.
             Both:        1.12 GB reserved,      77.31 MB (  7%) committed. 

Chunk freelists:
   Non-Class:  12.81 MB
       Class:  5.04 MB
        Both:  17.85 MB

MaxMetaspaceSize: unlimited
CompressedClassSpaceSize: 1.00 GB
Initial GC threshold: 21.00 MB
Current GC threshold: 128.75 MB
CDS: on
MetaspaceReclaimPolicy: balanced
 - commit_granule_bytes: 65536.
 - commit_granule_words: 8192.
 - virtual_space_node_default_size: 8388608.
 - enlarge_chunks_in_place: 1.
 - new_chunks_are_fully_committed: 0.
 - uncommit_free_chunks: 1.
 - use_allocation_guard: 0.
 - handle_deallocations: 1.


Internal statistics:

num_allocs_failed_limit: 3.
num_arena_births: 908.
num_arena_deaths: 0.
num_vsnodes_births: 3.
num_vsnodes_deaths: 0.
num_space_committed: 1237.
num_space_uncommitted: 0.
num_chunks_returned_to_freelist: 3.
num_chunks_taken_from_freelist: 4055.
num_chunk_merges: 3.
num_chunk_splits: 2558.
num_chunks_enlarged: 1563.
num_inconsistent_stats: 0.

CodeHeap 'non-profiled nmethods': size=120000Kb used=5270Kb max_used=5475Kb free=114729Kb
 bounds [0x0000021b0f550000, 0x0000021b0fad0000, 0x0000021b16a80000]
CodeHeap 'profiled nmethods': size=120000Kb used=16957Kb max_used=17777Kb free=103042Kb
 bounds [0x0000021b07a80000, 0x0000021b08bf0000, 0x0000021b0efb0000]
CodeHeap 'non-nmethods': size=5760Kb used=2415Kb max_used=2468Kb free=3344Kb
 bounds [0x0000021b0efb0000, 0x0000021b0f220000, 0x0000021b0f550000]
 total_blobs=9525 nmethods=8594 adapters=842
 compilation: enabled
              stopped_count=0, restarted_count=0
 full_count=0

Compilation events (20 events):
Event: 63.195 Thread 0x0000021b7ff4a300 10160       3       net.minecraftforge.srgutils.NamedMappingFile$Cls::<init> (45 bytes)
Event: 63.196 Thread 0x0000021b7ff4a300 nmethod 10160 0x0000021b08704a90 code [0x0000021b08704ca0, 0x0000021b087055b8]
Event: 63.362 Thread 0x0000021b7ff4a300 10167 %     3       net.minecraftforge.srgutils.InternalUtils::loadTSrg2 @ 100 (661 bytes)
Event: 63.369 Thread 0x0000021b7ff4a300 nmethod 10167% 0x0000021b086f9d10 code [0x0000021b086fa820, 0x0000021b08700eb8]
Event: 63.371 Thread 0x0000021b7ff4a300 10168       3       net.minecraftforge.srgutils.InternalUtils::loadTSrg2 (661 bytes)
Event: 63.395 Thread 0x0000021b7ff4a300 nmethod 10168 0x0000021b088b5d10 code [0x0000021b088b6820, 0x0000021b088bcd58]
Event: 63.462 Thread 0x0000021b7ff41930 nmethod 10140 0x0000021b0f80fb90 code [0x0000021b0f80ffe0, 0x0000021b0f815ce8]
Event: 63.462 Thread 0x0000021b7ff41930 10152       4       java.util.ArrayList$SubList::toArray (79 bytes)
Event: 63.468 Thread 0x0000021b7ff41930 nmethod 10152 0x0000021b0f6bd590 code [0x0000021b0f6bd720, 0x0000021b0f6bddb8]
Event: 63.468 Thread 0x0000021b7ff41930 10169       4       java.lang.String::split (327 bytes)
Event: 63.468 Thread 0x0000021b7ff4a300 10170       3       java.util.ArrayList$SubList::toArray (79 bytes)
Event: 63.468 Thread 0x0000021b7ff4a300 nmethod 10170 0x0000021b0876de10 code [0x0000021b0876e000, 0x0000021b0876e728]
Event: 63.735 Thread 0x0000021b7ff41930 nmethod 10169 0x0000021b0f763990 code [0x0000021b0f763de0, 0x0000021b0f769ba8]
Event: 63.736 Thread 0x0000021b7ff41930 10172       4       java.util.ArrayList$SubList::toArray (79 bytes)
Event: 63.741 Thread 0x0000021b7ff41930 nmethod 10172 0x0000021b0f6c5810 code [0x0000021b0f6c59a0, 0x0000021b0f6c6058]
Event: 63.741 Thread 0x0000021b7ff41930 10161       4       java.lang.Integer::parseInt (7 bytes)
Event: 63.747 Thread 0x0000021b7ff41930 nmethod 10161 0x0000021b0f83fe90 code [0x0000021b0f840040, 0x0000021b0f840478]
Event: 63.747 Thread 0x0000021b7ff41930 10141       4       java.lang.String::split (7 bytes)
Event: 63.747 Thread 0x0000021b7ff41930 nmethod 10141 0x0000021b0f5d7210 code [0x0000021b0f5d73a0, 0x0000021b0f5d7448]
Event: 63.747 Thread 0x0000021b7ff41930 10158       4       java.util.Collections$UnmodifiableCollection::size (10 bytes)

GC Heap History (20 events):
Event: 44.547 GC heap after
{Heap after GC invocations=47 (full 0):
 garbage-first heap   total 194560K, used 90241K [0x0000000740000000, 0x0000000800000000)
  region size 2048K, 2 young (4096K), 2 survivors (4096K)
 Metaspace       used 66637K, committed 67328K, reserved 1114112K
  class space    used 9210K, committed 9536K, reserved 1048576K
}
Event: 44.870 GC heap before
{Heap before GC invocations=48 (full 0):
 garbage-first heap   total 194560K, used 112769K [0x0000000740000000, 0x0000000800000000)
  region size 2048K, 3 young (6144K), 2 survivors (4096K)
 Metaspace       used 66637K, committed 67328K, reserved 1114112K
  class space    used 9210K, committed 9536K, reserved 1048576K
}
Event: 44.878 GC heap after
{Heap after GC invocations=49 (full 0):
 garbage-first heap   total 194560K, used 90079K [0x0000000740000000, 0x0000000800000000)
  region size 2048K, 2 young (4096K), 2 survivors (4096K)
 Metaspace       used 66637K, committed 67328K, reserved 1114112K
  class space    used 9210K, committed 9536K, reserved 1048576K
}
Event: 45.110 GC heap before
{Heap before GC invocations=50 (full 0):
 garbage-first heap   total 198656K, used 114655K [0x0000000740000000, 0x0000000800000000)
  region size 2048K, 3 young (6144K), 2 survivors (4096K)
 Metaspace       used 66637K, committed 67328K, reserved 1114112K
  class space    used 9210K, committed 9536K, reserved 1048576K
}
Event: 45.123 GC heap after
{Heap after GC invocations=51 (full 0):
 garbage-first heap   total 198656K, used 90092K [0x0000000740000000, 0x0000000800000000)
  region size 2048K, 2 young (4096K), 2 survivors (4096K)
 Metaspace       used 66637K, committed 67328K, reserved 1114112K
  class space    used 9210K, committed 9536K, reserved 1048576K
}
Event: 56.034 GC heap before
{Heap before GC invocations=51 (full 0):
 garbage-first heap   total 198656K, used 141292K [0x0000000740000000, 0x0000000800000000)
  region size 2048K, 25 young (51200K), 2 survivors (4096K)
 Metaspace       used 69823K, committed 70528K, reserved 1114112K
  class space    used 9647K, committed 9984K, reserved 1048576K
}
Event: 56.060 GC heap after
{Heap after GC invocations=52 (full 0):
 garbage-first heap   total 239616K, used 93356K [0x0000000740000000, 0x0000000800000000)
  region size 2048K, 4 young (8192K), 4 survivors (8192K)
 Metaspace       used 69823K, committed 70528K, reserved 1114112K
  class space    used 9647K, committed 9984K, reserved 1048576K
}
Event: 62.860 GC heap before
{Heap before GC invocations=52 (full 0):
 garbage-first heap   total 239616K, used 205996K [0x0000000740000000, 0x0000000800000000)
  region size 2048K, 51 young (104448K), 4 survivors (8192K)
 Metaspace       used 78325K, committed 79040K, reserved 1179648K
  class space    used 10891K, committed 11264K, reserved 1048576K
}
Event: 62.879 GC heap after
{Heap after GC invocations=53 (full 0):
 garbage-first heap   total 239616K, used 114033K [0x0000000740000000, 0x0000000800000000)
  region size 2048K, 7 young (14336K), 7 survivors (14336K)
 Metaspace       used 78325K, committed 79040K, reserved 1179648K
  class space    used 10891K, committed 11264K, reserved 1048576K
}
Event: 62.920 GC heap before
{Heap before GC invocations=53 (full 0):
 garbage-first heap   total 239616K, used 122225K [0x0000000740000000, 0x0000000800000000)
  region size 2048K, 8 young (16384K), 7 survivors (14336K)
 Metaspace       used 78330K, committed 79104K, reserved 1179648K
  class space    used 10891K, committed 11264K, reserved 1048576K
}
Event: 62.936 GC heap after
{Heap after GC invocations=54 (full 0):
 garbage-first heap   total 239616K, used 115353K [0x0000000740000000, 0x0000000800000000)
  region size 2048K, 1 young (2048K), 1 survivors (2048K)
 Metaspace       used 78330K, committed 79104K, reserved 1179648K
  class space    used 10891K, committed 11264K, reserved 1048576K
}
Event: 63.310 GC heap before
{Heap before GC invocations=55 (full 0):
 garbage-first heap   total 239616K, used 187033K [0x0000000740000000, 0x0000000800000000)
  region size 2048K, 28 young (57344K), 1 survivors (2048K)
 Metaspace       used 78449K, committed 79168K, reserved 1179648K
  class space    used 10902K, committed 11264K, reserved 1048576K
}
Event: 63.343 GC heap after
{Heap after GC invocations=56 (full 0):
 garbage-first heap   total 239616K, used 157333K [0x0000000740000000, 0x0000000800000000)
  region size 2048K, 4 young (8192K), 4 survivors (8192K)
 Metaspace       used 78449K, committed 79168K, reserved 1179648K
  class space    used 10902K, committed 11264K, reserved 1048576K
}
Event: 63.372 GC heap before
{Heap before GC invocations=56 (full 0):
 garbage-first heap   total 239616K, used 159381K [0x0000000740000000, 0x0000000800000000)
  region size 2048K, 5 young (10240K), 4 survivors (8192K)
 Metaspace       used 78455K, committed 79168K, reserved 1179648K
  class space    used 10902K, committed 11264K, reserved 1048576K
}
Event: 63.390 GC heap after
{Heap after GC invocations=57 (full 0):
 garbage-first heap   total 239616K, used 159595K [0x0000000740000000, 0x0000000800000000)
  region size 2048K, 1 young (2048K), 1 survivors (2048K)
 Metaspace       used 78455K, committed 79168K, reserved 1179648K
  class space    used 10902K, committed 11264K, reserved 1048576K
}
Event: 63.499 GC heap before
{Heap before GC invocations=57 (full 0):
 garbage-first heap   total 239616K, used 184171K [0x0000000740000000, 0x0000000800000000)
  region size 2048K, 13 young (26624K), 1 survivors (2048K)
 Metaspace       used 78455K, committed 79168K, reserved 1179648K
  class space    used 10902K, committed 11264K, reserved 1048576K
}
Event: 63.514 GC heap after
{Heap after GC invocations=58 (full 0):
 garbage-first heap   total 239616K, used 174675K [0x0000000740000000, 0x0000000800000000)
  region size 2048K, 2 young (4096K), 2 survivors (4096K)
 Metaspace       used 78455K, committed 79168K, reserved 1179648K
  class space    used 10902K, committed 11264K, reserved 1048576K
}
Event: 63.680 GC heap before
{Heap before GC invocations=58 (full 0):
 garbage-first heap   total 239616K, used 191059K [0x0000000740000000, 0x0000000800000000)
  region size 2048K, 10 young (20480K), 2 survivors (4096K)
 Metaspace       used 78455K, committed 79168K, reserved 1179648K
  class space    used 10902K, committed 11264K, reserved 1048576K
}
Event: 63.699 GC heap after
{Heap after GC invocations=59 (full 0):
 garbage-first heap   total 239616K, used 186155K [0x0000000740000000, 0x0000000800000000)
  region size 2048K, 2 young (4096K), 2 survivors (4096K)
 Metaspace       used 78455K, committed 79168K, reserved 1179648K
  class space    used 10902K, committed 11264K, reserved 1048576K
}
Event: 63.747 GC heap before
{Heap before GC invocations=59 (full 0):
 garbage-first heap   total 239616K, used 196395K [0x0000000740000000, 0x0000000800000000)
  region size 2048K, 7 young (14336K), 2 survivors (4096K)
 Metaspace       used 78455K, committed 79168K, reserved 1179648K
  class space    used 10902K, committed 11264K, reserved 1048576K
}

Dll operation events (15 events):
Event: 0.010 Loaded shared library C:\Program Files\Eclipse Adoptium\jdk-17.0.13.11-hotspot\bin\java.dll
Event: 0.030 Loaded shared library C:\Program Files\Eclipse Adoptium\jdk-17.0.13.11-hotspot\bin\jsvml.dll
Event: 0.105 Loaded shared library C:\Program Files\Eclipse Adoptium\jdk-17.0.13.11-hotspot\bin\zip.dll
Event: 0.108 Loaded shared library C:\Program Files\Eclipse Adoptium\jdk-17.0.13.11-hotspot\bin\instrument.dll
Event: 0.111 Loaded shared library C:\Program Files\Eclipse Adoptium\jdk-17.0.13.11-hotspot\bin\net.dll
Event: 0.112 Loaded shared library C:\Program Files\Eclipse Adoptium\jdk-17.0.13.11-hotspot\bin\nio.dll
Event: 0.115 Loaded shared library C:\Program Files\Eclipse Adoptium\jdk-17.0.13.11-hotspot\bin\zip.dll
Event: 0.458 Loaded shared library C:\Program Files\Eclipse Adoptium\jdk-17.0.13.11-hotspot\bin\jimage.dll
Event: 0.568 Loaded shared library C:\Program Files\Eclipse Adoptium\jdk-17.0.13.11-hotspot\bin\verify.dll
Event: 0.742 Loaded shared library C:\Users\aplut\.gradle\native\c067742578af261105cb4f569cf0c3c89f3d7b1fecec35dd04571415982c5e48\windows-amd64\native-platform.dll
Event: 0.746 Loaded shared library C:\Users\aplut\.gradle\native\100fb08df4bc3b14c8652ba06237920a3bd2aa13389f12d3474272988ae205f9\windows-amd64\native-platform-file-events.dll
Event: 1.955 Loaded shared library C:\Program Files\Eclipse Adoptium\jdk-17.0.13.11-hotspot\bin\management.dll
Event: 1.958 Loaded shared library C:\Program Files\Eclipse Adoptium\jdk-17.0.13.11-hotspot\bin\management_ext.dll
Event: 2.189 Loaded shared library C:\Program Files\Eclipse Adoptium\jdk-17.0.13.11-hotspot\bin\extnet.dll
Event: 2.598 Loaded shared library C:\Program Files\Eclipse Adoptium\jdk-17.0.13.11-hotspot\bin\sunmscapi.dll

Deoptimization events (20 events):
Event: 63.109 Thread 0x0000021b637a7430 DEOPT PACKING pc=0x0000021b0f7d70d0 sp=0x000000fc8a4f5860
Event: 63.109 Thread 0x0000021b637a7430 DEOPT UNPACKING pc=0x0000021b0f00a1a3 sp=0x000000fc8a4f5828 mode 2
Event: 63.110 Thread 0x0000021b637a7430 Uncommon trap: trap_request=0xffffffbe fr.pc=0x0000021b0f7d70d0 relative=0x0000000000000290
Event: 63.110 Thread 0x0000021b637a7430 Uncommon trap: reason=profile_predicate action=maybe_recompile pc=0x0000021b0f7d70d0 method=java.util.Iterator.forEachRemaining(Ljava/util/function/Consumer;)V @ 5 c2
Event: 63.110 Thread 0x0000021b637a7430 DEOPT PACKING pc=0x0000021b0f7d70d0 sp=0x000000fc8a4f5860
Event: 63.110 Thread 0x0000021b637a7430 DEOPT UNPACKING pc=0x0000021b0f00a1a3 sp=0x000000fc8a4f5828 mode 2
Event: 63.134 Thread 0x0000021b637a7430 Uncommon trap: trap_request=0xffffff45 fr.pc=0x0000021b0f5d4504 relative=0x0000000000000164
Event: 63.134 Thread 0x0000021b637a7430 Uncommon trap: reason=unstable_if action=reinterpret pc=0x0000021b0f5d4504 method=java.io.BufferedReader$1.hasNext()Z @ 24 c2
Event: 63.134 Thread 0x0000021b637a7430 DEOPT PACKING pc=0x0000021b0f5d4504 sp=0x000000fc8a4f5810
Event: 63.134 Thread 0x0000021b637a7430 DEOPT UNPACKING pc=0x0000021b0f00a1a3 sp=0x000000fc8a4f57c0 mode 2
Event: 63.156 Thread 0x0000021b637a7430 DEOPT PACKING pc=0x0000021b07fe4268 sp=0x000000fc8a4f5850
Event: 63.156 Thread 0x0000021b637a7430 DEOPT UNPACKING pc=0x0000021b0f00ace3 sp=0x000000fc8a4f4cf0 mode 0
Event: 63.465 Thread 0x0000021b637a7430 Uncommon trap: trap_request=0xffffffcc fr.pc=0x0000021b0f814d38 relative=0x0000000000004d58
Event: 63.465 Thread 0x0000021b637a7430 Uncommon trap: reason=intrinsic_or_type_checked_inlining action=make_not_entrant pc=0x0000021b0f814d38 method=java.util.ArrayList$SubList.toArray([Ljava/lang/Object;)[Ljava/lang/Object; @ 58 c2
Event: 63.465 Thread 0x0000021b637a7430 DEOPT PACKING pc=0x0000021b0f814d38 sp=0x000000fc8a4f5860
Event: 63.465 Thread 0x0000021b637a7430 DEOPT UNPACKING pc=0x0000021b0f00a1a3 sp=0x000000fc8a4f57c8 mode 2
Event: 63.467 Thread 0x0000021b637a7430 Uncommon trap: trap_request=0xffffffcc fr.pc=0x0000021b0f6bd884 relative=0x0000000000000164
Event: 63.467 Thread 0x0000021b637a7430 Uncommon trap: reason=intrinsic_or_type_checked_inlining action=make_not_entrant pc=0x0000021b0f6bd884 method=java.util.ArrayList$SubList.toArray([Ljava/lang/Object;)[Ljava/lang/Object; @ 58 c2
Event: 63.468 Thread 0x0000021b637a7430 DEOPT PACKING pc=0x0000021b0f6bd884 sp=0x000000fc8a4f57d0
Event: 63.468 Thread 0x0000021b637a7430 DEOPT UNPACKING pc=0x0000021b0f00a1a3 sp=0x000000fc8a4f57c0 mode 2

Classes loaded (20 events):
Event: 62.749 Loading class javax/xml/transform/stream/StreamSource
Event: 62.749 Loading class javax/xml/transform/stream/StreamSource done
Event: 62.749 Loading class javax/xml/transform/sax/SAXSource
Event: 62.749 Loading class javax/xml/transform/sax/SAXSource done
Event: 62.749 Loading class javax/xml/transform/stax/StAXSource
Event: 62.749 Loading class javax/xml/transform/stax/StAXSource done
Event: 62.749 Loading class com/sun/org/apache/xalan/internal/xsltc/trax/DOM2TO
Event: 62.750 Loading class org/xml/sax/XMLReader
Event: 62.750 Loading class org/xml/sax/XMLReader done
Event: 62.750 Loading class org/xml/sax/ext/Locator2
Event: 62.750 Loading class org/xml/sax/ext/Locator2 done
Event: 62.750 Loading class com/sun/org/apache/xalan/internal/xsltc/trax/DOM2TO done
Event: 62.752 Loading class com/sun/org/apache/xml/internal/serializer/ToStream$CharacterBuffer$1
Event: 62.753 Loading class com/sun/org/apache/xml/internal/serializer/ToStream$CharacterBuffer$GenericCharacters
Event: 62.753 Loading class com/sun/org/apache/xml/internal/serializer/ToStream$CharacterBuffer$GenericCharacters done
Event: 62.753 Loading class com/sun/org/apache/xml/internal/serializer/ToStream$CharacterBuffer$1 done
Event: 62.758 Loading class com/sun/org/apache/xml/internal/serializer/WriterToASCI
Event: 62.759 Loading class com/sun/org/apache/xml/internal/serializer/WriterToASCI done
Event: 63.049 Loading class java/io/BufferedReader$1
Event: 63.053 Loading class java/io/BufferedReader$1 done

Classes unloaded (0 events):
No events

Classes redefined (0 events):
No events

Internal exceptions (20 events):
Event: 61.821 Thread 0x0000021b637a7430 Exception <a 'java/lang/ClassNotFoundException'{0x0000000749f6e0d0}: org/gradle/api/internal/file/copy/DefaultCopySpecCustomizer> (0x0000000749f6e0d0) 
thrown [s\src\hotspot\share\classfile\systemDictionary.cpp, line 256]
Event: 61.824 Thread 0x0000021b637a7430 Exception <a 'java/lang/ClassNotFoundException'{0x0000000749fd2ae8}: org/gradle/api/internal/file/copy/SingleParentCopySpecCustomizer> (0x0000000749fd2ae8) 
thrown [s\src\hotspot\share\classfile\systemDictionary.cpp, line 256]
Event: 61.826 Thread 0x0000021b637a7430 Exception <a 'java/lang/ClassNotFoundException'{0x0000000749c0aff8}: org/gradle/api/internal/file/copy/CopySpecInternalBeanInfo> (0x0000000749c0aff8) 
thrown [s\src\hotspot\share\classfile\systemDictionary.cpp, line 256]
Event: 61.827 Thread 0x0000021b637a7430 Exception <a 'java/lang/ClassNotFoundException'{0x0000000749c14e70}: org/gradle/api/internal/file/copy/CopySpecInternalCustomizer> (0x0000000749c14e70) 
thrown [s\src\hotspot\share\classfile\systemDictionary.cpp, line 256]
Event: 61.828 Thread 0x0000021b637a7430 Exception <a 'java/lang/ClassNotFoundException'{0x0000000749c34170}: org/gradle/api/file/SyncSpecBeanInfo> (0x0000000749c34170) 
thrown [s\src\hotspot\share\classfile\systemDictionary.cpp, line 256]
Event: 61.828 Thread 0x0000021b637a7430 Exception <a 'java/lang/ClassNotFoundException'{0x0000000749c3d960}: org/gradle/api/file/SyncSpecCustomizer> (0x0000000749c3d960) 
thrown [s\src\hotspot\share\classfile\systemDictionary.cpp, line 256]
Event: 61.829 Thread 0x0000021b637a7430 Exception <a 'java/lang/ClassNotFoundException'{0x0000000749c53be0}: org/gradle/api/file/CopySpecBeanInfo> (0x0000000749c53be0) 
thrown [s\src\hotspot\share\classfile\systemDictionary.cpp, line 256]
Event: 61.829 Thread 0x0000021b637a7430 Exception <a 'java/lang/ClassNotFoundException'{0x0000000749c5d3d0}: org/gradle/api/file/CopySpecCustomizer> (0x0000000749c5d3d0) 
thrown [s\src\hotspot\share\classfile\systemDictionary.cpp, line 256]
Event: 61.830 Thread 0x0000021b637a7430 Exception <a 'java/lang/ClassNotFoundException'{0x0000000749ca8860}: org/gradle/api/file/CopySourceSpecBeanInfo> (0x0000000749ca8860) 
thrown [s\src\hotspot\share\classfile\systemDictionary.cpp, line 256]
Event: 61.831 Thread 0x0000021b637a7430 Exception <a 'java/lang/ClassNotFoundException'{0x0000000749cb2178}: org/gradle/api/file/CopySourceSpecCustomizer> (0x0000000749cb2178) 
thrown [s\src\hotspot\share\classfile\systemDictionary.cpp, line 256]
Event: 61.833 Thread 0x0000021b637a7430 Exception <a 'java/lang/ClassNotFoundException'{0x0000000749cc67c0}: org/gradle/api/file/CopyProcessingSpecBeanInfo> (0x0000000749cc67c0) 
thrown [s\src\hotspot\share\classfile\systemDictionary.cpp, line 256]
Event: 61.834 Thread 0x0000021b637a7430 Exception <a 'java/lang/ClassNotFoundException'{0x0000000749cd01b0}: org/gradle/api/file/CopyProcessingSpecCustomizer> (0x0000000749cd01b0) 
thrown [s\src\hotspot\share\classfile\systemDictionary.cpp, line 256]
Event: 61.835 Thread 0x0000021b637a7430 Exception <a 'java/lang/ClassNotFoundException'{0x0000000749cef3f0}: org/gradle/api/file/ContentFilterableBeanInfo> (0x0000000749cef3f0) 
thrown [s\src\hotspot\share\classfile\systemDictionary.cpp, line 256]
Event: 61.835 Thread 0x0000021b637a7430 Exception <a 'java/lang/ClassNotFoundException'{0x0000000749cf8de0}: org/gradle/api/file/ContentFilterableCustomizer> (0x0000000749cf8de0) 
thrown [s\src\hotspot\share\classfile\systemDictionary.cpp, line 256]
Event: 61.836 Thread 0x0000021b637a7430 Exception <a 'java/lang/ClassNotFoundException'{0x0000000749d12318}: org/gradle/api/tasks/util/PatternFilterableBeanInfo> (0x0000000749d12318) 
thrown [s\src\hotspot\share\classfile\systemDictionary.cpp, line 256]
Event: 61.837 Thread 0x0000021b637a7430 Exception <a 'java/lang/ClassNotFoundException'{0x0000000749d1bee8}: org/gradle/api/tasks/util/PatternFilterableCustomizer> (0x0000000749d1bee8) 
thrown [s\src\hotspot\share\classfile\systemDictionary.cpp, line 256]
Event: 62.527 Thread 0x0000021b637a7430 Exception <a 'java/lang/ClassNotFoundException'{0x0000000749111a38}: com/sun/org/apache/xerces/internal/impl/msg/spi/DOMMessagesProvider> (0x0000000749111a38) 
thrown [s\src\hotspot\share\classfile\systemDictionary.cpp, line 256]
Event: 62.532 Thread 0x0000021b637a7430 Exception <a 'java/lang/ClassNotFoundException'{0x0000000749128cc8}: com/sun/org/apache/xerces/internal/impl/msg/spi/XMLSerializerMessagesProvider> (0x0000000749128cc8) 
thrown [s\src\hotspot\share\classfile\systemDictionary.cpp, line 256]
Event: 62.534 Thread 0x0000021b637a7430 Exception <a 'java/lang/ClassNotFoundException'{0x0000000749134c60}: com/sun/org/apache/xerces/internal/impl/msg/spi/XMLMessagesProvider> (0x0000000749134c60) 
thrown [s\src\hotspot\share\classfile\systemDictionary.cpp, line 256]
Event: 62.589 Thread 0x0000021b637a7430 Exception <a 'java/lang/ClassNotFoundException'{0x00000007491e9a58}: com/sun/org/apache/xml/internal/serializer/spi/XMLEntitiesProvider> (0x00000007491e9a58) 
thrown [s\src\hotspot\share\classfile\systemDictionary.cpp, line 256]

VM Operations (20 events):
Event: 61.224 Executing VM operation: Cleanup done
Event: 62.239 Executing VM operation: Cleanup
Event: 62.239 Executing VM operation: Cleanup done
Event: 62.860 Executing VM operation: G1TryInitiateConcMark
Event: 62.879 Executing VM operation: G1TryInitiateConcMark done
Event: 62.920 Executing VM operation: G1TryInitiateConcMark
Event: 62.936 Executing VM operation: G1TryInitiateConcMark done
Event: 63.080 Executing VM operation: G1PauseRemark
Event: 63.103 Executing VM operation: G1PauseRemark done
Event: 63.159 Executing VM operation: G1PauseCleanup
Event: 63.159 Executing VM operation: G1PauseCleanup done
Event: 63.310 Executing VM operation: G1CollectForAllocation
Event: 63.343 Executing VM operation: G1CollectForAllocation done
Event: 63.372 Executing VM operation: G1CollectForAllocation
Event: 63.390 Executing VM operation: G1CollectForAllocation done
Event: 63.499 Executing VM operation: G1CollectForAllocation
Event: 63.514 Executing VM operation: G1CollectForAllocation done
Event: 63.680 Executing VM operation: G1CollectForAllocation
Event: 63.699 Executing VM operation: G1CollectForAllocation done
Event: 63.747 Executing VM operation: G1CollectForAllocation

Memory protections (0 events):
No events

Nmethod flushes (20 events):
Event: 60.745 Thread 0x0000021b7ff5d4d0 flushing  nmethod 0x0000021b08979b10
Event: 60.745 Thread 0x0000021b7ff5d4d0 flushing  nmethod 0x0000021b0897fe90
Event: 60.746 Thread 0x0000021b7ff5d4d0 flushing  nmethod 0x0000021b089b1990
Event: 60.746 Thread 0x0000021b7ff5d4d0 flushing  nmethod 0x0000021b089b2390
Event: 60.746 Thread 0x0000021b7ff5d4d0 flushing  nmethod 0x0000021b089e7e90
Event: 60.746 Thread 0x0000021b7ff5d4d0 flushing  nmethod 0x0000021b08a19c90
Event: 60.746 Thread 0x0000021b7ff5d4d0 flushing  nmethod 0x0000021b08a34490
Event: 60.746 Thread 0x0000021b7ff5d4d0 flushing  nmethod 0x0000021b08a6b510
Event: 60.746 Thread 0x0000021b7ff5d4d0 flushing  nmethod 0x0000021b08a6d590
Event: 60.746 Thread 0x0000021b7ff5d4d0 flushing  nmethod 0x0000021b08a6d910
Event: 60.746 Thread 0x0000021b7ff5d4d0 flushing  nmethod 0x0000021b08a6de90
Event: 60.746 Thread 0x0000021b7ff5d4d0 flushing  nmethod 0x0000021b08a6eb90
Event: 60.746 Thread 0x0000021b7ff5d4d0 flushing  nmethod 0x0000021b08a6f290
Event: 60.746 Thread 0x0000021b7ff5d4d0 flushing  nmethod 0x0000021b08a6f790
Event: 60.746 Thread 0x0000021b7ff5d4d0 flushing  nmethod 0x0000021b08a89490
Event: 60.746 Thread 0x0000021b7ff5d4d0 flushing  nmethod 0x0000021b08aac290
Event: 60.746 Thread 0x0000021b7ff5d4d0 flushing  nmethod 0x0000021b08ab4f10
Event: 60.746 Thread 0x0000021b7ff5d4d0 flushing  nmethod 0x0000021b08ad1510
Event: 60.746 Thread 0x0000021b7ff5d4d0 flushing  nmethod 0x0000021b08ad3410
Event: 60.747 Thread 0x0000021b7ff5d4d0 flushing  nmethod 0x0000021b08ba5890

Events (20 events):
Event: 55.694 Thread 0x0000021b637a7430 Thread added: 0x0000021b6216b9b0
Event: 55.695 Thread 0x0000021b6216b9b0 Thread exited: 0x0000021b6216b9b0
Event: 56.096 Thread 0x0000021b7ff163e0 Thread added: 0x0000021b621677e0
Event: 56.097 Thread 0x0000021b7ff163e0 Thread added: 0x0000021b62164a50
Event: 56.605 Thread 0x0000021b637a7430 Thread added: 0x0000021b62168c20
Event: 56.749 Thread 0x0000021b62168c20 Thread exited: 0x0000021b62168c20
Event: 57.087 Thread 0x0000021b637a7430 Thread added: 0x0000021b62165e90
Event: 57.103 Thread 0x0000021b62165e90 Thread added: 0x0000021b62169b50
Event: 57.103 Thread 0x0000021b62165e90 Thread added: 0x0000021b6216b9b0
Event: 57.104 Thread 0x0000021b62165e90 Thread added: 0x0000021b6216bec0
Event: 57.154 Thread 0x0000021b62169b50 Thread added: 0x0000021b62164f60
Event: 61.137 Thread 0x0000021b62164a50 Thread exited: 0x0000021b62164a50
Event: 61.137 Thread 0x0000021b621677e0 Thread exited: 0x0000021b621677e0
Event: 61.148 Thread 0x0000021b637a7430 Thread added: 0x0000021b621677e0
Event: 61.149 Thread 0x0000021b621677e0 Thread added: 0x0000021b62164a50
Event: 61.153 Thread 0x0000021b621677e0 Thread added: 0x0000021b62168710
Event: 61.187 Thread 0x0000021b621677e0 Thread added: 0x0000021b62168c20
Event: 61.229 Thread 0x0000021b62168c20 Thread added: 0x0000021b65aafb70
Event: 61.229 Thread 0x0000021b62168c20 Thread added: 0x0000021b65aab490
Event: 61.538 Thread 0x0000021b637a7430 Thread added: 0x0000021b65ab14c0


Dynamic libraries:
0x00007ff73f380000 - 0x00007ff73f38e000 	C:\Program Files\Eclipse Adoptium\jdk-17.0.13.11-hotspot\bin\java.exe
0x00007ffa76090000 - 0x00007ffa762a7000 	C:\WINDOWS\SYSTEM32\ntdll.dll
0x00007ffa3c200000 - 0x00007ffa3c21a000 	C:\Program Files\Avast Software\Avast\aswhook.dll
0x00007ffa746c0000 - 0x00007ffa74784000 	C:\WINDOWS\System32\KERNEL32.DLL
0x00007ffa739f0000 - 0x00007ffa73da9000 	C:\WINDOWS\System32\KERNELBASE.dll
0x00007ffa738d0000 - 0x00007ffa739e1000 	C:\WINDOWS\System32\ucrtbase.dll
0x00007ffa62a00000 - 0x00007ffa62a17000 	C:\Program Files\Eclipse Adoptium\jdk-17.0.13.11-hotspot\bin\jli.dll
0x00007ffa62a20000 - 0x00007ffa62a3e000 	C:\Program Files\Eclipse Adoptium\jdk-17.0.13.11-hotspot\bin\VCRUNTIME140.dll
0x00007ffa74190000 - 0x00007ffa7433e000 	C:\WINDOWS\System32\USER32.dll
0x00007ffa734b0000 - 0x00007ffa734d6000 	C:\WINDOWS\System32\win32u.dll
0x00007ffa59790000 - 0x00007ffa59a22000 	C:\WINDOWS\WinSxS\amd64_microsoft.windows.common-controls_6595b64144ccf1df_6.0.22621.4391_none_2715d37f73803e96\COMCTL32.dll
0x00007ffa74b80000 - 0x00007ffa74ba9000 	C:\WINDOWS\System32\GDI32.dll
0x00007ffa740d0000 - 0x00007ffa74177000 	C:\WINDOWS\System32\msvcrt.dll
0x00007ffa73390000 - 0x00007ffa734ab000 	C:\WINDOWS\System32\gdi32full.dll
0x00007ffa734e0000 - 0x00007ffa7357a000 	C:\WINDOWS\System32\msvcp_win.dll
0x00007ffa75430000 - 0x00007ffa75461000 	C:\WINDOWS\System32\IMM32.DLL
0x00007ffa67250000 - 0x00007ffa6725c000 	C:\Program Files\Eclipse Adoptium\jdk-17.0.13.11-hotspot\bin\vcruntime140_1.dll
0x00007ffa4def0000 - 0x00007ffa4df7d000 	C:\Program Files\Eclipse Adoptium\jdk-17.0.13.11-hotspot\bin\msvcp140.dll
0x00007ff9db080000 - 0x00007ff9dbceb000 	C:\Program Files\Eclipse Adoptium\jdk-17.0.13.11-hotspot\bin\server\jvm.dll
0x00007ffa74000000 - 0x00007ffa740b2000 	C:\WINDOWS\System32\ADVAPI32.dll
0x00007ffa75670000 - 0x00007ffa75717000 	C:\WINDOWS\System32\sechost.dll
0x00007ffa735f0000 - 0x00007ffa73618000 	C:\WINDOWS\System32\bcrypt.dll
0x00007ffa745a0000 - 0x00007ffa746b4000 	C:\WINDOWS\System32\RPCRT4.dll
0x00007ffa74950000 - 0x00007ffa749c1000 	C:\WINDOWS\System32\WS2_32.dll
0x00007ffa730b0000 - 0x00007ffa730fd000 	C:\WINDOWS\SYSTEM32\POWRPROF.dll
0x00007ffa671d0000 - 0x00007ffa67204000 	C:\WINDOWS\SYSTEM32\WINMM.dll
0x00007ffa64920000 - 0x00007ffa6492a000 	C:\WINDOWS\SYSTEM32\VERSION.dll
0x00007ffa72fc0000 - 0x00007ffa72fd3000 	C:\WINDOWS\SYSTEM32\UMPDC.dll
0x00007ffa72390000 - 0x00007ffa723a8000 	C:\WINDOWS\SYSTEM32\kernel.appcore.dll
0x00007ffa63840000 - 0x00007ffa6384a000 	C:\Program Files\Eclipse Adoptium\jdk-17.0.13.11-hotspot\bin\jimage.dll
0x00007ffa70980000 - 0x00007ffa70bb2000 	C:\WINDOWS\SYSTEM32\DBGHELP.DLL
0x00007ffa75ca0000 - 0x00007ffa7602f000 	C:\WINDOWS\System32\combase.dll
0x00007ffa75490000 - 0x00007ffa75567000 	C:\WINDOWS\System32\OLEAUT32.dll
0x00007ffa62db0000 - 0x00007ffa62de2000 	C:\WINDOWS\SYSTEM32\dbgcore.DLL
0x00007ffa73850000 - 0x00007ffa738cb000 	C:\WINDOWS\System32\bcryptPrimitives.dll
0x00007ffa62be0000 - 0x00007ffa62bee000 	C:\Program Files\Eclipse Adoptium\jdk-17.0.13.11-hotspot\bin\instrument.dll
0x00007ffa629d0000 - 0x00007ffa629f5000 	C:\Program Files\Eclipse Adoptium\jdk-17.0.13.11-hotspot\bin\java.dll
0x00007ffa2ed90000 - 0x00007ffa2ee67000 	C:\Program Files\Eclipse Adoptium\jdk-17.0.13.11-hotspot\bin\jsvml.dll
0x00007ffa74bb0000 - 0x00007ffa75426000 	C:\WINDOWS\System32\SHELL32.dll
0x00007ffa71280000 - 0x00007ffa71b83000 	C:\WINDOWS\SYSTEM32\windows.storage.dll
0x00007ffa71140000 - 0x00007ffa7127f000 	C:\WINDOWS\SYSTEM32\wintypes.dll
0x00007ffa74850000 - 0x00007ffa74949000 	C:\WINDOWS\System32\SHCORE.dll
0x00007ffa74790000 - 0x00007ffa747ee000 	C:\WINDOWS\System32\shlwapi.dll
0x00007ffa732c0000 - 0x00007ffa732eb000 	C:\WINDOWS\SYSTEM32\profapi.dll
0x00007ffa629b0000 - 0x00007ffa629c8000 	C:\Program Files\Eclipse Adoptium\jdk-17.0.13.11-hotspot\bin\zip.dll
0x00007ffa62970000 - 0x00007ffa62989000 	C:\Program Files\Eclipse Adoptium\jdk-17.0.13.11-hotspot\bin\net.dll
0x00007ffa6a540000 - 0x00007ffa6a676000 	C:\WINDOWS\SYSTEM32\WINHTTP.dll
0x00007ffa72800000 - 0x00007ffa72869000 	C:\WINDOWS\system32\mswsock.dll
0x00007ffa4dfa0000 - 0x00007ffa4dfb6000 	C:\Program Files\Eclipse Adoptium\jdk-17.0.13.11-hotspot\bin\nio.dll
0x00007ffa62bc0000 - 0x00007ffa62bd0000 	C:\Program Files\Eclipse Adoptium\jdk-17.0.13.11-hotspot\bin\verify.dll
0x00007ffa3b650000 - 0x00007ffa3b677000 	C:\Users\aplut\.gradle\native\c067742578af261105cb4f569cf0c3c89f3d7b1fecec35dd04571415982c5e48\windows-amd64\native-platform.dll
0x00007ffa44760000 - 0x00007ffa448a4000 	C:\Users\aplut\.gradle\native\100fb08df4bc3b14c8652ba06237920a3bd2aa13389f12d3474272988ae205f9\windows-amd64\native-platform-file-events.dll
0x00007ffa62a60000 - 0x00007ffa62a6a000 	C:\Program Files\Eclipse Adoptium\jdk-17.0.13.11-hotspot\bin\management.dll
0x00007ffa62a50000 - 0x00007ffa62a5b000 	C:\Program Files\Eclipse Adoptium\jdk-17.0.13.11-hotspot\bin\management_ext.dll
0x00007ffa74340000 - 0x00007ffa74348000 	C:\WINDOWS\System32\PSAPI.DLL
0x00007ffa72aa0000 - 0x00007ffa72abb000 	C:\WINDOWS\SYSTEM32\CRYPTSP.dll
0x00007ffa722f0000 - 0x00007ffa72325000 	C:\WINDOWS\system32\rsaenh.dll
0x00007ffa728a0000 - 0x00007ffa728c8000 	C:\WINDOWS\SYSTEM32\USERENV.dll
0x00007ffa72a00000 - 0x00007ffa72a0c000 	C:\WINDOWS\SYSTEM32\CRYPTBASE.dll
0x00007ffa71df0000 - 0x00007ffa71e1d000 	C:\WINDOWS\SYSTEM32\IPHLPAPI.DLL
0x00007ffa740c0000 - 0x00007ffa740c9000 	C:\WINDOWS\System32\NSI.dll
0x00007ffa67c90000 - 0x00007ffa67ca9000 	C:\WINDOWS\SYSTEM32\dhcpcsvc6.DLL
0x00007ffa67c70000 - 0x00007ffa67c8f000 	C:\WINDOWS\SYSTEM32\dhcpcsvc.DLL
0x00007ffa71e20000 - 0x00007ffa71f22000 	C:\WINDOWS\SYSTEM32\DNSAPI.dll
0x00007ffa62a40000 - 0x00007ffa62a49000 	C:\Program Files\Eclipse Adoptium\jdk-17.0.13.11-hotspot\bin\extnet.dll
0x00007ffa54ec0000 - 0x00007ffa54ece000 	C:\Program Files\Eclipse Adoptium\jdk-17.0.13.11-hotspot\bin\sunmscapi.dll
0x00007ffa736e0000 - 0x00007ffa73846000 	C:\WINDOWS\System32\CRYPT32.dll
0x00007ffa72cb0000 - 0x00007ffa72cdd000 	C:\WINDOWS\SYSTEM32\ncrypt.dll
0x00007ffa72c70000 - 0x00007ffa72ca7000 	C:\WINDOWS\SYSTEM32\NTASN1.dll
0x00007ffa62c70000 - 0x00007ffa62c78000 	C:\WINDOWS\system32\wshunix.dll
0x000000006c660000 - 0x000000006c686000 	C:\Program Files\Bonjour\mdnsNSP.dll
0x00007ffa648c0000 - 0x00007ffa648ca000 	C:\Windows\System32\rasadhlp.dll
0x00007ffa60960000 - 0x00007ffa609e3000 	C:\WINDOWS\System32\fwpuclnt.dll

dbghelp: loaded successfully - version: 4.0.5 - missing functions: none
symbol engine: initialized successfully - sym options: 0x614 - pdb path: .;C:\Program Files\Eclipse Adoptium\jdk-17.0.13.11-hotspot\bin;C:\WINDOWS\SYSTEM32;C:\Program Files\Avast Software\Avast;C:\WINDOWS\WinSxS\amd64_microsoft.windows.common-controls_6595b64144ccf1df_6.0.22621.4391_none_2715d37f73803e96;C:\Program Files\Eclipse Adoptium\jdk-17.0.13.11-hotspot\bin\server;C:\Users\aplut\.gradle\native\c067742578af261105cb4f569cf0c3c89f3d7b1fecec35dd04571415982c5e48\windows-amd64;C:\Users\aplut\.gradle\native\100fb08df4bc3b14c8652ba06237920a3bd2aa13389f12d3474272988ae205f9\windows-amd64;C:\Program Files\Bonjour

VM Arguments:
jvm_args: --add-opens=java.base/java.util.concurrent.atomic=ALL-UNNAMED --add-opens=java.base/java.util=ALL-UNNAMED --add-opens=java.base/java.lang=ALL-UNNAMED --add-opens=java.base/java.lang.invoke=ALL-UNNAMED --add-opens=java.prefs/java.util.prefs=ALL-UNNAMED --add-opens=java.base/java.nio.charset=ALL-UNNAMED --add-opens=java.base/java.net=ALL-UNNAMED --add-opens=java.base/java.util.concurrent.atomic=ALL-UNNAMED -Xmx3G -Dfile.encoding=UTF-8 -Duser.country=PL -Duser.language=pl -Duser.variant -javaagent:C:\Users\aplut\.gradle\wrapper\dists\gradle-8.8-bin\dl7vupf4psengwqhwktix4v1\gradle-8.8\lib\agents\gradle-instrumentation-agent-8.8.jar 
java_command: org.gradle.launcher.daemon.bootstrap.GradleDaemon 8.8
java_class_path (initial): C:\Users\aplut\.gradle\wrapper\dists\gradle-8.8-bin\dl7vupf4psengwqhwktix4v1\gradle-8.8\lib\gradle-launcher-8.8.jar
Launcher Type: SUN_STANDARD

[Global flags]
     intx CICompilerCount                          = 3                                         {product} {ergonomic}
     uint ConcGCThreads                            = 1                                         {product} {ergonomic}
     uint G1ConcRefinementThreads                  = 4                                         {product} {ergonomic}
   size_t G1HeapRegionSize                         = 2097152                                   {product} {ergonomic}
    uintx GCDrainStackTargetSize                   = 64                                        {product} {ergonomic}
   size_t InitialHeapSize                          = 130023424                                 {product} {ergonomic}
   size_t MarkStackSize                            = 4194304                                   {product} {ergonomic}
   size_t MaxHeapSize                              = 3221225472                                {product} {command line}
   size_t MaxNewSize                               = 1931476992                                {product} {ergonomic}
   size_t MinHeapDeltaBytes                        = 2097152                                   {product} {ergonomic}
   size_t MinHeapSize                              = 8388608                                   {product} {ergonomic}
    uintx NonNMethodCodeHeapSize                   = 5832780                                {pd product} {ergonomic}
    uintx NonProfiledCodeHeapSize                  = 122912730                              {pd product} {ergonomic}
    uintx ProfiledCodeHeapSize                     = 122912730                              {pd product} {ergonomic}
    uintx ReservedCodeCacheSize                    = 251658240                              {pd product} {ergonomic}
     bool SegmentedCodeCache                       = true                                      {product} {ergonomic}
   size_t SoftMaxHeapSize                          = 3221225472                             {manageable} {ergonomic}
     bool UseCompressedClassPointers               = true                           {product lp64_product} {ergonomic}
     bool UseCompressedOops                        = true                           {product lp64_product} {ergonomic}
     bool UseG1GC                                  = true                                      {product} {ergonomic}
     bool UseLargePagesIndividualAllocation        = false                                  {pd product} {ergonomic}

Logging:
Log output configuration:
 #0: stdout all=warning uptime,level,tags
 #1: stderr all=off uptime,level,tags

Environment Variables:
PATH=C:\Program Files\Eclipse Adoptium\jdk-17.0.13.11-hotspot\bin;C:\Users\aplut\OneDrive\Pulpit\PythonFlask\Scripts\;C:\Users\aplut\OneDrive\Pulpit\PythonFlask\;C:\Program Files\Oculus\Support\oculus-runtime;C:\PROGRA~2\Borland\CBUILD~1\Bin;C:\PROGRA~2\Borland\CBUILD~1\Projects\Bpl;C:\Program Files\Common Files\Oracle\Java\javapath;C:\Program Files (x86)\Common Files\Oracle\Java\java8path;C:\Program Files (x86)\Common Files\Oracle\Java\javapath;C:\Program Files (x86)\VMware\VMware Player\bin\;C:\Program Files\Microsoft\jdk-11.0.12.7-hotspot\bin;C:\WINDOWS\system32;C:\WINDOWS;C:\WINDOWS\System32\Wbem;C:\WINDOWS\System32\WindowsPowerShell\v1.0\;C:\WINDOWS\System32\OpenSSH\;C:\Program Files\Microsoft SQL Server\150\Tools\Binn\;C:\Program Files\dotnet\;C:\Program Files (x86)\Yarn\bin\;C:\Program Files\HP\HP One Agent;C:\Program Files\Docker\Docker\resources\bin;C:\Program Files\nodejs\;C:\Program Files\Microsoft SQL Server\120\Tools\Binn\;C:\Program Files\Git\cmd;C:\Users\aplut\.cargo\bin;C:\Ruby27-x64\bin;C:\Users\aplut\AppData\Local\Microsoft\WindowsApps;C:\Users\aplut\.dotnet\tools;%JAVA_HOME%\bin;C:\Users\aplut\AppData\Local\Programs\Microsoft VS Code\bin;C:\Users\aplut\AppData\Local\Yarn\bin;C:\ProgramData\aplut\GitHubDesktop\bin;C:\Users\aplut\AppData\Roaming\npm;C:\xampp\php;C:\Users\aplut\composer;C:\Users\aplut\AppData\Roaming\Composer\vendor\bin;C:\Users\aplut\AppData\Local\Muse Hub\lib;C:\Program Files\Oracle\VirtualBox;C:\Users\aplut\IntelliJ IDEA Community Edition 2024.3\bin;;C:\Gradle\bin;C:\Users\aplut\AppData\Local\GitHubDesktop\bin
USERNAME=aplut
OS=Windows_NT
PROCESSOR_IDENTIFIER=Intel64 Family 6 Model 140 Stepping 1, GenuineIntel
TMP=C:\Users\aplut\AppData\Local\Temp
TEMP=C:\Users\aplut\AppData\Local\Temp



Periodic native trim disabled


---------------  S Y S T E M  ---------------

OS:
 Windows 11 , 64 bit Build 22621 (10.0.22621.4391)
OS uptime: 0 days 10:43 hours
Hyper-V role detected

CPU: total 4 (initial active 4) (2 cores per cpu, 2 threads per core) family 6 model 140 stepping 1 microcode 0xac, cx8, cmov, fxsr, ht, mmx, 3dnowpref, sse, sse2, sse3, ssse3, sse4.1, sse4.2, popcnt, lzcnt, tsc, tscinvbit, avx, avx2, aes, erms, clmul, bmi1, bmi2, adx, avx512f, avx512dq, avx512cd, avx512bw, avx512vl, sha, fma, vzeroupper, avx512_vpopcntdq, avx512_vpclmulqdq, avx512_vaes, avx512_vnni, clflush, clflushopt, clwb, avx512_vbmi2, avx512_vbmi, hv
Processor Information for all 4 processors :
  Max Mhz: 2995, Current Mhz: 2995, Mhz Limit: 2995

Memory: 4k page, system-wide physical 7932M (282M free)
TotalPageFile size 16932M (AvailPageFile size 30M)
current process WorkingSet (physical memory assigned to process): 481M, peak: 481M
current process commit charge ("private bytes"): 515M, peak: 855M

vm_info: OpenJDK 64-Bit Server VM (17.0.13+11) for windows-amd64 JRE (17.0.13+11), built on Oct 16 2024 00:10:08 by "admin" with MS VC++ 17.7 (VS2022)

END.
