#
# There is insufficient memory for the Java Runtime Environment to continue.
# Native memory allocation (mmap) failed to map 390070272 bytes. Error detail: G1 virtual space
# Possible reasons:
#   The system is out of physical RAM or swap space
#   This process is running with CompressedOops enabled, and the Java Heap may be blocking the growth of the native heap
# Possible solutions:
#   Reduce memory load on the system
#   Increase physical memory or swap space
#   Check if swap backing store is full
#   Decrease Java heap size (-Xmx/-Xms)
#   Decrease number of Java threads
#   Decrease Java thread stack sizes (-Xss)
#   Set larger code cache with -XX:ReservedCodeCacheSize=
#   JVM is running with Zero Based Compressed Oops mode in which the Java heap is
#     placed in the first 32GB address space. The Java Heap base address is the
#     maximum limit for the native heap growth. Please use -XX:HeapBaseMinAddress
#     to set the Java Heap base and to place the Java Heap above 32GB virtual address.
# This output file may be truncated or incomplete.
#
#  Out of Memory Error (os_windows.cpp:3614), pid=17568, tid=7968
#
# JRE version: OpenJDK Runtime Environment Temurin-17.0.13+11 (17.0.13+11) (build 17.0.13+11)
# Java VM: OpenJDK 64-Bit Server VM Temurin-17.0.13+11 (17.0.13+11, mixed mode, sharing, tiered, compressed oops, compressed class ptrs, g1 gc, windows-amd64)
# No core dump will be written. Minidumps are not enabled by default on client versions of Windows
#

---------------  S U M M A R Y ------------

Command Line: --add-opens=java.base/java.util=ALL-UNNAMED --add-opens=java.base/java.lang=ALL-UNNAMED --add-opens=java.base/java.lang.invoke=ALL-UNNAMED --add-opens=java.prefs/java.util.prefs=ALL-UNNAMED --add-opens=java.base/java.nio.charset=ALL-UNNAMED --add-opens=java.base/java.net=ALL-UNNAMED --add-opens=java.base/java.util.concurrent.atomic=ALL-UNNAMED -Xmx3G -Dfile.encoding=UTF-8 -Duser.country=PL -Duser.language=pl -Duser.variant -javaagent:C:\Users\aplut\.gradle\wrapper\dists\gradle-8.8-bin\dl7vupf4psengwqhwktix4v1\gradle-8.8\lib\agents\gradle-instrumentation-agent-8.8.jar org.gradle.launcher.daemon.bootstrap.GradleDaemon 8.8

Host: 11th Gen Intel(R) Core(TM) i3-1115G4 @ 3.00GHz, 4 cores, 7G,  Windows 11 , 64 bit Build 22621 (10.0.22621.4391)
Time: Wed Dec  4 19:43:18 2024  Windows 11 , 64 bit Build 22621 (10.0.22621.4391) elapsed time: 29.375528 seconds (0d 0h 0m 29s)

---------------  T H R E A D  ---------------

Current thread (0x0000017127acd870):  VMThread "VM Thread" [stack: 0x0000005980600000,0x0000005980700000] [id=7968]

Stack: [0x0000005980600000,0x0000005980700000]
Native frames: (J=compiled Java code, j=interpreted, Vv=VM code, C=native code)
V  [jvm.dll+0x682a19]
V  [jvm.dll+0x839538]
V  [jvm.dll+0x83afe3]
V  [jvm.dll+0x83b653]
V  [jvm.dll+0x24704f]
V  [jvm.dll+0x67f809]
V  [jvm.dll+0x6746fa]
V  [jvm.dll+0x304a96]
V  [jvm.dll+0x30bf56]
V  [jvm.dll+0x35da5e]
V  [jvm.dll+0x35dc9d]
V  [jvm.dll+0x2dbe5c]
V  [jvm.dll+0x2da1ff]
V  [jvm.dll+0x2d996c]
V  [jvm.dll+0x31d14b]
V  [jvm.dll+0x83fe8d]
V  [jvm.dll+0x840bc3]
V  [jvm.dll+0x8410ef]
V  [jvm.dll+0x8414d4]
V  [jvm.dll+0x84159e]
V  [jvm.dll+0x7e8ffc]
V  [jvm.dll+0x6818f7]
C  [ucrtbase.dll+0x29333]
C  [KERNEL32.DLL+0x1259d]
C  [ntdll.dll+0x5af38]

VM_Operation (0x0000005984afa210): G1CollectForAllocation, mode: safepoint, requested by thread 0x000001716f18faf0


---------------  P R O C E S S  ---------------

Threads class SMR info:
_java_thread_list=0x0000017170285720, length=67, elements={
0x00000171078f5510, 0x0000017127ad2400, 0x0000017127ad2fc0, 0x0000017127aea580,
0x0000017127aeb050, 0x0000017127aefa30, 0x0000017127af1400, 0x0000017127af21a0,
0x000001716d010110, 0x000001716d010720, 0x0000017127abb600, 0x000001716d13f450,
0x000001716e279110, 0x000001716e2e0f00, 0x000001716dfcd0b0, 0x000001716d3a1820,
0x000001716d3a1d00, 0x000001716d353ec0, 0x000001716d352f90, 0x000001716d3534a0,
0x000001716d352060, 0x000001716d355300, 0x000001716d3543d0, 0x000001716d352570,
0x000001716d3548e0, 0x000001716d354df0, 0x000001716d355810, 0x000001716d352a80,
0x000001716ddf3af0, 0x000001716ddf1270, 0x000001716ddf21a0, 0x000001716ddf0d60,
0x000001716ddf1780, 0x000001716ddf35e0, 0x000001716ddf4510, 0x000001716ddf30d0,
0x000001716ddf2bc0, 0x000001716ddf4000, 0x0000017170843570, 0x0000017170843a80,
0x00000171708444a0, 0x0000017170843f90, 0x00000171708449b0, 0x0000017170844ec0,
0x00000171708453d0, 0x00000171708458e0, 0x0000017170845df0, 0x0000017170846300,
0x0000017170846810, 0x0000017170843060, 0x000001716f190510, 0x000001716f18a9f0,
0x000001716f18b920, 0x000001716f18e6b0, 0x000001716f18e1a0, 0x000001716f18d270,
0x000001716f18f5e0, 0x000001716f18af00, 0x000001716f190a20, 0x000001716f18c850,
0x000001716f191440, 0x000001716f18cd60, 0x000001716f190000, 0x000001716f18faf0,
0x000001716f18d780, 0x000001716f190f30, 0x000001716f18ebc0
}

Java Threads: ( => current thread )
  0x00000171078f5510 JavaThread "main" [_thread_blocked, id=20924, stack(0x00000059fff00000,0x0000005a00000000)]
  0x0000017127ad2400 JavaThread "Reference Handler" daemon [_thread_blocked, id=27320, stack(0x0000005980700000,0x0000005980800000)]
  0x0000017127ad2fc0 JavaThread "Finalizer" daemon [_thread_blocked, id=4716, stack(0x0000005980800000,0x0000005980900000)]
  0x0000017127aea580 JavaThread "Signal Dispatcher" daemon [_thread_blocked, id=12552, stack(0x0000005980900000,0x0000005980a00000)]
  0x0000017127aeb050 JavaThread "Attach Listener" daemon [_thread_blocked, id=23480, stack(0x0000005980a00000,0x0000005980b00000)]
  0x0000017127aefa30 JavaThread "Service Thread" daemon [_thread_blocked, id=27124, stack(0x0000005980b00000,0x0000005980c00000)]
  0x0000017127af1400 JavaThread "Monitor Deflation Thread" daemon [_thread_blocked, id=9428, stack(0x0000005980c00000,0x0000005980d00000)]
  0x0000017127af21a0 JavaThread "C2 CompilerThread0" daemon [_thread_blocked, id=20244, stack(0x0000005980d00000,0x0000005980e00000)]
  0x000001716d010110 JavaThread "C1 CompilerThread0" daemon [_thread_blocked, id=16968, stack(0x0000005980e00000,0x0000005980f00000)]
  0x000001716d010720 JavaThread "Sweeper thread" daemon [_thread_blocked, id=19876, stack(0x0000005980f00000,0x0000005981000000)]
  0x0000017127abb600 JavaThread "Common-Cleaner" daemon [_thread_blocked, id=5188, stack(0x0000005981000000,0x0000005981100000)]
  0x000001716d13f450 JavaThread "Notification Thread" daemon [_thread_blocked, id=10820, stack(0x0000005981100000,0x0000005981200000)]
  0x000001716e279110 JavaThread "Daemon health stats" [_thread_blocked, id=12032, stack(0x0000005981600000,0x0000005981700000)]
  0x000001716e2e0f00 JavaThread "Incoming local TCP Connector on port 56417" [_thread_in_native, id=26792, stack(0x0000005981700000,0x0000005981800000)]
  0x000001716dfcd0b0 JavaThread "Daemon periodic checks" [_thread_blocked, id=15836, stack(0x0000005981800000,0x0000005981900000)]
  0x000001716d3a1820 JavaThread "Daemon" [_thread_blocked, id=22848, stack(0x0000005981900000,0x0000005981a00000)]
  0x000001716d3a1d00 JavaThread "Handler for socket connection from /127.0.0.1:56417 to /127.0.0.1:56420" [_thread_in_native, id=11728, stack(0x0000005981a00000,0x0000005981b00000)]
  0x000001716d353ec0 JavaThread "Cancel handler" [_thread_blocked, id=20012, stack(0x0000005981b00000,0x0000005981c00000)]
  0x000001716d352f90 JavaThread "Daemon worker" [_thread_blocked, id=3832, stack(0x0000005981c00000,0x0000005981d00000)]
  0x000001716d3534a0 JavaThread "Asynchronous log dispatcher for DefaultDaemonConnection: socket connection from /127.0.0.1:56417 to /127.0.0.1:56420" [_thread_blocked, id=22900, stack(0x0000005981d00000,0x0000005981e00000)]
  0x000001716d352060 JavaThread "Stdin handler" [_thread_blocked, id=26568, stack(0x0000005981e00000,0x0000005981f00000)]
  0x000001716d355300 JavaThread "Daemon client event forwarder" [_thread_blocked, id=2164, stack(0x0000005981f00000,0x0000005982000000)]
  0x000001716d3543d0 JavaThread "Cache worker for journal cache (C:\Users\aplut\.gradle\caches\journal-1)" [_thread_blocked, id=23272, stack(0x0000005982000000,0x0000005982100000)]
  0x000001716d352570 JavaThread "File lock request listener" [_thread_in_native, id=9424, stack(0x0000005982100000,0x0000005982200000)]
  0x000001716d3548e0 JavaThread "Cache worker for file hash cache (C:\Users\aplut\.gradle\caches\8.8\fileHashes)" [_thread_blocked, id=22896, stack(0x0000005982200000,0x0000005982300000)]
  0x000001716d354df0 JavaThread "Cache worker for file hash cache (C:\Users\aplut\OneDrive\Projekty\Mods\Creativity\.gradle\8.8\fileHashes)" [_thread_blocked, id=27240, stack(0x0000005982300000,0x0000005982400000)]
  0x000001716d355810 JavaThread "File watcher server" daemon [_thread_blocked, id=12412, stack(0x0000005982400000,0x0000005982500000)]
  0x000001716d352a80 JavaThread "File watcher consumer" daemon [_thread_blocked, id=26756, stack(0x0000005982500000,0x0000005982600000)]
  0x000001716ddf3af0 JavaThread "Cache worker for checksums cache (C:\Users\aplut\OneDrive\Projekty\Mods\Creativity\.gradle\8.8\checksums)" [_thread_blocked, id=5680, stack(0x0000005982600000,0x0000005982700000)]
  0x000001716ddf1270 JavaThread "Cache worker for file content cache (C:\Users\aplut\.gradle\caches\8.8\fileContent)" [_thread_blocked, id=25832, stack(0x0000005982700000,0x0000005982800000)]
  0x000001716ddf21a0 JavaThread "Cache worker for cache directory md-rule (C:\Users\aplut\.gradle\caches\8.8\md-rule)" [_thread_blocked, id=3780, stack(0x0000005982800000,0x0000005982900000)]
  0x000001716ddf0d60 JavaThread "Cache worker for cache directory md-supplier (C:\Users\aplut\.gradle\caches\8.8\md-supplier)" [_thread_blocked, id=26384, stack(0x0000005982900000,0x0000005982a00000)]
  0x000001716ddf1780 JavaThread "jar transforms" [_thread_blocked, id=16328, stack(0x0000005982a00000,0x0000005982b00000)]
  0x000001716ddf35e0 JavaThread "jar transforms Thread 2" [_thread_blocked, id=13920, stack(0x0000005982b00000,0x0000005982c00000)]
  0x000001716ddf4510 JavaThread "jar transforms Thread 3" [_thread_blocked, id=12724, stack(0x0000005982d00000,0x0000005982e00000)]
  0x000001716ddf30d0 JavaThread "Unconstrained build operations" [_thread_blocked, id=24036, stack(0x0000005982e00000,0x0000005982f00000)]
  0x000001716ddf2bc0 JavaThread "Unconstrained build operations Thread 2" [_thread_blocked, id=21612, stack(0x0000005982f00000,0x0000005983000000)]
  0x000001716ddf4000 JavaThread "jar transforms Thread 4" [_thread_blocked, id=26804, stack(0x0000005983000000,0x0000005983100000)]
  0x0000017170843570 JavaThread "Unconstrained build operations Thread 3" [_thread_blocked, id=21312, stack(0x0000005983100000,0x0000005983200000)]
  0x0000017170843a80 JavaThread "Unconstrained build operations Thread 4" [_thread_blocked, id=20668, stack(0x0000005983200000,0x0000005983300000)]
  0x00000171708444a0 JavaThread "Unconstrained build operations Thread 5" [_thread_blocked, id=27264, stack(0x0000005983300000,0x0000005983400000)]
  0x0000017170843f90 JavaThread "Unconstrained build operations Thread 6" [_thread_blocked, id=26392, stack(0x0000005983400000,0x0000005983500000)]
  0x00000171708449b0 JavaThread "Unconstrained build operations Thread 7" [_thread_blocked, id=24628, stack(0x0000005983500000,0x0000005983600000)]
  0x0000017170844ec0 JavaThread "Unconstrained build operations Thread 8" [_thread_blocked, id=26052, stack(0x0000005983600000,0x0000005983700000)]
  0x00000171708453d0 JavaThread "Cache worker for Build Output Cleanup Cache (C:\Users\aplut\OneDrive\Projekty\Mods\Creativity\.gradle\buildOutputCleanup)" [_thread_blocked, id=14444, stack(0x0000005983700000,0x0000005983800000)]
  0x00000171708458e0 JavaThread "Unconstrained build operations Thread 9" [_thread_blocked, id=20884, stack(0x0000005983800000,0x0000005983900000)]
  0x0000017170845df0 JavaThread "Unconstrained build operations Thread 10" [_thread_blocked, id=21992, stack(0x0000005983900000,0x0000005983a00000)]
  0x0000017170846300 JavaThread "Unconstrained build operations Thread 11" [_thread_blocked, id=26544, stack(0x0000005983a00000,0x0000005983b00000)]
  0x0000017170846810 JavaThread "Unconstrained build operations Thread 12" [_thread_blocked, id=14072, stack(0x0000005983b00000,0x0000005983c00000)]
  0x0000017170843060 JavaThread "Unconstrained build operations Thread 13" [_thread_blocked, id=24240, stack(0x0000005983c00000,0x0000005983d00000)]
  0x000001716f190510 JavaThread "Unconstrained build operations Thread 14" [_thread_blocked, id=19768, stack(0x0000005983d00000,0x0000005983e00000)]
  0x000001716f18a9f0 JavaThread "Unconstrained build operations Thread 15" [_thread_blocked, id=27228, stack(0x0000005983e00000,0x0000005983f00000)]
  0x000001716f18b920 JavaThread "Unconstrained build operations Thread 16" [_thread_blocked, id=27008, stack(0x0000005983f00000,0x0000005984000000)]
  0x000001716f18e6b0 JavaThread "Unconstrained build operations Thread 17" [_thread_blocked, id=23508, stack(0x0000005984000000,0x0000005984100000)]
  0x000001716f18e1a0 JavaThread "Keep-Alive-Timer" daemon [_thread_blocked, id=18912, stack(0x0000005984100000,0x0000005984200000)]
  0x000001716f18d270 JavaThread "Memory manager" [_thread_blocked, id=2204, stack(0x0000005984200000,0x0000005984300000)]
  0x000001716f18f5e0 JavaThread "Unconstrained build operations Thread 18" [_thread_blocked, id=20900, stack(0x0000005984300000,0x0000005984400000)]
  0x000001716f18af00 JavaThread "Unconstrained build operations Thread 19" [_thread_blocked, id=16324, stack(0x0000005984400000,0x0000005984500000)]
  0x000001716f190a20 JavaThread "Unconstrained build operations Thread 20" [_thread_blocked, id=27292, stack(0x0000005984500000,0x0000005984600000)]
  0x000001716f18c850 JavaThread "Unconstrained build operations Thread 21" [_thread_blocked, id=22176, stack(0x0000005984600000,0x0000005984700000)]
  0x000001716f191440 JavaThread "Unconstrained build operations Thread 22" [_thread_blocked, id=10620, stack(0x0000005984700000,0x0000005984800000)]
  0x000001716f18cd60 JavaThread "Unconstrained build operations Thread 23" [_thread_blocked, id=6760, stack(0x0000005984800000,0x0000005984900000)]
  0x000001716f190000 JavaThread "included builds" [_thread_blocked, id=10336, stack(0x0000005984900000,0x0000005984a00000)]
  0x000001716f18faf0 JavaThread "Execution worker" [_thread_blocked, id=26588, stack(0x0000005984a00000,0x0000005984b00000)]
  0x000001716f18d780 JavaThread "Execution worker Thread 2" [_thread_blocked, id=26996, stack(0x0000005984b00000,0x0000005984c00000)]
  0x000001716f190f30 JavaThread "Execution worker Thread 3" [_thread_blocked, id=9412, stack(0x0000005984c00000,0x0000005984d00000)]
  0x000001716f18ebc0 JavaThread "Cache worker for execution history cache (C:\Users\aplut\OneDrive\Projekty\Mods\Creativity\.gradle\8.8\executionHistory)" [_thread_blocked, id=26692, stack(0x0000005984d00000,0x0000005984e00000)]

Other Threads:
=>0x0000017127acd870 VMThread "VM Thread" [stack: 0x0000005980600000,0x0000005980700000] [id=7968]
  0x00000171078f6390 WatcherThread [stack: 0x0000005981200000,0x0000005981300000] [id=4908]
  0x000001710794ee00 GCTaskThread "GC Thread#0" [stack: 0x0000005980100000,0x0000005980200000] [id=25884]
  0x000001716d1b40e0 GCTaskThread "GC Thread#1" [stack: 0x0000005981300000,0x0000005981400000] [id=17688]
  0x000001716d205620 GCTaskThread "GC Thread#2" [stack: 0x0000005981400000,0x0000005981500000] [id=16600]
  0x000001716dcd7cc0 GCTaskThread "GC Thread#3" [stack: 0x0000005981500000,0x0000005981600000] [id=14936]
  0x000001710795bd50 ConcurrentGCThread "G1 Main Marker" [stack: 0x0000005980200000,0x0000005980300000] [id=14840]
  0x000001710795c770 ConcurrentGCThread "G1 Conc#0" [stack: 0x0000005980300000,0x0000005980400000] [id=17964]
  0x00000171079962d0 ConcurrentGCThread "G1 Refine#0" [stack: 0x0000005980400000,0x0000005980500000] [id=21624]
  0x00000171707df9c0 ConcurrentGCThread "G1 Refine#1" [stack: 0x0000005982c00000,0x0000005982d00000] [id=26672]
  0x000001716efef850 ConcurrentGCThread "G1 Refine#2" [stack: 0x0000005984e00000,0x0000005984f00000] [id=10636]
  0x000001716efee3c0 ConcurrentGCThread "G1 Refine#3" [stack: 0x0000005984f00000,0x0000005985000000] [id=24324]
  0x0000017107996d00 ConcurrentGCThread "G1 Service" [stack: 0x0000005980500000,0x0000005980600000] [id=23456]

Threads with active compile tasks:
C2 CompilerThread0    29432 8773       4       net.minecraftforge.srgutils.InternalUtils::toDesc (235 bytes)

VM state: at safepoint (normal execution)

VM Mutex/Monitor currently owned by a thread:  ([mutex/lock_event])
[0x00000171078f11b0] Threads_lock - owner thread: 0x0000017127acd870
[0x00000171078f23b0] Heap_lock - owner thread: 0x000001716f18faf0

Heap address: 0x0000000740000000, size: 3072 MB, Compressed Oops mode: Zero based, Oop shift amount: 3

CDS archive(s) mapped at: [0x0000017128000000-0x0000017128bb0000-0x0000017128bb0000), size 12255232, SharedBaseAddress: 0x0000017128000000, ArchiveRelocationMode: 1.
Compressed class space mapped at: 0x0000017129000000-0x0000017169000000, reserved size: 1073741824
Narrow klass base: 0x0000017128000000, Narrow klass shift: 0, Narrow klass range: 0x100000000

GC Precious Log:
 CPUs: 4 total, 4 available
 Memory: 7932M
 Large Page Support: Disabled
 NUMA Support: Disabled
 Compressed Oops: Enabled (Zero based)
 Heap Region Size: 2M
 Heap Min Capacity: 8M
 Heap Initial Capacity: 124M
 Heap Max Capacity: 3G
 Pre-touch: Disabled
 Parallel Workers: 4
 Concurrent Workers: 1
 Concurrent Refinement Workers: 4
 Periodic GC: Disabled

Heap:
 garbage-first heap   total 380928K, used 243193K [0x0000000740000000, 0x0000000800000000)
  region size 2048K, 5 young (10240K), 5 survivors (10240K)
 Metaspace       used 65307K, committed 65920K, reserved 1114112K
  class space    used 9113K, committed 9408K, reserved 1048576K

Heap Regions: E=young(eden), S=young(survivor), O=old, HS=humongous(starts), HC=humongous(continues), CS=collection set, F=free, OA=open archive, CA=closed archive, TAMS=top-at-mark-start (previous, next)
|   0|0x0000000740000000, 0x0000000740200000, 0x0000000740200000|100%|HS|  |TAMS 0x0000000740200000, 0x0000000740200000| Complete 
|   1|0x0000000740200000, 0x0000000740400000, 0x0000000740400000|100%|HC|  |TAMS 0x0000000740400000, 0x0000000740400000| Complete 
|   2|0x0000000740400000, 0x0000000740600000, 0x0000000740600000|100%| O|  |TAMS 0x0000000740600000, 0x0000000740600000| Untracked 
|   3|0x0000000740600000, 0x0000000740800000, 0x0000000740800000|100%| O|  |TAMS 0x0000000740800000, 0x0000000740800000| Untracked 
|   4|0x0000000740800000, 0x0000000740a00000, 0x0000000740a00000|100%| O|  |TAMS 0x0000000740a00000, 0x0000000740a00000| Untracked 
|   5|0x0000000740a00000, 0x0000000740c00000, 0x0000000740c00000|100%| O|  |TAMS 0x0000000740c00000, 0x0000000740c00000| Untracked 
|   6|0x0000000740c00000, 0x0000000740e00000, 0x0000000740e00000|100%| O|  |TAMS 0x0000000740e00000, 0x0000000740e00000| Untracked 
|   7|0x0000000740e00000, 0x0000000740f7e400, 0x0000000741000000| 74%| O|  |TAMS 0x0000000740f7e400, 0x0000000740f7e400| Untracked 
|   8|0x0000000741000000, 0x0000000741200000, 0x0000000741200000|100%| O|  |TAMS 0x0000000741200000, 0x0000000741200000| Untracked 
|   9|0x0000000741200000, 0x0000000741400000, 0x0000000741400000|100%| O|  |TAMS 0x0000000741400000, 0x0000000741400000| Untracked 
|  10|0x0000000741400000, 0x0000000741600000, 0x0000000741600000|100%| O|  |TAMS 0x0000000741600000, 0x0000000741600000| Untracked 
|  11|0x0000000741600000, 0x0000000741800000, 0x0000000741800000|100%| O|  |TAMS 0x0000000741800000, 0x0000000741800000| Untracked 
|  12|0x0000000741800000, 0x0000000741a00000, 0x0000000741a00000|100%| O|  |TAMS 0x0000000741a00000, 0x0000000741a00000| Untracked 
|  13|0x0000000741a00000, 0x0000000741c00000, 0x0000000741c00000|100%| O|  |TAMS 0x0000000741c00000, 0x0000000741c00000| Untracked 
|  14|0x0000000741c00000, 0x0000000741e00000, 0x0000000741e00000|100%| O|  |TAMS 0x0000000741e00000, 0x0000000741e00000| Untracked 
|  15|0x0000000741e00000, 0x0000000742000000, 0x0000000742000000|100%| O|  |TAMS 0x0000000742000000, 0x0000000742000000| Untracked 
|  16|0x0000000742000000, 0x0000000742200000, 0x0000000742200000|100%| O|  |TAMS 0x0000000742200000, 0x0000000742200000| Untracked 
|  17|0x0000000742200000, 0x0000000742400000, 0x0000000742400000|100%| O|  |TAMS 0x0000000742400000, 0x0000000742400000| Untracked 
|  18|0x0000000742400000, 0x0000000742600000, 0x0000000742600000|100%|HS|  |TAMS 0x0000000742600000, 0x0000000742600000| Complete 
|  19|0x0000000742600000, 0x0000000742800000, 0x0000000742800000|100%| O|  |TAMS 0x0000000742800000, 0x0000000742800000| Untracked 
|  20|0x0000000742800000, 0x0000000742a00000, 0x0000000742a00000|100%| O|  |TAMS 0x0000000742a00000, 0x0000000742a00000| Untracked 
|  21|0x0000000742a00000, 0x0000000742c00000, 0x0000000742c00000|100%| O|  |TAMS 0x0000000742c00000, 0x0000000742c00000| Untracked 
|  22|0x0000000742c00000, 0x0000000742e00000, 0x0000000742e00000|100%| O|  |TAMS 0x0000000742e00000, 0x0000000742e00000| Untracked 
|  23|0x0000000742e00000, 0x0000000743000000, 0x0000000743000000|100%| O|  |TAMS 0x0000000743000000, 0x0000000743000000| Untracked 
|  24|0x0000000743000000, 0x0000000743200000, 0x0000000743200000|100%| O|  |TAMS 0x0000000743200000, 0x0000000743200000| Untracked 
|  25|0x0000000743200000, 0x0000000743400000, 0x0000000743400000|100%| O|  |TAMS 0x0000000743200000, 0x0000000743400000| Untracked 
|  26|0x0000000743400000, 0x0000000743600000, 0x0000000743600000|100%| O|  |TAMS 0x0000000743400000, 0x0000000743600000| Untracked 
|  27|0x0000000743600000, 0x0000000743800000, 0x0000000743800000|100%| O|  |TAMS 0x0000000743600000, 0x0000000743800000| Untracked 
|  28|0x0000000743800000, 0x0000000743a00000, 0x0000000743a00000|100%| O|  |TAMS 0x0000000743800000, 0x0000000743a00000| Untracked 
|  29|0x0000000743a00000, 0x0000000743c00000, 0x0000000743c00000|100%| O|  |TAMS 0x0000000743c00000, 0x0000000743c00000| Untracked 
|  30|0x0000000743c00000, 0x0000000743e00000, 0x0000000743e00000|100%| O|  |TAMS 0x0000000743c77600, 0x0000000743e00000| Untracked 
|  31|0x0000000743e00000, 0x0000000744000000, 0x0000000744000000|100%| O|  |TAMS 0x0000000743e00000, 0x0000000744000000| Untracked 
|  32|0x0000000744000000, 0x0000000744200000, 0x0000000744200000|100%| O|  |TAMS 0x0000000744000000, 0x0000000744200000| Untracked 
|  33|0x0000000744200000, 0x0000000744400000, 0x0000000744400000|100%| O|  |TAMS 0x0000000744200000, 0x0000000744400000| Untracked 
|  34|0x0000000744400000, 0x0000000744600000, 0x0000000744600000|100%| O|  |TAMS 0x0000000744400000, 0x0000000744600000| Untracked 
|  35|0x0000000744600000, 0x0000000744800000, 0x0000000744800000|100%| O|  |TAMS 0x0000000744600000, 0x0000000744800000| Untracked 
|  36|0x0000000744800000, 0x0000000744a00000, 0x0000000744a00000|100%| O|  |TAMS 0x0000000744800000, 0x0000000744a00000| Untracked 
|  37|0x0000000744a00000, 0x0000000744c00000, 0x0000000744c00000|100%| O|  |TAMS 0x0000000744a00000, 0x0000000744c00000| Untracked 
|  38|0x0000000744c00000, 0x0000000744e00000, 0x0000000744e00000|100%| O|  |TAMS 0x0000000744c00000, 0x0000000744e00000| Untracked 
|  39|0x0000000744e00000, 0x0000000745000000, 0x0000000745000000|100%| O|  |TAMS 0x0000000744e00000, 0x0000000745000000| Untracked 
|  40|0x0000000745000000, 0x0000000745200000, 0x0000000745200000|100%| O|  |TAMS 0x0000000745000000, 0x0000000745200000| Untracked 
|  41|0x0000000745200000, 0x0000000745400000, 0x0000000745400000|100%| O|  |TAMS 0x0000000745200000, 0x0000000745400000| Untracked 
|  42|0x0000000745400000, 0x0000000745600000, 0x0000000745600000|100%| O|  |TAMS 0x0000000745400000, 0x0000000745600000| Untracked 
|  43|0x0000000745600000, 0x0000000745800000, 0x0000000745800000|100%| O|  |TAMS 0x0000000745600000, 0x0000000745800000| Untracked 
|  44|0x0000000745800000, 0x0000000745a00000, 0x0000000745a00000|100%| O|  |TAMS 0x0000000745800000, 0x0000000745a00000| Untracked 
|  45|0x0000000745a00000, 0x0000000745c00000, 0x0000000745c00000|100%| O|  |TAMS 0x0000000745a00000, 0x0000000745c00000| Untracked 
|  46|0x0000000745c00000, 0x0000000745e00000, 0x0000000745e00000|100%| O|  |TAMS 0x0000000745c00000, 0x0000000745e00000| Untracked 
|  47|0x0000000745e00000, 0x0000000746000000, 0x0000000746000000|100%| O|  |TAMS 0x0000000745e00000, 0x0000000746000000| Untracked 
|  48|0x0000000746000000, 0x0000000746200000, 0x0000000746200000|100%| O|  |TAMS 0x0000000746000000, 0x0000000746200000| Untracked 
|  49|0x0000000746200000, 0x0000000746400000, 0x0000000746400000|100%| O|  |TAMS 0x0000000746200000, 0x0000000746400000| Untracked 
|  50|0x0000000746400000, 0x0000000746600000, 0x0000000746600000|100%| O|  |TAMS 0x0000000746400000, 0x0000000746600000| Untracked 
|  51|0x0000000746600000, 0x0000000746800000, 0x0000000746800000|100%| O|  |TAMS 0x0000000746600000, 0x0000000746800000| Untracked 
|  52|0x0000000746800000, 0x0000000746a00000, 0x0000000746a00000|100%| O|  |TAMS 0x0000000746800000, 0x0000000746a00000| Untracked 
|  53|0x0000000746a00000, 0x0000000746c00000, 0x0000000746c00000|100%| O|  |TAMS 0x0000000746a00000, 0x0000000746c00000| Untracked 
|  54|0x0000000746c00000, 0x0000000746e00000, 0x0000000746e00000|100%| O|  |TAMS 0x0000000746c00000, 0x0000000746e00000| Untracked 
|  55|0x0000000746e00000, 0x0000000747000000, 0x0000000747000000|100%| O|  |TAMS 0x0000000746e00000, 0x0000000747000000| Untracked 
|  56|0x0000000747000000, 0x0000000747200000, 0x0000000747200000|100%| O|  |TAMS 0x0000000747000000, 0x0000000747200000| Untracked 
|  57|0x0000000747200000, 0x0000000747400000, 0x0000000747400000|100%| O|  |TAMS 0x0000000747200000, 0x0000000747400000| Untracked 
|  58|0x0000000747400000, 0x0000000747600000, 0x0000000747600000|100%| O|  |TAMS 0x0000000747400000, 0x0000000747600000| Untracked 
|  59|0x0000000747600000, 0x0000000747800000, 0x0000000747800000|100%| O|  |TAMS 0x0000000747600000, 0x0000000747800000| Untracked 
|  60|0x0000000747800000, 0x0000000747a00000, 0x0000000747a00000|100%| O|  |TAMS 0x0000000747800000, 0x0000000747800000| Untracked 
|  61|0x0000000747a00000, 0x0000000747c00000, 0x0000000747c00000|100%| O|  |TAMS 0x0000000747a00000, 0x0000000747a00000| Untracked 
|  62|0x0000000747c00000, 0x0000000747e00000, 0x0000000747e00000|100%| O|  |TAMS 0x0000000747c00000, 0x0000000747c00000| Untracked 
|  63|0x0000000747e00000, 0x0000000748000000, 0x0000000748000000|100%| O|  |TAMS 0x0000000747e00000, 0x0000000747e00000| Untracked 
|  64|0x0000000748000000, 0x0000000748200000, 0x0000000748200000|100%| O|  |TAMS 0x0000000748000000, 0x0000000748000000| Untracked 
|  65|0x0000000748200000, 0x0000000748400000, 0x0000000748400000|100%| O|  |TAMS 0x0000000748200000, 0x0000000748200000| Untracked 
|  66|0x0000000748400000, 0x0000000748600000, 0x0000000748600000|100%| O|  |TAMS 0x0000000748400000, 0x0000000748400000| Untracked 
|  67|0x0000000748600000, 0x0000000748800000, 0x0000000748800000|100%| O|  |TAMS 0x0000000748600000, 0x0000000748600000| Untracked 
|  68|0x0000000748800000, 0x0000000748a00000, 0x0000000748a00000|100%| O|  |TAMS 0x0000000748800000, 0x0000000748800000| Untracked 
|  69|0x0000000748a00000, 0x0000000748c00000, 0x0000000748c00000|100%| O|  |TAMS 0x0000000748a00000, 0x0000000748a00000| Untracked 
|  70|0x0000000748c00000, 0x0000000748e00000, 0x0000000748e00000|100%| O|  |TAMS 0x0000000748c00000, 0x0000000748c00000| Untracked 
|  71|0x0000000748e00000, 0x0000000749000000, 0x0000000749000000|100%| O|  |TAMS 0x0000000748e00000, 0x0000000749000000| Untracked 
|  72|0x0000000749000000, 0x0000000749200000, 0x0000000749200000|100%| O|  |TAMS 0x0000000749000000, 0x0000000749200000| Untracked 
|  73|0x0000000749200000, 0x0000000749400000, 0x0000000749400000|100%| O|  |TAMS 0x0000000749200000, 0x0000000749400000| Untracked 
|  74|0x0000000749400000, 0x0000000749600000, 0x0000000749600000|100%| O|  |TAMS 0x0000000749400000, 0x0000000749600000| Untracked 
|  75|0x0000000749600000, 0x0000000749800000, 0x0000000749800000|100%| O|  |TAMS 0x0000000749600000, 0x0000000749800000| Untracked 
|  76|0x0000000749800000, 0x0000000749a00000, 0x0000000749a00000|100%| O|  |TAMS 0x0000000749800000, 0x0000000749a00000| Untracked 
|  77|0x0000000749a00000, 0x0000000749c00000, 0x0000000749c00000|100%| O|  |TAMS 0x0000000749a00000, 0x0000000749b00000| Untracked 
|  78|0x0000000749c00000, 0x0000000749e00000, 0x0000000749e00000|100%| O|  |TAMS 0x0000000749c00000, 0x0000000749c00000| Untracked 
|  79|0x0000000749e00000, 0x000000074a000000, 0x000000074a000000|100%| O|  |TAMS 0x0000000749e00000, 0x0000000749e00000| Untracked 
|  80|0x000000074a000000, 0x000000074a200000, 0x000000074a200000|100%| O|  |TAMS 0x000000074a000000, 0x000000074a000000| Untracked 
|  81|0x000000074a200000, 0x000000074a400000, 0x000000074a400000|100%| O|  |TAMS 0x000000074a200000, 0x000000074a200000| Untracked 
|  82|0x000000074a400000, 0x000000074a600000, 0x000000074a600000|100%| O|  |TAMS 0x000000074a400000, 0x000000074a400000| Untracked 
|  83|0x000000074a600000, 0x000000074a600000, 0x000000074a800000|  0%| F|  |TAMS 0x000000074a600000, 0x000000074a600000| Untracked 
|  84|0x000000074a800000, 0x000000074a800000, 0x000000074aa00000|  0%| F|  |TAMS 0x000000074a800000, 0x000000074a800000| Untracked 
|  85|0x000000074aa00000, 0x000000074aa00000, 0x000000074ac00000|  0%| F|  |TAMS 0x000000074aa00000, 0x000000074aa00000| Untracked 
|  86|0x000000074ac00000, 0x000000074ac00000, 0x000000074ae00000|  0%| F|  |TAMS 0x000000074ac00000, 0x000000074ac00000| Untracked 
|  87|0x000000074ae00000, 0x000000074ae00000, 0x000000074b000000|  0%| F|  |TAMS 0x000000074ae00000, 0x000000074ae00000| Untracked 
|  88|0x000000074b000000, 0x000000074b000000, 0x000000074b200000|  0%| F|  |TAMS 0x000000074b000000, 0x000000074b000000| Untracked 
|  89|0x000000074b200000, 0x000000074b200000, 0x000000074b400000|  0%| F|  |TAMS 0x000000074b200000, 0x000000074b200000| Untracked 
|  90|0x000000074b400000, 0x000000074b400000, 0x000000074b600000|  0%| F|  |TAMS 0x000000074b400000, 0x000000074b400000| Untracked 
|  91|0x000000074b600000, 0x000000074b600000, 0x000000074b800000|  0%| F|  |TAMS 0x000000074b600000, 0x000000074b600000| Untracked 
|  92|0x000000074b800000, 0x000000074b800000, 0x000000074ba00000|  0%| F|  |TAMS 0x000000074b800000, 0x000000074b800000| Untracked 
|  93|0x000000074ba00000, 0x000000074ba00000, 0x000000074bc00000|  0%| F|  |TAMS 0x000000074ba00000, 0x000000074ba00000| Untracked 
|  94|0x000000074bc00000, 0x000000074bc00000, 0x000000074be00000|  0%| F|  |TAMS 0x000000074bc00000, 0x000000074bc00000| Untracked 
|  95|0x000000074be00000, 0x000000074be00000, 0x000000074c000000|  0%| F|  |TAMS 0x000000074be00000, 0x000000074be00000| Untracked 
|  96|0x000000074c000000, 0x000000074c000000, 0x000000074c200000|  0%| F|  |TAMS 0x000000074c000000, 0x000000074c000000| Untracked 
|  97|0x000000074c200000, 0x000000074c200000, 0x000000074c400000|  0%| F|  |TAMS 0x000000074c200000, 0x000000074c200000| Untracked 
|  98|0x000000074c400000, 0x000000074c400000, 0x000000074c600000|  0%| F|  |TAMS 0x000000074c400000, 0x000000074c400000| Untracked 
|  99|0x000000074c600000, 0x000000074c600000, 0x000000074c800000|  0%| F|  |TAMS 0x000000074c600000, 0x000000074c600000| Untracked 
| 100|0x000000074c800000, 0x000000074c800000, 0x000000074ca00000|  0%| F|  |TAMS 0x000000074c800000, 0x000000074c800000| Untracked 
| 101|0x000000074ca00000, 0x000000074ca00000, 0x000000074cc00000|  0%| F|  |TAMS 0x000000074ca00000, 0x000000074ca00000| Untracked 
| 102|0x000000074cc00000, 0x000000074cc00000, 0x000000074ce00000|  0%| F|  |TAMS 0x000000074cc00000, 0x000000074cc00000| Untracked 
| 103|0x000000074ce00000, 0x000000074ce00000, 0x000000074d000000|  0%| F|  |TAMS 0x000000074ce00000, 0x000000074ce00000| Untracked 
| 104|0x000000074d000000, 0x000000074d000000, 0x000000074d200000|  0%| F|  |TAMS 0x000000074d000000, 0x000000074d000000| Untracked 
| 105|0x000000074d200000, 0x000000074d200000, 0x000000074d400000|  0%| F|  |TAMS 0x000000074d200000, 0x000000074d200000| Untracked 
| 106|0x000000074d400000, 0x000000074d400000, 0x000000074d600000|  0%| F|  |TAMS 0x000000074d400000, 0x000000074d400000| Untracked 
| 107|0x000000074d600000, 0x000000074d600000, 0x000000074d800000|  0%| F|  |TAMS 0x000000074d600000, 0x000000074d600000| Untracked 
| 108|0x000000074d800000, 0x000000074d800000, 0x000000074da00000|  0%| F|  |TAMS 0x000000074d800000, 0x000000074d800000| Untracked 
| 109|0x000000074da00000, 0x000000074da00000, 0x000000074dc00000|  0%| F|  |TAMS 0x000000074da00000, 0x000000074da00000| Untracked 
| 110|0x000000074dc00000, 0x000000074dc00000, 0x000000074de00000|  0%| F|  |TAMS 0x000000074dc00000, 0x000000074dc00000| Untracked 
| 111|0x000000074de00000, 0x000000074de00000, 0x000000074e000000|  0%| F|  |TAMS 0x000000074de00000, 0x000000074de00000| Untracked 
| 112|0x000000074e000000, 0x000000074e000000, 0x000000074e200000|  0%| F|  |TAMS 0x000000074e000000, 0x000000074e000000| Untracked 
| 113|0x000000074e200000, 0x000000074e200000, 0x000000074e400000|  0%| F|  |TAMS 0x000000074e200000, 0x000000074e200000| Untracked 
| 114|0x000000074e400000, 0x000000074e400000, 0x000000074e600000|  0%| F|  |TAMS 0x000000074e400000, 0x000000074e400000| Untracked 
| 115|0x000000074e600000, 0x000000074e600000, 0x000000074e800000|  0%| F|  |TAMS 0x000000074e600000, 0x000000074e600000| Untracked 
| 116|0x000000074e800000, 0x000000074e800000, 0x000000074ea00000|  0%| F|  |TAMS 0x000000074e800000, 0x000000074e800000| Untracked 
| 117|0x000000074ea00000, 0x000000074ea00000, 0x000000074ec00000|  0%| F|  |TAMS 0x000000074ea00000, 0x000000074ea00000| Untracked 
| 118|0x000000074ec00000, 0x000000074ee00000, 0x000000074ee00000|100%| S|CS|TAMS 0x000000074ec00000, 0x000000074ec00000| Complete 
| 119|0x000000074ee00000, 0x000000074f000000, 0x000000074f000000|100%| S|CS|TAMS 0x000000074ee00000, 0x000000074ee00000| Complete 
| 120|0x000000074f000000, 0x000000074f200000, 0x000000074f200000|100%| S|CS|TAMS 0x000000074f000000, 0x000000074f000000| Complete 
| 121|0x000000074f200000, 0x000000074f200000, 0x000000074f400000|  0%| F|  |TAMS 0x000000074f200000, 0x000000074f200000| Untracked 
| 122|0x000000074f400000, 0x000000074f400000, 0x000000074f600000|  0%| F|  |TAMS 0x000000074f400000, 0x000000074f400000| Untracked 
| 123|0x000000074f600000, 0x000000074f800000, 0x000000074f800000|100%| S|CS|TAMS 0x000000074f600000, 0x000000074f600000| Complete 
| 124|0x000000074f800000, 0x000000074fa00000, 0x000000074fa00000|100%| S|CS|TAMS 0x000000074f800000, 0x000000074f800000| Complete 
| 125|0x000000074fa00000, 0x000000074fa00000, 0x000000074fc00000|  0%| F|  |TAMS 0x000000074fa00000, 0x000000074fa00000| Untracked 
| 126|0x000000074fc00000, 0x000000074fc00000, 0x000000074fe00000|  0%| F|  |TAMS 0x000000074fc00000, 0x000000074fc00000| Untracked 
| 127|0x000000074fe00000, 0x000000074fe00000, 0x0000000750000000|  0%| F|  |TAMS 0x000000074fe00000, 0x000000074fe00000| Untracked 
| 128|0x0000000750000000, 0x0000000750000000, 0x0000000750200000|  0%| F|  |TAMS 0x0000000750000000, 0x0000000750000000| Untracked 
| 129|0x0000000750200000, 0x0000000750200000, 0x0000000750400000|  0%| F|  |TAMS 0x0000000750200000, 0x0000000750200000| Untracked 
| 130|0x0000000750400000, 0x0000000750400000, 0x0000000750600000|  0%| F|  |TAMS 0x0000000750400000, 0x0000000750400000| Untracked 
| 131|0x0000000750600000, 0x0000000750600000, 0x0000000750800000|  0%| F|  |TAMS 0x0000000750600000, 0x0000000750600000| Untracked 
| 132|0x0000000750800000, 0x0000000750800000, 0x0000000750a00000|  0%| F|  |TAMS 0x0000000750800000, 0x0000000750800000| Untracked 
| 133|0x0000000750a00000, 0x0000000750a00000, 0x0000000750c00000|  0%| F|  |TAMS 0x0000000750a00000, 0x0000000750a00000| Untracked 
| 134|0x0000000750c00000, 0x0000000750c00000, 0x0000000750e00000|  0%| F|  |TAMS 0x0000000750c00000, 0x0000000750c00000| Untracked 
| 135|0x0000000750e00000, 0x0000000750e00000, 0x0000000751000000|  0%| F|  |TAMS 0x0000000750e00000, 0x0000000750e00000| Untracked 
| 136|0x0000000751000000, 0x0000000751000000, 0x0000000751200000|  0%| F|  |TAMS 0x0000000751000000, 0x0000000751000000| Untracked 
| 137|0x0000000751200000, 0x0000000751200000, 0x0000000751400000|  0%| F|  |TAMS 0x0000000751200000, 0x0000000751200000| Untracked 
| 138|0x0000000751400000, 0x0000000751400000, 0x0000000751600000|  0%| F|  |TAMS 0x0000000751400000, 0x0000000751400000| Untracked 
| 139|0x0000000751600000, 0x0000000751600000, 0x0000000751800000|  0%| F|  |TAMS 0x0000000751600000, 0x0000000751600000| Untracked 
| 140|0x0000000751800000, 0x0000000751800000, 0x0000000751a00000|  0%| F|  |TAMS 0x0000000751800000, 0x0000000751800000| Untracked 
| 141|0x0000000751a00000, 0x0000000751a00000, 0x0000000751c00000|  0%| F|  |TAMS 0x0000000751a00000, 0x0000000751a00000| Untracked 
| 142|0x0000000751c00000, 0x0000000751c00000, 0x0000000751e00000|  0%| F|  |TAMS 0x0000000751c00000, 0x0000000751c00000| Untracked 
| 143|0x0000000751e00000, 0x0000000751e00000, 0x0000000752000000|  0%| F|  |TAMS 0x0000000751e00000, 0x0000000751e00000| Untracked 
| 144|0x0000000752000000, 0x0000000752000000, 0x0000000752200000|  0%| F|  |TAMS 0x0000000752000000, 0x0000000752000000| Untracked 
| 145|0x0000000752200000, 0x0000000752200000, 0x0000000752400000|  0%| F|  |TAMS 0x0000000752200000, 0x0000000752200000| Untracked 
| 146|0x0000000752400000, 0x0000000752400000, 0x0000000752600000|  0%| F|  |TAMS 0x0000000752400000, 0x0000000752400000| Untracked 
| 147|0x0000000752600000, 0x0000000752600000, 0x0000000752800000|  0%| F|  |TAMS 0x0000000752600000, 0x0000000752600000| Untracked 
| 148|0x0000000752800000, 0x0000000752800000, 0x0000000752a00000|  0%| F|  |TAMS 0x0000000752800000, 0x0000000752800000| Untracked 
| 149|0x0000000752a00000, 0x0000000752a00000, 0x0000000752c00000|  0%| F|  |TAMS 0x0000000752a00000, 0x0000000752a00000| Untracked 
| 150|0x0000000752c00000, 0x0000000752c00000, 0x0000000752e00000|  0%| F|  |TAMS 0x0000000752c00000, 0x0000000752c00000| Untracked 
| 151|0x0000000752e00000, 0x0000000752e00000, 0x0000000753000000|  0%| F|  |TAMS 0x0000000752e00000, 0x0000000752e00000| Untracked 
| 152|0x0000000753000000, 0x0000000753000000, 0x0000000753200000|  0%| F|  |TAMS 0x0000000753000000, 0x0000000753000000| Untracked 
| 153|0x0000000753200000, 0x0000000753200000, 0x0000000753400000|  0%| F|  |TAMS 0x0000000753200000, 0x0000000753200000| Untracked 
| 154|0x0000000753400000, 0x0000000753400000, 0x0000000753600000|  0%| F|  |TAMS 0x0000000753400000, 0x0000000753400000| Untracked 
|1505|0x00000007fc200000, 0x00000007fc400000, 0x00000007fc400000|100%| O|  |TAMS 0x00000007fc200000, 0x00000007fc400000| Untracked 
|1506|0x00000007fc400000, 0x00000007fc600000, 0x00000007fc600000|100%| O|  |TAMS 0x00000007fc400000, 0x00000007fc600000| Untracked 
|1507|0x00000007fc600000, 0x00000007fc800000, 0x00000007fc800000|100%| O|  |TAMS 0x00000007fc600000, 0x00000007fc800000| Untracked 
|1508|0x00000007fc800000, 0x00000007fca00000, 0x00000007fca00000|100%| O|  |TAMS 0x00000007fc800000, 0x00000007fca00000| Untracked 
|1509|0x00000007fca00000, 0x00000007fcc00000, 0x00000007fcc00000|100%| O|  |TAMS 0x00000007fca00000, 0x00000007fcc00000| Untracked 
|1510|0x00000007fcc00000, 0x00000007fce00000, 0x00000007fce00000|100%| O|  |TAMS 0x00000007fcc00000, 0x00000007fce00000| Untracked 
|1511|0x00000007fce00000, 0x00000007fd000000, 0x00000007fd000000|100%| O|  |TAMS 0x00000007fce00000, 0x00000007fd000000| Untracked 
|1512|0x00000007fd000000, 0x00000007fd200000, 0x00000007fd200000|100%| O|  |TAMS 0x00000007fd000000, 0x00000007fd200000| Untracked 
|1513|0x00000007fd200000, 0x00000007fd400000, 0x00000007fd400000|100%| O|  |TAMS 0x00000007fd200000, 0x00000007fd400000| Untracked 
|1514|0x00000007fd400000, 0x00000007fd600000, 0x00000007fd600000|100%| O|  |TAMS 0x00000007fd400000, 0x00000007fd600000| Untracked 
|1515|0x00000007fd600000, 0x00000007fd800000, 0x00000007fd800000|100%| O|  |TAMS 0x00000007fd600000, 0x00000007fd800000| Untracked 
|1516|0x00000007fd800000, 0x00000007fda00000, 0x00000007fda00000|100%| O|  |TAMS 0x00000007fd800000, 0x00000007fda00000| Untracked 
|1517|0x00000007fda00000, 0x00000007fdc00000, 0x00000007fdc00000|100%| O|  |TAMS 0x00000007fda00000, 0x00000007fdc00000| Untracked 
|1518|0x00000007fdc00000, 0x00000007fde00000, 0x00000007fde00000|100%| O|  |TAMS 0x00000007fdc00000, 0x00000007fde00000| Untracked 
|1519|0x00000007fde00000, 0x00000007fe000000, 0x00000007fe000000|100%| O|  |TAMS 0x00000007fde00000, 0x00000007fe000000| Untracked 
|1520|0x00000007fe000000, 0x00000007fe200000, 0x00000007fe200000|100%| O|  |TAMS 0x00000007fe000000, 0x00000007fe200000| Untracked 
|1521|0x00000007fe200000, 0x00000007fe400000, 0x00000007fe400000|100%| O|  |TAMS 0x00000007fe200000, 0x00000007fe400000| Untracked 
|1522|0x00000007fe400000, 0x00000007fe600000, 0x00000007fe600000|100%| O|  |TAMS 0x00000007fe400000, 0x00000007fe600000| Untracked 
|1523|0x00000007fe600000, 0x00000007fe800000, 0x00000007fe800000|100%| O|  |TAMS 0x00000007fe600000, 0x00000007fe800000| Untracked 
|1524|0x00000007fe800000, 0x00000007fea00000, 0x00000007fea00000|100%| O|  |TAMS 0x00000007fe800000, 0x00000007fea00000| Untracked 
|1525|0x00000007fea00000, 0x00000007fec00000, 0x00000007fec00000|100%| O|  |TAMS 0x00000007fea00000, 0x00000007fec00000| Untracked 
|1526|0x00000007fec00000, 0x00000007fee00000, 0x00000007fee00000|100%| O|  |TAMS 0x00000007fec00000, 0x00000007fee00000| Untracked 
|1527|0x00000007fee00000, 0x00000007ff000000, 0x00000007ff000000|100%| O|  |TAMS 0x00000007fee00000, 0x00000007ff000000| Untracked 
|1528|0x00000007ff000000, 0x00000007ff200000, 0x00000007ff200000|100%| O|  |TAMS 0x00000007ff000000, 0x00000007ff200000| Untracked 
|1529|0x00000007ff200000, 0x00000007ff400000, 0x00000007ff400000|100%| O|  |TAMS 0x00000007ff200000, 0x00000007ff400000| Untracked 
|1530|0x00000007ff400000, 0x00000007ff600000, 0x00000007ff600000|100%| O|  |TAMS 0x00000007ff400000, 0x00000007ff600000| Untracked 
|1531|0x00000007ff600000, 0x00000007ff800000, 0x00000007ff800000|100%| O|  |TAMS 0x00000007ff600000, 0x00000007ff800000| Untracked 
|1532|0x00000007ff800000, 0x00000007ffa00000, 0x00000007ffa00000|100%| O|  |TAMS 0x00000007ff800000, 0x00000007ffa00000| Untracked 
|1533|0x00000007ffa00000, 0x00000007ffc00000, 0x00000007ffc00000|100%| O|  |TAMS 0x00000007ffa00000, 0x00000007ffc00000| Untracked 
|1534|0x00000007ffc00000, 0x00000007ffe00000, 0x00000007ffe00000|100%| O|  |TAMS 0x00000007ffc00000, 0x00000007ffe00000| Untracked 
|1535|0x00000007ffe00000, 0x0000000800000000, 0x0000000800000000|100%| O|  |TAMS 0x00000007ffe00000, 0x0000000800000000| Untracked 

Card table byte_map: [0x000001711ea20000,0x000001711f020000] _byte_map_base: 0x000001711b020000

Marking Bits (Prev, Next): (CMBitMap*) 0x000001710794f460, (CMBitMap*) 0x000001710794f420
 Prev Bits: [0x0000017122620000, 0x0000017125620000)
 Next Bits: [0x000001711f620000, 0x0000017122620000)

Polling page: 0x00000171070a0000

Metaspace:

Usage:
  Non-class:     54.88 MB used.
      Class:      8.90 MB used.
       Both:     63.78 MB used.

Virtual space:
  Non-class space:       64.00 MB reserved,      55.19 MB ( 86%) committed,  1 nodes.
      Class space:        1.00 GB reserved,       9.19 MB ( <1%) committed,  1 nodes.
             Both:        1.06 GB reserved,      64.38 MB (  6%) committed. 

Chunk freelists:
   Non-Class:  8.29 MB
       Class:  6.64 MB
        Both:  14.93 MB

MaxMetaspaceSize: unlimited
CompressedClassSpaceSize: 1.00 GB
Initial GC threshold: 21.00 MB
Current GC threshold: 101.81 MB
CDS: on
MetaspaceReclaimPolicy: balanced
 - commit_granule_bytes: 65536.
 - commit_granule_words: 8192.
 - virtual_space_node_default_size: 8388608.
 - enlarge_chunks_in_place: 1.
 - new_chunks_are_fully_committed: 0.
 - uncommit_free_chunks: 1.
 - use_allocation_guard: 0.
 - handle_deallocations: 1.


Internal statistics:

num_allocs_failed_limit: 6.
num_arena_births: 706.
num_arena_deaths: 0.
num_vsnodes_births: 2.
num_vsnodes_deaths: 0.
num_space_committed: 1030.
num_space_uncommitted: 0.
num_chunks_returned_to_freelist: 6.
num_chunks_taken_from_freelist: 3218.
num_chunk_merges: 6.
num_chunk_splits: 2059.
num_chunks_enlarged: 1312.
num_inconsistent_stats: 0.

CodeHeap 'non-profiled nmethods': size=120000Kb used=4697Kb max_used=4697Kb free=115302Kb
 bounds [0x0000017116ef0000, 0x0000017117390000, 0x000001711e420000]
CodeHeap 'profiled nmethods': size=120000Kb used=15784Kb max_used=15784Kb free=104215Kb
 bounds [0x000001710f420000, 0x0000017110390000, 0x0000017116950000]
CodeHeap 'non-nmethods': size=5760Kb used=2387Kb max_used=2432Kb free=3373Kb
 bounds [0x0000017116950000, 0x0000017116bc0000, 0x0000017116ef0000]
 total_blobs=8816 nmethods=7914 adapters=814
 compilation: enabled
              stopped_count=0, restarted_count=0
 full_count=0

Compilation events (20 events):
Event: 29.137 Thread 0x000001716d010110 8784 %     3       net.minecraftforge.srgutils.InternalUtils::loadProguard @ 27 (598 bytes)
Event: 29.142 Thread 0x000001716d010110 nmethod 8784% 0x0000017110370c90 code [0x0000017110371640, 0x0000017110377008]
Event: 29.146 Thread 0x000001716d010110 8785 %     3       net.minecraftforge.srgutils.InternalUtils::loadProguard @ 384 (598 bytes)
Event: 29.151 Thread 0x000001716d010110 nmethod 8785% 0x0000017110379390 code [0x0000017110379d40, 0x000001711037f908]
Event: 29.153 Thread 0x0000017127af21a0 nmethod 8775 0x000001711737d610 code [0x000001711737d7e0, 0x000001711737e1b8]
Event: 29.153 Thread 0x0000017127af21a0 8780       4       java.util.regex.Pattern::sequence (647 bytes)
Event: 29.154 Thread 0x000001716d010110 8786       3       net.minecraftforge.srgutils.InternalUtils::loadProguard (598 bytes)
Event: 29.159 Thread 0x000001716d010110 nmethod 8786 0x0000017110381d90 code [0x0000017110382740, 0x0000017110388048]
Event: 29.235 Thread 0x0000017127af21a0 nmethod 8780 0x000001711737e610 code [0x000001711737ea20, 0x00000171173812f8]
Event: 29.237 Thread 0x0000017127af21a0 8781       4       java.util.regex.Pattern::expr (142 bytes)
Event: 29.253 Thread 0x0000017127af21a0 nmethod 8781 0x0000017117382410 code [0x00000171173825e0, 0x00000171173831b8]
Event: 29.253 Thread 0x0000017127af21a0 8779   !   4       java.util.regex.Pattern::closure (276 bytes)
Event: 29.282 Thread 0x0000017127af21a0 nmethod 8779 0x0000017117383610 code [0x0000017117383920, 0x0000017117385008]
Event: 29.282 Thread 0x0000017127af21a0 8759       4       java.lang.StringLatin1::indexOf (25 bytes)
Event: 29.283 Thread 0x0000017127af21a0 nmethod 8759 0x0000017117385910 code [0x0000017117385a80, 0x0000017117385c58]
Event: 29.283 Thread 0x0000017127af21a0 8761       4       java.lang.String::indexOf (64 bytes)
Event: 29.284 Thread 0x0000017127af21a0 nmethod 8761 0x0000017117385d10 code [0x0000017117385e80, 0x00000171173860b8]
Event: 29.284 Thread 0x0000017127af21a0 8767       4       java.lang.String::contains (19 bytes)
Event: 29.285 Thread 0x0000017127af21a0 nmethod 8767 0x0000017117386190 code [0x0000017117386320, 0x0000017117386598]
Event: 29.285 Thread 0x0000017127af21a0 8773       4       net.minecraftforge.srgutils.InternalUtils::toDesc (235 bytes)

GC Heap History (20 events):
Event: 24.408 GC heap after
{Heap after GC invocations=22 (full 0):
 garbage-first heap   total 112640K, used 55786K [0x0000000740000000, 0x0000000800000000)
  region size 2048K, 2 young (4096K), 2 survivors (4096K)
 Metaspace       used 60538K, committed 61184K, reserved 1114112K
  class space    used 8417K, committed 8704K, reserved 1048576K
}
Event: 24.626 GC heap before
{Heap before GC invocations=23 (full 0):
 garbage-first heap   total 116736K, used 68074K [0x0000000740000000, 0x0000000800000000)
  region size 2048K, 7 young (14336K), 2 survivors (4096K)
 Metaspace       used 61825K, committed 62400K, reserved 1114112K
  class space    used 8548K, committed 8832K, reserved 1048576K
}
Event: 24.630 GC heap after
{Heap after GC invocations=24 (full 0):
 garbage-first heap   total 116736K, used 56105K [0x0000000740000000, 0x0000000800000000)
  region size 2048K, 2 young (4096K), 2 survivors (4096K)
 Metaspace       used 61825K, committed 62400K, reserved 1114112K
  class space    used 8548K, committed 8832K, reserved 1048576K
}
Event: 25.036 GC heap before
{Heap before GC invocations=25 (full 0):
 garbage-first heap   total 141312K, used 88873K [0x0000000740000000, 0x0000000800000000)
  region size 2048K, 8 young (16384K), 2 survivors (4096K)
 Metaspace       used 62119K, committed 62720K, reserved 1114112K
  class space    used 8565K, committed 8832K, reserved 1048576K
}
Event: 25.042 GC heap after
{Heap after GC invocations=26 (full 0):
 garbage-first heap   total 141312K, used 57432K [0x0000000740000000, 0x0000000800000000)
  region size 2048K, 3 young (6144K), 3 survivors (6144K)
 Metaspace       used 62119K, committed 62720K, reserved 1114112K
  class space    used 8565K, committed 8832K, reserved 1048576K
}
Event: 25.099 GC heap before
{Heap before GC invocations=26 (full 0):
 garbage-first heap   total 141312K, used 79960K [0x0000000740000000, 0x0000000800000000)
  region size 2048K, 4 young (8192K), 3 survivors (6144K)
 Metaspace       used 62120K, committed 62720K, reserved 1114112K
  class space    used 8565K, committed 8832K, reserved 1048576K
}
Event: 25.106 GC heap after
{Heap after GC invocations=27 (full 0):
 garbage-first heap   total 141312K, used 57482K [0x0000000740000000, 0x0000000800000000)
  region size 2048K, 3 young (6144K), 3 survivors (6144K)
 Metaspace       used 62120K, committed 62720K, reserved 1114112K
  class space    used 8565K, committed 8832K, reserved 1048576K
}
Event: 25.112 GC heap before
{Heap before GC invocations=27 (full 0):
 garbage-first heap   total 141312K, used 59530K [0x0000000740000000, 0x0000000800000000)
  region size 2048K, 4 young (8192K), 3 survivors (6144K)
 Metaspace       used 62120K, committed 62720K, reserved 1114112K
  class space    used 8565K, committed 8832K, reserved 1048576K
}
Event: 25.117 GC heap after
{Heap after GC invocations=28 (full 0):
 garbage-first heap   total 141312K, used 57491K [0x0000000740000000, 0x0000000800000000)
  region size 2048K, 3 young (6144K), 3 survivors (6144K)
 Metaspace       used 62120K, committed 62720K, reserved 1114112K
  class space    used 8565K, committed 8832K, reserved 1048576K
}
Event: 25.167 GC heap before
{Heap before GC invocations=28 (full 0):
 garbage-first heap   total 141312K, used 80019K [0x0000000740000000, 0x0000000800000000)
  region size 2048K, 4 young (8192K), 3 survivors (6144K)
 Metaspace       used 62123K, committed 62720K, reserved 1114112K
  class space    used 8566K, committed 8832K, reserved 1048576K
}
Event: 25.173 GC heap after
{Heap after GC invocations=29 (full 0):
 garbage-first heap   total 141312K, used 57491K [0x0000000740000000, 0x0000000800000000)
  region size 2048K, 3 young (6144K), 3 survivors (6144K)
 Metaspace       used 62123K, committed 62720K, reserved 1114112K
  class space    used 8566K, committed 8832K, reserved 1048576K
}
Event: 26.713 GC heap before
{Heap before GC invocations=29 (full 0):
 garbage-first heap   total 141312K, used 118931K [0x0000000740000000, 0x0000000800000000)
  region size 2048K, 31 young (63488K), 3 survivors (6144K)
 Metaspace       used 65154K, committed 65792K, reserved 1114112K
  class space    used 9100K, committed 9408K, reserved 1048576K
}
Event: 26.751 GC heap after
{Heap after GC invocations=30 (full 0):
 garbage-first heap   total 323584K, used 76815K [0x0000000740000000, 0x0000000800000000)
  region size 2048K, 4 young (8192K), 4 survivors (8192K)
 Metaspace       used 65154K, committed 65792K, reserved 1114112K
  class space    used 9100K, committed 9408K, reserved 1048576K
}
Event: 28.596 GC heap before
{Heap before GC invocations=30 (full 0):
 garbage-first heap   total 323584K, used 257039K [0x0000000740000000, 0x0000000800000000)
  region size 2048K, 88 young (180224K), 4 survivors (8192K)
 Metaspace       used 65300K, committed 65920K, reserved 1114112K
  class space    used 9113K, committed 9408K, reserved 1048576K
}
Event: 28.780 GC heap after
{Heap after GC invocations=31 (full 0):
 garbage-first heap   total 380928K, used 191013K [0x0000000740000000, 0x0000000800000000)
  region size 2048K, 11 young (22528K), 11 survivors (22528K)
 Metaspace       used 65300K, committed 65920K, reserved 1114112K
  class space    used 9113K, committed 9408K, reserved 1048576K
}
Event: 29.019 GC heap before
{Heap before GC invocations=31 (full 0):
 garbage-first heap   total 380928K, used 260645K [0x0000000740000000, 0x0000000800000000)
  region size 2048K, 45 young (92160K), 11 survivors (22528K)
 Metaspace       used 65303K, committed 65920K, reserved 1114112K
  class space    used 9113K, committed 9408K, reserved 1048576K
}
Event: 29.077 GC heap after
{Heap after GC invocations=32 (full 0):
 garbage-first heap   total 380928K, used 211449K [0x0000000740000000, 0x0000000800000000)
  region size 2048K, 6 young (12288K), 6 survivors (12288K)
 Metaspace       used 65303K, committed 65920K, reserved 1114112K
  class space    used 9113K, committed 9408K, reserved 1048576K
}
Event: 29.210 GC heap before
{Heap before GC invocations=32 (full 0):
 garbage-first heap   total 380928K, used 276985K [0x0000000740000000, 0x0000000800000000)
  region size 2048K, 38 young (77824K), 6 survivors (12288K)
 Metaspace       used 65307K, committed 65920K, reserved 1114112K
  class space    used 9113K, committed 9408K, reserved 1048576K
}
Event: 29.231 GC heap after
{Heap after GC invocations=33 (full 0):
 garbage-first heap   total 380928K, used 226809K [0x0000000740000000, 0x0000000800000000)
  region size 2048K, 5 young (10240K), 5 survivors (10240K)
 Metaspace       used 65307K, committed 65920K, reserved 1114112K
  class space    used 9113K, committed 9408K, reserved 1048576K
}
Event: 29.350 GC heap before
{Heap before GC invocations=33 (full 0):
 garbage-first heap   total 380928K, used 288249K [0x0000000740000000, 0x0000000800000000)
  region size 2048K, 35 young (71680K), 5 survivors (10240K)
 Metaspace       used 65307K, committed 65920K, reserved 1114112K
  class space    used 9113K, committed 9408K, reserved 1048576K
}

Dll operation events (15 events):
Event: 0.018 Loaded shared library C:\Users\aplut\.gradle\jdks\eclipse_adoptium-17-amd64-windows\jdk-17.0.13+11\bin\java.dll
Event: 0.072 Loaded shared library C:\Users\aplut\.gradle\jdks\eclipse_adoptium-17-amd64-windows\jdk-17.0.13+11\bin\jsvml.dll
Event: 0.189 Loaded shared library C:\Users\aplut\.gradle\jdks\eclipse_adoptium-17-amd64-windows\jdk-17.0.13+11\bin\zip.dll
Event: 0.192 Loaded shared library C:\Users\aplut\.gradle\jdks\eclipse_adoptium-17-amd64-windows\jdk-17.0.13+11\bin\instrument.dll
Event: 0.198 Loaded shared library C:\Users\aplut\.gradle\jdks\eclipse_adoptium-17-amd64-windows\jdk-17.0.13+11\bin\net.dll
Event: 0.202 Loaded shared library C:\Users\aplut\.gradle\jdks\eclipse_adoptium-17-amd64-windows\jdk-17.0.13+11\bin\nio.dll
Event: 0.207 Loaded shared library C:\Users\aplut\.gradle\jdks\eclipse_adoptium-17-amd64-windows\jdk-17.0.13+11\bin\zip.dll
Event: 1.596 Loaded shared library C:\Users\aplut\.gradle\jdks\eclipse_adoptium-17-amd64-windows\jdk-17.0.13+11\bin\jimage.dll
Event: 1.955 Loaded shared library C:\Users\aplut\.gradle\jdks\eclipse_adoptium-17-amd64-windows\jdk-17.0.13+11\bin\verify.dll
Event: 2.160 Loaded shared library C:\Users\aplut\.gradle\native\c067742578af261105cb4f569cf0c3c89f3d7b1fecec35dd04571415982c5e48\windows-amd64\native-platform.dll
Event: 2.174 Loaded shared library C:\Users\aplut\.gradle\native\100fb08df4bc3b14c8652ba06237920a3bd2aa13389f12d3474272988ae205f9\windows-amd64\native-platform-file-events.dll
Event: 4.936 Loaded shared library C:\Users\aplut\.gradle\jdks\eclipse_adoptium-17-amd64-windows\jdk-17.0.13+11\bin\management.dll
Event: 4.941 Loaded shared library C:\Users\aplut\.gradle\jdks\eclipse_adoptium-17-amd64-windows\jdk-17.0.13+11\bin\management_ext.dll
Event: 5.835 Loaded shared library C:\Users\aplut\.gradle\jdks\eclipse_adoptium-17-amd64-windows\jdk-17.0.13+11\bin\extnet.dll
Event: 6.891 Loaded shared library C:\Users\aplut\.gradle\jdks\eclipse_adoptium-17-amd64-windows\jdk-17.0.13+11\bin\sunmscapi.dll

Deoptimization events (20 events):
Event: 28.792 Thread 0x000001716f18faf0 Uncommon trap: trap_request=0xffffff45 fr.pc=0x000001711731d58c relative=0x000000000000006c
Event: 28.792 Thread 0x000001716f18faf0 Uncommon trap: reason=unstable_if action=reinterpret pc=0x000001711731d58c method=net.minecraftforge.srgutils.InternalUtils.lambda$filter$1(Ljava/lang/String;)Z @ 4 c2
Event: 28.793 Thread 0x000001716f18faf0 DEOPT PACKING pc=0x000001711731d58c sp=0x0000005984afa530
Event: 28.793 Thread 0x000001716f18faf0 DEOPT UNPACKING pc=0x00000171169aa1a3 sp=0x0000005984afa450 mode 2
Event: 28.893 Thread 0x000001716f18faf0 Uncommon trap: trap_request=0xffffffbe fr.pc=0x00000171173726bc relative=0x00000000000002fc
Event: 28.893 Thread 0x000001716f18faf0 Uncommon trap: reason=profile_predicate action=maybe_recompile pc=0x00000171173726bc method=java.util.regex.Pattern$BnM.optimize(Ljava/util/regex/Pattern$Node;)Ljava/util/regex/Pattern$Node; @ 67 c2
Event: 28.893 Thread 0x000001716f18faf0 DEOPT PACKING pc=0x00000171173726bc sp=0x0000005984afa480
Event: 28.893 Thread 0x000001716f18faf0 DEOPT UNPACKING pc=0x00000171169aa1a3 sp=0x0000005984afa428 mode 2
Event: 28.893 Thread 0x000001716f18faf0 Uncommon trap: trap_request=0xffffffbe fr.pc=0x00000171173726bc relative=0x00000000000002fc
Event: 28.893 Thread 0x000001716f18faf0 Uncommon trap: reason=profile_predicate action=maybe_recompile pc=0x00000171173726bc method=java.util.regex.Pattern$BnM.optimize(Ljava/util/regex/Pattern$Node;)Ljava/util/regex/Pattern$Node; @ 67 c2
Event: 28.893 Thread 0x000001716f18faf0 DEOPT PACKING pc=0x00000171173726bc sp=0x0000005984afa480
Event: 28.893 Thread 0x000001716f18faf0 DEOPT UNPACKING pc=0x00000171169aa1a3 sp=0x0000005984afa428 mode 2
Event: 28.893 Thread 0x000001716f18faf0 Uncommon trap: trap_request=0xffffffbe fr.pc=0x00000171173726bc relative=0x00000000000002fc
Event: 28.893 Thread 0x000001716f18faf0 Uncommon trap: reason=profile_predicate action=maybe_recompile pc=0x00000171173726bc method=java.util.regex.Pattern$BnM.optimize(Ljava/util/regex/Pattern$Node;)Ljava/util/regex/Pattern$Node; @ 67 c2
Event: 28.893 Thread 0x000001716f18faf0 DEOPT PACKING pc=0x00000171173726bc sp=0x0000005984afa480
Event: 28.893 Thread 0x000001716f18faf0 DEOPT UNPACKING pc=0x00000171169aa1a3 sp=0x0000005984afa428 mode 2
Event: 28.893 Thread 0x000001716f18faf0 Uncommon trap: trap_request=0xffffffbe fr.pc=0x00000171173726bc relative=0x00000000000002fc
Event: 28.893 Thread 0x000001716f18faf0 Uncommon trap: reason=profile_predicate action=maybe_recompile pc=0x00000171173726bc method=java.util.regex.Pattern$BnM.optimize(Ljava/util/regex/Pattern$Node;)Ljava/util/regex/Pattern$Node; @ 67 c2
Event: 28.893 Thread 0x000001716f18faf0 DEOPT PACKING pc=0x00000171173726bc sp=0x0000005984afa480
Event: 28.893 Thread 0x000001716f18faf0 DEOPT UNPACKING pc=0x00000171169aa1a3 sp=0x0000005984afa428 mode 2

Classes loaded (20 events):
Event: 26.103 Loading class java/io/ObjectStreamClass$5
Event: 26.103 Loading class java/io/ObjectStreamClass$5 done
Event: 26.104 Loading class java/io/ObjectStreamClass$ClassDataSlot
Event: 26.104 Loading class java/io/ObjectStreamClass$ClassDataSlot done
Event: 26.105 Loading class jdk/internal/reflect/UnsafeQualifiedStaticLongFieldAccessorImpl
Event: 26.105 Loading class jdk/internal/reflect/UnsafeQualifiedStaticLongFieldAccessorImpl done
Event: 26.106 Loading class java/io/SerialCallbackContext
Event: 26.106 Loading class java/io/SerialCallbackContext done
Event: 26.214 Loading class java/nio/file/StandardCopyOption
Event: 26.214 Loading class java/nio/file/StandardCopyOption done
Event: 26.216 Loading class sun/nio/fs/WindowsFileCopy
Event: 26.217 Loading class sun/nio/fs/WindowsFileCopy done
Event: 26.226 Loading class sun/nio/fs/WindowsSecurity$Privilege
Event: 26.226 Loading class sun/nio/fs/WindowsSecurity$Privilege done
Event: 26.290 Loading class java/io/ObjectStreamClass$ExceptionInfo
Event: 26.290 Loading class java/io/ObjectStreamClass$ExceptionInfo done
Event: 26.491 Loading class java/io/BufferedReader$1
Event: 26.491 Loading class java/io/BufferedReader$1 done
Event: 28.557 Loading class jdk/internal/access/foreign/MemorySegmentProxy
Event: 28.560 Loading class jdk/internal/access/foreign/MemorySegmentProxy done

Classes unloaded (0 events):
No events

Classes redefined (0 events):
No events

Internal exceptions (20 events):
Event: 25.625 Thread 0x000001716d352f90 Exception <a 'java/lang/ClassNotFoundException'{0x0000000746ecbdf0}: java/util/AbstractListBeanInfo> (0x0000000746ecbdf0) 
thrown [s\src\hotspot\share\classfile\systemDictionary.cpp, line 256]
Event: 25.626 Thread 0x000001716d352f90 Exception <a 'java/lang/ClassNotFoundException'{0x0000000746ed1c50}: java/util/AbstractListCustomizer> (0x0000000746ed1c50) 
thrown [s\src\hotspot\share\classfile\systemDictionary.cpp, line 256]
Event: 25.665 Thread 0x000001716d352f90 Exception <a 'java/lang/ClassNotFoundException'{0x0000000746ee28d0}: java/util/ArrayListCustomizer> (0x0000000746ee28d0) 
thrown [s\src\hotspot\share\classfile\systemDictionary.cpp, line 256]
Event: 26.025 Thread 0x000001716f190000 Exception <a 'java/lang/NoSuchMethodError'{0x0000000746b4b168}: 'void java.lang.invoke.DirectMethodHandle$Holder.invokeSpecial(java.lang.Object, java.lang.Object, java.lang.Object, java.lang.Object, int, java.lang.Object, java.lang.Object)'> (0x0000000746b4b168) 
thrown [s\src\hotspot\share\interpreter\linkResolver.cpp, line 759]
Event: 26.041 Thread 0x000001716f18faf0 Exception <a 'java/lang/NoSuchMethodError'{0x0000000746de7000}: 'void java.lang.invoke.DirectMethodHandle$Holder.invokeInterface(java.lang.Object, java.lang.Object, java.lang.Object, java.lang.Object)'> (0x0000000746de7000) 
thrown [s\src\hotspot\share\interpreter\linkResolver.cpp, line 759]
Event: 26.103 Thread 0x000001716d355300 Exception <a 'java/lang/NoSuchMethodError'{0x0000000746685e70}: static Lorg/gradle/internal/build/event/types/DefaultTaskStartedProgressEvent;.<clinit>()V> (0x0000000746685e70) 
thrown [s\src\hotspot\share\prims\jni.cpp, line 1112]
Event: 26.103 Thread 0x000001716d355300 Exception <a 'java/lang/NoSuchMethodError'{0x0000000746689010}: static Lorg/gradle/internal/build/event/types/AbstractProgressEvent;.<clinit>()V> (0x0000000746689010) 
thrown [s\src\hotspot\share\prims\jni.cpp, line 1112]
Event: 26.104 Thread 0x000001716d355300 Exception <a 'java/lang/NoSuchMethodError'{0x0000000746695750}: static Lorg/gradle/internal/build/event/types/DefaultTaskDescriptor;.<clinit>()V> (0x0000000746695750) 
thrown [s\src\hotspot\share\prims\jni.cpp, line 1112]
Event: 26.108 Thread 0x000001716d355300 Exception <a 'java/lang/NoSuchMethodError'{0x00000007466c75b0}: static Lorg/gradle/internal/operations/OperationIdentifier;.<clinit>()V> (0x00000007466c75b0) 
thrown [s\src\hotspot\share\prims\jni.cpp, line 1112]
Event: 26.108 Thread 0x000001716d355300 Exception <a 'java/lang/NoSuchMethodError'{0x00000007466d3380}: static Lorg/gradle/internal/build/event/types/DefaultBinaryPluginIdentifier;.<clinit>()V> (0x00000007466d3380) 
thrown [s\src\hotspot\share\prims\jni.cpp, line 1112]
Event: 26.144 Thread 0x000001716f18faf0 Exception <a 'sun/nio/fs/WindowsException'{0x00000007466f67b0}> (0x00000007466f67b0) 
thrown [s\src\hotspot\share\prims\jni.cpp, line 516]
Event: 26.166 Thread 0x000001716f18faf0 Exception <a 'java/lang/IncompatibleClassChangeError'{0x0000000746782370}: Found class java.lang.Object, but interface was expected> (0x0000000746782370) 
thrown [s\src\hotspot\share\interpreter\linkResolver.cpp, line 826]
Event: 26.217 Thread 0x000001716f18faf0 Exception <a 'sun/nio/fs/WindowsException'{0x00000007465671d8}> (0x00000007465671d8) 
thrown [s\src\hotspot\share\prims\jni.cpp, line 516]
Event: 26.285 Thread 0x000001716d355300 Exception <a 'java/lang/NoSuchMethodError'{0x00000007462f8ae8}: static Lorg/gradle/internal/build/event/types/DefaultTaskFinishedProgressEvent;.<clinit>()V> (0x00000007462f8ae8) 
thrown [s\src\hotspot\share\prims\jni.cpp, line 1112]
Event: 26.287 Thread 0x000001716d355300 Exception <a 'java/lang/NoSuchMethodError'{0x0000000746317fd8}: static Lorg/gradle/internal/build/event/types/DefaultTaskSuccessResult;.<clinit>()V> (0x0000000746317fd8) 
thrown [s\src\hotspot\share\prims\jni.cpp, line 1112]
Event: 26.287 Thread 0x000001716d355300 Exception <a 'java/lang/NoSuchMethodError'{0x00000007463195a0}: static Lorg/gradle/internal/build/event/types/AbstractTaskResult;.<clinit>()V> (0x00000007463195a0) 
thrown [s\src\hotspot\share\prims\jni.cpp, line 1112]
Event: 26.287 Thread 0x000001716d355300 Exception <a 'java/lang/NoSuchMethodError'{0x000000074631ae18}: static Lorg/gradle/internal/build/event/types/AbstractResult;.<clinit>()V> (0x000000074631ae18) 
thrown [s\src\hotspot\share\prims\jni.cpp, line 1112]
Event: 26.290 Thread 0x000001716d355300 Exception <a 'java/lang/NoSuchMethodError'{0x0000000746341240}: static [Ljava/lang/Object;.<clinit>()V> (0x0000000746341240) 
thrown [s\src\hotspot\share\prims\jni.cpp, line 1112]
Event: 26.388 Thread 0x000001716f18faf0 Exception <a 'sun/nio/fs/WindowsException'{0x0000000746396a48}> (0x0000000746396a48) 
thrown [s\src\hotspot\share\prims\jni.cpp, line 516]
Event: 27.919 Thread 0x000001716f18faf0 Exception <a 'java/lang/NoSuchMethodError'{0x000000074c18b110}: 'void java.lang.invoke.DirectMethodHandle$Holder.invokeStatic(java.lang.Object, java.lang.Object, int, int, java.lang.Object)'> (0x000000074c18b110) 
thrown [s\src\hotspot\share\interpreter\linkResolver.cpp, line 759]

VM Operations (20 events):
Event: 25.173 Executing VM operation: G1TryInitiateConcMark done
Event: 26.036 Executing VM operation: HandshakeAllThreads
Event: 26.036 Executing VM operation: HandshakeAllThreads done
Event: 26.097 Executing VM operation: HandshakeAllThreads
Event: 26.097 Executing VM operation: HandshakeAllThreads done
Event: 26.153 Executing VM operation: HandshakeAllThreads
Event: 26.153 Executing VM operation: HandshakeAllThreads done
Event: 26.204 Executing VM operation: ICBufferFull
Event: 26.204 Executing VM operation: ICBufferFull done
Event: 26.713 Executing VM operation: G1CollectForAllocation
Event: 26.751 Executing VM operation: G1CollectForAllocation done
Event: 27.754 Executing VM operation: Cleanup
Event: 27.771 Executing VM operation: Cleanup done
Event: 28.596 Executing VM operation: G1CollectForAllocation
Event: 28.780 Executing VM operation: G1CollectForAllocation done
Event: 29.019 Executing VM operation: G1CollectForAllocation
Event: 29.077 Executing VM operation: G1CollectForAllocation done
Event: 29.210 Executing VM operation: G1CollectForAllocation
Event: 29.231 Executing VM operation: G1CollectForAllocation done
Event: 29.350 Executing VM operation: G1CollectForAllocation

Memory protections (0 events):
No events

Nmethod flushes (20 events):
Event: 17.910 Thread 0x000001716d010720 flushing  nmethod 0x000001710fbc8290
Event: 17.910 Thread 0x000001716d010720 flushing  nmethod 0x000001710fbdf190
Event: 17.910 Thread 0x000001716d010720 flushing  nmethod 0x000001710fbe4d90
Event: 17.910 Thread 0x000001716d010720 flushing  nmethod 0x000001710fbe5510
Event: 17.910 Thread 0x000001716d010720 flushing  nmethod 0x000001710fc1f110
Event: 17.910 Thread 0x000001716d010720 flushing  nmethod 0x000001710fc45e10
Event: 17.910 Thread 0x000001716d010720 flushing  nmethod 0x000001710fc63a10
Event: 17.911 Thread 0x000001716d010720 flushing  nmethod 0x000001710fcab610
Event: 17.911 Thread 0x000001716d010720 flushing  nmethod 0x000001710fcc5a90
Event: 17.911 Thread 0x000001716d010720 flushing  nmethod 0x000001710fcd1190
Event: 17.911 Thread 0x000001716d010720 flushing  nmethod 0x000001710fceed90
Event: 17.911 Thread 0x000001716d010720 flushing  nmethod 0x000001710fcf1210
Event: 17.911 Thread 0x000001716d010720 flushing  nmethod 0x000001710fd1f990
Event: 17.912 Thread 0x000001716d010720 flushing  nmethod 0x000001710fe2b890
Event: 17.912 Thread 0x000001716d010720 flushing  nmethod 0x000001710fe39190
Event: 17.912 Thread 0x000001716d010720 flushing  nmethod 0x000001710fe39590
Event: 17.912 Thread 0x000001716d010720 flushing  nmethod 0x000001710fe3a390
Event: 17.912 Thread 0x000001716d010720 flushing  nmethod 0x000001710fe3a890
Event: 17.912 Thread 0x000001716d010720 flushing  nmethod 0x000001710fe3b010
Event: 17.912 Thread 0x000001716d010720 flushing  nmethod 0x000001710fe3c310

Events (20 events):
Event: 18.179 Thread 0x000001716d352f90 Thread added: 0x000001716f18a9f0
Event: 18.181 Thread 0x000001716d352f90 Thread added: 0x000001716f18b920
Event: 18.184 Thread 0x000001716d352f90 Thread added: 0x000001716f18e6b0
Event: 19.472 Thread 0x000001716d352f90 Thread added: 0x000001716f18af00
Event: 19.477 Thread 0x000001716f18af00 Thread exited: 0x000001716f18af00
Event: 19.657 Thread 0x000001716d352f90 Thread added: 0x000001716f18e1a0
Event: 19.807 Thread 0x000001716d352f90 Thread added: 0x000001716f191440
Event: 19.814 Thread 0x000001716f191440 Thread exited: 0x000001716f191440
Event: 20.938 Thread 0x000001716d352f90 Thread added: 0x000001716f18d270
Event: 24.369 Thread 0x000001716d352f90 Thread added: 0x000001716f18f5e0
Event: 24.371 Thread 0x000001716d352f90 Thread added: 0x000001716f18af00
Event: 24.372 Thread 0x000001716d352f90 Thread added: 0x000001716f190a20
Event: 24.992 Thread 0x000001716d352f90 Thread added: 0x000001716f18c850
Event: 24.995 Thread 0x000001716d352f90 Thread added: 0x000001716f191440
Event: 24.997 Thread 0x000001716d352f90 Thread added: 0x000001716f18cd60
Event: 25.959 Thread 0x000001716d352f90 Thread added: 0x000001716f190000
Event: 25.974 Thread 0x000001716f190000 Thread added: 0x000001716f18faf0
Event: 25.976 Thread 0x000001716f190000 Thread added: 0x000001716f18d780
Event: 25.979 Thread 0x000001716f190000 Thread added: 0x000001716f190f30
Event: 26.062 Thread 0x000001716f18faf0 Thread added: 0x000001716f18ebc0


Dynamic libraries:
0x00007ff78a1b0000 - 0x00007ff78a1be000 	C:\Users\aplut\.gradle\jdks\eclipse_adoptium-17-amd64-windows\jdk-17.0.13+11\bin\java.exe
0x00007ffa76090000 - 0x00007ffa762a7000 	C:\WINDOWS\SYSTEM32\ntdll.dll
0x00007ffa3c200000 - 0x00007ffa3c21a000 	C:\Program Files\Avast Software\Avast\aswhook.dll
0x00007ffa746c0000 - 0x00007ffa74784000 	C:\WINDOWS\System32\KERNEL32.DLL
0x00007ffa739f0000 - 0x00007ffa73da9000 	C:\WINDOWS\System32\KERNELBASE.dll
0x00007ffa738d0000 - 0x00007ffa739e1000 	C:\WINDOWS\System32\ucrtbase.dll
0x00007ffa45970000 - 0x00007ffa45987000 	C:\Users\aplut\.gradle\jdks\eclipse_adoptium-17-amd64-windows\jdk-17.0.13+11\bin\jli.dll
0x00007ffa74190000 - 0x00007ffa7433e000 	C:\WINDOWS\System32\USER32.dll
0x00007ffa734b0000 - 0x00007ffa734d6000 	C:\WINDOWS\System32\win32u.dll
0x00007ffa74b80000 - 0x00007ffa74ba9000 	C:\WINDOWS\System32\GDI32.dll
0x00007ffa73390000 - 0x00007ffa734ab000 	C:\WINDOWS\System32\gdi32full.dll
0x00007ffa734e0000 - 0x00007ffa7357a000 	C:\WINDOWS\System32\msvcp_win.dll
0x00007ffa457c0000 - 0x00007ffa457de000 	C:\Users\aplut\.gradle\jdks\eclipse_adoptium-17-amd64-windows\jdk-17.0.13+11\bin\VCRUNTIME140.dll
0x00007ffa59790000 - 0x00007ffa59a22000 	C:\WINDOWS\WinSxS\amd64_microsoft.windows.common-controls_6595b64144ccf1df_6.0.22621.4391_none_2715d37f73803e96\COMCTL32.dll
0x00007ffa740d0000 - 0x00007ffa74177000 	C:\WINDOWS\System32\msvcrt.dll
0x00007ffa75430000 - 0x00007ffa75461000 	C:\WINDOWS\System32\IMM32.DLL
0x00007ffa54ec0000 - 0x00007ffa54ecc000 	C:\Users\aplut\.gradle\jdks\eclipse_adoptium-17-amd64-windows\jdk-17.0.13+11\bin\vcruntime140_1.dll
0x00007ffa200e0000 - 0x00007ffa2016d000 	C:\Users\aplut\.gradle\jdks\eclipse_adoptium-17-amd64-windows\jdk-17.0.13+11\bin\msvcp140.dll
0x00007ff9b6430000 - 0x00007ff9b709b000 	C:\Users\aplut\.gradle\jdks\eclipse_adoptium-17-amd64-windows\jdk-17.0.13+11\bin\server\jvm.dll
0x00007ffa74000000 - 0x00007ffa740b2000 	C:\WINDOWS\System32\ADVAPI32.dll
0x00007ffa75670000 - 0x00007ffa75717000 	C:\WINDOWS\System32\sechost.dll
0x00007ffa735f0000 - 0x00007ffa73618000 	C:\WINDOWS\System32\bcrypt.dll
0x00007ffa745a0000 - 0x00007ffa746b4000 	C:\WINDOWS\System32\RPCRT4.dll
0x00007ffa74950000 - 0x00007ffa749c1000 	C:\WINDOWS\System32\WS2_32.dll
0x00007ffa730b0000 - 0x00007ffa730fd000 	C:\WINDOWS\SYSTEM32\POWRPROF.dll
0x00007ffa671d0000 - 0x00007ffa67204000 	C:\WINDOWS\SYSTEM32\WINMM.dll
0x00007ffa64920000 - 0x00007ffa6492a000 	C:\WINDOWS\SYSTEM32\VERSION.dll
0x00007ffa72fc0000 - 0x00007ffa72fd3000 	C:\WINDOWS\SYSTEM32\UMPDC.dll
0x00007ffa72390000 - 0x00007ffa723a8000 	C:\WINDOWS\SYSTEM32\kernel.appcore.dll
0x00007ffa4c300000 - 0x00007ffa4c30a000 	C:\Users\aplut\.gradle\jdks\eclipse_adoptium-17-amd64-windows\jdk-17.0.13+11\bin\jimage.dll
0x00007ffa70980000 - 0x00007ffa70bb2000 	C:\WINDOWS\SYSTEM32\DBGHELP.DLL
0x00007ffa75ca0000 - 0x00007ffa7602f000 	C:\WINDOWS\System32\combase.dll
0x00007ffa75490000 - 0x00007ffa75567000 	C:\WINDOWS\System32\OLEAUT32.dll
0x00007ffa62db0000 - 0x00007ffa62de2000 	C:\WINDOWS\SYSTEM32\dbgcore.DLL
0x00007ffa73850000 - 0x00007ffa738cb000 	C:\WINDOWS\System32\bcryptPrimitives.dll
0x00007ffa48020000 - 0x00007ffa4802e000 	C:\Users\aplut\.gradle\jdks\eclipse_adoptium-17-amd64-windows\jdk-17.0.13+11\bin\instrument.dll
0x00007ffa398d0000 - 0x00007ffa398f5000 	C:\Users\aplut\.gradle\jdks\eclipse_adoptium-17-amd64-windows\jdk-17.0.13+11\bin\java.dll
0x00007ff9fdfb0000 - 0x00007ff9fe087000 	C:\Users\aplut\.gradle\jdks\eclipse_adoptium-17-amd64-windows\jdk-17.0.13+11\bin\jsvml.dll
0x00007ffa74bb0000 - 0x00007ffa75426000 	C:\WINDOWS\System32\SHELL32.dll
0x00007ffa71280000 - 0x00007ffa71b83000 	C:\WINDOWS\SYSTEM32\windows.storage.dll
0x00007ffa71140000 - 0x00007ffa7127f000 	C:\WINDOWS\SYSTEM32\wintypes.dll
0x00007ffa74850000 - 0x00007ffa74949000 	C:\WINDOWS\System32\SHCORE.dll
0x00007ffa74790000 - 0x00007ffa747ee000 	C:\WINDOWS\System32\shlwapi.dll
0x00007ffa732c0000 - 0x00007ffa732eb000 	C:\WINDOWS\SYSTEM32\profapi.dll
0x00007ffa454f0000 - 0x00007ffa45508000 	C:\Users\aplut\.gradle\jdks\eclipse_adoptium-17-amd64-windows\jdk-17.0.13+11\bin\zip.dll
0x00007ffa3d9a0000 - 0x00007ffa3d9b9000 	C:\Users\aplut\.gradle\jdks\eclipse_adoptium-17-amd64-windows\jdk-17.0.13+11\bin\net.dll
0x00007ffa6a540000 - 0x00007ffa6a676000 	C:\WINDOWS\SYSTEM32\WINHTTP.dll
0x00007ffa72800000 - 0x00007ffa72869000 	C:\WINDOWS\system32\mswsock.dll
0x00007ffa3c930000 - 0x00007ffa3c946000 	C:\Users\aplut\.gradle\jdks\eclipse_adoptium-17-amd64-windows\jdk-17.0.13+11\bin\nio.dll
0x00007ffa47db0000 - 0x00007ffa47dc0000 	C:\Users\aplut\.gradle\jdks\eclipse_adoptium-17-amd64-windows\jdk-17.0.13+11\bin\verify.dll
0x00007ffa3b650000 - 0x00007ffa3b677000 	C:\Users\aplut\.gradle\native\c067742578af261105cb4f569cf0c3c89f3d7b1fecec35dd04571415982c5e48\windows-amd64\native-platform.dll
0x00007ff9fde60000 - 0x00007ff9fdfa4000 	C:\Users\aplut\.gradle\native\100fb08df4bc3b14c8652ba06237920a3bd2aa13389f12d3474272988ae205f9\windows-amd64\native-platform-file-events.dll
0x00007ffa45f60000 - 0x00007ffa45f6a000 	C:\Users\aplut\.gradle\jdks\eclipse_adoptium-17-amd64-windows\jdk-17.0.13+11\bin\management.dll
0x00007ffa40c90000 - 0x00007ffa40c9b000 	C:\Users\aplut\.gradle\jdks\eclipse_adoptium-17-amd64-windows\jdk-17.0.13+11\bin\management_ext.dll
0x00007ffa74340000 - 0x00007ffa74348000 	C:\WINDOWS\System32\PSAPI.DLL
0x00007ffa72aa0000 - 0x00007ffa72abb000 	C:\WINDOWS\SYSTEM32\CRYPTSP.dll
0x00007ffa722f0000 - 0x00007ffa72325000 	C:\WINDOWS\system32\rsaenh.dll
0x00007ffa728a0000 - 0x00007ffa728c8000 	C:\WINDOWS\SYSTEM32\USERENV.dll
0x00007ffa72a00000 - 0x00007ffa72a0c000 	C:\WINDOWS\SYSTEM32\CRYPTBASE.dll
0x00007ffa71df0000 - 0x00007ffa71e1d000 	C:\WINDOWS\SYSTEM32\IPHLPAPI.DLL
0x00007ffa740c0000 - 0x00007ffa740c9000 	C:\WINDOWS\System32\NSI.dll
0x00007ffa67c90000 - 0x00007ffa67ca9000 	C:\WINDOWS\SYSTEM32\dhcpcsvc6.DLL
0x00007ffa67c70000 - 0x00007ffa67c8f000 	C:\WINDOWS\SYSTEM32\dhcpcsvc.DLL
0x00007ffa71e20000 - 0x00007ffa71f22000 	C:\WINDOWS\SYSTEM32\DNSAPI.dll
0x00007ffa3dfc0000 - 0x00007ffa3dfc9000 	C:\Users\aplut\.gradle\jdks\eclipse_adoptium-17-amd64-windows\jdk-17.0.13+11\bin\extnet.dll
0x00007ffa3df60000 - 0x00007ffa3df6e000 	C:\Users\aplut\.gradle\jdks\eclipse_adoptium-17-amd64-windows\jdk-17.0.13+11\bin\sunmscapi.dll
0x00007ffa736e0000 - 0x00007ffa73846000 	C:\WINDOWS\System32\CRYPT32.dll
0x00007ffa72cb0000 - 0x00007ffa72cdd000 	C:\WINDOWS\SYSTEM32\ncrypt.dll
0x00007ffa72c70000 - 0x00007ffa72ca7000 	C:\WINDOWS\SYSTEM32\NTASN1.dll
0x00007ffa62c70000 - 0x00007ffa62c78000 	C:\WINDOWS\system32\wshunix.dll
0x000000006c660000 - 0x000000006c686000 	C:\Program Files\Bonjour\mdnsNSP.dll
0x00007ffa648c0000 - 0x00007ffa648ca000 	C:\Windows\System32\rasadhlp.dll
0x00007ffa60960000 - 0x00007ffa609e3000 	C:\WINDOWS\System32\fwpuclnt.dll
0x00007ffa724a0000 - 0x00007ffa724d4000 	C:\WINDOWS\SYSTEM32\ntmarta.dll

dbghelp: loaded successfully - version: 4.0.5 - missing functions: none
symbol engine: initialized successfully - sym options: 0x614 - pdb path: .;C:\Users\aplut\.gradle\jdks\eclipse_adoptium-17-amd64-windows\jdk-17.0.13+11\bin;C:\WINDOWS\SYSTEM32;C:\Program Files\Avast Software\Avast;C:\WINDOWS\WinSxS\amd64_microsoft.windows.common-controls_6595b64144ccf1df_6.0.22621.4391_none_2715d37f73803e96;C:\Users\aplut\.gradle\jdks\eclipse_adoptium-17-amd64-windows\jdk-17.0.13+11\bin\server;C:\Users\aplut\.gradle\native\c067742578af261105cb4f569cf0c3c89f3d7b1fecec35dd04571415982c5e48\windows-amd64;C:\Users\aplut\.gradle\native\100fb08df4bc3b14c8652ba06237920a3bd2aa13389f12d3474272988ae205f9\windows-amd64;C:\Program Files\Bonjour

VM Arguments:
jvm_args: --add-opens=java.base/java.util=ALL-UNNAMED --add-opens=java.base/java.lang=ALL-UNNAMED --add-opens=java.base/java.lang.invoke=ALL-UNNAMED --add-opens=java.prefs/java.util.prefs=ALL-UNNAMED --add-opens=java.base/java.nio.charset=ALL-UNNAMED --add-opens=java.base/java.net=ALL-UNNAMED --add-opens=java.base/java.util.concurrent.atomic=ALL-UNNAMED -Xmx3G -Dfile.encoding=UTF-8 -Duser.country=PL -Duser.language=pl -Duser.variant -javaagent:C:\Users\aplut\.gradle\wrapper\dists\gradle-8.8-bin\dl7vupf4psengwqhwktix4v1\gradle-8.8\lib\agents\gradle-instrumentation-agent-8.8.jar 
java_command: org.gradle.launcher.daemon.bootstrap.GradleDaemon 8.8
java_class_path (initial): C:\Users\aplut\.gradle\wrapper\dists\gradle-8.8-bin\dl7vupf4psengwqhwktix4v1\gradle-8.8\lib\gradle-launcher-8.8.jar
Launcher Type: SUN_STANDARD

[Global flags]
     intx CICompilerCount                          = 3                                         {product} {ergonomic}
     uint ConcGCThreads                            = 1                                         {product} {ergonomic}
     uint G1ConcRefinementThreads                  = 4                                         {product} {ergonomic}
   size_t G1HeapRegionSize                         = 2097152                                   {product} {ergonomic}
    uintx GCDrainStackTargetSize                   = 64                                        {product} {ergonomic}
   size_t InitialHeapSize                          = 130023424                                 {product} {ergonomic}
   size_t MarkStackSize                            = 4194304                                   {product} {ergonomic}
   size_t MaxHeapSize                              = 3221225472                                {product} {command line}
   size_t MaxNewSize                               = 1931476992                                {product} {ergonomic}
   size_t MinHeapDeltaBytes                        = 2097152                                   {product} {ergonomic}
   size_t MinHeapSize                              = 8388608                                   {product} {ergonomic}
    uintx NonNMethodCodeHeapSize                   = 5832780                                {pd product} {ergonomic}
    uintx NonProfiledCodeHeapSize                  = 122912730                              {pd product} {ergonomic}
    uintx ProfiledCodeHeapSize                     = 122912730                              {pd product} {ergonomic}
    uintx ReservedCodeCacheSize                    = 251658240                              {pd product} {ergonomic}
     bool SegmentedCodeCache                       = true                                      {product} {ergonomic}
   size_t SoftMaxHeapSize                          = 3221225472                             {manageable} {ergonomic}
     bool UseCompressedClassPointers               = true                           {product lp64_product} {ergonomic}
     bool UseCompressedOops                        = true                           {product lp64_product} {ergonomic}
     bool UseG1GC                                  = true                                      {product} {ergonomic}
     bool UseLargePagesIndividualAllocation        = false                                  {pd product} {ergonomic}

Logging:
Log output configuration:
 #0: stdout all=warning uptime,level,tags
 #1: stderr all=off uptime,level,tags

Environment Variables:
PATH=C:\Program Files\Eclipse Adoptium\jdk-17.0.13.11-hotspot\bin;C:\Users\aplut\OneDrive\Pulpit\PythonFlask\Scripts\;C:\Users\aplut\OneDrive\Pulpit\PythonFlask\;C:\Program Files\Oculus\Support\oculus-runtime;C:\PROGRA~2\Borland\CBUILD~1\Bin;C:\PROGRA~2\Borland\CBUILD~1\Projects\Bpl;C:\Program Files\Common Files\Oracle\Java\javapath;C:\Program Files (x86)\Common Files\Oracle\Java\java8path;C:\Program Files (x86)\Common Files\Oracle\Java\javapath;C:\Program Files (x86)\VMware\VMware Player\bin\;C:\Program Files\Microsoft\jdk-11.0.12.7-hotspot\bin;C:\WINDOWS\system32;C:\WINDOWS;C:\WINDOWS\System32\Wbem;C:\WINDOWS\System32\WindowsPowerShell\v1.0\;C:\WINDOWS\System32\OpenSSH\;C:\Program Files\Microsoft SQL Server\150\Tools\Binn\;C:\Program Files\dotnet\;C:\Program Files (x86)\Yarn\bin\;C:\Program Files\HP\HP One Agent;C:\Program Files\Docker\Docker\resources\bin;C:\Program Files\nodejs\;C:\Program Files\Microsoft SQL Server\120\Tools\Binn\;C:\Program Files\Git\cmd;C:\Users\aplut\.cargo\bin;C:\Ruby27-x64\bin;C:\Users\aplut\AppData\Local\Microsoft\WindowsApps;C:\Users\aplut\.dotnet\tools;%JAVA_HOME%\bin;C:\Users\aplut\AppData\Local\Programs\Microsoft VS Code\bin;C:\Users\aplut\AppData\Local\Yarn\bin;C:\ProgramData\aplut\GitHubDesktop\bin;C:\Users\aplut\AppData\Roaming\npm;C:\xampp\php;C:\Users\aplut\composer;C:\Users\aplut\AppData\Roaming\Composer\vendor\bin;C:\Users\aplut\AppData\Local\Muse Hub\lib;C:\Program Files\Oracle\VirtualBox;C:\Users\aplut\IntelliJ IDEA Community Edition 2024.3\bin;;C:\Gradle\bin;C:\Users\aplut\AppData\Local\GitHubDesktop\bin
USERNAME=aplut
OS=Windows_NT
PROCESSOR_IDENTIFIER=Intel64 Family 6 Model 140 Stepping 1, GenuineIntel
TMP=C:\Users\aplut\AppData\Local\Temp
TEMP=C:\Users\aplut\AppData\Local\Temp



Periodic native trim disabled


---------------  S Y S T E M  ---------------

OS:
 Windows 11 , 64 bit Build 22621 (10.0.22621.4391)
OS uptime: 0 days 10:06 hours
Hyper-V role detected

CPU: total 4 (initial active 4) (2 cores per cpu, 2 threads per core) family 6 model 140 stepping 1 microcode 0xac, cx8, cmov, fxsr, ht, mmx, 3dnowpref, sse, sse2, sse3, ssse3, sse4.1, sse4.2, popcnt, lzcnt, tsc, tscinvbit, avx, avx2, aes, erms, clmul, bmi1, bmi2, adx, avx512f, avx512dq, avx512cd, avx512bw, avx512vl, sha, fma, vzeroupper, avx512_vpopcntdq, avx512_vpclmulqdq, avx512_vaes, avx512_vnni, clflush, clflushopt, clwb, avx512_vbmi2, avx512_vbmi, hv
Processor Information for all 4 processors :
  Max Mhz: 2995, Current Mhz: 2995, Mhz Limit: 2995

Memory: 4k page, system-wide physical 7932M (137M free)
TotalPageFile size 16932M (AvailPageFile size 51M)
current process WorkingSet (physical memory assigned to process): 527M, peak: 581M
current process commit charge ("private bytes"): 658M, peak: 1030M

vm_info: OpenJDK 64-Bit Server VM (17.0.13+11) for windows-amd64 JRE (17.0.13+11), built on Oct 16 2024 00:10:08 by "admin" with MS VC++ 17.7 (VS2022)

END.
