#
# There is insufficient memory for the Java Runtime Environment to continue.
# Native memory allocation (mmap) failed to map 492830720 bytes. Error detail: G1 virtual space
# Possible reasons:
#   The system is out of physical RAM or swap space
#   This process is running with CompressedOops enabled, and the Java Heap may be blocking the growth of the native heap
# Possible solutions:
#   Reduce memory load on the system
#   Increase physical memory or swap space
#   Check if swap backing store is full
#   Decrease Java heap size (-Xmx/-Xms)
#   Decrease number of Java threads
#   Decrease Java thread stack sizes (-Xss)
#   Set larger code cache with -XX:ReservedCodeCacheSize=
#   JVM is running with Zero Based Compressed Oops mode in which the Java heap is
#     placed in the first 32GB address space. The Java Heap base address is the
#     maximum limit for the native heap growth. Please use -XX:HeapBaseMinAddress
#     to set the Java Heap base and to place the Java Heap above 32GB virtual address.
# This output file may be truncated or incomplete.
#
#  Out of Memory Error (os_windows.cpp:3614), pid=18224, tid=1200
#
# JRE version: OpenJDK Runtime Environment Temurin-17.0.13+11 (17.0.13+11) (build 17.0.13+11)
# Java VM: OpenJDK 64-Bit Server VM Temurin-17.0.13+11 (17.0.13+11, mixed mode, sharing, tiered, compressed oops, compressed class ptrs, g1 gc, windows-amd64)
# No core dump will be written. Minidumps are not enabled by default on client versions of Windows
#

---------------  S U M M A R Y ------------

Command Line: --add-opens=java.base/java.util.concurrent.atomic=ALL-UNNAMED --add-opens=java.base/java.util=ALL-UNNAMED --add-opens=java.base/java.lang=ALL-UNNAMED --add-opens=java.base/java.lang.invoke=ALL-UNNAMED --add-opens=java.prefs/java.util.prefs=ALL-UNNAMED --add-opens=java.base/java.nio.charset=ALL-UNNAMED --add-opens=java.base/java.net=ALL-UNNAMED --add-opens=java.base/java.util.concurrent.atomic=ALL-UNNAMED -Xmx3G -Dfile.encoding=UTF-8 -Duser.country=PL -Duser.language=pl -Duser.variant -javaagent:C:\Users\aplut\.gradle\wrapper\dists\gradle-8.8-bin\dl7vupf4psengwqhwktix4v1\gradle-8.8\lib\agents\gradle-instrumentation-agent-8.8.jar org.gradle.launcher.daemon.bootstrap.GradleDaemon 8.8

Host: 11th Gen Intel(R) Core(TM) i3-1115G4 @ 3.00GHz, 4 cores, 7G,  Windows 11 , 64 bit Build 22621 (10.0.22621.4391)
Time: Wed Dec  4 21:35:34 2024  Windows 11 , 64 bit Build 22621 (10.0.22621.4391) elapsed time: 23.089847 seconds (0d 0h 0m 23s)

---------------  T H R E A D  ---------------

Current thread (0x0000025ef792b8b0):  VMThread "VM Thread" [stack: 0x000000b6a9f00000,0x000000b6aa000000] [id=1200]

Stack: [0x000000b6a9f00000,0x000000b6aa000000]
Native frames: (J=compiled Java code, j=interpreted, Vv=VM code, C=native code)
V  [jvm.dll+0x682a19]
V  [jvm.dll+0x839538]
V  [jvm.dll+0x83afe3]
V  [jvm.dll+0x83b653]
V  [jvm.dll+0x24704f]
V  [jvm.dll+0x67f809]
V  [jvm.dll+0x6746fa]
V  [jvm.dll+0x304a96]
V  [jvm.dll+0x30bf56]
V  [jvm.dll+0x35da5e]
V  [jvm.dll+0x35dc9d]
V  [jvm.dll+0x2dbe5c]
V  [jvm.dll+0x2da1ff]
V  [jvm.dll+0x2d996c]
V  [jvm.dll+0x31d14b]
V  [jvm.dll+0x83fe8d]
V  [jvm.dll+0x840bc3]
V  [jvm.dll+0x8410ef]
V  [jvm.dll+0x8414d4]
V  [jvm.dll+0x84159e]
V  [jvm.dll+0x7e8ffc]
V  [jvm.dll+0x6818f7]
C  [ucrtbase.dll+0x29333]
C  [KERNEL32.DLL+0x1259d]
C  [ntdll.dll+0x5af38]

VM_Operation (0x000000b6ab6f5e70): G1CollectForAllocation, mode: safepoint, requested by thread 0x0000025efd8226c0


---------------  P R O C E S S  ---------------

Threads class SMR info:
_java_thread_list=0x0000025efc9db220, length=82, elements={
0x0000025ed7755cc0, 0x0000025ef7931140, 0x0000025ef7932310, 0x0000025ef79491c0,
0x0000025ef7949c90, 0x0000025ef794e770, 0x0000025ef7950140, 0x0000025ef7950ee0,
0x0000025ef7954140, 0x0000025ef7af2c30, 0x0000025ef7b74ac0, 0x0000025ef7cf3040,
0x0000025efd7c9040, 0x0000025efca437f0, 0x0000025efd8409f0, 0x0000025efd807db0,
0x0000025efd808a30, 0x0000025efd810e80, 0x0000025efd8226c0, 0x0000025efd8251f0,
0x0000025efd823db0, 0x0000025efd823390, 0x0000025efd825700, 0x0000025efd825c10,
0x0000025efd826120, 0x0000025efd826630, 0x0000025efd826b40, 0x0000025efd8242c0,
0x0000025efd8247d0, 0x0000025efd824ce0, 0x0000025efe172c90, 0x0000025efe175000,
0x0000025efe175510, 0x0000025efe1736b0, 0x0000025efe1731a0, 0x0000025efe16eac0,
0x0000025efe173bc0, 0x0000025efe1740d0, 0x0000025efe172270, 0x0000025efe172780,
0x0000025efe175a20, 0x0000025efe170920, 0x0000025efe16ff00, 0x0000025efe171340,
0x0000025efe171d60, 0x0000025efe175f30, 0x0000025efe1745e0, 0x0000025efe174af0,
0x0000025efe176440, 0x0000025efe16efd0, 0x0000025efe16f4e0, 0x0000025efe16f9f0,
0x0000025efe170e30, 0x0000025efe0c38d0, 0x0000025efe0c5c40, 0x0000025efe0c6150,
0x0000025efe0c5220, 0x0000025efe0c29a0, 0x0000025efe0c6660, 0x0000025efe0c7590,
0x0000025efe0c2eb0, 0x0000025efe0c7080, 0x0000025efe0c7aa0, 0x0000025efe0c5730,
0x0000025efe0c7fb0, 0x0000025efe0c84c0, 0x0000025efe0c3de0, 0x0000025efe0c1050,
0x0000025efe0c89d0, 0x0000025efe0c1a70, 0x0000025efe0c1f80, 0x0000025efe0c2490,
0x0000025efe0c4800, 0x0000025efe0c33c0, 0x0000025ec10bf810, 0x0000025ec10c39e0,
0x0000025ec10be3d0, 0x0000025ec10c34d0, 0x0000025ec10c3ef0, 0x0000025ec10bfd20,
0x0000025ec10c1160, 0x0000025ec10c0230
}

Java Threads: ( => current thread )
  0x0000025ed7755cc0 JavaThread "main" [_thread_blocked, id=26968, stack(0x000000b6a9900000,0x000000b6a9a00000)]
  0x0000025ef7931140 JavaThread "Reference Handler" daemon [_thread_blocked, id=14572, stack(0x000000b6aa000000,0x000000b6aa100000)]
  0x0000025ef7932310 JavaThread "Finalizer" daemon [_thread_blocked, id=7460, stack(0x000000b6aa100000,0x000000b6aa200000)]
  0x0000025ef79491c0 JavaThread "Signal Dispatcher" daemon [_thread_blocked, id=26276, stack(0x000000b6aa200000,0x000000b6aa300000)]
  0x0000025ef7949c90 JavaThread "Attach Listener" daemon [_thread_blocked, id=24332, stack(0x000000b6aa300000,0x000000b6aa400000)]
  0x0000025ef794e770 JavaThread "Service Thread" daemon [_thread_blocked, id=26008, stack(0x000000b6aa400000,0x000000b6aa500000)]
  0x0000025ef7950140 JavaThread "Monitor Deflation Thread" daemon [_thread_blocked, id=26280, stack(0x000000b6aa500000,0x000000b6aa600000)]
  0x0000025ef7950ee0 JavaThread "C2 CompilerThread0" daemon [_thread_blocked, id=16356, stack(0x000000b6aa600000,0x000000b6aa700000)]
  0x0000025ef7954140 JavaThread "C1 CompilerThread0" daemon [_thread_blocked, id=5680, stack(0x000000b6aa700000,0x000000b6aa800000)]
  0x0000025ef7af2c30 JavaThread "Sweeper thread" daemon [_thread_blocked, id=15876, stack(0x000000b6aa800000,0x000000b6aa900000)]
  0x0000025ef7b74ac0 JavaThread "Common-Cleaner" daemon [_thread_blocked, id=15368, stack(0x000000b6aa900000,0x000000b6aaa00000)]
  0x0000025ef7cf3040 JavaThread "Notification Thread" daemon [_thread_blocked, id=13040, stack(0x000000b6aaa00000,0x000000b6aab00000)]
  0x0000025efd7c9040 JavaThread "Daemon health stats" [_thread_blocked, id=26268, stack(0x000000b6ab000000,0x000000b6ab100000)]
  0x0000025efca437f0 JavaThread "Incoming local TCP Connector on port 50436" [_thread_in_native, id=8560, stack(0x000000b6aae00000,0x000000b6aaf00000)]
  0x0000025efd8409f0 JavaThread "Daemon periodic checks" [_thread_blocked, id=13840, stack(0x000000b6ab100000,0x000000b6ab200000)]
  0x0000025efd807db0 JavaThread "Daemon" [_thread_blocked, id=27216, stack(0x000000b6ab300000,0x000000b6ab400000)]
  0x0000025efd808a30 JavaThread "Handler for socket connection from /127.0.0.1:50436 to /127.0.0.1:50437" [_thread_in_native, id=8208, stack(0x000000b6ab400000,0x000000b6ab500000)]
  0x0000025efd810e80 JavaThread "Cancel handler" [_thread_blocked, id=19684, stack(0x000000b6ab500000,0x000000b6ab600000)]
  0x0000025efd8226c0 JavaThread "Daemon worker" [_thread_blocked, id=21556, stack(0x000000b6ab600000,0x000000b6ab700000)]
  0x0000025efd8251f0 JavaThread "Asynchronous log dispatcher for DefaultDaemonConnection: socket connection from /127.0.0.1:50436 to /127.0.0.1:50437" [_thread_blocked, id=3676, stack(0x000000b6ab700000,0x000000b6ab800000)]
  0x0000025efd823db0 JavaThread "Stdin handler" [_thread_blocked, id=10156, stack(0x000000b6ab800000,0x000000b6ab900000)]
  0x0000025efd823390 JavaThread "Daemon client event forwarder" [_thread_blocked, id=24456, stack(0x000000b6ab900000,0x000000b6aba00000)]
  0x0000025efd825700 JavaThread "Cache worker for journal cache (C:\Users\aplut\.gradle\caches\journal-1)" [_thread_blocked, id=4972, stack(0x000000b6aba00000,0x000000b6abb00000)]
  0x0000025efd825c10 JavaThread "File lock request listener" [_thread_in_native, id=13244, stack(0x000000b6abb00000,0x000000b6abc00000)]
  0x0000025efd826120 JavaThread "Cache worker for file hash cache (C:\Users\aplut\.gradle\caches\8.8\fileHashes)" [_thread_blocked, id=13340, stack(0x000000b6abc00000,0x000000b6abd00000)]
  0x0000025efd826630 JavaThread "Cache worker for file hash cache (C:\Users\aplut\OneDrive\Projekty\Mods\Creativity\.gradle\8.8\fileHashes)" [_thread_blocked, id=16728, stack(0x000000b6abe00000,0x000000b6abf00000)]
  0x0000025efd826b40 JavaThread "File watcher server" daemon [_thread_in_native, id=12336, stack(0x000000b6abf00000,0x000000b6ac000000)]
  0x0000025efd8242c0 JavaThread "File watcher consumer" daemon [_thread_blocked, id=9364, stack(0x000000b6ac000000,0x000000b6ac100000)]
  0x0000025efd8247d0 JavaThread "jar transforms" [_thread_blocked, id=17392, stack(0x000000b6ac100000,0x000000b6ac200000)]
  0x0000025efd824ce0 JavaThread "jar transforms Thread 2" [_thread_blocked, id=12752, stack(0x000000b6ac200000,0x000000b6ac300000)]
  0x0000025efe172c90 JavaThread "jar transforms Thread 3" [_thread_blocked, id=19148, stack(0x000000b6ac300000,0x000000b6ac400000)]
  0x0000025efe175000 JavaThread "jar transforms Thread 4" [_thread_blocked, id=14408, stack(0x000000b6ac400000,0x000000b6ac500000)]
  0x0000025efe175510 JavaThread "Cache worker for checksums cache (C:\Users\aplut\OneDrive\Projekty\Mods\Creativity\.gradle\8.8\checksums)" [_thread_blocked, id=9972, stack(0x000000b6ac500000,0x000000b6ac600000)]
  0x0000025efe1736b0 JavaThread "Cache worker for file content cache (C:\Users\aplut\.gradle\caches\8.8\fileContent)" [_thread_blocked, id=20532, stack(0x000000b6ac600000,0x000000b6ac700000)]
  0x0000025efe1731a0 JavaThread "Cache worker for cache directory md-rule (C:\Users\aplut\.gradle\caches\8.8\md-rule)" [_thread_blocked, id=25588, stack(0x000000b6ac700000,0x000000b6ac800000)]
  0x0000025efe16eac0 JavaThread "Cache worker for cache directory md-supplier (C:\Users\aplut\.gradle\caches\8.8\md-supplier)" [_thread_blocked, id=23364, stack(0x000000b6ac800000,0x000000b6ac900000)]
  0x0000025efe173bc0 JavaThread "Unconstrained build operations" [_thread_blocked, id=27644, stack(0x000000b6ac900000,0x000000b6aca00000)]
  0x0000025efe1740d0 JavaThread "Unconstrained build operations Thread 2" [_thread_blocked, id=27460, stack(0x000000b6aca00000,0x000000b6acb00000)]
  0x0000025efe172270 JavaThread "Unconstrained build operations Thread 3" [_thread_blocked, id=19088, stack(0x000000b6acb00000,0x000000b6acc00000)]
  0x0000025efe172780 JavaThread "Unconstrained build operations Thread 4" [_thread_blocked, id=4208, stack(0x000000b6acc00000,0x000000b6acd00000)]
  0x0000025efe175a20 JavaThread "Unconstrained build operations Thread 5" [_thread_blocked, id=14396, stack(0x000000b6acd00000,0x000000b6ace00000)]
  0x0000025efe170920 JavaThread "Unconstrained build operations Thread 6" [_thread_blocked, id=25480, stack(0x000000b6ace00000,0x000000b6acf00000)]
  0x0000025efe16ff00 JavaThread "Unconstrained build operations Thread 7" [_thread_blocked, id=7304, stack(0x000000b6acf00000,0x000000b6ad000000)]
  0x0000025efe171340 JavaThread "Unconstrained build operations Thread 8" [_thread_blocked, id=8372, stack(0x000000b6ad000000,0x000000b6ad100000)]
  0x0000025efe171d60 JavaThread "Unconstrained build operations Thread 9" [_thread_blocked, id=10620, stack(0x000000b6ad100000,0x000000b6ad200000)]
  0x0000025efe175f30 JavaThread "Unconstrained build operations Thread 10" [_thread_blocked, id=9348, stack(0x000000b6ad200000,0x000000b6ad300000)]
  0x0000025efe1745e0 JavaThread "Unconstrained build operations Thread 11" [_thread_blocked, id=27436, stack(0x000000b6ad300000,0x000000b6ad400000)]
  0x0000025efe174af0 JavaThread "Unconstrained build operations Thread 12" [_thread_blocked, id=18472, stack(0x000000b6ad400000,0x000000b6ad500000)]
  0x0000025efe176440 JavaThread "Cache worker for Build Output Cleanup Cache (C:\Users\aplut\OneDrive\Projekty\Mods\Creativity\.gradle\buildOutputCleanup)" [_thread_blocked, id=26908, stack(0x000000b6ad500000,0x000000b6ad600000)]
  0x0000025efe16efd0 JavaThread "Unconstrained build operations Thread 13" [_thread_blocked, id=26784, stack(0x000000b6ad600000,0x000000b6ad700000)]
  0x0000025efe16f4e0 JavaThread "Unconstrained build operations Thread 14" [_thread_blocked, id=19436, stack(0x000000b6ad700000,0x000000b6ad800000)]
  0x0000025efe16f9f0 JavaThread "Unconstrained build operations Thread 15" [_thread_blocked, id=27636, stack(0x000000b6ad800000,0x000000b6ad900000)]
  0x0000025efe170e30 JavaThread "Unconstrained build operations Thread 16" [_thread_blocked, id=22244, stack(0x000000b6ad900000,0x000000b6ada00000)]
  0x0000025efe0c38d0 JavaThread "Unconstrained build operations Thread 17" [_thread_blocked, id=23616, stack(0x000000b6ada00000,0x000000b6adb00000)]
  0x0000025efe0c5c40 JavaThread "Unconstrained build operations Thread 18" [_thread_blocked, id=20512, stack(0x000000b6adb00000,0x000000b6adc00000)]
  0x0000025efe0c6150 JavaThread "Unconstrained build operations Thread 19" [_thread_blocked, id=26696, stack(0x000000b6adc00000,0x000000b6add00000)]
  0x0000025efe0c5220 JavaThread "Unconstrained build operations Thread 20" [_thread_blocked, id=24664, stack(0x000000b6add00000,0x000000b6ade00000)]
  0x0000025efe0c29a0 JavaThread "Unconstrained build operations Thread 21" [_thread_blocked, id=20468, stack(0x000000b6ade00000,0x000000b6adf00000)]
  0x0000025efe0c6660 JavaThread "Keep-Alive-Timer" daemon [_thread_blocked, id=5204, stack(0x000000b6adf00000,0x000000b6ae000000)]
  0x0000025efe0c7590 JavaThread "Memory manager" [_thread_blocked, id=21604, stack(0x000000b6abd00000,0x000000b6abe00000)]
  0x0000025efe0c2eb0 JavaThread "Unconstrained build operations Thread 22" [_thread_blocked, id=12348, stack(0x000000b6ae100000,0x000000b6ae200000)]
  0x0000025efe0c7080 JavaThread "Unconstrained build operations Thread 23" [_thread_blocked, id=18876, stack(0x000000b6ae200000,0x000000b6ae300000)]
  0x0000025efe0c7aa0 JavaThread "Unconstrained build operations Thread 24" [_thread_blocked, id=9560, stack(0x000000b6ae300000,0x000000b6ae400000)]
  0x0000025efe0c5730 JavaThread "Unconstrained build operations Thread 25" [_thread_blocked, id=14412, stack(0x000000b6ae400000,0x000000b6ae500000)]
  0x0000025efe0c7fb0 JavaThread "Unconstrained build operations Thread 26" [_thread_blocked, id=5228, stack(0x000000b6ae500000,0x000000b6ae600000)]
  0x0000025efe0c84c0 JavaThread "Unconstrained build operations Thread 27" [_thread_blocked, id=7208, stack(0x000000b6ae600000,0x000000b6ae700000)]
  0x0000025efe0c3de0 JavaThread "Unconstrained build operations Thread 28" [_thread_blocked, id=14240, stack(0x000000b6ae700000,0x000000b6ae800000)]
  0x0000025efe0c1050 JavaThread "included builds" [_thread_blocked, id=2032, stack(0x000000b6ae800000,0x000000b6ae900000)]
  0x0000025efe0c89d0 JavaThread "Execution worker" [_thread_blocked, id=23064, stack(0x000000b6ae900000,0x000000b6aea00000)]
  0x0000025efe0c1a70 JavaThread "Execution worker Thread 2" [_thread_blocked, id=12980, stack(0x000000b6aea00000,0x000000b6aeb00000)]
  0x0000025efe0c1f80 JavaThread "Execution worker Thread 3" [_thread_blocked, id=7068, stack(0x000000b6aeb00000,0x000000b6aec00000)]
  0x0000025efe0c2490 JavaThread "Cache worker for execution history cache (C:\Users\aplut\OneDrive\Projekty\Mods\Creativity\.gradle\8.8\executionHistory)" [_thread_blocked, id=26988, stack(0x000000b6aec00000,0x000000b6aed00000)]
  0x0000025efe0c4800 JavaThread "ForkJoinPool.commonPool-worker-1" daemon [_thread_blocked, id=17644, stack(0x000000b6aed00000,0x000000b6aee00000)]
  0x0000025efe0c33c0 JavaThread "ForkJoinPool.commonPool-worker-2" daemon [_thread_blocked, id=3104, stack(0x000000b6aee00000,0x000000b6aef00000)]
  0x0000025ec10bf810 JavaThread "ForkJoinPool.commonPool-worker-3" daemon [_thread_blocked, id=25880, stack(0x000000b6aef00000,0x000000b6af000000)]
  0x0000025ec10c39e0 JavaThread "Exec process" [_thread_blocked, id=7024, stack(0x000000b6af000000,0x000000b6af100000)]
  0x0000025ec10be3d0 JavaThread "Exec process Thread 2" [_thread_blocked, id=12816, stack(0x000000b6ae000000,0x000000b6ae100000)]
  0x0000025ec10c34d0 JavaThread "Exec process Thread 3" [_thread_blocked, id=3164, stack(0x000000b6af100000,0x000000b6af200000)]
  0x0000025ec10c3ef0 JavaThread "idea-tooling-model-converter" [_thread_blocked, id=25876, stack(0x000000b6af200000,0x000000b6af300000)]
  0x0000025ec10bfd20 JavaThread "Unconstrained build operations Thread 29" [_thread_blocked, id=27060, stack(0x000000b6af700000,0x000000b6af800000)]
  0x0000025ec10c1160 JavaThread "Unconstrained build operations Thread 30" [_thread_blocked, id=9100, stack(0x000000b6af800000,0x000000b6af900000)]
  0x0000025ec10c0230 JavaThread "Unconstrained build operations Thread 31" [_thread_blocked, id=12784, stack(0x000000b6af900000,0x000000b6afa00000)]

Other Threads:
=>0x0000025ef792b8b0 VMThread "VM Thread" [stack: 0x000000b6a9f00000,0x000000b6aa000000] [id=1200]
  0x0000025ed7756b40 WatcherThread [stack: 0x000000b6aab00000,0x000000b6aac00000] [id=16268]
  0x0000025ed77ae280 GCTaskThread "GC Thread#0" [stack: 0x000000b6a9a00000,0x000000b6a9b00000] [id=17568]
  0x0000025ef7dcee20 GCTaskThread "GC Thread#1" [stack: 0x000000b6aac00000,0x000000b6aad00000] [id=23336]
  0x0000025efc0e56b0 GCTaskThread "GC Thread#2" [stack: 0x000000b6aad00000,0x000000b6aae00000] [id=16936]
  0x0000025efc6c14f0 GCTaskThread "GC Thread#3" [stack: 0x000000b6aaf00000,0x000000b6ab000000] [id=3476]
  0x0000025ed77bb1d0 ConcurrentGCThread "G1 Main Marker" [stack: 0x000000b6a9b00000,0x000000b6a9c00000] [id=5096]
  0x0000025ed77bbbf0 ConcurrentGCThread "G1 Conc#0" [stack: 0x000000b6a9c00000,0x000000b6a9d00000] [id=27616]
  0x0000025ed77f5670 ConcurrentGCThread "G1 Refine#0" [stack: 0x000000b6a9d00000,0x000000b6a9e00000] [id=21480]
  0x0000025ec1f337b0 ConcurrentGCThread "G1 Refine#1" [stack: 0x000000b6af400000,0x000000b6af500000] [id=11428]
  0x0000025ec1f33aa0 ConcurrentGCThread "G1 Refine#2" [stack: 0x000000b6af500000,0x000000b6af600000] [id=14812]
  0x0000025ec1f31a50 ConcurrentGCThread "G1 Refine#3" [stack: 0x000000b6af600000,0x000000b6af700000] [id=6892]
  0x0000025ed77f60a0 ConcurrentGCThread "G1 Service" [stack: 0x000000b6a9e00000,0x000000b6a9f00000] [id=26864]

Threads with active compile tasks:
C2 CompilerThread0    23139 9808       4       net.minecraftforge.srgutils.InternalUtils::loadTSrg2 (661 bytes)

VM state: at safepoint (normal execution)

VM Mutex/Monitor currently owned by a thread:  ([mutex/lock_event])
[0x0000025ed77523c0] Threads_lock - owner thread: 0x0000025ef792b8b0
[0x0000025ed7750950] Heap_lock - owner thread: 0x0000025efd8226c0

Heap address: 0x0000000740000000, size: 3072 MB, Compressed Oops mode: Zero based, Oop shift amount: 3

CDS archive(s) mapped at: [0x0000025e80000000-0x0000025e80bb0000-0x0000025e80bb0000), size 12255232, SharedBaseAddress: 0x0000025e80000000, ArchiveRelocationMode: 1.
Compressed class space mapped at: 0x0000025e81000000-0x0000025ec1000000, reserved size: 1073741824
Narrow klass base: 0x0000025e80000000, Narrow klass shift: 0, Narrow klass range: 0x100000000

GC Precious Log:
 CPUs: 4 total, 4 available
 Memory: 7932M
 Large Page Support: Disabled
 NUMA Support: Disabled
 Compressed Oops: Enabled (Zero based)
 Heap Region Size: 2M
 Heap Min Capacity: 8M
 Heap Initial Capacity: 124M
 Heap Max Capacity: 3G
 Pre-touch: Disabled
 Parallel Workers: 4
 Concurrent Workers: 1
 Concurrent Refinement Workers: 4
 Periodic GC: Disabled

Heap:
 garbage-first heap   total 430080K, used 264945K [0x0000000740000000, 0x0000000800000000)
  region size 2048K, 2 young (4096K), 2 survivors (4096K)
 Metaspace       used 75728K, committed 76544K, reserved 1179648K
  class space    used 10564K, committed 10944K, reserved 1048576K

Heap Regions: E=young(eden), S=young(survivor), O=old, HS=humongous(starts), HC=humongous(continues), CS=collection set, F=free, OA=open archive, CA=closed archive, TAMS=top-at-mark-start (previous, next)
|   0|0x0000000740000000, 0x0000000740200000, 0x0000000740200000|100%|HS|  |TAMS 0x0000000740200000, 0x0000000740000000| Complete 
|   1|0x0000000740200000, 0x0000000740400000, 0x0000000740400000|100%|HC|  |TAMS 0x0000000740400000, 0x0000000740200000| Complete 
|   2|0x0000000740400000, 0x0000000740600000, 0x0000000740600000|100%| O|  |TAMS 0x0000000740600000, 0x0000000740400000| Untracked 
|   3|0x0000000740600000, 0x0000000740800000, 0x0000000740800000|100%| O|  |TAMS 0x0000000740800000, 0x0000000740600000| Untracked 
|   4|0x0000000740800000, 0x0000000740a00000, 0x0000000740a00000|100%| O|  |TAMS 0x0000000740a00000, 0x0000000740800000| Untracked 
|   5|0x0000000740a00000, 0x0000000740c00000, 0x0000000740c00000|100%| O|  |TAMS 0x0000000740c00000, 0x0000000740a00000| Untracked 
|   6|0x0000000740c00000, 0x0000000740e00000, 0x0000000740e00000|100%| O|  |TAMS 0x0000000740e00000, 0x0000000740c00000| Untracked 
|   7|0x0000000740e00000, 0x0000000741000000, 0x0000000741000000|100%| O|  |TAMS 0x0000000741000000, 0x0000000740e00000| Untracked 
|   8|0x0000000741000000, 0x0000000741200000, 0x0000000741200000|100%|HS|  |TAMS 0x0000000741200000, 0x0000000741000000| Complete 
|   9|0x0000000741200000, 0x0000000741400000, 0x0000000741400000|100%|HC|  |TAMS 0x0000000741400000, 0x0000000741200000| Complete 
|  10|0x0000000741400000, 0x0000000741600000, 0x0000000741600000|100%|HC|  |TAMS 0x0000000741600000, 0x0000000741400000| Complete 
|  11|0x0000000741600000, 0x0000000741800000, 0x0000000741800000|100%|HS|  |TAMS 0x0000000741800000, 0x0000000741600000| Complete 
|  12|0x0000000741800000, 0x0000000741a00000, 0x0000000741a00000|100%|HC|  |TAMS 0x0000000741a00000, 0x0000000741800000| Complete 
|  13|0x0000000741a00000, 0x0000000741c00000, 0x0000000741c00000|100%|HS|  |TAMS 0x0000000741c00000, 0x0000000741a00000| Complete 
|  14|0x0000000741c00000, 0x0000000741e00000, 0x0000000741e00000|100%| O|  |TAMS 0x0000000741e00000, 0x0000000741c00000| Untracked 
|  15|0x0000000741e00000, 0x0000000742000000, 0x0000000742000000|100%| O|  |TAMS 0x0000000742000000, 0x0000000741e00000| Untracked 
|  16|0x0000000742000000, 0x0000000742200000, 0x0000000742200000|100%| O|  |TAMS 0x0000000742200000, 0x0000000742000000| Untracked 
|  17|0x0000000742200000, 0x0000000742400000, 0x0000000742400000|100%| O|  |TAMS 0x0000000742400000, 0x0000000742200000| Untracked 
|  18|0x0000000742400000, 0x0000000742600000, 0x0000000742600000|100%| O|  |TAMS 0x0000000742600000, 0x0000000742400000| Untracked 
|  19|0x0000000742600000, 0x0000000742800000, 0x0000000742800000|100%|HS|  |TAMS 0x0000000742800000, 0x0000000742600000| Complete 
|  20|0x0000000742800000, 0x0000000742a00000, 0x0000000742a00000|100%| O|  |TAMS 0x0000000742a00000, 0x0000000742800000| Untracked 
|  21|0x0000000742a00000, 0x0000000742c00000, 0x0000000742c00000|100%| O|  |TAMS 0x0000000742c00000, 0x0000000742a00000| Untracked 
|  22|0x0000000742c00000, 0x0000000742e00000, 0x0000000742e00000|100%| O|  |TAMS 0x0000000742e00000, 0x0000000742c00000| Untracked 
|  23|0x0000000742e00000, 0x0000000743000000, 0x0000000743000000|100%| O|  |TAMS 0x0000000743000000, 0x0000000742e00000| Untracked 
|  24|0x0000000743000000, 0x0000000743200000, 0x0000000743200000|100%| O|  |TAMS 0x0000000743200000, 0x0000000743000000| Untracked 
|  25|0x0000000743200000, 0x0000000743400000, 0x0000000743400000|100%|HS|  |TAMS 0x0000000743400000, 0x0000000743200000| Complete 
|  26|0x0000000743400000, 0x0000000743600000, 0x0000000743600000|100%|HC|  |TAMS 0x0000000743600000, 0x0000000743400000| Complete 
|  27|0x0000000743600000, 0x0000000743800000, 0x0000000743800000|100%|HC|  |TAMS 0x0000000743800000, 0x0000000743600000| Complete 
|  28|0x0000000743800000, 0x0000000743a00000, 0x0000000743a00000|100%| O|  |TAMS 0x0000000743a00000, 0x0000000743800000| Untracked 
|  29|0x0000000743a00000, 0x0000000743c00000, 0x0000000743c00000|100%|HS|  |TAMS 0x0000000743c00000, 0x0000000743a00000| Complete 
|  30|0x0000000743c00000, 0x0000000743e00000, 0x0000000743e00000|100%|HC|  |TAMS 0x0000000743e00000, 0x0000000743c00000| Complete 
|  31|0x0000000743e00000, 0x0000000744000000, 0x0000000744000000|100%|HC|  |TAMS 0x0000000744000000, 0x0000000743e00000| Complete 
|  32|0x0000000744000000, 0x0000000744200000, 0x0000000744200000|100%| O|  |TAMS 0x0000000744200000, 0x0000000744000000| Untracked 
|  33|0x0000000744200000, 0x0000000744400000, 0x0000000744400000|100%| O|  |TAMS 0x0000000744400000, 0x0000000744200000| Untracked 
|  34|0x0000000744400000, 0x0000000744600000, 0x0000000744600000|100%| O|  |TAMS 0x0000000744600000, 0x0000000744400000| Untracked 
|  35|0x0000000744600000, 0x0000000744800000, 0x0000000744800000|100%| O|  |TAMS 0x0000000744800000, 0x0000000744600000| Untracked 
|  36|0x0000000744800000, 0x0000000744a00000, 0x0000000744a00000|100%| O|  |TAMS 0x0000000744a00000, 0x0000000744800000| Untracked 
|  37|0x0000000744a00000, 0x0000000744c00000, 0x0000000744c00000|100%| O|  |TAMS 0x0000000744c00000, 0x0000000744a00000| Untracked 
|  38|0x0000000744c00000, 0x0000000744e00000, 0x0000000744e00000|100%| O|  |TAMS 0x0000000744e00000, 0x0000000744c00000| Untracked 
|  39|0x0000000744e00000, 0x0000000745000000, 0x0000000745000000|100%|HS|  |TAMS 0x0000000745000000, 0x0000000744e00000| Complete 
|  40|0x0000000745000000, 0x0000000745200000, 0x0000000745200000|100%| O|  |TAMS 0x0000000745200000, 0x0000000745000000| Untracked 
|  41|0x0000000745200000, 0x0000000745400000, 0x0000000745400000|100%| O|  |TAMS 0x0000000745400000, 0x0000000745200000| Untracked 
|  42|0x0000000745400000, 0x0000000745600000, 0x0000000745600000|100%| O|  |TAMS 0x0000000745600000, 0x0000000745400000| Untracked 
|  43|0x0000000745600000, 0x0000000745800000, 0x0000000745800000|100%|HS|  |TAMS 0x0000000745800000, 0x0000000745600000| Complete 
|  44|0x0000000745800000, 0x0000000745a00000, 0x0000000745a00000|100%|HS|  |TAMS 0x0000000745a00000, 0x0000000745800000| Complete 
|  45|0x0000000745a00000, 0x0000000745c00000, 0x0000000745c00000|100%|HC|  |TAMS 0x0000000745c00000, 0x0000000745a00000| Complete 
|  46|0x0000000745c00000, 0x0000000745e00000, 0x0000000745e00000|100%|HC|  |TAMS 0x0000000745e00000, 0x0000000745c00000| Complete 
|  47|0x0000000745e00000, 0x0000000746000000, 0x0000000746000000|100%|HS|  |TAMS 0x0000000746000000, 0x0000000745e00000| Complete 
|  48|0x0000000746000000, 0x0000000746200000, 0x0000000746200000|100%|HC|  |TAMS 0x0000000746200000, 0x0000000746000000| Complete 
|  49|0x0000000746200000, 0x0000000746400000, 0x0000000746400000|100%|HS|  |TAMS 0x0000000746400000, 0x0000000746200000| Complete 
|  50|0x0000000746400000, 0x0000000746600000, 0x0000000746600000|100%|HS|  |TAMS 0x0000000746600000, 0x0000000746400000| Complete 
|  51|0x0000000746600000, 0x0000000746800000, 0x0000000746800000|100%|HC|  |TAMS 0x0000000746800000, 0x0000000746600000| Complete 
|  52|0x0000000746800000, 0x0000000746a00000, 0x0000000746a00000|100%|HC|  |TAMS 0x0000000746a00000, 0x0000000746800000| Complete 
|  53|0x0000000746a00000, 0x0000000746c00000, 0x0000000746c00000|100%| O|  |TAMS 0x0000000746c00000, 0x0000000746a00000| Untracked 
|  54|0x0000000746c00000, 0x0000000746e00000, 0x0000000746e00000|100%| O|  |TAMS 0x0000000746e00000, 0x0000000746c00000| Untracked 
|  55|0x0000000746e00000, 0x0000000747000000, 0x0000000747000000|100%| O|  |TAMS 0x0000000747000000, 0x0000000746e00000| Untracked 
|  56|0x0000000747000000, 0x0000000747200000, 0x0000000747200000|100%| O|  |TAMS 0x0000000747200000, 0x0000000747000000| Untracked 
|  57|0x0000000747200000, 0x0000000747400000, 0x0000000747400000|100%| O|  |TAMS 0x0000000747200000, 0x0000000747200000| Untracked 
|  58|0x0000000747400000, 0x0000000747600000, 0x0000000747600000|100%| O|  |TAMS 0x0000000747400000, 0x0000000747400000| Untracked 
|  59|0x0000000747600000, 0x0000000747800000, 0x0000000747800000|100%| O|  |TAMS 0x0000000747600000, 0x0000000747600000| Untracked 
|  60|0x0000000747800000, 0x0000000747a00000, 0x0000000747a00000|100%| O|  |TAMS 0x0000000747800000, 0x0000000747800000| Untracked 
|  61|0x0000000747a00000, 0x0000000747c00000, 0x0000000747c00000|100%| O|  |TAMS 0x0000000747a00000, 0x0000000747a00000| Untracked 
|  62|0x0000000747c00000, 0x0000000747e00000, 0x0000000747e00000|100%| O|  |TAMS 0x0000000747c00000, 0x0000000747c00000| Untracked 
|  63|0x0000000747e00000, 0x0000000748000000, 0x0000000748000000|100%| O|  |TAMS 0x0000000748000000, 0x0000000747e00000| Untracked 
|  64|0x0000000748000000, 0x0000000748200000, 0x0000000748200000|100%| O|  |TAMS 0x0000000748200000, 0x0000000748000000| Untracked 
|  65|0x0000000748200000, 0x0000000748400000, 0x0000000748400000|100%| O|  |TAMS 0x0000000748400000, 0x0000000748200000| Untracked 
|  66|0x0000000748400000, 0x0000000748600000, 0x0000000748600000|100%| O|  |TAMS 0x0000000748600000, 0x0000000748400000| Untracked 
|  67|0x0000000748600000, 0x0000000748600000, 0x0000000748800000|  0%| F|  |TAMS 0x0000000748600000, 0x0000000748600000| Untracked 
|  68|0x0000000748800000, 0x0000000748a00000, 0x0000000748a00000|100%| O|  |TAMS 0x0000000748a00000, 0x0000000748800000| Untracked 
|  69|0x0000000748a00000, 0x0000000748c00000, 0x0000000748c00000|100%| O|  |TAMS 0x0000000748c00000, 0x0000000748a00000| Untracked 
|  70|0x0000000748c00000, 0x0000000748e00000, 0x0000000748e00000|100%| O|  |TAMS 0x0000000748e00000, 0x0000000748c00000| Untracked 
|  71|0x0000000748e00000, 0x0000000749000000, 0x0000000749000000|100%| O|  |TAMS 0x0000000749000000, 0x0000000748e00000| Untracked 
|  72|0x0000000749000000, 0x0000000749200000, 0x0000000749200000|100%| O|  |TAMS 0x0000000749200000, 0x0000000749000000| Untracked 
|  73|0x0000000749200000, 0x0000000749400000, 0x0000000749400000|100%| O|  |TAMS 0x0000000749400000, 0x0000000749200000| Untracked 
|  74|0x0000000749400000, 0x0000000749600000, 0x0000000749600000|100%| O|  |TAMS 0x0000000749600000, 0x0000000749400000| Untracked 
|  75|0x0000000749600000, 0x0000000749800000, 0x0000000749800000|100%| O|  |TAMS 0x0000000749800000, 0x0000000749600000| Untracked 
|  76|0x0000000749800000, 0x0000000749a00000, 0x0000000749a00000|100%| O|  |TAMS 0x0000000749a00000, 0x0000000749800000| Untracked 
|  77|0x0000000749a00000, 0x0000000749c00000, 0x0000000749c00000|100%| O|  |TAMS 0x0000000749c00000, 0x0000000749a00000| Untracked 
|  78|0x0000000749c00000, 0x0000000749e00000, 0x0000000749e00000|100%| O|  |TAMS 0x0000000749e00000, 0x0000000749c00000| Untracked 
|  79|0x0000000749e00000, 0x000000074a000000, 0x000000074a000000|100%| O|  |TAMS 0x000000074a000000, 0x0000000749e00000| Untracked 
|  80|0x000000074a000000, 0x000000074a200000, 0x000000074a200000|100%| O|  |TAMS 0x000000074a200000, 0x000000074a000000| Untracked 
|  81|0x000000074a200000, 0x000000074a400000, 0x000000074a400000|100%| O|  |TAMS 0x000000074a400000, 0x000000074a200000| Untracked 
|  82|0x000000074a400000, 0x000000074a600000, 0x000000074a600000|100%| O|  |TAMS 0x000000074a400000, 0x000000074a400000| Untracked 
|  83|0x000000074a600000, 0x000000074a800000, 0x000000074a800000|100%| O|  |TAMS 0x000000074a600000, 0x000000074a600000| Untracked 
|  84|0x000000074a800000, 0x000000074aa00000, 0x000000074aa00000|100%| O|  |TAMS 0x000000074a800000, 0x000000074a800000| Untracked 
|  85|0x000000074aa00000, 0x000000074ac00000, 0x000000074ac00000|100%| O|  |TAMS 0x000000074aa00000, 0x000000074aa00000| Untracked 
|  86|0x000000074ac00000, 0x000000074ae00000, 0x000000074ae00000|100%| O|  |TAMS 0x000000074ac00000, 0x000000074ac00000| Untracked 
|  87|0x000000074ae00000, 0x000000074b000000, 0x000000074b000000|100%| O|  |TAMS 0x000000074ae00000, 0x000000074ae00000| Untracked 
|  88|0x000000074b000000, 0x000000074b200000, 0x000000074b200000|100%| O|  |TAMS 0x000000074b000000, 0x000000074b000000| Untracked 
|  89|0x000000074b200000, 0x000000074b400000, 0x000000074b400000|100%| O|  |TAMS 0x000000074b200000, 0x000000074b200000| Untracked 
|  90|0x000000074b400000, 0x000000074b600000, 0x000000074b600000|100%| O|  |TAMS 0x000000074b400000, 0x000000074b400000| Untracked 
|  91|0x000000074b600000, 0x000000074b800000, 0x000000074b800000|100%| O|  |TAMS 0x000000074b600000, 0x000000074b600000| Untracked 
|  92|0x000000074b800000, 0x000000074ba00000, 0x000000074ba00000|100%| O|  |TAMS 0x000000074b800000, 0x000000074b800000| Untracked 
|  93|0x000000074ba00000, 0x000000074bc00000, 0x000000074bc00000|100%| O|  |TAMS 0x000000074ba00000, 0x000000074ba00000| Untracked 
|  94|0x000000074bc00000, 0x000000074be00000, 0x000000074be00000|100%| O|  |TAMS 0x000000074bc00000, 0x000000074bc00000| Untracked 
|  95|0x000000074be00000, 0x000000074c000000, 0x000000074c000000|100%| O|  |TAMS 0x000000074be00000, 0x000000074be00000| Untracked 
|  96|0x000000074c000000, 0x000000074c200000, 0x000000074c200000|100%| O|  |TAMS 0x000000074c000000, 0x000000074c000000| Untracked 
|  97|0x000000074c200000, 0x000000074c400000, 0x000000074c400000|100%| O|  |TAMS 0x000000074c200000, 0x000000074c200000| Untracked 
|  98|0x000000074c400000, 0x000000074c600000, 0x000000074c600000|100%| O|  |TAMS 0x000000074c400000, 0x000000074c400000| Untracked 
|  99|0x000000074c600000, 0x000000074c800000, 0x000000074c800000|100%| O|  |TAMS 0x000000074c600000, 0x000000074c600000| Untracked 
| 100|0x000000074c800000, 0x000000074ca00000, 0x000000074ca00000|100%| O|  |TAMS 0x000000074c800000, 0x000000074c800000| Untracked 
| 101|0x000000074ca00000, 0x000000074cc00000, 0x000000074cc00000|100%| O|  |TAMS 0x000000074ca00000, 0x000000074ca00000| Untracked 
| 102|0x000000074cc00000, 0x000000074ce00000, 0x000000074ce00000|100%| O|  |TAMS 0x000000074cc00000, 0x000000074cc00000| Untracked 
| 103|0x000000074ce00000, 0x000000074d000000, 0x000000074d000000|100%| O|  |TAMS 0x000000074ce00000, 0x000000074ce00000| Untracked 
| 104|0x000000074d000000, 0x000000074d200000, 0x000000074d200000|100%| O|  |TAMS 0x000000074d000000, 0x000000074d000000| Untracked 
| 105|0x000000074d200000, 0x000000074d400000, 0x000000074d400000|100%| O|  |TAMS 0x000000074d200000, 0x000000074d200000| Untracked 
| 106|0x000000074d400000, 0x000000074d600000, 0x000000074d600000|100%| O|  |TAMS 0x000000074d400000, 0x000000074d400000| Untracked 
| 107|0x000000074d600000, 0x000000074d800000, 0x000000074d800000|100%| O|  |TAMS 0x000000074d600000, 0x000000074d600000| Untracked 
| 108|0x000000074d800000, 0x000000074da00000, 0x000000074da00000|100%| O|  |TAMS 0x000000074d800000, 0x000000074d800000| Untracked 
| 109|0x000000074da00000, 0x000000074dc00000, 0x000000074dc00000|100%| O|  |TAMS 0x000000074da00000, 0x000000074da00000| Untracked 
| 110|0x000000074dc00000, 0x000000074dcbc600, 0x000000074de00000| 36%| O|  |TAMS 0x000000074dc00000, 0x000000074dc00000| Untracked 
| 111|0x000000074de00000, 0x000000074de00000, 0x000000074e000000|  0%| F|  |TAMS 0x000000074de00000, 0x000000074de00000| Untracked 
| 112|0x000000074e000000, 0x000000074e000000, 0x000000074e200000|  0%| F|  |TAMS 0x000000074e000000, 0x000000074e000000| Untracked 
| 113|0x000000074e200000, 0x000000074e200000, 0x000000074e400000|  0%| F|  |TAMS 0x000000074e200000, 0x000000074e200000| Untracked 
| 114|0x000000074e400000, 0x000000074e400000, 0x000000074e600000|  0%| F|  |TAMS 0x000000074e400000, 0x000000074e400000| Untracked 
| 115|0x000000074e600000, 0x000000074e600000, 0x000000074e800000|  0%| F|  |TAMS 0x000000074e600000, 0x000000074e600000| Untracked 
| 116|0x000000074e800000, 0x000000074e800000, 0x000000074ea00000|  0%| F|  |TAMS 0x000000074e800000, 0x000000074e800000| Untracked 
| 117|0x000000074ea00000, 0x000000074ea00000, 0x000000074ec00000|  0%| F|  |TAMS 0x000000074ea00000, 0x000000074ea00000| Untracked 
| 118|0x000000074ec00000, 0x000000074ec00000, 0x000000074ee00000|  0%| F|  |TAMS 0x000000074ec00000, 0x000000074ec00000| Untracked 
| 119|0x000000074ee00000, 0x000000074ee00000, 0x000000074f000000|  0%| F|  |TAMS 0x000000074ee00000, 0x000000074ee00000| Untracked 
| 120|0x000000074f000000, 0x000000074f000000, 0x000000074f200000|  0%| F|  |TAMS 0x000000074f000000, 0x000000074f000000| Untracked 
| 121|0x000000074f200000, 0x000000074f200000, 0x000000074f400000|  0%| F|  |TAMS 0x000000074f200000, 0x000000074f200000| Untracked 
| 122|0x000000074f400000, 0x000000074f400000, 0x000000074f600000|  0%| F|  |TAMS 0x000000074f400000, 0x000000074f400000| Untracked 
| 123|0x000000074f600000, 0x000000074f600000, 0x000000074f800000|  0%| F|  |TAMS 0x000000074f600000, 0x000000074f600000| Untracked 
| 124|0x000000074f800000, 0x000000074f800000, 0x000000074fa00000|  0%| F|  |TAMS 0x000000074f800000, 0x000000074f800000| Untracked 
| 125|0x000000074fa00000, 0x000000074fc00000, 0x000000074fc00000|100%| O|  |TAMS 0x000000074fa00000, 0x000000074fa00000| Untracked 
| 126|0x000000074fc00000, 0x000000074fe00000, 0x000000074fe00000|100%| O|  |TAMS 0x000000074fc00000, 0x000000074fc00000| Untracked 
| 127|0x000000074fe00000, 0x000000074fe00000, 0x0000000750000000|  0%| F|  |TAMS 0x000000074fe00000, 0x000000074fe00000| Untracked 
| 128|0x0000000750000000, 0x0000000750000000, 0x0000000750200000|  0%| F|  |TAMS 0x0000000750000000, 0x0000000750000000| Untracked 
| 129|0x0000000750200000, 0x0000000750200000, 0x0000000750400000|  0%| F|  |TAMS 0x0000000750200000, 0x0000000750200000| Untracked 
| 130|0x0000000750400000, 0x0000000750600000, 0x0000000750600000|100%|HS|  |TAMS 0x0000000750400000, 0x0000000750400000| Complete 
| 131|0x0000000750600000, 0x0000000750800000, 0x0000000750800000|100%|HC|  |TAMS 0x0000000750600000, 0x0000000750600000| Complete 
| 132|0x0000000750800000, 0x0000000750a00000, 0x0000000750a00000|100%|HC|  |TAMS 0x0000000750800000, 0x0000000750800000| Complete 
| 133|0x0000000750a00000, 0x0000000750c00000, 0x0000000750c00000|100%| O|  |TAMS 0x0000000750a00000, 0x0000000750a00000| Untracked 
| 134|0x0000000750c00000, 0x0000000750e00000, 0x0000000750e00000|100%| O|  |TAMS 0x0000000750c00000, 0x0000000750c00000| Untracked 
| 135|0x0000000750e00000, 0x0000000751000000, 0x0000000751000000|100%| O|  |TAMS 0x0000000750e00000, 0x0000000750e00000| Untracked 
| 136|0x0000000751000000, 0x0000000751200000, 0x0000000751200000|100%| O|  |TAMS 0x0000000751000000, 0x0000000751000000| Untracked 
| 137|0x0000000751200000, 0x0000000751200000, 0x0000000751400000|  0%| F|  |TAMS 0x0000000751200000, 0x0000000751200000| Untracked 
| 138|0x0000000751400000, 0x0000000751400000, 0x0000000751600000|  0%| F|  |TAMS 0x0000000751400000, 0x0000000751400000| Untracked 
| 139|0x0000000751600000, 0x0000000751600000, 0x0000000751800000|  0%| F|  |TAMS 0x0000000751600000, 0x0000000751600000| Untracked 
| 140|0x0000000751800000, 0x0000000751800000, 0x0000000751a00000|  0%| F|  |TAMS 0x0000000751800000, 0x0000000751800000| Untracked 
| 141|0x0000000751a00000, 0x0000000751a00000, 0x0000000751c00000|  0%| F|  |TAMS 0x0000000751a00000, 0x0000000751a00000| Untracked 
| 142|0x0000000751c00000, 0x0000000751c00000, 0x0000000751e00000|  0%| F|  |TAMS 0x0000000751c00000, 0x0000000751c00000| Untracked 
| 143|0x0000000751e00000, 0x0000000751e00000, 0x0000000752000000|  0%| F|  |TAMS 0x0000000751e00000, 0x0000000751e00000| Untracked 
| 144|0x0000000752000000, 0x0000000752000000, 0x0000000752200000|  0%| F|  |TAMS 0x0000000752000000, 0x0000000752000000| Untracked 
| 145|0x0000000752200000, 0x0000000752200000, 0x0000000752400000|  0%| F|  |TAMS 0x0000000752200000, 0x0000000752200000| Untracked 
| 146|0x0000000752400000, 0x0000000752400000, 0x0000000752600000|  0%| F|  |TAMS 0x0000000752400000, 0x0000000752400000| Untracked 
| 147|0x0000000752600000, 0x0000000752600000, 0x0000000752800000|  0%| F|  |TAMS 0x0000000752600000, 0x0000000752600000| Untracked 
| 148|0x0000000752800000, 0x0000000752800000, 0x0000000752a00000|  0%| F|  |TAMS 0x0000000752800000, 0x0000000752800000| Untracked 
| 149|0x0000000752a00000, 0x0000000752a00000, 0x0000000752c00000|  0%| F|  |TAMS 0x0000000752a00000, 0x0000000752a00000| Untracked 
| 150|0x0000000752c00000, 0x0000000752c00000, 0x0000000752e00000|  0%| F|  |TAMS 0x0000000752c00000, 0x0000000752c00000| Untracked 
| 151|0x0000000752e00000, 0x0000000752e00000, 0x0000000753000000|  0%| F|  |TAMS 0x0000000752e00000, 0x0000000752e00000| Untracked 
| 152|0x0000000753000000, 0x0000000753000000, 0x0000000753200000|  0%| F|  |TAMS 0x0000000753000000, 0x0000000753000000| Untracked 
| 153|0x0000000753200000, 0x0000000753200000, 0x0000000753400000|  0%| F|  |TAMS 0x0000000753200000, 0x0000000753200000| Untracked 
| 154|0x0000000753400000, 0x0000000753400000, 0x0000000753600000|  0%| F|  |TAMS 0x0000000753400000, 0x0000000753400000| Untracked 
| 155|0x0000000753600000, 0x0000000753600000, 0x0000000753800000|  0%| F|  |TAMS 0x0000000753600000, 0x0000000753600000| Untracked 
| 156|0x0000000753800000, 0x0000000753800000, 0x0000000753a00000|  0%| F|  |TAMS 0x0000000753800000, 0x0000000753800000| Untracked 
| 157|0x0000000753a00000, 0x0000000753a00000, 0x0000000753c00000|  0%| F|  |TAMS 0x0000000753a00000, 0x0000000753a00000| Untracked 
| 158|0x0000000753c00000, 0x0000000753c00000, 0x0000000753e00000|  0%| F|  |TAMS 0x0000000753c00000, 0x0000000753c00000| Untracked 
| 159|0x0000000753e00000, 0x0000000753e00000, 0x0000000754000000|  0%| F|  |TAMS 0x0000000753e00000, 0x0000000753e00000| Untracked 
| 160|0x0000000754000000, 0x0000000754000000, 0x0000000754200000|  0%| F|  |TAMS 0x0000000754000000, 0x0000000754000000| Untracked 
| 161|0x0000000754200000, 0x0000000754200000, 0x0000000754400000|  0%| F|  |TAMS 0x0000000754200000, 0x0000000754200000| Untracked 
| 162|0x0000000754400000, 0x0000000754400000, 0x0000000754600000|  0%| F|  |TAMS 0x0000000754400000, 0x0000000754400000| Untracked 
| 163|0x0000000754600000, 0x0000000754600000, 0x0000000754800000|  0%| F|  |TAMS 0x0000000754600000, 0x0000000754600000| Untracked 
| 164|0x0000000754800000, 0x0000000754800000, 0x0000000754a00000|  0%| F|  |TAMS 0x0000000754800000, 0x0000000754800000| Untracked 
| 165|0x0000000754a00000, 0x0000000754a00000, 0x0000000754c00000|  0%| F|  |TAMS 0x0000000754a00000, 0x0000000754a00000| Untracked 
| 166|0x0000000754c00000, 0x0000000754c00000, 0x0000000754e00000|  0%| F|  |TAMS 0x0000000754c00000, 0x0000000754c00000| Untracked 
| 167|0x0000000754e00000, 0x0000000754e00000, 0x0000000755000000|  0%| F|  |TAMS 0x0000000754e00000, 0x0000000754e00000| Untracked 
| 168|0x0000000755000000, 0x0000000755000000, 0x0000000755200000|  0%| F|  |TAMS 0x0000000755000000, 0x0000000755000000| Untracked 
| 169|0x0000000755200000, 0x0000000755200000, 0x0000000755400000|  0%| F|  |TAMS 0x0000000755200000, 0x0000000755200000| Untracked 
| 170|0x0000000755400000, 0x0000000755400000, 0x0000000755600000|  0%| F|  |TAMS 0x0000000755400000, 0x0000000755400000| Untracked 
| 171|0x0000000755600000, 0x0000000755600000, 0x0000000755800000|  0%| F|  |TAMS 0x0000000755600000, 0x0000000755600000| Untracked 
| 172|0x0000000755800000, 0x0000000755800000, 0x0000000755a00000|  0%| F|  |TAMS 0x0000000755800000, 0x0000000755800000| Untracked 
| 173|0x0000000755a00000, 0x0000000755a00000, 0x0000000755c00000|  0%| F|  |TAMS 0x0000000755a00000, 0x0000000755a00000| Untracked 
| 174|0x0000000755c00000, 0x0000000755c00000, 0x0000000755e00000|  0%| F|  |TAMS 0x0000000755c00000, 0x0000000755c00000| Untracked 
| 175|0x0000000755e00000, 0x0000000755e00000, 0x0000000756000000|  0%| F|  |TAMS 0x0000000755e00000, 0x0000000755e00000| Untracked 
| 176|0x0000000756000000, 0x0000000756000000, 0x0000000756200000|  0%| F|  |TAMS 0x0000000756000000, 0x0000000756000000| Untracked 
| 177|0x0000000756200000, 0x0000000756200000, 0x0000000756400000|  0%| F|  |TAMS 0x0000000756200000, 0x0000000756200000| Untracked 
| 178|0x0000000756400000, 0x0000000756400000, 0x0000000756600000|  0%| F|  |TAMS 0x0000000756400000, 0x0000000756400000| Untracked 
| 179|0x0000000756600000, 0x0000000756600000, 0x0000000756800000|  0%| F|  |TAMS 0x0000000756600000, 0x0000000756600000| Untracked 
| 180|0x0000000756800000, 0x0000000756800000, 0x0000000756a00000|  0%| F|  |TAMS 0x0000000756800000, 0x0000000756800000| Untracked 
| 181|0x0000000756a00000, 0x0000000756a00000, 0x0000000756c00000|  0%| F|  |TAMS 0x0000000756a00000, 0x0000000756a00000| Untracked 
| 182|0x0000000756c00000, 0x0000000756c00000, 0x0000000756e00000|  0%| F|  |TAMS 0x0000000756c00000, 0x0000000756c00000| Untracked 
| 183|0x0000000756e00000, 0x0000000756e00000, 0x0000000757000000|  0%| F|  |TAMS 0x0000000756e00000, 0x0000000756e00000| Untracked 
| 184|0x0000000757000000, 0x0000000757000000, 0x0000000757200000|  0%| F|  |TAMS 0x0000000757000000, 0x0000000757000000| Untracked 
| 185|0x0000000757200000, 0x0000000757200000, 0x0000000757400000|  0%| F|  |TAMS 0x0000000757200000, 0x0000000757200000| Untracked 
| 186|0x0000000757400000, 0x0000000757400000, 0x0000000757600000|  0%| F|  |TAMS 0x0000000757400000, 0x0000000757400000| Untracked 
| 187|0x0000000757600000, 0x0000000757600000, 0x0000000757800000|  0%| F|  |TAMS 0x0000000757600000, 0x0000000757600000| Untracked 
| 188|0x0000000757800000, 0x0000000757800000, 0x0000000757a00000|  0%| F|  |TAMS 0x0000000757800000, 0x0000000757800000| Untracked 
| 189|0x0000000757a00000, 0x0000000757c00000, 0x0000000757c00000|100%| S|CS|TAMS 0x0000000757a00000, 0x0000000757a00000| Complete 
| 190|0x0000000757c00000, 0x0000000757e00000, 0x0000000757e00000|100%| S|CS|TAMS 0x0000000757c00000, 0x0000000757c00000| Complete 
| 191|0x0000000757e00000, 0x0000000757e00000, 0x0000000758000000|  0%| F|  |TAMS 0x0000000757e00000, 0x0000000757e00000| Untracked 
| 192|0x0000000758000000, 0x0000000758000000, 0x0000000758200000|  0%| F|  |TAMS 0x0000000758000000, 0x0000000758000000| Untracked 
| 193|0x0000000758200000, 0x0000000758200000, 0x0000000758400000|  0%| F|  |TAMS 0x0000000758200000, 0x0000000758200000| Untracked 
| 194|0x0000000758400000, 0x0000000758400000, 0x0000000758600000|  0%| F|  |TAMS 0x0000000758400000, 0x0000000758400000| Untracked 
| 195|0x0000000758600000, 0x0000000758600000, 0x0000000758800000|  0%| F|  |TAMS 0x0000000758600000, 0x0000000758600000| Untracked 
| 196|0x0000000758800000, 0x0000000758800000, 0x0000000758a00000|  0%| F|  |TAMS 0x0000000758800000, 0x0000000758800000| Untracked 
| 197|0x0000000758a00000, 0x0000000758a00000, 0x0000000758c00000|  0%| F|  |TAMS 0x0000000758a00000, 0x0000000758a00000| Untracked 
| 198|0x0000000758c00000, 0x0000000758c00000, 0x0000000758e00000|  0%| F|  |TAMS 0x0000000758c00000, 0x0000000758c00000| Untracked 
| 199|0x0000000758e00000, 0x0000000758e00000, 0x0000000759000000|  0%| F|  |TAMS 0x0000000758e00000, 0x0000000758e00000| Untracked 
| 200|0x0000000759000000, 0x0000000759000000, 0x0000000759200000|  0%| F|  |TAMS 0x0000000759000000, 0x0000000759000000| Untracked 
|1527|0x00000007fee00000, 0x00000007ff000000, 0x00000007ff000000|100%| O|  |TAMS 0x00000007fefe4200, 0x00000007fee00000| Untracked 
|1528|0x00000007ff000000, 0x00000007ff200000, 0x00000007ff200000|100%| O|  |TAMS 0x00000007ff200000, 0x00000007ff000000| Untracked 
|1529|0x00000007ff200000, 0x00000007ff400000, 0x00000007ff400000|100%| O|  |TAMS 0x00000007ff400000, 0x00000007ff200000| Untracked 
|1530|0x00000007ff400000, 0x00000007ff600000, 0x00000007ff600000|100%| O|  |TAMS 0x00000007ff600000, 0x00000007ff400000| Untracked 
|1531|0x00000007ff600000, 0x00000007ff800000, 0x00000007ff800000|100%| O|  |TAMS 0x00000007ff800000, 0x00000007ff600000| Untracked 
|1532|0x00000007ff800000, 0x00000007ffa00000, 0x00000007ffa00000|100%| O|  |TAMS 0x00000007ffa00000, 0x00000007ff800000| Untracked 
|1533|0x00000007ffa00000, 0x00000007ffc00000, 0x00000007ffc00000|100%| O|  |TAMS 0x00000007ffc00000, 0x00000007ffa00000| Untracked 
|1534|0x00000007ffc00000, 0x00000007ffe00000, 0x00000007ffe00000|100%| O|  |TAMS 0x00000007ffe00000, 0x00000007ffc00000| Untracked 
|1535|0x00000007ffe00000, 0x0000000800000000, 0x0000000800000000|100%| O|  |TAMS 0x0000000800000000, 0x00000007ffe00000| Untracked 

Card table byte_map: [0x0000025eee880000,0x0000025eeee80000] _byte_map_base: 0x0000025eeae80000

Marking Bits (Prev, Next): (CMBitMap*) 0x0000025ed77ae8e0, (CMBitMap*) 0x0000025ed77ae8a0
 Prev Bits: [0x0000025ef2480000, 0x0000025ef5480000)
 Next Bits: [0x0000025eef480000, 0x0000025ef2480000)

Polling page: 0x0000025ed5730000

Metaspace:

Usage:
  Non-class:     63.64 MB used.
      Class:     10.32 MB used.
       Both:     73.95 MB used.

Virtual space:
  Non-class space:      128.00 MB reserved,      64.06 MB ( 50%) committed,  2 nodes.
      Class space:        1.00 GB reserved,      10.69 MB (  1%) committed,  1 nodes.
             Both:        1.12 GB reserved,      74.75 MB (  6%) committed. 

Chunk freelists:
   Non-Class:  15.23 MB
       Class:  5.35 MB
        Both:  20.58 MB

MaxMetaspaceSize: unlimited
CompressedClassSpaceSize: 1.00 GB
Initial GC threshold: 21.00 MB
Current GC threshold: 124.19 MB
CDS: on
MetaspaceReclaimPolicy: balanced
 - commit_granule_bytes: 65536.
 - commit_granule_words: 8192.
 - virtual_space_node_default_size: 8388608.
 - enlarge_chunks_in_place: 1.
 - new_chunks_are_fully_committed: 0.
 - uncommit_free_chunks: 1.
 - use_allocation_guard: 0.
 - handle_deallocations: 1.


Internal statistics:

num_allocs_failed_limit: 3.
num_arena_births: 884.
num_arena_deaths: 0.
num_vsnodes_births: 3.
num_vsnodes_deaths: 0.
num_space_committed: 1196.
num_space_uncommitted: 0.
num_chunks_returned_to_freelist: 3.
num_chunks_taken_from_freelist: 3915.
num_chunk_merges: 3.
num_chunk_splits: 2486.
num_chunks_enlarged: 1543.
num_inconsistent_stats: 0.

CodeHeap 'non-profiled nmethods': size=120000Kb used=4989Kb max_used=5397Kb free=115010Kb
 bounds [0x0000025ee6d50000, 0x0000025ee72a0000, 0x0000025eee280000]
CodeHeap 'profiled nmethods': size=120000Kb used=16191Kb max_used=17041Kb free=103808Kb
 bounds [0x0000025edf280000, 0x0000025ee0330000, 0x0000025ee67b0000]
CodeHeap 'non-nmethods': size=5760Kb used=2402Kb max_used=2476Kb free=3357Kb
 bounds [0x0000025ee67b0000, 0x0000025ee6a20000, 0x0000025ee6d50000]
 total_blobs=9225 nmethods=8310 adapters=826
 compilation: enabled
              stopped_count=0, restarted_count=0
 full_count=0

Compilation events (20 events):
Event: 22.875 Thread 0x0000025ef7950ee0 nmethod 9768 0x0000025ee6e6b010 code [0x0000025ee6e6b280, 0x0000025ee6e6bc80]
Event: 22.875 Thread 0x0000025ef7950ee0 9798       4       jdk.internal.org.objectweb.asm.Attribute::putAttributes (78 bytes)
Event: 22.875 Thread 0x0000025ef7954140 9801       3       com.google.gson.stream.JsonReader::beginArray (82 bytes)
Event: 22.876 Thread 0x0000025ef7950ee0 nmethod 9798 0x0000025ee71b0e90 code [0x0000025ee71b1000, 0x0000025ee71b10d8]
Event: 22.876 Thread 0x0000025ef7950ee0 9777       4       java.lang.Long::valueOf (40 bytes)
Event: 22.876 Thread 0x0000025ef7954140 nmethod 9801 0x0000025edf42cf10 code [0x0000025edf42d1a0, 0x0000025edf42dd48]
Event: 22.876 Thread 0x0000025ef7954140 9802       3       com.google.gson.stream.JsonReader::endArray (90 bytes)
Event: 22.877 Thread 0x0000025ef7950ee0 nmethod 9777 0x0000025ee71b0a10 code [0x0000025ee71b0ba0, 0x0000025ee71b0c98]
Event: 22.877 Thread 0x0000025ef7954140 nmethod 9802 0x0000025edf4f9e10 code [0x0000025edf4fa0a0, 0x0000025edf4fac18]
Event: 22.920 Thread 0x0000025ef7954140 9803       3       java.io.BufferedReader::<init> (62 bytes)
Event: 22.920 Thread 0x0000025ef7954140 nmethod 9803 0x0000025ee00bd390 code [0x0000025ee00bd580, 0x0000025ee00bdb78]
Event: 22.921 Thread 0x0000025ef7954140 9804   !   3       java.io.BufferedReader$1::hasNext (43 bytes)
Event: 22.921 Thread 0x0000025ef7954140 nmethod 9804 0x0000025edfa87510 code [0x0000025edfa876e0, 0x0000025edfa87ad8]
Event: 22.921 Thread 0x0000025ef7950ee0 9805       4       java.util.Iterator::forEachRemaining (30 bytes)
Event: 22.925 Thread 0x0000025ef7950ee0 nmethod 9805 0x0000025ee6d80490 code [0x0000025ee6d80640, 0x0000025ee6d80878]
Event: 22.926 Thread 0x0000025ef7950ee0 9806   !   4       java.io.BufferedReader$1::hasNext (43 bytes)
Event: 22.929 Thread 0x0000025ef7950ee0 nmethod 9806 0x0000025ee6d7ff90 code [0x0000025ee6d80120, 0x0000025ee6d80328]
Event: 23.038 Thread 0x0000025ef7950ee0 9807       4       java.util.Arrays::copyOfRange (90 bytes)
Event: 23.043 Thread 0x0000025ef7950ee0 nmethod 9807 0x0000025ee6f92710 code [0x0000025ee6f928a0, 0x0000025ee6f92d98]
Event: 23.051 Thread 0x0000025ef7950ee0 9808       4       net.minecraftforge.srgutils.InternalUtils::loadTSrg2 (661 bytes)

GC Heap History (20 events):
Event: 15.958 GC heap after
{Heap after GC invocations=31 (full 0):
 garbage-first heap   total 163840K, used 90400K [0x0000000740000000, 0x0000000800000000)
  region size 2048K, 2 young (4096K), 2 survivors (4096K)
 Metaspace       used 64592K, committed 65280K, reserved 1114112K
  class space    used 9022K, committed 9344K, reserved 1048576K
}
Event: 16.366 GC heap before
{Heap before GC invocations=32 (full 0):
 garbage-first heap   total 174080K, used 104736K [0x0000000740000000, 0x0000000800000000)
  region size 2048K, 5 young (10240K), 2 survivors (4096K)
 Metaspace       used 64863K, committed 65600K, reserved 1114112K
  class space    used 9061K, committed 9408K, reserved 1048576K
}
Event: 16.371 GC heap after
{Heap after GC invocations=33 (full 0):
 garbage-first heap   total 174080K, used 90683K [0x0000000740000000, 0x0000000800000000)
  region size 2048K, 2 young (4096K), 2 survivors (4096K)
 Metaspace       used 64863K, committed 65600K, reserved 1114112K
  class space    used 9061K, committed 9408K, reserved 1048576K
}
Event: 16.640 GC heap before
{Heap before GC invocations=34 (full 0):
 garbage-first heap   total 174080K, used 102971K [0x0000000740000000, 0x0000000800000000)
  region size 2048K, 7 young (14336K), 2 survivors (4096K)
 Metaspace       used 66141K, committed 66816K, reserved 1114112K
  class space    used 9192K, committed 9536K, reserved 1048576K
}
Event: 16.645 GC heap after
{Heap after GC invocations=35 (full 0):
 garbage-first heap   total 174080K, used 91129K [0x0000000740000000, 0x0000000800000000)
  region size 2048K, 2 young (4096K), 2 survivors (4096K)
 Metaspace       used 66141K, committed 66816K, reserved 1114112K
  class space    used 9192K, committed 9536K, reserved 1048576K
}
Event: 17.023 GC heap before
{Heap before GC invocations=36 (full 0):
 garbage-first heap   total 194560K, used 125945K [0x0000000740000000, 0x0000000800000000)
  region size 2048K, 9 young (18432K), 2 survivors (4096K)
 Metaspace       used 66424K, committed 67072K, reserved 1114112K
  class space    used 9205K, committed 9536K, reserved 1048576K
}
Event: 17.031 GC heap after
{Heap after GC invocations=37 (full 0):
 garbage-first heap   total 194560K, used 92480K [0x0000000740000000, 0x0000000800000000)
  region size 2048K, 3 young (6144K), 3 survivors (6144K)
 Metaspace       used 66424K, committed 67072K, reserved 1114112K
  class space    used 9205K, committed 9536K, reserved 1048576K
}
Event: 17.414 GC heap before
{Heap before GC invocations=38 (full 0):
 garbage-first heap   total 239616K, used 155968K [0x0000000740000000, 0x0000000800000000)
  region size 2048K, 9 young (18432K), 3 survivors (6144K)
 Metaspace       used 67383K, committed 68096K, reserved 1114112K
  class space    used 9349K, committed 9664K, reserved 1048576K
}
Event: 17.426 GC heap after
{Heap after GC invocations=39 (full 0):
 garbage-first heap   total 296960K, used 92709K [0x0000000740000000, 0x0000000800000000)
  region size 2048K, 3 young (6144K), 3 survivors (6144K)
 Metaspace       used 67383K, committed 68096K, reserved 1114112K
  class space    used 9349K, committed 9664K, reserved 1048576K
}
Event: 21.188 GC heap before
{Heap before GC invocations=39 (full 0):
 garbage-first heap   total 296960K, used 223781K [0x0000000740000000, 0x0000000800000000)
  region size 2048K, 49 young (100352K), 3 survivors (6144K)
 Metaspace       used 75217K, committed 76032K, reserved 1179648K
  class space    used 10516K, committed 10880K, reserved 1048576K
}
Event: 21.211 GC heap after
{Heap after GC invocations=40 (full 0):
 garbage-first heap   total 296960K, used 127671K [0x0000000740000000, 0x0000000800000000)
  region size 2048K, 7 young (14336K), 7 survivors (14336K)
 Metaspace       used 75217K, committed 76032K, reserved 1179648K
  class space    used 10516K, committed 10880K, reserved 1048576K
}
Event: 21.848 GC heap before
{Heap before GC invocations=40 (full 0):
 garbage-first heap   total 296960K, used 234167K [0x0000000740000000, 0x0000000800000000)
  region size 2048K, 56 young (114688K), 7 survivors (14336K)
 Metaspace       used 75337K, committed 76096K, reserved 1179648K
  class space    used 10527K, committed 10880K, reserved 1048576K
}
Event: 21.946 GC heap after
{Heap after GC invocations=41 (full 0):
 garbage-first heap   total 315392K, used 188304K [0x0000000740000000, 0x0000000800000000)
  region size 2048K, 7 young (14336K), 7 survivors (14336K)
 Metaspace       used 75337K, committed 76096K, reserved 1179648K
  class space    used 10527K, committed 10880K, reserved 1048576K
}
Event: 22.150 GC heap before
{Heap before GC invocations=41 (full 0):
 garbage-first heap   total 315392K, used 237456K [0x0000000740000000, 0x0000000800000000)
  region size 2048K, 31 young (63488K), 7 survivors (14336K)
 Metaspace       used 75448K, committed 76288K, reserved 1179648K
  class space    used 10538K, committed 10944K, reserved 1048576K
}
Event: 22.199 GC heap after
{Heap after GC invocations=42 (full 0):
 garbage-first heap   total 315392K, used 211968K [0x0000000740000000, 0x0000000800000000)
  region size 2048K, 4 young (8192K), 4 survivors (8192K)
 Metaspace       used 75448K, committed 76288K, reserved 1179648K
  class space    used 10538K, committed 10944K, reserved 1048576K
}
Event: 22.444 GC heap before
{Heap before GC invocations=42 (full 0):
 garbage-first heap   total 315392K, used 242688K [0x0000000740000000, 0x0000000800000000)
  region size 2048K, 19 young (38912K), 4 survivors (8192K)
 Metaspace       used 75451K, committed 76288K, reserved 1179648K
  class space    used 10539K, committed 10944K, reserved 1048576K
}
Event: 22.488 GC heap after
{Heap after GC invocations=43 (full 0):
 garbage-first heap   total 315392K, used 236544K [0x0000000740000000, 0x0000000800000000)
  region size 2048K, 3 young (6144K), 3 survivors (6144K)
 Metaspace       used 75451K, committed 76288K, reserved 1179648K
  class space    used 10539K, committed 10944K, reserved 1048576K
}
Event: 22.946 GC heap before
{Heap before GC invocations=44 (full 0):
 garbage-first heap   total 430080K, used 302080K [0x0000000740000000, 0x0000000800000000)
  region size 2048K, 11 young (22528K), 3 survivors (6144K)
 Metaspace       used 75728K, committed 76544K, reserved 1179648K
  class space    used 10564K, committed 10944K, reserved 1048576K
}
Event: 22.992 GC heap after
{Heap after GC invocations=45 (full 0):
 garbage-first heap   total 430080K, used 253952K [0x0000000740000000, 0x0000000800000000)
  region size 2048K, 2 young (4096K), 2 survivors (4096K)
 Metaspace       used 75728K, committed 76544K, reserved 1179648K
  class space    used 10564K, committed 10944K, reserved 1048576K
}
Event: 23.055 GC heap before
{Heap before GC invocations=45 (full 0):
 garbage-first heap   total 430080K, used 268288K [0x0000000740000000, 0x0000000800000000)
  region size 2048K, 10 young (20480K), 2 survivors (4096K)
 Metaspace       used 75728K, committed 76544K, reserved 1179648K
  class space    used 10564K, committed 10944K, reserved 1048576K
}

Dll operation events (15 events):
Event: 0.026 Loaded shared library C:\Program Files\Eclipse Adoptium\jdk-17.0.13.11-hotspot\bin\java.dll
Event: 0.123 Loaded shared library C:\Program Files\Eclipse Adoptium\jdk-17.0.13.11-hotspot\bin\jsvml.dll
Event: 0.258 Loaded shared library C:\Program Files\Eclipse Adoptium\jdk-17.0.13.11-hotspot\bin\zip.dll
Event: 0.262 Loaded shared library C:\Program Files\Eclipse Adoptium\jdk-17.0.13.11-hotspot\bin\instrument.dll
Event: 0.268 Loaded shared library C:\Program Files\Eclipse Adoptium\jdk-17.0.13.11-hotspot\bin\net.dll
Event: 0.273 Loaded shared library C:\Program Files\Eclipse Adoptium\jdk-17.0.13.11-hotspot\bin\nio.dll
Event: 0.286 Loaded shared library C:\Program Files\Eclipse Adoptium\jdk-17.0.13.11-hotspot\bin\zip.dll
Event: 0.778 Loaded shared library C:\Program Files\Eclipse Adoptium\jdk-17.0.13.11-hotspot\bin\jimage.dll
Event: 0.905 Loaded shared library C:\Program Files\Eclipse Adoptium\jdk-17.0.13.11-hotspot\bin\verify.dll
Event: 1.137 Loaded shared library C:\Users\aplut\.gradle\native\c067742578af261105cb4f569cf0c3c89f3d7b1fecec35dd04571415982c5e48\windows-amd64\native-platform.dll
Event: 1.144 Loaded shared library C:\Users\aplut\.gradle\native\100fb08df4bc3b14c8652ba06237920a3bd2aa13389f12d3474272988ae205f9\windows-amd64\native-platform-file-events.dll
Event: 2.767 Loaded shared library C:\Program Files\Eclipse Adoptium\jdk-17.0.13.11-hotspot\bin\management.dll
Event: 2.773 Loaded shared library C:\Program Files\Eclipse Adoptium\jdk-17.0.13.11-hotspot\bin\management_ext.dll
Event: 3.118 Loaded shared library C:\Program Files\Eclipse Adoptium\jdk-17.0.13.11-hotspot\bin\extnet.dll
Event: 3.753 Loaded shared library C:\Program Files\Eclipse Adoptium\jdk-17.0.13.11-hotspot\bin\sunmscapi.dll

Deoptimization events (20 events):
Event: 22.728 Thread 0x0000025ec10c1160 DEOPT PACKING pc=0x0000025ee723c9cc sp=0x000000b6af8fe0c0
Event: 22.728 Thread 0x0000025ec10c1160 DEOPT UNPACKING pc=0x0000025ee680a1a3 sp=0x000000b6af8fdf90 mode 2
Event: 22.728 Thread 0x0000025ec10c1160 Uncommon trap: trap_request=0xffffff45 fr.pc=0x0000025ee6fe74f0 relative=0x0000000000000170
Event: 22.728 Thread 0x0000025ec10c1160 Uncommon trap: reason=unstable_if action=reinterpret pc=0x0000025ee6fe74f0 method=java.util.concurrent.locks.ReentrantLock$Sync.tryLock()Z @ 34 c2
Event: 22.728 Thread 0x0000025ec10c1160 DEOPT PACKING pc=0x0000025ee6fe74f0 sp=0x000000b6af8fe2b0
Event: 22.728 Thread 0x0000025ec10c1160 DEOPT UNPACKING pc=0x0000025ee680a1a3 sp=0x000000b6af8fe260 mode 2
Event: 22.830 Thread 0x0000025efd7c9040 Uncommon trap: trap_request=0xffffff45 fr.pc=0x0000025ee6fbdbc0 relative=0x0000000000000220
Event: 22.830 Thread 0x0000025efd7c9040 Uncommon trap: reason=unstable_if action=reinterpret pc=0x0000025ee6fbdbc0 method=java.util.HashMap$ValueSpliterator.forEachRemaining(Ljava/util/function/Consumer;)V @ 31 c2
Event: 22.830 Thread 0x0000025efd7c9040 DEOPT PACKING pc=0x0000025ee6fbdbc0 sp=0x000000b6ab0fed50
Event: 22.830 Thread 0x0000025efd7c9040 DEOPT UNPACKING pc=0x0000025ee680a1a3 sp=0x000000b6ab0fecf0 mode 2
Event: 22.873 Thread 0x0000025efd8226c0 Uncommon trap: trap_request=0xffffffbe fr.pc=0x0000025ee6db306c relative=0x00000000000001ac
Event: 22.874 Thread 0x0000025efd8226c0 Uncommon trap: reason=profile_predicate action=maybe_recompile pc=0x0000025ee6db306c method=java.util.Iterator.forEachRemaining(Ljava/util/function/Consumer;)V @ 11 c2
Event: 22.874 Thread 0x0000025efd8226c0 DEOPT PACKING pc=0x0000025ee6db306c sp=0x000000b6ab6f5a60
Event: 22.874 Thread 0x0000025efd8226c0 DEOPT UNPACKING pc=0x0000025ee680a1a3 sp=0x000000b6ab6f5a00 mode 2
Event: 22.874 Thread 0x0000025efd8226c0 Uncommon trap: trap_request=0xffffffbe fr.pc=0x0000025ee6db306c relative=0x00000000000001ac
Event: 22.874 Thread 0x0000025efd8226c0 Uncommon trap: reason=profile_predicate action=maybe_recompile pc=0x0000025ee6db306c method=java.util.Iterator.forEachRemaining(Ljava/util/function/Consumer;)V @ 11 c2
Event: 22.874 Thread 0x0000025efd8226c0 DEOPT PACKING pc=0x0000025ee6db306c sp=0x000000b6ab6f5a60
Event: 22.874 Thread 0x0000025efd8226c0 DEOPT UNPACKING pc=0x0000025ee680a1a3 sp=0x000000b6ab6f5a00 mode 2
Event: 23.052 Thread 0x0000025efd8226c0 DEOPT PACKING pc=0x0000025ee032a939 sp=0x000000b6ab6f6150
Event: 23.052 Thread 0x0000025efd8226c0 DEOPT UNPACKING pc=0x0000025ee680ace3 sp=0x000000b6ab6f5740 mode 0

Classes loaded (20 events):
Event: 19.260 Loading class java/util/stream/ReferencePipeline$15
Event: 19.261 Loading class java/util/stream/ReferencePipeline$15 done
Event: 19.264 Loading class java/util/stream/ReferencePipeline$15$1
Event: 19.264 Loading class java/util/stream/ReferencePipeline$15$1 done
Event: 19.568 Loading class java/lang/ProcessImpl
Event: 19.583 Loading class java/lang/ProcessImpl done
Event: 19.617 Loading class java/lang/ProcessHandleImpl
Event: 19.618 Loading class java/lang/ProcessHandleImpl done
Event: 19.620 Loading class java/lang/ProcessImpl$2
Event: 19.620 Loading class java/lang/ProcessImpl$2 done
Event: 19.620 Loading class java/lang/Process$PipeInputStream
Event: 19.620 Loading class java/lang/Process$PipeInputStream done
Event: 19.622 Loading class jdk/internal/event/ProcessStartEvent
Event: 19.622 Loading class jdk/internal/event/ProcessStartEvent done
Event: 19.948 Loading class java/lang/StackTraceElement$HashedModules
Event: 19.949 Loading class java/lang/StackTraceElement$HashedModules done
Event: 20.459 Loading class jdk/internal/reflect/UnsafeQualifiedBooleanFieldAccessorImpl
Event: 20.460 Loading class jdk/internal/reflect/UnsafeQualifiedBooleanFieldAccessorImpl done
Event: 21.223 Loading class java/io/BufferedReader$1
Event: 21.223 Loading class java/io/BufferedReader$1 done

Classes unloaded (0 events):
No events

Classes redefined (0 events):
No events

Internal exceptions (20 events):
Event: 20.095 Thread 0x0000025ec10c3ef0 Exception <a 'java/lang/NoSuchMethodError'{0x000000074d5743f8}: 'void java.lang.invoke.DirectMethodHandle$Holder.invokeStaticInit(java.lang.Object, int)'> (0x000000074d5743f8) 
thrown [s\src\hotspot\share\interpreter\linkResolver.cpp, line 759]
Event: 20.250 Thread 0x0000025efd8226c0 Exception <a 'java/lang/ClassNotFoundException'{0x000000074d19abc0}: org/gradle/api/internal/file/copy/SingleParentCopySpecBeanInfo> (0x000000074d19abc0) 
thrown [s\src\hotspot\share\classfile\systemDictionary.cpp, line 256]
Event: 20.250 Thread 0x0000025efd8226c0 Exception <a 'java/lang/ClassNotFoundException'{0x000000074d1a4a50}: org/gradle/api/internal/file/copy/DefaultCopySpecBeanInfo> (0x000000074d1a4a50) 
thrown [s\src\hotspot\share\classfile\systemDictionary.cpp, line 256]
Event: 20.251 Thread 0x0000025efd8226c0 Exception <a 'java/lang/ClassNotFoundException'{0x000000074d1ae8c8}: org/gradle/api/internal/file/copy/DefaultCopySpecCustomizer> (0x000000074d1ae8c8) 
thrown [s\src\hotspot\share\classfile\systemDictionary.cpp, line 256]
Event: 20.253 Thread 0x0000025efd8226c0 Exception <a 'java/lang/ClassNotFoundException'{0x000000074ce13ae8}: org/gradle/api/internal/file/copy/SingleParentCopySpecCustomizer> (0x000000074ce13ae8) 
thrown [s\src\hotspot\share\classfile\systemDictionary.cpp, line 256]
Event: 20.260 Thread 0x0000025efd8226c0 Exception <a 'java/lang/ClassNotFoundException'{0x000000074ce4bd88}: org/gradle/api/internal/file/copy/CopySpecInternalBeanInfo> (0x000000074ce4bd88) 
thrown [s\src\hotspot\share\classfile\systemDictionary.cpp, line 256]
Event: 20.260 Thread 0x0000025efd8226c0 Exception <a 'java/lang/ClassNotFoundException'{0x000000074ce55c00}: org/gradle/api/internal/file/copy/CopySpecInternalCustomizer> (0x000000074ce55c00) 
thrown [s\src\hotspot\share\classfile\systemDictionary.cpp, line 256]
Event: 20.262 Thread 0x0000025efd8226c0 Exception <a 'java/lang/ClassNotFoundException'{0x000000074ce74fc0}: org/gradle/api/file/SyncSpecBeanInfo> (0x000000074ce74fc0) 
thrown [s\src\hotspot\share\classfile\systemDictionary.cpp, line 256]
Event: 20.262 Thread 0x0000025efd8226c0 Exception <a 'java/lang/ClassNotFoundException'{0x000000074ce7e7b0}: org/gradle/api/file/SyncSpecCustomizer> (0x000000074ce7e7b0) 
thrown [s\src\hotspot\share\classfile\systemDictionary.cpp, line 256]
Event: 20.263 Thread 0x0000025efd8226c0 Exception <a 'java/lang/ClassNotFoundException'{0x000000074ce94a60}: org/gradle/api/file/CopySpecBeanInfo> (0x000000074ce94a60) 
thrown [s\src\hotspot\share\classfile\systemDictionary.cpp, line 256]
Event: 20.264 Thread 0x0000025efd8226c0 Exception <a 'java/lang/ClassNotFoundException'{0x000000074ce9e250}: org/gradle/api/file/CopySpecCustomizer> (0x000000074ce9e250) 
thrown [s\src\hotspot\share\classfile\systemDictionary.cpp, line 256]
Event: 20.266 Thread 0x0000025efd8226c0 Exception <a 'java/lang/ClassNotFoundException'{0x000000074cee9aa0}: org/gradle/api/file/CopySourceSpecBeanInfo> (0x000000074cee9aa0) 
thrown [s\src\hotspot\share\classfile\systemDictionary.cpp, line 256]
Event: 20.266 Thread 0x0000025efd8226c0 Exception <a 'java/lang/ClassNotFoundException'{0x000000074cef33b8}: org/gradle/api/file/CopySourceSpecCustomizer> (0x000000074cef33b8) 
thrown [s\src\hotspot\share\classfile\systemDictionary.cpp, line 256]
Event: 20.267 Thread 0x0000025efd8226c0 Exception <a 'java/lang/ClassNotFoundException'{0x000000074cf07d10}: org/gradle/api/file/CopyProcessingSpecBeanInfo> (0x000000074cf07d10) 
thrown [s\src\hotspot\share\classfile\systemDictionary.cpp, line 256]
Event: 20.267 Thread 0x0000025efd8226c0 Exception <a 'java/lang/ClassNotFoundException'{0x000000074cf11700}: org/gradle/api/file/CopyProcessingSpecCustomizer> (0x000000074cf11700) 
thrown [s\src\hotspot\share\classfile\systemDictionary.cpp, line 256]
Event: 20.268 Thread 0x0000025efd8226c0 Exception <a 'java/lang/ClassNotFoundException'{0x000000074cf30a60}: org/gradle/api/file/ContentFilterableBeanInfo> (0x000000074cf30a60) 
thrown [s\src\hotspot\share\classfile\systemDictionary.cpp, line 256]
Event: 20.268 Thread 0x0000025efd8226c0 Exception <a 'java/lang/ClassNotFoundException'{0x000000074cf3a450}: org/gradle/api/file/ContentFilterableCustomizer> (0x000000074cf3a450) 
thrown [s\src\hotspot\share\classfile\systemDictionary.cpp, line 256]
Event: 20.270 Thread 0x0000025efd8226c0 Exception <a 'java/lang/ClassNotFoundException'{0x000000074cf53820}: org/gradle/api/tasks/util/PatternFilterableBeanInfo> (0x000000074cf53820) 
thrown [s\src\hotspot\share\classfile\systemDictionary.cpp, line 256]
Event: 20.270 Thread 0x0000025efd8226c0 Exception <a 'java/lang/ClassNotFoundException'{0x000000074cf5d3f0}: org/gradle/api/tasks/util/PatternFilterableCustomizer> (0x000000074cf5d3f0) 
thrown [s\src\hotspot\share\classfile\systemDictionary.cpp, line 256]
Event: 22.108 Thread 0x0000025efd8226c0 Exception <a 'java/lang/NoSuchMethodError'{0x000000074fa91f68}: 'void java.lang.invoke.DirectMethodHandle$Holder.invokeStatic(java.lang.Object, java.lang.Object, int, int, java.lang.Object)'> (0x000000074fa91f68) 
thrown [s\src\hotspot\share\interpreter\linkResolver.cpp, line 759]

VM Operations (20 events):
Event: 20.328 Executing VM operation: Cleanup done
Event: 20.392 Executing VM operation: HandshakeAllThreads
Event: 20.393 Executing VM operation: HandshakeAllThreads done
Event: 20.427 Executing VM operation: HandshakeAllThreads
Event: 20.428 Executing VM operation: HandshakeAllThreads done
Event: 21.188 Executing VM operation: G1TryInitiateConcMark
Event: 21.211 Executing VM operation: G1TryInitiateConcMark done
Event: 21.848 Executing VM operation: G1CollectForAllocation
Event: 21.946 Executing VM operation: G1CollectForAllocation done
Event: 22.150 Executing VM operation: G1CollectForAllocation
Event: 22.199 Executing VM operation: G1CollectForAllocation done
Event: 22.444 Executing VM operation: G1CollectForAllocation
Event: 22.488 Executing VM operation: G1CollectForAllocation done
Event: 22.586 Executing VM operation: G1PauseRemark
Event: 22.593 Executing VM operation: G1PauseRemark done
Event: 22.800 Executing VM operation: G1PauseCleanup
Event: 22.800 Executing VM operation: G1PauseCleanup done
Event: 22.946 Executing VM operation: G1CollectForAllocation
Event: 22.992 Executing VM operation: G1CollectForAllocation done
Event: 23.055 Executing VM operation: G1CollectForAllocation

Memory protections (0 events):
No events

Nmethod flushes (20 events):
Event: 20.439 Thread 0x0000025ef7af2c30 flushing  nmethod 0x0000025ee00c4390
Event: 20.439 Thread 0x0000025ef7af2c30 flushing  nmethod 0x0000025ee00c5510
Event: 20.439 Thread 0x0000025ef7af2c30 flushing  nmethod 0x0000025ee00c6910
Event: 20.439 Thread 0x0000025ef7af2c30 flushing  nmethod 0x0000025ee00cad90
Event: 20.439 Thread 0x0000025ef7af2c30 flushing  nmethod 0x0000025ee00cc490
Event: 20.439 Thread 0x0000025ef7af2c30 flushing  nmethod 0x0000025ee00d0610
Event: 20.439 Thread 0x0000025ef7af2c30 flushing  nmethod 0x0000025ee00d4910
Event: 20.439 Thread 0x0000025ef7af2c30 flushing  nmethod 0x0000025ee00d9710
Event: 20.439 Thread 0x0000025ef7af2c30 flushing  nmethod 0x0000025ee00f3b90
Event: 20.439 Thread 0x0000025ef7af2c30 flushing  nmethod 0x0000025ee00f4d10
Event: 20.439 Thread 0x0000025ef7af2c30 flushing  nmethod 0x0000025ee00f5090
Event: 20.439 Thread 0x0000025ef7af2c30 flushing  nmethod 0x0000025ee00f5b90
Event: 20.439 Thread 0x0000025ef7af2c30 flushing  nmethod 0x0000025ee0119390
Event: 20.439 Thread 0x0000025ef7af2c30 flushing  nmethod 0x0000025ee011c610
Event: 20.439 Thread 0x0000025ef7af2c30 flushing  nmethod 0x0000025ee011f290
Event: 20.439 Thread 0x0000025ef7af2c30 flushing  nmethod 0x0000025ee0160590
Event: 20.439 Thread 0x0000025ef7af2c30 flushing  nmethod 0x0000025ee0162010
Event: 20.439 Thread 0x0000025ef7af2c30 flushing  nmethod 0x0000025ee0162e90
Event: 20.440 Thread 0x0000025ef7af2c30 flushing  nmethod 0x0000025ee025d810
Event: 20.440 Thread 0x0000025ef7af2c30 flushing  nmethod 0x0000025ee02afd90

Events (20 events):
Event: 17.677 Thread 0x0000025efd8226c0 Thread added: 0x0000025efe0c1050
Event: 17.684 Thread 0x0000025efe0c1050 Thread added: 0x0000025efe0c89d0
Event: 17.684 Thread 0x0000025efe0c1050 Thread added: 0x0000025efe0c1a70
Event: 17.684 Thread 0x0000025efe0c1050 Thread added: 0x0000025efe0c1f80
Event: 17.706 Thread 0x0000025efe0c1f80 Thread added: 0x0000025efe0c2490
Event: 19.264 Thread 0x0000025efd8226c0 Thread added: 0x0000025efe0c4800
Event: 19.301 Thread 0x0000025efd8226c0 Thread added: 0x0000025efe0c33c0
Event: 19.374 Thread 0x0000025efe0c33c0 Thread added: 0x0000025ec10bf810
Event: 19.546 Thread 0x0000025efd8226c0 Thread added: 0x0000025ec10c39e0
Event: 19.557 Thread 0x0000025efe635050 Thread exited: 0x0000025efe635050
Event: 19.624 Thread 0x0000025ec10c39e0 Thread added: 0x0000025ec10be3d0
Event: 19.624 Thread 0x0000025ec10c39e0 Thread added: 0x0000025ec10c34d0
Event: 20.014 Thread 0x0000025efd8226c0 Thread added: 0x0000025ec10c3ef0
Event: 21.233 Thread 0x0000025ef7950ee0 Thread added: 0x0000025efe634b00
Event: 21.504 Thread 0x0000025efe634b00 Thread exited: 0x0000025efe634b00
Event: 21.515 Thread 0x0000025ef7954140 Thread added: 0x0000025efe6355a0
Event: 22.711 Thread 0x0000025efd8226c0 Thread added: 0x0000025ec10bfd20
Event: 22.711 Thread 0x0000025efd8226c0 Thread added: 0x0000025ec10c1160
Event: 22.711 Thread 0x0000025efd8226c0 Thread added: 0x0000025ec10c0230
Event: 22.812 Thread 0x0000025efe6355a0 Thread exited: 0x0000025efe6355a0


Dynamic libraries:
0x00007ff61b680000 - 0x00007ff61b68e000 	C:\Program Files\Eclipse Adoptium\jdk-17.0.13.11-hotspot\bin\java.exe
0x00007ffa76090000 - 0x00007ffa762a7000 	C:\WINDOWS\SYSTEM32\ntdll.dll
0x00007ffa3c200000 - 0x00007ffa3c21a000 	C:\Program Files\Avast Software\Avast\aswhook.dll
0x00007ffa746c0000 - 0x00007ffa74784000 	C:\WINDOWS\System32\KERNEL32.DLL
0x00007ffa739f0000 - 0x00007ffa73da9000 	C:\WINDOWS\System32\KERNELBASE.dll
0x00007ffa738d0000 - 0x00007ffa739e1000 	C:\WINDOWS\System32\ucrtbase.dll
0x00007ffa4dec0000 - 0x00007ffa4ded7000 	C:\Program Files\Eclipse Adoptium\jdk-17.0.13.11-hotspot\bin\jli.dll
0x00007ffa74190000 - 0x00007ffa7433e000 	C:\WINDOWS\System32\USER32.dll
0x00007ffa734b0000 - 0x00007ffa734d6000 	C:\WINDOWS\System32\win32u.dll
0x00007ffa74b80000 - 0x00007ffa74ba9000 	C:\WINDOWS\System32\GDI32.dll
0x00007ffa73390000 - 0x00007ffa734ab000 	C:\WINDOWS\System32\gdi32full.dll
0x00007ffa734e0000 - 0x00007ffa7357a000 	C:\WINDOWS\System32\msvcp_win.dll
0x00007ffa45e50000 - 0x00007ffa45e6e000 	C:\Program Files\Eclipse Adoptium\jdk-17.0.13.11-hotspot\bin\VCRUNTIME140.dll
0x00007ffa59790000 - 0x00007ffa59a22000 	C:\WINDOWS\WinSxS\amd64_microsoft.windows.common-controls_6595b64144ccf1df_6.0.22621.4391_none_2715d37f73803e96\COMCTL32.dll
0x00007ffa740d0000 - 0x00007ffa74177000 	C:\WINDOWS\System32\msvcrt.dll
0x00007ffa75430000 - 0x00007ffa75461000 	C:\WINDOWS\System32\IMM32.DLL
0x00007ffa4deb0000 - 0x00007ffa4debc000 	C:\Program Files\Eclipse Adoptium\jdk-17.0.13.11-hotspot\bin\vcruntime140_1.dll
0x00007ffa20af0000 - 0x00007ffa20b7d000 	C:\Program Files\Eclipse Adoptium\jdk-17.0.13.11-hotspot\bin\msvcp140.dll
0x00007ff9db080000 - 0x00007ff9dbceb000 	C:\Program Files\Eclipse Adoptium\jdk-17.0.13.11-hotspot\bin\server\jvm.dll
0x00007ffa74000000 - 0x00007ffa740b2000 	C:\WINDOWS\System32\ADVAPI32.dll
0x00007ffa75670000 - 0x00007ffa75717000 	C:\WINDOWS\System32\sechost.dll
0x00007ffa735f0000 - 0x00007ffa73618000 	C:\WINDOWS\System32\bcrypt.dll
0x00007ffa745a0000 - 0x00007ffa746b4000 	C:\WINDOWS\System32\RPCRT4.dll
0x00007ffa74950000 - 0x00007ffa749c1000 	C:\WINDOWS\System32\WS2_32.dll
0x00007ffa730b0000 - 0x00007ffa730fd000 	C:\WINDOWS\SYSTEM32\POWRPROF.dll
0x00007ffa671d0000 - 0x00007ffa67204000 	C:\WINDOWS\SYSTEM32\WINMM.dll
0x00007ffa64920000 - 0x00007ffa6492a000 	C:\WINDOWS\SYSTEM32\VERSION.dll
0x00007ffa72fc0000 - 0x00007ffa72fd3000 	C:\WINDOWS\SYSTEM32\UMPDC.dll
0x00007ffa72390000 - 0x00007ffa723a8000 	C:\WINDOWS\SYSTEM32\kernel.appcore.dll
0x00007ffa45980000 - 0x00007ffa4598a000 	C:\Program Files\Eclipse Adoptium\jdk-17.0.13.11-hotspot\bin\jimage.dll
0x00007ffa70980000 - 0x00007ffa70bb2000 	C:\WINDOWS\SYSTEM32\DBGHELP.DLL
0x00007ffa75ca0000 - 0x00007ffa7602f000 	C:\WINDOWS\System32\combase.dll
0x00007ffa75490000 - 0x00007ffa75567000 	C:\WINDOWS\System32\OLEAUT32.dll
0x00007ffa62db0000 - 0x00007ffa62de2000 	C:\WINDOWS\SYSTEM32\dbgcore.DLL
0x00007ffa73850000 - 0x00007ffa738cb000 	C:\WINDOWS\System32\bcryptPrimitives.dll
0x00007ffa45970000 - 0x00007ffa4597e000 	C:\Program Files\Eclipse Adoptium\jdk-17.0.13.11-hotspot\bin\instrument.dll
0x00007ffa398d0000 - 0x00007ffa398f5000 	C:\Program Files\Eclipse Adoptium\jdk-17.0.13.11-hotspot\bin\java.dll
0x00007ffa20090000 - 0x00007ffa20167000 	C:\Program Files\Eclipse Adoptium\jdk-17.0.13.11-hotspot\bin\jsvml.dll
0x00007ffa74bb0000 - 0x00007ffa75426000 	C:\WINDOWS\System32\SHELL32.dll
0x00007ffa71280000 - 0x00007ffa71b83000 	C:\WINDOWS\SYSTEM32\windows.storage.dll
0x00007ffa71140000 - 0x00007ffa7127f000 	C:\WINDOWS\SYSTEM32\wintypes.dll
0x00007ffa74850000 - 0x00007ffa74949000 	C:\WINDOWS\System32\SHCORE.dll
0x00007ffa74790000 - 0x00007ffa747ee000 	C:\WINDOWS\System32\shlwapi.dll
0x00007ffa732c0000 - 0x00007ffa732eb000 	C:\WINDOWS\SYSTEM32\profapi.dll
0x00007ffa48450000 - 0x00007ffa48468000 	C:\Program Files\Eclipse Adoptium\jdk-17.0.13.11-hotspot\bin\zip.dll
0x00007ffa454f0000 - 0x00007ffa45509000 	C:\Program Files\Eclipse Adoptium\jdk-17.0.13.11-hotspot\bin\net.dll
0x00007ffa6a540000 - 0x00007ffa6a676000 	C:\WINDOWS\SYSTEM32\WINHTTP.dll
0x00007ffa72800000 - 0x00007ffa72869000 	C:\WINDOWS\system32\mswsock.dll
0x00007ffa446f0000 - 0x00007ffa44706000 	C:\Program Files\Eclipse Adoptium\jdk-17.0.13.11-hotspot\bin\nio.dll
0x00007ffa48440000 - 0x00007ffa48450000 	C:\Program Files\Eclipse Adoptium\jdk-17.0.13.11-hotspot\bin\verify.dll
0x00007ffa3b650000 - 0x00007ffa3b677000 	C:\Users\aplut\.gradle\native\c067742578af261105cb4f569cf0c3c89f3d7b1fecec35dd04571415982c5e48\windows-amd64\native-platform.dll
0x00007ff9fe770000 - 0x00007ff9fe8b4000 	C:\Users\aplut\.gradle\native\100fb08df4bc3b14c8652ba06237920a3bd2aa13389f12d3474272988ae205f9\windows-amd64\native-platform-file-events.dll
0x00007ffa446e0000 - 0x00007ffa446ea000 	C:\Program Files\Eclipse Adoptium\jdk-17.0.13.11-hotspot\bin\management.dll
0x00007ffa446d0000 - 0x00007ffa446db000 	C:\Program Files\Eclipse Adoptium\jdk-17.0.13.11-hotspot\bin\management_ext.dll
0x00007ffa74340000 - 0x00007ffa74348000 	C:\WINDOWS\System32\PSAPI.DLL
0x00007ffa72aa0000 - 0x00007ffa72abb000 	C:\WINDOWS\SYSTEM32\CRYPTSP.dll
0x00007ffa722f0000 - 0x00007ffa72325000 	C:\WINDOWS\system32\rsaenh.dll
0x00007ffa728a0000 - 0x00007ffa728c8000 	C:\WINDOWS\SYSTEM32\USERENV.dll
0x00007ffa72a00000 - 0x00007ffa72a0c000 	C:\WINDOWS\SYSTEM32\CRYPTBASE.dll
0x00007ffa71df0000 - 0x00007ffa71e1d000 	C:\WINDOWS\SYSTEM32\IPHLPAPI.DLL
0x00007ffa740c0000 - 0x00007ffa740c9000 	C:\WINDOWS\System32\NSI.dll
0x00007ffa67c90000 - 0x00007ffa67ca9000 	C:\WINDOWS\SYSTEM32\dhcpcsvc6.DLL
0x00007ffa67c70000 - 0x00007ffa67c8f000 	C:\WINDOWS\SYSTEM32\dhcpcsvc.DLL
0x00007ffa71e20000 - 0x00007ffa71f22000 	C:\WINDOWS\SYSTEM32\DNSAPI.dll
0x00007ffa446c0000 - 0x00007ffa446c9000 	C:\Program Files\Eclipse Adoptium\jdk-17.0.13.11-hotspot\bin\extnet.dll
0x00007ffa44440000 - 0x00007ffa4444e000 	C:\Program Files\Eclipse Adoptium\jdk-17.0.13.11-hotspot\bin\sunmscapi.dll
0x00007ffa736e0000 - 0x00007ffa73846000 	C:\WINDOWS\System32\CRYPT32.dll
0x00007ffa72cb0000 - 0x00007ffa72cdd000 	C:\WINDOWS\SYSTEM32\ncrypt.dll
0x00007ffa72c70000 - 0x00007ffa72ca7000 	C:\WINDOWS\SYSTEM32\NTASN1.dll
0x00007ffa62950000 - 0x00007ffa62958000 	C:\WINDOWS\system32\wshunix.dll
0x000000006c660000 - 0x000000006c686000 	C:\Program Files\Bonjour\mdnsNSP.dll
0x00007ffa648c0000 - 0x00007ffa648ca000 	C:\Windows\System32\rasadhlp.dll
0x00007ffa60960000 - 0x00007ffa609e3000 	C:\WINDOWS\System32\fwpuclnt.dll

dbghelp: loaded successfully - version: 4.0.5 - missing functions: none
symbol engine: initialized successfully - sym options: 0x614 - pdb path: .;C:\Program Files\Eclipse Adoptium\jdk-17.0.13.11-hotspot\bin;C:\WINDOWS\SYSTEM32;C:\Program Files\Avast Software\Avast;C:\WINDOWS\WinSxS\amd64_microsoft.windows.common-controls_6595b64144ccf1df_6.0.22621.4391_none_2715d37f73803e96;C:\Program Files\Eclipse Adoptium\jdk-17.0.13.11-hotspot\bin\server;C:\Users\aplut\.gradle\native\c067742578af261105cb4f569cf0c3c89f3d7b1fecec35dd04571415982c5e48\windows-amd64;C:\Users\aplut\.gradle\native\100fb08df4bc3b14c8652ba06237920a3bd2aa13389f12d3474272988ae205f9\windows-amd64;C:\Program Files\Bonjour

VM Arguments:
jvm_args: --add-opens=java.base/java.util.concurrent.atomic=ALL-UNNAMED --add-opens=java.base/java.util=ALL-UNNAMED --add-opens=java.base/java.lang=ALL-UNNAMED --add-opens=java.base/java.lang.invoke=ALL-UNNAMED --add-opens=java.prefs/java.util.prefs=ALL-UNNAMED --add-opens=java.base/java.nio.charset=ALL-UNNAMED --add-opens=java.base/java.net=ALL-UNNAMED --add-opens=java.base/java.util.concurrent.atomic=ALL-UNNAMED -Xmx3G -Dfile.encoding=UTF-8 -Duser.country=PL -Duser.language=pl -Duser.variant -javaagent:C:\Users\aplut\.gradle\wrapper\dists\gradle-8.8-bin\dl7vupf4psengwqhwktix4v1\gradle-8.8\lib\agents\gradle-instrumentation-agent-8.8.jar 
java_command: org.gradle.launcher.daemon.bootstrap.GradleDaemon 8.8
java_class_path (initial): C:\Users\aplut\.gradle\wrapper\dists\gradle-8.8-bin\dl7vupf4psengwqhwktix4v1\gradle-8.8\lib\gradle-launcher-8.8.jar
Launcher Type: SUN_STANDARD

[Global flags]
     intx CICompilerCount                          = 3                                         {product} {ergonomic}
     uint ConcGCThreads                            = 1                                         {product} {ergonomic}
     uint G1ConcRefinementThreads                  = 4                                         {product} {ergonomic}
   size_t G1HeapRegionSize                         = 2097152                                   {product} {ergonomic}
    uintx GCDrainStackTargetSize                   = 64                                        {product} {ergonomic}
   size_t InitialHeapSize                          = 130023424                                 {product} {ergonomic}
   size_t MarkStackSize                            = 4194304                                   {product} {ergonomic}
   size_t MaxHeapSize                              = 3221225472                                {product} {command line}
   size_t MaxNewSize                               = 1931476992                                {product} {ergonomic}
   size_t MinHeapDeltaBytes                        = 2097152                                   {product} {ergonomic}
   size_t MinHeapSize                              = 8388608                                   {product} {ergonomic}
    uintx NonNMethodCodeHeapSize                   = 5832780                                {pd product} {ergonomic}
    uintx NonProfiledCodeHeapSize                  = 122912730                              {pd product} {ergonomic}
    uintx ProfiledCodeHeapSize                     = 122912730                              {pd product} {ergonomic}
    uintx ReservedCodeCacheSize                    = 251658240                              {pd product} {ergonomic}
     bool SegmentedCodeCache                       = true                                      {product} {ergonomic}
   size_t SoftMaxHeapSize                          = 3221225472                             {manageable} {ergonomic}
     bool UseCompressedClassPointers               = true                           {product lp64_product} {ergonomic}
     bool UseCompressedOops                        = true                           {product lp64_product} {ergonomic}
     bool UseG1GC                                  = true                                      {product} {ergonomic}
     bool UseLargePagesIndividualAllocation        = false                                  {pd product} {ergonomic}

Logging:
Log output configuration:
 #0: stdout all=warning uptime,level,tags
 #1: stderr all=off uptime,level,tags

Environment Variables:
PATH=C:\Program Files\Eclipse Adoptium\jdk-17.0.13.11-hotspot\bin;C:\Users\aplut\OneDrive\Pulpit\PythonFlask\Scripts\;C:\Users\aplut\OneDrive\Pulpit\PythonFlask\;C:\Program Files\Oculus\Support\oculus-runtime;C:\PROGRA~2\Borland\CBUILD~1\Bin;C:\PROGRA~2\Borland\CBUILD~1\Projects\Bpl;C:\Program Files\Common Files\Oracle\Java\javapath;C:\Program Files (x86)\Common Files\Oracle\Java\java8path;C:\Program Files (x86)\Common Files\Oracle\Java\javapath;C:\Program Files (x86)\VMware\VMware Player\bin\;C:\Program Files\Microsoft\jdk-11.0.12.7-hotspot\bin;C:\WINDOWS\system32;C:\WINDOWS;C:\WINDOWS\System32\Wbem;C:\WINDOWS\System32\WindowsPowerShell\v1.0\;C:\WINDOWS\System32\OpenSSH\;C:\Program Files\Microsoft SQL Server\150\Tools\Binn\;C:\Program Files\dotnet\;C:\Program Files (x86)\Yarn\bin\;C:\Program Files\HP\HP One Agent;C:\Program Files\Docker\Docker\resources\bin;C:\Program Files\nodejs\;C:\Program Files\Microsoft SQL Server\120\Tools\Binn\;C:\Program Files\Git\cmd;C:\Users\aplut\.cargo\bin;C:\Ruby27-x64\bin;C:\Users\aplut\AppData\Local\Microsoft\WindowsApps;C:\Users\aplut\.dotnet\tools;%JAVA_HOME%\bin;C:\Users\aplut\AppData\Local\Programs\Microsoft VS Code\bin;C:\Users\aplut\AppData\Local\Yarn\bin;C:\ProgramData\aplut\GitHubDesktop\bin;C:\Users\aplut\AppData\Roaming\npm;C:\xampp\php;C:\Users\aplut\composer;C:\Users\aplut\AppData\Roaming\Composer\vendor\bin;C:\Users\aplut\AppData\Local\Muse Hub\lib;C:\Program Files\Oracle\VirtualBox;C:\Users\aplut\IntelliJ IDEA Community Edition 2024.3\bin;;C:\Gradle\bin;C:\Users\aplut\AppData\Local\GitHubDesktop\bin
USERNAME=aplut
OS=Windows_NT
PROCESSOR_IDENTIFIER=Intel64 Family 6 Model 140 Stepping 1, GenuineIntel
TMP=C:\Users\aplut\AppData\Local\Temp
TEMP=C:\Users\aplut\AppData\Local\Temp



Periodic native trim disabled


---------------  S Y S T E M  ---------------

OS:
 Windows 11 , 64 bit Build 22621 (10.0.22621.4391)
OS uptime: 0 days 11:59 hours
Hyper-V role detected

CPU: total 4 (initial active 4) (2 cores per cpu, 2 threads per core) family 6 model 140 stepping 1 microcode 0xac, cx8, cmov, fxsr, ht, mmx, 3dnowpref, sse, sse2, sse3, ssse3, sse4.1, sse4.2, popcnt, lzcnt, tsc, tscinvbit, avx, avx2, aes, erms, clmul, bmi1, bmi2, adx, avx512f, avx512dq, avx512cd, avx512bw, avx512vl, sha, fma, vzeroupper, avx512_vpopcntdq, avx512_vpclmulqdq, avx512_vaes, avx512_vnni, clflush, clflushopt, clwb, avx512_vbmi2, avx512_vbmi, hv
Processor Information for all 4 processors :
  Max Mhz: 2995, Current Mhz: 2995, Mhz Limit: 2995

Memory: 4k page, system-wide physical 7932M (358M free)
TotalPageFile size 16932M (AvailPageFile size 348M)
current process WorkingSet (physical memory assigned to process): 559M, peak: 559M
current process commit charge ("private bytes"): 704M, peak: 1174M

vm_info: OpenJDK 64-Bit Server VM (17.0.13+11) for windows-amd64 JRE (17.0.13+11), built on Oct 16 2024 00:10:08 by "admin" with MS VC++ 17.7 (VS2022)

END.
