#
# There is insufficient memory for the Java Runtime Environment to continue.
# Native memory allocation (mmap) failed to map 339738624 bytes. Error detail: G1 virtual space
# Possible reasons:
#   The system is out of physical RAM or swap space
#   This process is running with CompressedOops enabled, and the Java Heap may be blocking the growth of the native heap
# Possible solutions:
#   Reduce memory load on the system
#   Increase physical memory or swap space
#   Check if swap backing store is full
#   Decrease Java heap size (-Xmx/-Xms)
#   Decrease number of Java threads
#   Decrease Java thread stack sizes (-Xss)
#   Set larger code cache with -XX:ReservedCodeCacheSize=
#   JVM is running with Zero Based Compressed Oops mode in which the Java heap is
#     placed in the first 32GB address space. The Java Heap base address is the
#     maximum limit for the native heap growth. Please use -XX:HeapBaseMinAddress
#     to set the Java Heap base and to place the Java Heap above 32GB virtual address.
# This output file may be truncated or incomplete.
#
#  Out of Memory Error (os_windows.cpp:3614), pid=26388, tid=22296
#
# JRE version: OpenJDK Runtime Environment Temurin-17.0.13+11 (17.0.13+11) (build 17.0.13+11)
# Java VM: OpenJDK 64-Bit Server VM Temurin-17.0.13+11 (17.0.13+11, mixed mode, sharing, tiered, compressed oops, compressed class ptrs, g1 gc, windows-amd64)
# No core dump will be written. Minidumps are not enabled by default on client versions of Windows
#

---------------  S U M M A R Y ------------

Command Line: --add-opens=java.base/java.util.concurrent.atomic=ALL-UNNAMED --add-opens=java.base/java.util=ALL-UNNAMED --add-opens=java.base/java.lang=ALL-UNNAMED --add-opens=java.base/java.lang.invoke=ALL-UNNAMED --add-opens=java.prefs/java.util.prefs=ALL-UNNAMED --add-opens=java.base/java.nio.charset=ALL-UNNAMED --add-opens=java.base/java.net=ALL-UNNAMED --add-opens=java.base/java.util.concurrent.atomic=ALL-UNNAMED -Xmx3G -Dfile.encoding=UTF-8 -Duser.country=PL -Duser.language=pl -Duser.variant -javaagent:C:\Users\aplut\.gradle\wrapper\dists\gradle-8.8-bin\dl7vupf4psengwqhwktix4v1\gradle-8.8\lib\agents\gradle-instrumentation-agent-8.8.jar org.gradle.launcher.daemon.bootstrap.GradleDaemon 8.8

Host: 11th Gen Intel(R) Core(TM) i3-1115G4 @ 3.00GHz, 4 cores, 7G,  Windows 11 , 64 bit Build 22621 (10.0.22621.4391)
Time: Wed Dec  4 19:46:14 2024  Windows 11 , 64 bit Build 22621 (10.0.22621.4391) elapsed time: 271.045755 seconds (0d 0h 4m 31s)

---------------  T H R E A D  ---------------

Current thread (0x000001eca165af30):  VMThread "VM Thread" [stack: 0x000000390d100000,0x000000390d200000] [id=22296]

Stack: [0x000000390d100000,0x000000390d200000]
Native frames: (J=compiled Java code, j=interpreted, Vv=VM code, C=native code)
V  [jvm.dll+0x682a19]
V  [jvm.dll+0x839538]
V  [jvm.dll+0x83afe3]
V  [jvm.dll+0x83b653]
V  [jvm.dll+0x24704f]
V  [jvm.dll+0x67f809]
V  [jvm.dll+0x6746fa]
V  [jvm.dll+0x304a96]
V  [jvm.dll+0x30bf56]
V  [jvm.dll+0x35da5e]
V  [jvm.dll+0x35dc9d]
V  [jvm.dll+0x2dbe5c]
V  [jvm.dll+0x2da1ff]
V  [jvm.dll+0x2d996c]
V  [jvm.dll+0x31d511]
V  [jvm.dll+0x83fe8d]
V  [jvm.dll+0x840bc3]
V  [jvm.dll+0x8410ef]
V  [jvm.dll+0x8414d4]
V  [jvm.dll+0x84159e]
V  [jvm.dll+0x7e8ffc]
V  [jvm.dll+0x6818f7]
C  [ucrtbase.dll+0x29333]
C  [KERNEL32.DLL+0x1259d]
C  [ntdll.dll+0x5af38]

VM_Operation (0x0000003911afc970): G1TryInitiateConcMark, mode: safepoint, requested by thread 0x000001ece96c9000


---------------  P R O C E S S  ---------------

Threads class SMR info:
_java_thread_list=0x000001ecea2d91f0, length=72, elements={
0x000001ecff8962e0, 0x000001eca165f6c0, 0x000001eca1660280, 0x000001eca1676ba0,
0x000001eca1677760, 0x000001eca167c240, 0x000001eca167dc10, 0x000001eca167e9b0,
0x000001eca1683a90, 0x000001eca1828050, 0x000001eca164b090, 0x000001eca1a475d0,
0x000001ece83a6140, 0x000001ece7563dd0, 0x000001ece75ba4d0, 0x000001ece79c98e0,
0x000001ece79ca810, 0x000001ece79cad20, 0x000001ece79c7570, 0x000001ece79c7a80,
0x000001ece79c7f90, 0x000001ece79c84a0, 0x000001ece96c5340, 0x000001ece96c5d60,
0x000001ece96c6780, 0x000001ecea2093d0, 0x000001eceac38300, 0x000001eceac364a0,
0x000001eceac3c4d0, 0x000001eceac38810, 0x000001eceac39c50, 0x000001eceac3a160,
0x000001eceac3a670, 0x000001eceac369b0, 0x000001eceac3ab80, 0x000001eceac3b5a0,
0x000001eceac3bab0, 0x000001eceac36ec0, 0x000001eceac35570, 0x000001eceac35a80,
0x000001eceac35f90, 0x000001eceac373d0, 0x000001eceac378e0, 0x000001eceac37df0,
0x000001ecea20dab0, 0x000001ecea20b740, 0x000001ecea2098e0, 0x000001ecea20ad20,
0x000001ecea20a810, 0x000001ecea207f90, 0x000001ecea20b230, 0x000001ecea20cb80,
0x000001ecea209df0, 0x000001ecea20d090, 0x000001ecea20a300, 0x000001ecea20d5a0,
0x000001ecea20e4d0, 0x000001ecea2084a0, 0x000001ecea207570, 0x000001ecea2089b0,
0x000001ecea207a80, 0x000001ecea208ec0, 0x000001ece96c20a0, 0x000001ece96c34e0,
0x000001ece96c85e0, 0x000001ece96c76b0, 0x000001ece96c4410, 0x000001ece96c9510,
0x000001ece96c7bc0, 0x000001ece96c8af0, 0x000001ece96c9000, 0x000001ece96c9a20
}

Java Threads: ( => current thread )
  0x000001ecff8962e0 JavaThread "main" [_thread_blocked, id=25132, stack(0x000000390cb00000,0x000000390cc00000)]
  0x000001eca165f6c0 JavaThread "Reference Handler" daemon [_thread_blocked, id=19720, stack(0x000000390d200000,0x000000390d300000)]
  0x000001eca1660280 JavaThread "Finalizer" daemon [_thread_blocked, id=19552, stack(0x000000390d300000,0x000000390d400000)]
  0x000001eca1676ba0 JavaThread "Signal Dispatcher" daemon [_thread_blocked, id=1356, stack(0x000000390d400000,0x000000390d500000)]
  0x000001eca1677760 JavaThread "Attach Listener" daemon [_thread_blocked, id=26168, stack(0x000000390d500000,0x000000390d600000)]
  0x000001eca167c240 JavaThread "Service Thread" daemon [_thread_blocked, id=20128, stack(0x000000390d600000,0x000000390d700000)]
  0x000001eca167dc10 JavaThread "Monitor Deflation Thread" daemon [_thread_blocked, id=14576, stack(0x000000390d700000,0x000000390d800000)]
  0x000001eca167e9b0 JavaThread "C2 CompilerThread0" daemon [_thread_blocked, id=26640, stack(0x000000390d800000,0x000000390d900000)]
  0x000001eca1683a90 JavaThread "C1 CompilerThread0" daemon [_thread_blocked, id=27140, stack(0x000000390d900000,0x000000390da00000)]
  0x000001eca1828050 JavaThread "Sweeper thread" daemon [_thread_blocked, id=21436, stack(0x000000390da00000,0x000000390db00000)]
  0x000001eca164b090 JavaThread "Common-Cleaner" daemon [_thread_blocked, id=22096, stack(0x000000390db00000,0x000000390dc00000)]
  0x000001eca1a475d0 JavaThread "Notification Thread" daemon [_thread_blocked, id=672, stack(0x000000390dc00000,0x000000390dd00000)]
  0x000001ece83a6140 JavaThread "Daemon health stats" [_thread_blocked, id=25180, stack(0x000000390e100000,0x000000390e200000)]
  0x000001ece7563dd0 JavaThread "Incoming local TCP Connector on port 56383" [_thread_in_native, id=804, stack(0x000000390e200000,0x000000390e300000)]
  0x000001ece75ba4d0 JavaThread "Daemon periodic checks" [_thread_blocked, id=5552, stack(0x000000390e300000,0x000000390e400000)]
  0x000001ece79c98e0 JavaThread "Cache worker for journal cache (C:\Users\aplut\.gradle\caches\journal-1)" [_thread_blocked, id=26988, stack(0x000000390eb00000,0x000000390ec00000)]
  0x000001ece79ca810 JavaThread "File lock request listener" [_thread_in_native, id=13320, stack(0x000000390ec00000,0x000000390ed00000)]
  0x000001ece79cad20 JavaThread "Cache worker for file hash cache (C:\Users\aplut\.gradle\caches\8.8\fileHashes)" [_thread_blocked, id=21348, stack(0x000000390ed00000,0x000000390ee00000)]
  0x000001ece79c7570 JavaThread "File watcher server" daemon [_thread_in_native, id=18972, stack(0x000000390ef00000,0x000000390f000000)]
  0x000001ece79c7a80 JavaThread "File watcher consumer" daemon [_thread_blocked, id=20956, stack(0x000000390f000000,0x000000390f100000)]
  0x000001ece79c7f90 JavaThread "jar transforms" [_thread_blocked, id=7880, stack(0x000000390f100000,0x000000390f200000)]
  0x000001ece79c84a0 JavaThread "jar transforms Thread 2" [_thread_blocked, id=16344, stack(0x000000390f200000,0x000000390f300000)]
  0x000001ece96c5340 JavaThread "jar transforms Thread 3" [_thread_blocked, id=25816, stack(0x000000390f300000,0x000000390f400000)]
  0x000001ece96c5d60 JavaThread "jar transforms Thread 4" [_thread_blocked, id=26436, stack(0x000000390f400000,0x000000390f500000)]
  0x000001ece96c6780 JavaThread "Cache worker for file content cache (C:\Users\aplut\.gradle\caches\8.8\fileContent)" [_thread_blocked, id=10124, stack(0x000000390f600000,0x000000390f700000)]
  0x000001ecea2093d0 JavaThread "Memory manager" [_thread_blocked, id=10176, stack(0x0000003911200000,0x0000003911300000)]
  0x000001eceac38300 JavaThread "Daemon Thread 2" [_thread_blocked, id=15388, stack(0x000000390c800000,0x000000390c900000)]
  0x000001eceac364a0 JavaThread "Handler for socket connection from /127.0.0.1:56383 to /127.0.0.1:56654" [_thread_in_native, id=25628, stack(0x000000390c900000,0x000000390ca00000)]
  0x000001eceac3c4d0 JavaThread "Cancel handler" [_thread_blocked, id=21288, stack(0x000000390ca00000,0x000000390cb00000)]
  0x000001eceac38810 JavaThread "Daemon worker Thread 2" [_thread_blocked, id=12812, stack(0x000000390e400000,0x000000390e500000)]
  0x000001eceac39c50 JavaThread "Asynchronous log dispatcher for DefaultDaemonConnection: socket connection from /127.0.0.1:56383 to /127.0.0.1:56654" [_thread_blocked, id=24148, stack(0x000000390e500000,0x000000390e600000)]
  0x000001eceac3a160 JavaThread "Stdin handler" [_thread_blocked, id=24580, stack(0x000000390e700000,0x000000390e800000)]
  0x000001eceac3a670 JavaThread "Daemon client event forwarder" [_thread_blocked, id=19788, stack(0x000000390e800000,0x000000390e900000)]
  0x000001eceac369b0 JavaThread "Cache worker for file hash cache (C:\Users\aplut\OneDrive\Projekty\Mods\Creativity\.gradle\8.8\fileHashes)" [_thread_blocked, id=10980, stack(0x000000390e900000,0x000000390ea00000)]
  0x000001eceac3ab80 JavaThread "Cache worker for checksums cache (C:\Users\aplut\OneDrive\Projekty\Mods\Creativity\.gradle\8.8\checksums)" [_thread_blocked, id=26468, stack(0x000000390ea00000,0x000000390eb00000)]
  0x000001eceac3b5a0 JavaThread "Cache worker for cache directory md-rule (C:\Users\aplut\.gradle\caches\8.8\md-rule)" [_thread_blocked, id=26692, stack(0x000000390ee00000,0x000000390ef00000)]
  0x000001eceac3bab0 JavaThread "Cache worker for cache directory md-supplier (C:\Users\aplut\.gradle\caches\8.8\md-supplier)" [_thread_blocked, id=9412, stack(0x000000390f500000,0x000000390f600000)]
  0x000001eceac36ec0 JavaThread "Unconstrained build operations" [_thread_blocked, id=25676, stack(0x000000390f700000,0x000000390f800000)]
  0x000001eceac35570 JavaThread "Unconstrained build operations Thread 2" [_thread_blocked, id=25828, stack(0x000000390f800000,0x000000390f900000)]
  0x000001eceac35a80 JavaThread "Unconstrained build operations Thread 3" [_thread_blocked, id=12780, stack(0x000000390fa00000,0x000000390fb00000)]
  0x000001eceac35f90 JavaThread "Unconstrained build operations Thread 4" [_thread_blocked, id=17096, stack(0x000000390fb00000,0x000000390fc00000)]
  0x000001eceac373d0 JavaThread "Unconstrained build operations Thread 5" [_thread_blocked, id=21572, stack(0x000000390fc00000,0x000000390fd00000)]
  0x000001eceac378e0 JavaThread "Unconstrained build operations Thread 6" [_thread_blocked, id=2364, stack(0x000000390fd00000,0x000000390fe00000)]
  0x000001eceac37df0 JavaThread "Unconstrained build operations Thread 7" [_thread_blocked, id=19980, stack(0x000000390fe00000,0x000000390ff00000)]
  0x000001ecea20dab0 JavaThread "Cache worker for Build Output Cleanup Cache (C:\Users\aplut\OneDrive\Projekty\Mods\Creativity\.gradle\buildOutputCleanup)" [_thread_blocked, id=24820, stack(0x000000390ff00000,0x0000003910000000)]
  0x000001ecea20b740 JavaThread "Unconstrained build operations Thread 8" [_thread_blocked, id=21848, stack(0x0000003910100000,0x0000003910200000)]
  0x000001ecea2098e0 JavaThread "Unconstrained build operations Thread 9" [_thread_blocked, id=26488, stack(0x0000003910200000,0x0000003910300000)]
  0x000001ecea20ad20 JavaThread "Unconstrained build operations Thread 10" [_thread_blocked, id=24936, stack(0x0000003910300000,0x0000003910400000)]
  0x000001ecea20a810 JavaThread "Unconstrained build operations Thread 11" [_thread_blocked, id=27200, stack(0x0000003910400000,0x0000003910500000)]
  0x000001ecea207f90 JavaThread "Unconstrained build operations Thread 12" [_thread_blocked, id=22016, stack(0x0000003910500000,0x0000003910600000)]
  0x000001ecea20b230 JavaThread "Unconstrained build operations Thread 13" [_thread_blocked, id=11336, stack(0x0000003910600000,0x0000003910700000)]
  0x000001ecea20cb80 JavaThread "Keep-Alive-Timer" daemon [_thread_blocked, id=27464, stack(0x0000003910700000,0x0000003910800000)]
  0x000001ecea209df0 JavaThread "Unconstrained build operations Thread 14" [_thread_blocked, id=9456, stack(0x000000390e600000,0x000000390e700000)]
  0x000001ecea20d090 JavaThread "Unconstrained build operations Thread 15" [_thread_blocked, id=25984, stack(0x0000003910800000,0x0000003910900000)]
  0x000001ecea20a300 JavaThread "Unconstrained build operations Thread 16" [_thread_blocked, id=21508, stack(0x0000003910900000,0x0000003910a00000)]
  0x000001ecea20d5a0 JavaThread "Unconstrained build operations Thread 17" [_thread_blocked, id=25116, stack(0x0000003910a00000,0x0000003910b00000)]
  0x000001ecea20e4d0 JavaThread "Unconstrained build operations Thread 18" [_thread_blocked, id=25880, stack(0x0000003910b00000,0x0000003910c00000)]
  0x000001ecea2084a0 JavaThread "Unconstrained build operations Thread 19" [_thread_blocked, id=9600, stack(0x0000003910c00000,0x0000003910d00000)]
  0x000001ecea207570 JavaThread "included builds" [_thread_blocked, id=20200, stack(0x0000003910d00000,0x0000003910e00000)]
  0x000001ecea2089b0 JavaThread "Execution worker" [_thread_blocked, id=27248, stack(0x0000003910e00000,0x0000003910f00000)]
  0x000001ecea207a80 JavaThread "Execution worker Thread 2" [_thread_blocked, id=6800, stack(0x0000003910f00000,0x0000003911000000)]
  0x000001ecea208ec0 JavaThread "Execution worker Thread 3" [_thread_blocked, id=21672, stack(0x0000003911000000,0x0000003911100000)]
  0x000001ece96c20a0 JavaThread "Cache worker for execution history cache (C:\Users\aplut\OneDrive\Projekty\Mods\Creativity\.gradle\8.8\executionHistory)" [_thread_blocked, id=25980, stack(0x0000003911100000,0x0000003911200000)]
  0x000001ece96c34e0 JavaThread "ForkJoinPool.commonPool-worker-4" daemon [_thread_blocked, id=15836, stack(0x0000003911300000,0x0000003911400000)]
  0x000001ece96c85e0 JavaThread "ForkJoinPool.commonPool-worker-5" daemon [_thread_blocked, id=10200, stack(0x0000003911400000,0x0000003911500000)]
  0x000001ece96c76b0 JavaThread "ForkJoinPool.commonPool-worker-6" daemon [_thread_blocked, id=8536, stack(0x0000003911500000,0x0000003911600000)]
  0x000001ece96c4410 JavaThread "idea-tooling-model-converter" [_thread_blocked, id=23840, stack(0x0000003911600000,0x0000003911700000)]
  0x000001ece96c9510 JavaThread "Unconstrained build operations Thread 20" [_thread_blocked, id=2652, stack(0x0000003911700000,0x0000003911800000)]
  0x000001ece96c7bc0 JavaThread "Unconstrained build operations Thread 21" [_thread_blocked, id=18732, stack(0x0000003911800000,0x0000003911900000)]
  0x000001ece96c8af0 JavaThread "Unconstrained build operations Thread 22" [_thread_blocked, id=26208, stack(0x0000003911900000,0x0000003911a00000)]
  0x000001ece96c9000 JavaThread "Unconstrained build operations Thread 23" [_thread_blocked, id=27260, stack(0x0000003911a00000,0x0000003911b00000)]
  0x000001ece96c9a20 JavaThread "Unconstrained build operations Thread 24" [_thread_blocked, id=3792, stack(0x0000003911b00000,0x0000003911c00000)]

Other Threads:
=>0x000001eca165af30 VMThread "VM Thread" [stack: 0x000000390d100000,0x000000390d200000] [id=22296]
  0x000001eca1a47ab0 WatcherThread [stack: 0x000000390dd00000,0x000000390de00000] [id=26892]
  0x000001ecff8eeed0 GCTaskThread "GC Thread#0" [stack: 0x000000390cc00000,0x000000390cd00000] [id=16268]
  0x000001eca1aec970 GCTaskThread "GC Thread#1" [stack: 0x000000390de00000,0x000000390df00000] [id=20944]
  0x000001eca1aa6cf0 GCTaskThread "GC Thread#2" [stack: 0x000000390df00000,0x000000390e000000] [id=23712]
  0x000001eca198ee70 GCTaskThread "GC Thread#3" [stack: 0x000000390e000000,0x000000390e100000] [id=19612]
  0x000001ecff8fbe20 ConcurrentGCThread "G1 Main Marker" [stack: 0x000000390cd00000,0x000000390ce00000] [id=15164]
  0x000001ecff8fc840 ConcurrentGCThread "G1 Conc#0" [stack: 0x000000390ce00000,0x000000390cf00000] [id=4196]
  0x000001ecff936840 ConcurrentGCThread "G1 Refine#0" [stack: 0x000000390cf00000,0x000000390d000000] [id=4692]
  0x000001ece914d0a0 ConcurrentGCThread "G1 Refine#1" [stack: 0x000000390f900000,0x000000390fa00000] [id=11408]
  0x000001ecff937270 ConcurrentGCThread "G1 Service" [stack: 0x000000390d000000,0x000000390d100000] [id=25848]

Threads with active compile tasks:
C2 CompilerThread0   271313 12593       4       org.gradle.internal.serialize.kryo.StringDeduplicatingKryoBackedEncoder::writeNullableString (114 bytes)

VM state: at safepoint (normal execution)

VM Mutex/Monitor currently owned by a thread:  ([mutex/lock_event])
[0x000001ecff8939f0] Threads_lock - owner thread: 0x000001eca165af30
[0x000001ecff893330] Heap_lock - owner thread: 0x000001ece96c9000

Heap address: 0x0000000740000000, size: 3072 MB, Compressed Oops mode: Zero based, Oop shift amount: 3

CDS archive(s) mapped at: [0x000001eca2000000-0x000001eca2bb0000-0x000001eca2bb0000), size 12255232, SharedBaseAddress: 0x000001eca2000000, ArchiveRelocationMode: 1.
Compressed class space mapped at: 0x000001eca3000000-0x000001ece3000000, reserved size: 1073741824
Narrow klass base: 0x000001eca2000000, Narrow klass shift: 0, Narrow klass range: 0x100000000

GC Precious Log:
 CPUs: 4 total, 4 available
 Memory: 7932M
 Large Page Support: Disabled
 NUMA Support: Disabled
 Compressed Oops: Enabled (Zero based)
 Heap Region Size: 2M
 Heap Min Capacity: 8M
 Heap Initial Capacity: 124M
 Heap Max Capacity: 3G
 Pre-touch: Disabled
 Parallel Workers: 4
 Concurrent Workers: 1
 Concurrent Refinement Workers: 4
 Periodic GC: Disabled

Heap:
 garbage-first heap   total 331776K, used 125762K [0x0000000740000000, 0x0000000800000000)
  region size 2048K, 2 young (4096K), 2 survivors (4096K)
 Metaspace       used 83167K, committed 84032K, reserved 1179648K
  class space    used 11424K, committed 11840K, reserved 1048576K

Heap Regions: E=young(eden), S=young(survivor), O=old, HS=humongous(starts), HC=humongous(continues), CS=collection set, F=free, OA=open archive, CA=closed archive, TAMS=top-at-mark-start (previous, next)
|   0|0x0000000740000000, 0x0000000740200000, 0x0000000740200000|100%|HS|  |TAMS 0x0000000740200000, 0x0000000740200000| Complete 
|   1|0x0000000740200000, 0x0000000740400000, 0x0000000740400000|100%|HC|  |TAMS 0x0000000740400000, 0x0000000740400000| Complete 
|   2|0x0000000740400000, 0x0000000740600000, 0x0000000740600000|100%| O|  |TAMS 0x0000000740600000, 0x0000000740600000| Untracked 
|   3|0x0000000740600000, 0x0000000740800000, 0x0000000740800000|100%| O|  |TAMS 0x0000000740800000, 0x0000000740800000| Untracked 
|   4|0x0000000740800000, 0x0000000740a00000, 0x0000000740a00000|100%| O|  |TAMS 0x0000000740a00000, 0x0000000740a00000| Untracked 
|   5|0x0000000740a00000, 0x0000000740c00000, 0x0000000740c00000|100%| O|  |TAMS 0x0000000740c00000, 0x0000000740c00000| Untracked 
|   6|0x0000000740c00000, 0x0000000740e00000, 0x0000000740e00000|100%| O|  |TAMS 0x0000000740e00000, 0x0000000740e00000| Untracked 
|   7|0x0000000740e00000, 0x0000000741000000, 0x0000000741000000|100%| O|  |TAMS 0x0000000741000000, 0x0000000741000000| Untracked 
|   8|0x0000000741000000, 0x0000000741200000, 0x0000000741200000|100%| O|  |TAMS 0x0000000741200000, 0x0000000741200000| Untracked 
|   9|0x0000000741200000, 0x00000007413e5200, 0x0000000741400000| 94%| O|  |TAMS 0x00000007413e5200, 0x00000007413e5200| Untracked 
|  10|0x0000000741400000, 0x0000000741600000, 0x0000000741600000|100%|HS|  |TAMS 0x0000000741600000, 0x0000000741600000| Complete 
|  11|0x0000000741600000, 0x0000000741800000, 0x0000000741800000|100%|HC|  |TAMS 0x0000000741800000, 0x0000000741800000| Complete 
|  12|0x0000000741800000, 0x0000000741a00000, 0x0000000741a00000|100%|HC|  |TAMS 0x0000000741a00000, 0x0000000741a00000| Complete 
|  13|0x0000000741a00000, 0x0000000741c00000, 0x0000000741c00000|100%|HS|  |TAMS 0x0000000741c00000, 0x0000000741c00000| Complete 
|  14|0x0000000741c00000, 0x0000000741e00000, 0x0000000741e00000|100%|HC|  |TAMS 0x0000000741e00000, 0x0000000741e00000| Complete 
|  15|0x0000000741e00000, 0x0000000742000000, 0x0000000742000000|100%|HS|  |TAMS 0x0000000742000000, 0x0000000742000000| Complete 
|  16|0x0000000742000000, 0x0000000742200000, 0x0000000742200000|100%| O|  |TAMS 0x0000000742200000, 0x0000000742200000| Untracked 
|  17|0x0000000742200000, 0x0000000742400000, 0x0000000742400000|100%| O|  |TAMS 0x0000000742400000, 0x0000000742400000| Untracked 
|  18|0x0000000742400000, 0x0000000742600000, 0x0000000742600000|100%| O|  |TAMS 0x0000000742600000, 0x0000000742600000| Untracked 
|  19|0x0000000742600000, 0x0000000742800000, 0x0000000742800000|100%| O|  |TAMS 0x0000000742800000, 0x0000000742800000| Untracked 
|  20|0x0000000742800000, 0x0000000742a00000, 0x0000000742a00000|100%| O|  |TAMS 0x0000000742a00000, 0x0000000742a00000| Untracked 
|  21|0x0000000742a00000, 0x0000000742c00000, 0x0000000742c00000|100%| O|  |TAMS 0x0000000742c00000, 0x0000000742c00000| Untracked 
|  22|0x0000000742c00000, 0x0000000742e00000, 0x0000000742e00000|100%| O|  |TAMS 0x0000000742e00000, 0x0000000742e00000| Untracked 
|  23|0x0000000742e00000, 0x0000000743000000, 0x0000000743000000|100%|HS|  |TAMS 0x0000000743000000, 0x0000000743000000| Complete 
|  24|0x0000000743000000, 0x0000000743200000, 0x0000000743200000|100%| O|  |TAMS 0x0000000743200000, 0x0000000743200000| Untracked 
|  25|0x0000000743200000, 0x0000000743400000, 0x0000000743400000|100%|HS|  |TAMS 0x0000000743400000, 0x0000000743400000| Complete 
|  26|0x0000000743400000, 0x0000000743600000, 0x0000000743600000|100%|HC|  |TAMS 0x0000000743600000, 0x0000000743600000| Complete 
|  27|0x0000000743600000, 0x0000000743800000, 0x0000000743800000|100%|HC|  |TAMS 0x0000000743800000, 0x0000000743800000| Complete 
|  28|0x0000000743800000, 0x0000000743a00000, 0x0000000743a00000|100%|HS|  |TAMS 0x0000000743a00000, 0x0000000743a00000| Complete 
|  29|0x0000000743a00000, 0x0000000743c00000, 0x0000000743c00000|100%|HC|  |TAMS 0x0000000743c00000, 0x0000000743c00000| Complete 
|  30|0x0000000743c00000, 0x0000000743e00000, 0x0000000743e00000|100%|HC|  |TAMS 0x0000000743e00000, 0x0000000743e00000| Complete 
|  31|0x0000000743e00000, 0x0000000744000000, 0x0000000744000000|100%| O|  |TAMS 0x0000000744000000, 0x0000000744000000| Untracked 
|  32|0x0000000744000000, 0x0000000744200000, 0x0000000744200000|100%| O|  |TAMS 0x0000000744200000, 0x0000000744200000| Untracked 
|  33|0x0000000744200000, 0x0000000744400000, 0x0000000744400000|100%| O|  |TAMS 0x0000000744400000, 0x0000000744400000| Untracked 
|  34|0x0000000744400000, 0x0000000744600000, 0x0000000744600000|100%|HS|  |TAMS 0x0000000744600000, 0x0000000744600000| Complete 
|  35|0x0000000744600000, 0x0000000744800000, 0x0000000744800000|100%| O|  |TAMS 0x0000000744800000, 0x0000000744800000| Untracked 
|  36|0x0000000744800000, 0x0000000744a00000, 0x0000000744a00000|100%| O|  |TAMS 0x0000000744a00000, 0x0000000744a00000| Untracked 
|  37|0x0000000744a00000, 0x0000000744c00000, 0x0000000744c00000|100%| O|  |TAMS 0x0000000744c00000, 0x0000000744c00000| Untracked 
|  38|0x0000000744c00000, 0x0000000744e00000, 0x0000000744e00000|100%| O|  |TAMS 0x0000000744e00000, 0x0000000744e00000| Untracked 
|  39|0x0000000744e00000, 0x0000000745000000, 0x0000000745000000|100%|HS|  |TAMS 0x0000000745000000, 0x0000000745000000| Complete 
|  40|0x0000000745000000, 0x0000000745200000, 0x0000000745200000|100%| O|  |TAMS 0x0000000745200000, 0x0000000745200000| Untracked 
|  41|0x0000000745200000, 0x0000000745400000, 0x0000000745400000|100%| O|  |TAMS 0x0000000745400000, 0x0000000745400000| Untracked 
|  42|0x0000000745400000, 0x0000000745600000, 0x0000000745600000|100%| O|  |TAMS 0x0000000745600000, 0x0000000745600000| Untracked 
|  43|0x0000000745600000, 0x0000000745800000, 0x0000000745800000|100%| O|  |TAMS 0x0000000745800000, 0x0000000745800000| Untracked 
|  44|0x0000000745800000, 0x0000000745a00000, 0x0000000745a00000|100%| O|  |TAMS 0x0000000745a00000, 0x0000000745a00000| Untracked 
|  45|0x0000000745a00000, 0x0000000745c00000, 0x0000000745c00000|100%| O|  |TAMS 0x0000000745a9a600, 0x0000000745c00000| Untracked 
|  46|0x0000000745c00000, 0x0000000745e00000, 0x0000000745e00000|100%|HS|  |TAMS 0x0000000745e00000, 0x0000000745e00000| Complete 
|  47|0x0000000745e00000, 0x0000000746000000, 0x0000000746000000|100%|HC|  |TAMS 0x0000000746000000, 0x0000000746000000| Complete 
|  48|0x0000000746000000, 0x0000000746200000, 0x0000000746200000|100%|HC|  |TAMS 0x0000000746200000, 0x0000000746200000| Complete 
|  49|0x0000000746200000, 0x0000000746400000, 0x0000000746400000|100%|HS|  |TAMS 0x0000000746400000, 0x0000000746400000| Complete 
|  50|0x0000000746400000, 0x0000000746600000, 0x0000000746600000|100%|HC|  |TAMS 0x0000000746600000, 0x0000000746600000| Complete 
|  51|0x0000000746600000, 0x0000000746800000, 0x0000000746800000|100%|HS|  |TAMS 0x0000000746800000, 0x0000000746800000| Complete 
|  52|0x0000000746800000, 0x0000000746800000, 0x0000000746a00000|  0%| F|  |TAMS 0x0000000746800000, 0x0000000746800000| Untracked 
|  53|0x0000000746a00000, 0x0000000746a00000, 0x0000000746c00000|  0%| F|  |TAMS 0x0000000746a00000, 0x0000000746a00000| Untracked 
|  54|0x0000000746c00000, 0x0000000746e00000, 0x0000000746e00000|100%| O|  |TAMS 0x0000000746c00000, 0x0000000746e00000| Untracked 
|  55|0x0000000746e00000, 0x0000000747000000, 0x0000000747000000|100%| O|  |TAMS 0x0000000746e00000, 0x0000000747000000| Untracked 
|  56|0x0000000747000000, 0x0000000747200000, 0x0000000747200000|100%| O|  |TAMS 0x0000000747000000, 0x0000000747200000| Untracked 
|  57|0x0000000747200000, 0x0000000747400000, 0x0000000747400000|100%| O|  |TAMS 0x0000000747200000, 0x0000000747400000| Untracked 
|  58|0x0000000747400000, 0x0000000747600000, 0x0000000747600000|100%| O|  |TAMS 0x0000000747400000, 0x0000000747600000| Untracked 
|  59|0x0000000747600000, 0x0000000747600000, 0x0000000747800000|  0%| F|  |TAMS 0x0000000747600000, 0x0000000747600000| Untracked 
|  60|0x0000000747800000, 0x0000000747800000, 0x0000000747a00000|  0%| F|  |TAMS 0x0000000747800000, 0x0000000747800000| Untracked 
|  61|0x0000000747a00000, 0x0000000747a00000, 0x0000000747c00000|  0%| F|  |TAMS 0x0000000747a00000, 0x0000000747a00000| Untracked 
|  62|0x0000000747c00000, 0x0000000747c00000, 0x0000000747e00000|  0%| F|  |TAMS 0x0000000747c00000, 0x0000000747c00000| Untracked 
|  63|0x0000000747e00000, 0x0000000747e00000, 0x0000000748000000|  0%| F|  |TAMS 0x0000000747e00000, 0x0000000747e00000| Untracked 
|  64|0x0000000748000000, 0x0000000748000000, 0x0000000748200000|  0%| F|  |TAMS 0x0000000748000000, 0x0000000748000000| Untracked 
|  65|0x0000000748200000, 0x0000000748200000, 0x0000000748400000|  0%| F|  |TAMS 0x0000000748200000, 0x0000000748200000| Untracked 
|  66|0x0000000748400000, 0x0000000748400000, 0x0000000748600000|  0%| F|  |TAMS 0x0000000748400000, 0x0000000748400000| Untracked 
|  67|0x0000000748600000, 0x0000000748600000, 0x0000000748800000|  0%| F|  |TAMS 0x0000000748600000, 0x0000000748600000| Untracked 
|  68|0x0000000748800000, 0x0000000748800000, 0x0000000748a00000|  0%| F|  |TAMS 0x0000000748800000, 0x0000000748800000| Untracked 
|  69|0x0000000748a00000, 0x0000000748a00000, 0x0000000748c00000|  0%| F|  |TAMS 0x0000000748a00000, 0x0000000748a00000| Untracked 
|  70|0x0000000748c00000, 0x0000000748c00000, 0x0000000748e00000|  0%| F|  |TAMS 0x0000000748c00000, 0x0000000748c00000| Untracked 
|  71|0x0000000748e00000, 0x0000000748e00000, 0x0000000749000000|  0%| F|  |TAMS 0x0000000748e00000, 0x0000000748e00000| Untracked 
|  72|0x0000000749000000, 0x0000000749000000, 0x0000000749200000|  0%| F|  |TAMS 0x0000000749000000, 0x0000000749000000| Untracked 
|  73|0x0000000749200000, 0x0000000749400000, 0x0000000749400000|100%| O|  |TAMS 0x0000000749200000, 0x0000000749400000| Untracked 
|  74|0x0000000749400000, 0x0000000749600000, 0x0000000749600000|100%| O|  |TAMS 0x0000000749400000, 0x0000000749600000| Untracked 
|  75|0x0000000749600000, 0x0000000749800000, 0x0000000749800000|100%| O|  |TAMS 0x0000000749600000, 0x0000000749800000| Untracked 
|  76|0x0000000749800000, 0x0000000749855e00, 0x0000000749a00000| 16%| O|  |TAMS 0x0000000749800000, 0x0000000749855e00| Untracked 
|  77|0x0000000749a00000, 0x0000000749a00000, 0x0000000749c00000|  0%| F|  |TAMS 0x0000000749a00000, 0x0000000749a00000| Untracked 
|  78|0x0000000749c00000, 0x0000000749c00000, 0x0000000749e00000|  0%| F|  |TAMS 0x0000000749c00000, 0x0000000749c00000| Untracked 
|  79|0x0000000749e00000, 0x0000000749e00000, 0x000000074a000000|  0%| F|  |TAMS 0x0000000749e00000, 0x0000000749e00000| Untracked 
|  80|0x000000074a000000, 0x000000074a000000, 0x000000074a200000|  0%| F|  |TAMS 0x000000074a000000, 0x000000074a000000| Untracked 
|  81|0x000000074a200000, 0x000000074a200000, 0x000000074a400000|  0%| F|  |TAMS 0x000000074a200000, 0x000000074a200000| Untracked 
|  82|0x000000074a400000, 0x000000074a400000, 0x000000074a600000|  0%| F|  |TAMS 0x000000074a400000, 0x000000074a400000| Untracked 
|  83|0x000000074a600000, 0x000000074a600000, 0x000000074a800000|  0%| F|  |TAMS 0x000000074a600000, 0x000000074a600000| Untracked 
|  84|0x000000074a800000, 0x000000074a800000, 0x000000074aa00000|  0%| F|  |TAMS 0x000000074a800000, 0x000000074a800000| Untracked 
|  85|0x000000074aa00000, 0x000000074aa00000, 0x000000074ac00000|  0%| F|  |TAMS 0x000000074aa00000, 0x000000074aa00000| Untracked 
|  86|0x000000074ac00000, 0x000000074ac00000, 0x000000074ae00000|  0%| F|  |TAMS 0x000000074ac00000, 0x000000074ac00000| Untracked 
|  87|0x000000074ae00000, 0x000000074ae00000, 0x000000074b000000|  0%| F|  |TAMS 0x000000074ae00000, 0x000000074ae00000| Untracked 
|  88|0x000000074b000000, 0x000000074b000000, 0x000000074b200000|  0%| F|  |TAMS 0x000000074b000000, 0x000000074b000000| Untracked 
|  89|0x000000074b200000, 0x000000074b200000, 0x000000074b400000|  0%| F|  |TAMS 0x000000074b200000, 0x000000074b200000| Untracked 
|  90|0x000000074b400000, 0x000000074b400000, 0x000000074b600000|  0%| F|  |TAMS 0x000000074b400000, 0x000000074b400000| Untracked 
|  91|0x000000074b600000, 0x000000074b600000, 0x000000074b800000|  0%| F|  |TAMS 0x000000074b600000, 0x000000074b600000| Untracked 
|  92|0x000000074b800000, 0x000000074b800000, 0x000000074ba00000|  0%| F|  |TAMS 0x000000074b800000, 0x000000074b800000| Untracked 
|  93|0x000000074ba00000, 0x000000074ba00000, 0x000000074bc00000|  0%| F|  |TAMS 0x000000074ba00000, 0x000000074ba00000| Untracked 
|  94|0x000000074bc00000, 0x000000074bc00000, 0x000000074be00000|  0%| F|  |TAMS 0x000000074bc00000, 0x000000074bc00000| Untracked 
|  95|0x000000074be00000, 0x000000074be00000, 0x000000074c000000|  0%| F|  |TAMS 0x000000074be00000, 0x000000074be00000| Untracked 
|  96|0x000000074c000000, 0x000000074c000000, 0x000000074c200000|  0%| F|  |TAMS 0x000000074c000000, 0x000000074c000000| Untracked 
|  97|0x000000074c200000, 0x000000074c200000, 0x000000074c400000|  0%| F|  |TAMS 0x000000074c200000, 0x000000074c200000| Untracked 
|  98|0x000000074c400000, 0x000000074c400000, 0x000000074c600000|  0%| F|  |TAMS 0x000000074c400000, 0x000000074c400000| Untracked 
|  99|0x000000074c600000, 0x000000074c600000, 0x000000074c800000|  0%| F|  |TAMS 0x000000074c600000, 0x000000074c600000| Untracked 
| 100|0x000000074c800000, 0x000000074c800000, 0x000000074ca00000|  0%| F|  |TAMS 0x000000074c800000, 0x000000074c800000| Untracked 
| 101|0x000000074ca00000, 0x000000074ca00000, 0x000000074cc00000|  0%| F|  |TAMS 0x000000074ca00000, 0x000000074ca00000| Untracked 
| 102|0x000000074cc00000, 0x000000074cc00000, 0x000000074ce00000|  0%| F|  |TAMS 0x000000074cc00000, 0x000000074cc00000| Untracked 
| 103|0x000000074ce00000, 0x000000074ce00000, 0x000000074d000000|  0%| F|  |TAMS 0x000000074ce00000, 0x000000074ce00000| Untracked 
| 104|0x000000074d000000, 0x000000074d000000, 0x000000074d200000|  0%| F|  |TAMS 0x000000074d000000, 0x000000074d000000| Untracked 
| 105|0x000000074d200000, 0x000000074d200000, 0x000000074d400000|  0%| F|  |TAMS 0x000000074d200000, 0x000000074d200000| Untracked 
| 106|0x000000074d400000, 0x000000074d400000, 0x000000074d600000|  0%| F|  |TAMS 0x000000074d400000, 0x000000074d400000| Untracked 
| 107|0x000000074d600000, 0x000000074d600000, 0x000000074d800000|  0%| F|  |TAMS 0x000000074d600000, 0x000000074d600000| Untracked 
| 108|0x000000074d800000, 0x000000074d800000, 0x000000074da00000|  0%| F|  |TAMS 0x000000074d800000, 0x000000074d800000| Untracked 
| 109|0x000000074da00000, 0x000000074da00000, 0x000000074dc00000|  0%| F|  |TAMS 0x000000074da00000, 0x000000074da00000| Untracked 
| 110|0x000000074dc00000, 0x000000074dc00000, 0x000000074de00000|  0%| F|  |TAMS 0x000000074dc00000, 0x000000074dc00000| Untracked 
| 111|0x000000074de00000, 0x000000074de00000, 0x000000074e000000|  0%| F|  |TAMS 0x000000074de00000, 0x000000074de00000| Untracked 
| 112|0x000000074e000000, 0x000000074e000000, 0x000000074e200000|  0%| F|  |TAMS 0x000000074e000000, 0x000000074e000000| Untracked 
| 113|0x000000074e200000, 0x000000074e200000, 0x000000074e400000|  0%| F|  |TAMS 0x000000074e200000, 0x000000074e200000| Untracked 
| 114|0x000000074e400000, 0x000000074e400000, 0x000000074e600000|  0%| F|  |TAMS 0x000000074e400000, 0x000000074e400000| Untracked 
| 115|0x000000074e600000, 0x000000074e600000, 0x000000074e800000|  0%| F|  |TAMS 0x000000074e600000, 0x000000074e600000| Untracked 
| 116|0x000000074e800000, 0x000000074e800000, 0x000000074ea00000|  0%| F|  |TAMS 0x000000074e800000, 0x000000074e800000| Untracked 
| 117|0x000000074ea00000, 0x000000074ea00000, 0x000000074ec00000|  0%| F|  |TAMS 0x000000074ea00000, 0x000000074ea00000| Untracked 
| 118|0x000000074ec00000, 0x000000074ec00000, 0x000000074ee00000|  0%| F|  |TAMS 0x000000074ec00000, 0x000000074ec00000| Untracked 
| 119|0x000000074ee00000, 0x000000074ee00000, 0x000000074f000000|  0%| F|  |TAMS 0x000000074ee00000, 0x000000074ee00000| Untracked 
| 120|0x000000074f000000, 0x000000074f000000, 0x000000074f200000|  0%| F|  |TAMS 0x000000074f000000, 0x000000074f000000| Untracked 
| 121|0x000000074f200000, 0x000000074f200000, 0x000000074f400000|  0%| F|  |TAMS 0x000000074f200000, 0x000000074f200000| Untracked 
| 122|0x000000074f400000, 0x000000074f400000, 0x000000074f600000|  0%| F|  |TAMS 0x000000074f400000, 0x000000074f400000| Untracked 
| 123|0x000000074f600000, 0x000000074f600000, 0x000000074f800000|  0%| F|  |TAMS 0x000000074f600000, 0x000000074f600000| Untracked 
| 124|0x000000074f800000, 0x000000074f800000, 0x000000074fa00000|  0%| F|  |TAMS 0x000000074f800000, 0x000000074f800000| Untracked 
| 125|0x000000074fa00000, 0x000000074fa00000, 0x000000074fc00000|  0%| F|  |TAMS 0x000000074fa00000, 0x000000074fa00000| Untracked 
| 126|0x000000074fc00000, 0x000000074fc00000, 0x000000074fe00000|  0%| F|  |TAMS 0x000000074fc00000, 0x000000074fc00000| Untracked 
| 127|0x000000074fe00000, 0x000000074fe00000, 0x0000000750000000|  0%| F|  |TAMS 0x000000074fe00000, 0x000000074fe00000| Untracked 
| 128|0x0000000750000000, 0x0000000750000000, 0x0000000750200000|  0%| F|  |TAMS 0x0000000750000000, 0x0000000750000000| Untracked 
| 129|0x0000000750200000, 0x0000000750200000, 0x0000000750400000|  0%| F|  |TAMS 0x0000000750200000, 0x0000000750200000| Untracked 
| 130|0x0000000750400000, 0x0000000750400000, 0x0000000750600000|  0%| F|  |TAMS 0x0000000750400000, 0x0000000750400000| Untracked 
| 131|0x0000000750600000, 0x0000000750600000, 0x0000000750800000|  0%| F|  |TAMS 0x0000000750600000, 0x0000000750600000| Untracked 
| 132|0x0000000750800000, 0x0000000750800000, 0x0000000750a00000|  0%| F|  |TAMS 0x0000000750800000, 0x0000000750800000| Untracked 
| 133|0x0000000750a00000, 0x0000000750a00000, 0x0000000750c00000|  0%| F|  |TAMS 0x0000000750a00000, 0x0000000750a00000| Untracked 
| 134|0x0000000750c00000, 0x0000000750c00000, 0x0000000750e00000|  0%| F|  |TAMS 0x0000000750c00000, 0x0000000750c00000| Untracked 
| 135|0x0000000750e00000, 0x0000000750e00000, 0x0000000751000000|  0%| F|  |TAMS 0x0000000750e00000, 0x0000000750e00000| Untracked 
| 136|0x0000000751000000, 0x0000000751000000, 0x0000000751200000|  0%| F|  |TAMS 0x0000000751000000, 0x0000000751000000| Untracked 
| 137|0x0000000751200000, 0x0000000751200000, 0x0000000751400000|  0%| F|  |TAMS 0x0000000751200000, 0x0000000751200000| Untracked 
| 138|0x0000000751400000, 0x0000000751400000, 0x0000000751600000|  0%| F|  |TAMS 0x0000000751400000, 0x0000000751400000| Untracked 
| 139|0x0000000751600000, 0x0000000751600000, 0x0000000751800000|  0%| F|  |TAMS 0x0000000751600000, 0x0000000751600000| Untracked 
| 140|0x0000000751800000, 0x0000000751800000, 0x0000000751a00000|  0%| F|  |TAMS 0x0000000751800000, 0x0000000751800000| Untracked 
| 141|0x0000000751a00000, 0x0000000751a00000, 0x0000000751c00000|  0%| F|  |TAMS 0x0000000751a00000, 0x0000000751a00000| Untracked 
| 142|0x0000000751c00000, 0x0000000751c00000, 0x0000000751e00000|  0%| F|  |TAMS 0x0000000751c00000, 0x0000000751c00000| Untracked 
| 143|0x0000000751e00000, 0x0000000751e00000, 0x0000000752000000|  0%| F|  |TAMS 0x0000000751e00000, 0x0000000751e00000| Untracked 
| 144|0x0000000752000000, 0x0000000752000000, 0x0000000752200000|  0%| F|  |TAMS 0x0000000752000000, 0x0000000752000000| Untracked 
| 145|0x0000000752200000, 0x0000000752200000, 0x0000000752400000|  0%| F|  |TAMS 0x0000000752200000, 0x0000000752200000| Untracked 
| 146|0x0000000752400000, 0x0000000752400000, 0x0000000752600000|  0%| F|  |TAMS 0x0000000752400000, 0x0000000752400000| Untracked 
| 147|0x0000000752600000, 0x0000000752600000, 0x0000000752800000|  0%| F|  |TAMS 0x0000000752600000, 0x0000000752600000| Untracked 
| 148|0x0000000752800000, 0x0000000752800000, 0x0000000752a00000|  0%| F|  |TAMS 0x0000000752800000, 0x0000000752800000| Untracked 
| 149|0x0000000752a00000, 0x0000000752a00000, 0x0000000752c00000|  0%| F|  |TAMS 0x0000000752a00000, 0x0000000752a00000| Untracked 
| 150|0x0000000752c00000, 0x0000000752c00000, 0x0000000752e00000|  0%| F|  |TAMS 0x0000000752c00000, 0x0000000752c00000| Untracked 
| 151|0x0000000752e00000, 0x0000000752e00000, 0x0000000753000000|  0%| F|  |TAMS 0x0000000752e00000, 0x0000000752e00000| Untracked 
| 152|0x0000000753000000, 0x0000000753000000, 0x0000000753200000|  0%| F|  |TAMS 0x0000000753000000, 0x0000000753000000| Untracked 
| 153|0x0000000753200000, 0x0000000753200000, 0x0000000753400000|  0%| F|  |TAMS 0x0000000753200000, 0x0000000753200000| Untracked 
| 154|0x0000000753400000, 0x0000000753400000, 0x0000000753600000|  0%| F|  |TAMS 0x0000000753400000, 0x0000000753400000| Untracked 
| 155|0x0000000753600000, 0x0000000753600000, 0x0000000753800000|  0%| F|  |TAMS 0x0000000753600000, 0x0000000753600000| Untracked 
| 156|0x0000000753800000, 0x0000000753800000, 0x0000000753a00000|  0%| F|  |TAMS 0x0000000753800000, 0x0000000753800000| Untracked 
| 157|0x0000000753a00000, 0x0000000753a00000, 0x0000000753c00000|  0%| F|  |TAMS 0x0000000753a00000, 0x0000000753a00000| Untracked 
| 158|0x0000000753c00000, 0x0000000753c958e0, 0x0000000753e00000| 29%| S|CS|TAMS 0x0000000753c00000, 0x0000000753c00000| Complete 
| 159|0x0000000753e00000, 0x0000000754000000, 0x0000000754000000|100%| S|CS|TAMS 0x0000000753e00000, 0x0000000753e00000| Complete 
| 160|0x0000000754000000, 0x0000000754000000, 0x0000000754200000|  0%| F|  |TAMS 0x0000000754000000, 0x0000000754000000| Untracked 
| 161|0x0000000754200000, 0x0000000754200000, 0x0000000754400000|  0%| F|  |TAMS 0x0000000754200000, 0x0000000754200000| Untracked 

Card table byte_map: [0x000001ec98490000,0x000001ec98a90000] _byte_map_base: 0x000001ec94a90000

Marking Bits (Prev, Next): (CMBitMap*) 0x000001ecff8ef530, (CMBitMap*) 0x000001ecff8ef4f0
 Prev Bits: [0x000001ec9c090000, 0x000001ec9f090000)
 Next Bits: [0x000001ec99090000, 0x000001ec9c090000)

Polling page: 0x000001ecff610000

Metaspace:

Usage:
  Non-class:     70.06 MB used.
      Class:     11.16 MB used.
       Both:     81.22 MB used.

Virtual space:
  Non-class space:      128.00 MB reserved,      70.50 MB ( 55%) committed,  2 nodes.
      Class space:        1.00 GB reserved,      11.56 MB (  1%) committed,  1 nodes.
             Both:        1.12 GB reserved,      82.06 MB (  7%) committed. 

Chunk freelists:
   Non-Class:  8.66 MB
       Class:  4.45 MB
        Both:  13.11 MB

MaxMetaspaceSize: unlimited
CompressedClassSpaceSize: 1.00 GB
Initial GC threshold: 21.00 MB
Current GC threshold: 128.56 MB
CDS: on
MetaspaceReclaimPolicy: balanced
 - commit_granule_bytes: 65536.
 - commit_granule_words: 8192.
 - virtual_space_node_default_size: 8388608.
 - enlarge_chunks_in_place: 1.
 - new_chunks_are_fully_committed: 0.
 - uncommit_free_chunks: 1.
 - use_allocation_guard: 0.
 - handle_deallocations: 1.


Internal statistics:

num_allocs_failed_limit: 3.
num_arena_births: 1170.
num_arena_deaths: 0.
num_vsnodes_births: 3.
num_vsnodes_deaths: 0.
num_space_committed: 1313.
num_space_uncommitted: 0.
num_chunks_returned_to_freelist: 3.
num_chunks_taken_from_freelist: 4610.
num_chunk_merges: 3.
num_chunk_splits: 2823.
num_chunks_enlarged: 1670.
num_inconsistent_stats: 0.

CodeHeap 'non-profiled nmethods': size=120000Kb used=5787Kb max_used=5787Kb free=114212Kb
 bounds [0x000001ec90960000, 0x000001ec90f10000, 0x000001ec97e90000]
CodeHeap 'profiled nmethods': size=120000Kb used=21976Kb max_used=21976Kb free=98023Kb
 bounds [0x000001ec88e90000, 0x000001ec8a410000, 0x000001ec903c0000]
CodeHeap 'non-nmethods': size=5760Kb used=2414Kb max_used=2470Kb free=3345Kb
 bounds [0x000001ec903c0000, 0x000001ec90630000, 0x000001ec90960000]
 total_blobs=11834 nmethods=10902 adapters=844
 compilation: enabled
              stopped_count=0, restarted_count=0
 full_count=0

Compilation events (20 events):
Event: 270.994 Thread 0x000001eca1683a90 12585       3       org.gradle.api.internal.artifacts.ivyservice.ivyresolve.strategy.SubVersionSelector::accept (9 bytes)
Event: 270.994 Thread 0x000001eca1683a90 nmethod 12585 0x000001ec8a403b10 code [0x000001ec8a403cc0, 0x000001ec8a403e88]
Event: 270.994 Thread 0x000001eca1683a90 12586       3       org.gradle.api.internal.artifacts.repositories.DefaultRepositoryContentDescriptor$SimpleSpecMatcher::groupMatches (58 bytes)
Event: 270.995 Thread 0x000001eca1683a90 nmethod 12586 0x000001ec8a403f90 code [0x000001ec8a404200, 0x000001ec8a404cc8]
Event: 270.995 Thread 0x000001eca1683a90 12587       3       org.gradle.api.internal.artifacts.ivyservice.ivyresolve.DynamicVersionResolver$RepositoryResolveState::notMatched (17 bytes)
Event: 270.995 Thread 0x000001eca1683a90 nmethod 12587 0x000001ec8a405090 code [0x000001ec8a405240, 0x000001ec8a4054f8]
Event: 270.995 Thread 0x000001eca1683a90 12588       1       org.gradle.internal.resolve.result.DefaultBuildableModuleVersionListingResolveResult::getState (5 bytes)
Event: 270.995 Thread 0x000001eca1683a90 nmethod 12588 0x000001ec90f04f90 code [0x000001ec90f05120, 0x000001ec90f051f8]
Event: 271.001 Thread 0x000001eca167e9b0 nmethod 12589 0x000001ec90f05290 code [0x000001ec90f05420, 0x000001ec90f05718]
Event: 271.001 Thread 0x000001eca167e9b0 12591       4       com.esotericsoftware.kryo.io.Output::writeVarInt (433 bytes)
Event: 271.003 Thread 0x000001eca1683a90 12592       3       org.gradle.api.internal.artifacts.ivyservice.resolveengine.result.DefaultComponentSelectionDescriptor::withDescription (31 bytes)
Event: 271.003 Thread 0x000001eca1683a90 nmethod 12592 0x000001ec8a405610 code [0x000001ec8a4057c0, 0x000001ec8a405ab8]
Event: 271.004 Thread 0x000001eca1683a90 12594       3       org.gradle.api.internal.artifacts.ivyservice.resolveengine.result.StreamingResolutionResultBuilder::lambda$visitEdges$4 (107 bytes)
Event: 271.004 Thread 0x000001eca1683a90 nmethod 12594 0x000001ec8a405c10 code [0x000001ec8a405ec0, 0x000001ec8a406b98]
Event: 271.005 Thread 0x000001eca1683a90 12595       3       com.google.common.collect.ImmutableMap::containsKey (14 bytes)
Event: 271.006 Thread 0x000001eca1683a90 nmethod 12595 0x000001ec8a407090 code [0x000001ec8a407240, 0x000001ec8a407468]
Event: 271.009 Thread 0x000001eca1683a90 12596       3       com.google.common.base.Splitter$1$1::separatorEnd (4 bytes)
Event: 271.009 Thread 0x000001eca1683a90 nmethod 12596 0x000001ec8a407510 code [0x000001ec8a4076a0, 0x000001ec8a4077b8]
Event: 271.013 Thread 0x000001eca167e9b0 nmethod 12591 0x000001ec90f05910 code [0x000001ec90f05b00, 0x000001ec90f06980]
Event: 271.013 Thread 0x000001eca167e9b0 12593       4       org.gradle.internal.serialize.kryo.StringDeduplicatingKryoBackedEncoder::writeNullableString (114 bytes)

GC Heap History (20 events):
Event: 59.606 GC heap after
{Heap after GC invocations=40 (full 0):
 garbage-first heap   total 245760K, used 115005K [0x0000000740000000, 0x0000000800000000)
  region size 2048K, 5 young (10240K), 5 survivors (10240K)
 Metaspace       used 78096K, committed 78848K, reserved 1179648K
  class space    used 10899K, committed 11264K, reserved 1048576K
}
Event: 59.683 GC heap before
{Heap before GC invocations=40 (full 0):
 garbage-first heap   total 245760K, used 119101K [0x0000000740000000, 0x0000000800000000)
  region size 2048K, 6 young (12288K), 5 survivors (10240K)
 Metaspace       used 78150K, committed 78976K, reserved 1179648K
  class space    used 10899K, committed 11264K, reserved 1048576K
}
Event: 59.692 GC heap after
{Heap after GC invocations=41 (full 0):
 garbage-first heap   total 245760K, used 116036K [0x0000000740000000, 0x0000000800000000)
  region size 2048K, 1 young (2048K), 1 survivors (2048K)
 Metaspace       used 78150K, committed 78976K, reserved 1179648K
  class space    used 10899K, committed 11264K, reserved 1048576K
}
Event: 60.080 GC heap before
{Heap before GC invocations=42 (full 0):
 garbage-first heap   total 276480K, used 169284K [0x0000000740000000, 0x0000000800000000)
  region size 2048K, 4 young (8192K), 1 survivors (2048K)
 Metaspace       used 78242K, committed 79040K, reserved 1179648K
  class space    used 10899K, committed 11264K, reserved 1048576K
}
Event: 60.084 GC heap after
{Heap after GC invocations=43 (full 0):
 garbage-first heap   total 276480K, used 115365K [0x0000000740000000, 0x0000000800000000)
  region size 2048K, 1 young (2048K), 1 survivors (2048K)
 Metaspace       used 78242K, committed 79040K, reserved 1179648K
  class space    used 10899K, committed 11264K, reserved 1048576K
}
Event: 60.104 GC heap before
{Heap before GC invocations=43 (full 0):
 garbage-first heap   total 276480K, used 121509K [0x0000000740000000, 0x0000000800000000)
  region size 2048K, 2 young (4096K), 1 survivors (2048K)
 Metaspace       used 78242K, committed 79040K, reserved 1179648K
  class space    used 10899K, committed 11264K, reserved 1048576K
}
Event: 60.107 GC heap after
{Heap after GC invocations=44 (full 0):
 garbage-first heap   total 331776K, used 115307K [0x0000000740000000, 0x0000000800000000)
  region size 2048K, 1 young (2048K), 1 survivors (2048K)
 Metaspace       used 78242K, committed 79040K, reserved 1179648K
  class space    used 10899K, committed 11264K, reserved 1048576K
}
Event: 60.550 GC heap before
{Heap before GC invocations=44 (full 0):
 garbage-first heap   total 331776K, used 154219K [0x0000000740000000, 0x0000000800000000)
  region size 2048K, 5 young (10240K), 1 survivors (2048K)
 Metaspace       used 78526K, committed 79296K, reserved 1179648K
  class space    used 10924K, committed 11328K, reserved 1048576K
}
Event: 60.554 GC heap after
{Heap after GC invocations=45 (full 0):
 garbage-first heap   total 331776K, used 115557K [0x0000000740000000, 0x0000000800000000)
  region size 2048K, 1 young (2048K), 1 survivors (2048K)
 Metaspace       used 78526K, committed 79296K, reserved 1179648K
  class space    used 10924K, committed 11328K, reserved 1048576K
}
Event: 268.298 GC heap before
{Heap before GC invocations=45 (full 0):
 garbage-first heap   total 331776K, used 232293K [0x0000000740000000, 0x0000000800000000)
  region size 2048K, 48 young (98304K), 1 survivors (2048K)
 Metaspace       used 82881K, committed 83776K, reserved 1179648K
  class space    used 11418K, committed 11840K, reserved 1048576K
}
Event: 268.426 GC heap after
{Heap after GC invocations=46 (full 0):
 garbage-first heap   total 331776K, used 123344K [0x0000000740000000, 0x0000000800000000)
  region size 2048K, 5 young (10240K), 5 survivors (10240K)
 Metaspace       used 82881K, committed 83776K, reserved 1179648K
  class space    used 11418K, committed 11840K, reserved 1048576K
}
Event: 269.024 GC heap before
{Heap before GC invocations=46 (full 0):
 garbage-first heap   total 331776K, used 154064K [0x0000000740000000, 0x0000000800000000)
  region size 2048K, 10 young (20480K), 5 survivors (10240K)
 Metaspace       used 82957K, committed 83840K, reserved 1179648K
  class space    used 11418K, committed 11840K, reserved 1048576K
}
Event: 269.044 GC heap after
{Heap after GC invocations=47 (full 0):
 garbage-first heap   total 331776K, used 125042K [0x0000000740000000, 0x0000000800000000)
  region size 2048K, 5 young (10240K), 5 survivors (10240K)
 Metaspace       used 82957K, committed 83840K, reserved 1179648K
  class space    used 11418K, committed 11840K, reserved 1048576K
}
Event: 269.468 GC heap before
{Heap before GC invocations=47 (full 0):
 garbage-first heap   total 331776K, used 151666K [0x0000000740000000, 0x0000000800000000)
  region size 2048K, 7 young (14336K), 5 survivors (10240K)
 Metaspace       used 82980K, committed 83840K, reserved 1179648K
  class space    used 11418K, committed 11840K, reserved 1048576K
}
Event: 269.494 GC heap after
{Heap after GC invocations=48 (full 0):
 garbage-first heap   total 331776K, used 125150K [0x0000000740000000, 0x0000000800000000)
  region size 2048K, 5 young (10240K), 5 survivors (10240K)
 Metaspace       used 82980K, committed 83840K, reserved 1179648K
  class space    used 11418K, committed 11840K, reserved 1048576K
}
Event: 270.558 GC heap before
{Heap before GC invocations=48 (full 0):
 garbage-first heap   total 331776K, used 159966K [0x0000000740000000, 0x0000000800000000)
  region size 2048K, 8 young (16384K), 5 survivors (10240K)
 Metaspace       used 83095K, committed 83968K, reserved 1179648K
  class space    used 11424K, committed 11840K, reserved 1048576K
}
Event: 270.572 GC heap after
{Heap after GC invocations=49 (full 0):
 garbage-first heap   total 331776K, used 125470K [0x0000000740000000, 0x0000000800000000)
  region size 2048K, 5 young (10240K), 5 survivors (10240K)
 Metaspace       used 83095K, committed 83968K, reserved 1179648K
  class space    used 11424K, committed 11840K, reserved 1048576K
}
Event: 270.794 GC heap before
{Heap before GC invocations=49 (full 0):
 garbage-first heap   total 331776K, used 162334K [0x0000000740000000, 0x0000000800000000)
  region size 2048K, 9 young (18432K), 5 survivors (10240K)
 Metaspace       used 83164K, committed 84032K, reserved 1179648K
  class space    used 11424K, committed 11840K, reserved 1048576K
}
Event: 270.835 GC heap after
{Heap after GC invocations=50 (full 0):
 garbage-first heap   total 331776K, used 126572K [0x0000000740000000, 0x0000000800000000)
  region size 2048K, 2 young (4096K), 2 survivors (4096K)
 Metaspace       used 83164K, committed 84032K, reserved 1179648K
  class space    used 11424K, committed 11840K, reserved 1048576K
}
Event: 271.015 GC heap before
{Heap before GC invocations=50 (full 0):
 garbage-first heap   total 331776K, used 151148K [0x0000000740000000, 0x0000000800000000)
  region size 2048K, 4 young (8192K), 2 survivors (4096K)
 Metaspace       used 83167K, committed 84032K, reserved 1179648K
  class space    used 11424K, committed 11840K, reserved 1048576K
}

Dll operation events (15 events):
Event: 0.064 Loaded shared library C:\Users\aplut\.gradle\jdks\eclipse_adoptium-17-amd64-windows\jdk-17.0.13+11\bin\java.dll
Event: 0.157 Loaded shared library C:\Users\aplut\.gradle\jdks\eclipse_adoptium-17-amd64-windows\jdk-17.0.13+11\bin\jsvml.dll
Event: 0.252 Loaded shared library C:\Users\aplut\.gradle\jdks\eclipse_adoptium-17-amd64-windows\jdk-17.0.13+11\bin\zip.dll
Event: 0.258 Loaded shared library C:\Users\aplut\.gradle\jdks\eclipse_adoptium-17-amd64-windows\jdk-17.0.13+11\bin\instrument.dll
Event: 0.302 Loaded shared library C:\Users\aplut\.gradle\jdks\eclipse_adoptium-17-amd64-windows\jdk-17.0.13+11\bin\net.dll
Event: 0.308 Loaded shared library C:\Users\aplut\.gradle\jdks\eclipse_adoptium-17-amd64-windows\jdk-17.0.13+11\bin\nio.dll
Event: 0.807 Loaded shared library C:\Users\aplut\.gradle\jdks\eclipse_adoptium-17-amd64-windows\jdk-17.0.13+11\bin\zip.dll
Event: 10.994 Loaded shared library C:\Users\aplut\.gradle\jdks\eclipse_adoptium-17-amd64-windows\jdk-17.0.13+11\bin\jimage.dll
Event: 21.456 Loaded shared library C:\Users\aplut\.gradle\jdks\eclipse_adoptium-17-amd64-windows\jdk-17.0.13+11\bin\verify.dll
Event: 23.285 Loaded shared library C:\Users\aplut\.gradle\native\c067742578af261105cb4f569cf0c3c89f3d7b1fecec35dd04571415982c5e48\windows-amd64\native-platform.dll
Event: 23.385 Loaded shared library C:\Users\aplut\.gradle\native\100fb08df4bc3b14c8652ba06237920a3bd2aa13389f12d3474272988ae205f9\windows-amd64\native-platform-file-events.dll
Event: 33.700 Loaded shared library C:\Users\aplut\.gradle\jdks\eclipse_adoptium-17-amd64-windows\jdk-17.0.13+11\bin\management.dll
Event: 33.708 Loaded shared library C:\Users\aplut\.gradle\jdks\eclipse_adoptium-17-amd64-windows\jdk-17.0.13+11\bin\management_ext.dll
Event: 33.999 Loaded shared library C:\Users\aplut\.gradle\jdks\eclipse_adoptium-17-amd64-windows\jdk-17.0.13+11\bin\extnet.dll
Event: 34.396 Loaded shared library C:\Users\aplut\.gradle\jdks\eclipse_adoptium-17-amd64-windows\jdk-17.0.13+11\bin\sunmscapi.dll

Deoptimization events (20 events):
Event: 268.795 Thread 0x000001eceac38810 Uncommon trap: trap_request=0xffffffbe fr.pc=0x000001ec90ea2418 relative=0x0000000000000238
Event: 268.795 Thread 0x000001eceac38810 Uncommon trap: reason=profile_predicate action=maybe_recompile pc=0x000001ec90ea2418 method=java.util.Collections.indexedBinarySearch(Ljava/util/List;Ljava/lang/Object;Ljava/util/Comparator;)I @ 15 c2
Event: 268.795 Thread 0x000001eceac38810 DEOPT PACKING pc=0x000001ec90ea2418 sp=0x000000390e4f7670
Event: 268.795 Thread 0x000001eceac38810 DEOPT UNPACKING pc=0x000001ec9041a1a3 sp=0x000000390e4f75a0 mode 2
Event: 268.795 Thread 0x000001eceac38810 Uncommon trap: trap_request=0xffffffbe fr.pc=0x000001ec90ea1728 relative=0x00000000000001e8
Event: 268.795 Thread 0x000001eceac38810 Uncommon trap: reason=profile_predicate action=maybe_recompile pc=0x000001ec90ea1728 method=java.util.Collections.indexedBinarySearch(Ljava/util/List;Ljava/lang/Object;Ljava/util/Comparator;)I @ 15 c2
Event: 268.795 Thread 0x000001eceac38810 DEOPT PACKING pc=0x000001ec90ea1728 sp=0x000000390e4f75f0
Event: 268.795 Thread 0x000001eceac38810 DEOPT UNPACKING pc=0x000001ec9041a1a3 sp=0x000000390e4f75a0 mode 2
Event: 270.179 Thread 0x000001ecea2089b0 Uncommon trap: trap_request=0xffffffc6 fr.pc=0x000001ec909ae238 relative=0x0000000000000198
Event: 270.179 Thread 0x000001ecea2089b0 Uncommon trap: reason=bimorphic_or_optimized_type_check action=maybe_recompile pc=0x000001ec909ae238 method=java.util.stream.StreamOpFlag.fromCharacteristics(Ljava/util/Spliterator;)I @ 14 c2
Event: 270.179 Thread 0x000001ecea2089b0 DEOPT PACKING pc=0x000001ec909ae238 sp=0x0000003910efe2d0
Event: 270.179 Thread 0x000001ecea2089b0 DEOPT UNPACKING pc=0x000001ec9041a1a3 sp=0x0000003910efe1b8 mode 2
Event: 270.315 Thread 0x000001eceac38810 Uncommon trap: trap_request=0xfffffff4 fr.pc=0x000001ec90ee8a50 relative=0x0000000000000af0
Event: 270.316 Thread 0x000001eceac38810 Uncommon trap: reason=null_check action=make_not_entrant pc=0x000001ec90ee8a50 method=org.gradle.tooling.internal.provider.runner.ClientBuildEventGenerator$Enabled.accept(Lorg/gradle/internal/operations/BuildOperationDescriptor;)Lorg/gradle/tooling/intern
Event: 270.316 Thread 0x000001eceac38810 DEOPT PACKING pc=0x000001ec90ee8a50 sp=0x000000390e4f6a10
Event: 270.316 Thread 0x000001eceac38810 DEOPT UNPACKING pc=0x000001ec9041a1a3 sp=0x000000390e4f6948 mode 2
Event: 270.316 Thread 0x000001eceac38810 Uncommon trap: trap_request=0xfffffff4 fr.pc=0x000001ec90eb3bf8 relative=0x00000000000000d8
Event: 270.316 Thread 0x000001eceac38810 Uncommon trap: reason=null_check action=make_not_entrant pc=0x000001ec90eb3bf8 method=org.gradle.tooling.internal.provider.runner.ClientBuildEventGenerator$Disabled.accept(Lorg/gradle/internal/operations/BuildOperationDescriptor;)Lorg/gradle/tooling/inter
Event: 270.316 Thread 0x000001eceac38810 DEOPT PACKING pc=0x000001ec90eb3bf8 sp=0x000000390e4f69b0
Event: 270.316 Thread 0x000001eceac38810 DEOPT UNPACKING pc=0x000001ec9041a1a3 sp=0x000000390e4f6948 mode 2

Classes loaded (20 events):
Event: 61.200 Loading class java/lang/EnumBeanInfo
Event: 61.200 Loading class java/lang/EnumBeanInfo done
Event: 61.200 Loading class java/lang/EnumCustomizer
Event: 61.200 Loading class java/lang/EnumCustomizer done
Event: 61.200 Loading class java/lang/EnumCustomizer
Event: 61.200 Loading class java/lang/EnumCustomizer done
Event: 61.356 Loading class java/util/TreeMap$ValueSpliterator
Event: 61.356 Loading class java/util/TreeMap$ValueSpliterator done
Event: 62.019 Loading class java/util/Locale$1
Event: 62.030 Loading class java/util/Locale$1 done
Event: 62.052 Loading class java/util/concurrent/CompletableFuture$AsyncRun
Event: 62.097 Loading class java/util/concurrent/CompletableFuture$AsyncRun done
Event: 262.683 Loading class jdk/internal/math/FormattedFloatingDecimal$Form
Event: 262.827 Loading class jdk/internal/math/FormattedFloatingDecimal$Form done
Event: 262.829 Loading class jdk/internal/math/FormattedFloatingDecimal
Event: 262.908 Loading class jdk/internal/math/FormattedFloatingDecimal done
Event: 262.911 Loading class jdk/internal/math/FormattedFloatingDecimal$1
Event: 262.916 Loading class jdk/internal/math/FormattedFloatingDecimal$1 done
Event: 262.941 Loading class jdk/internal/math/FormattedFloatingDecimal$2
Event: 262.944 Loading class jdk/internal/math/FormattedFloatingDecimal$2 done

Classes unloaded (0 events):
No events

Classes redefined (0 events):
No events

Internal exceptions (20 events):
Event: 61.245 Thread 0x000001eceac35570 Exception <a 'java/lang/NoSuchMethodError'{0x000000075272a6c8}: static Lorg/jetbrains/kotlin/idea/gradleTooling/model/assignment/AssignmentModelImpl;.<clinit>()V> (0x000000075272a6c8) 
thrown [s\src\hotspot\share\prims\jni.cpp, line 1112]
Event: 61.255 Thread 0x000001eceac35570 Exception <a 'java/lang/NoSuchMethodError'{0x0000000752739b80}: static Lorg/jetbrains/kotlin/idea/gradleTooling/model/samWithReceiver/SamWithReceiverModelImpl;.<clinit>()V> (0x0000000752739b80) 
thrown [s\src\hotspot\share\prims\jni.cpp, line 1112]
Event: 61.260 Thread 0x000001eceac35570 Exception <a 'java/lang/NoSuchMethodError'{0x0000000752500318}: static Lorg/jetbrains/kotlin/idea/gradleTooling/model/noarg/NoArgModelImpl;.<clinit>()V> (0x0000000752500318) 
thrown [s\src\hotspot\share\prims\jni.cpp, line 1112]
Event: 61.266 Thread 0x000001eceac35570 Exception <a 'java/lang/NoSuchMethodError'{0x0000000752508c60}: static Lorg/jetbrains/kotlin/idea/gradleTooling/model/allopen/AllOpenModelImpl;.<clinit>()V> (0x0000000752508c60) 
thrown [s\src\hotspot\share\prims\jni.cpp, line 1112]
Event: 61.290 Thread 0x000001ece88bf030 Exception <a 'java/lang/ClassNotFoundException'{0x0000000752234d80}: org/gradle/api/tasks/testing/Test_DecoratedBeanInfo> (0x0000000752234d80) 
thrown [s\src\hotspot\share\classfile\systemDictionary.cpp, line 256]
Event: 61.290 Thread 0x000001ece88bf030 Exception <a 'java/lang/ClassNotFoundException'{0x0000000752240760}: org/gradle/api/tasks/testing/TestBeanInfo> (0x0000000752240760) 
thrown [s\src\hotspot\share\classfile\systemDictionary.cpp, line 256]
Event: 61.291 Thread 0x000001ece88bf030 Exception <a 'java/lang/ClassNotFoundException'{0x000000075224c370}: org/gradle/api/tasks/testing/AbstractTestTaskBeanInfo> (0x000000075224c370) 
thrown [s\src\hotspot\share\classfile\systemDictionary.cpp, line 256]
Event: 61.291 Thread 0x000001ece88bf030 Exception <a 'java/lang/ClassNotFoundException'{0x00000007522580e8}: org/gradle/api/tasks/testing/AbstractTestTaskCustomizer> (0x00000007522580e8) 
thrown [s\src\hotspot\share\classfile\systemDictionary.cpp, line 256]
Event: 61.292 Thread 0x000001ece88bf030 Exception <a 'java/lang/ClassNotFoundException'{0x0000000752280978}: org/gradle/api/tasks/testing/TestCustomizer> (0x0000000752280978) 
thrown [s\src\hotspot\share\classfile\systemDictionary.cpp, line 256]
Event: 61.295 Thread 0x000001ece88bf030 Exception <a 'java/lang/ClassNotFoundException'{0x00000007523144c8}: org/gradle/api/tasks/testing/Test_DecoratedCustomizer> (0x00000007523144c8) 
thrown [s\src\hotspot\share\classfile\systemDictionary.cpp, line 256]
Event: 61.322 Thread 0x000001eceac35570 Exception <a 'java/lang/NoSuchMethodError'{0x000000075253bad0}: static Lorg/jetbrains/plugins/gradle/tooling/internal/VersionCatalogsModelImpl;.<clinit>()V> (0x000000075253bad0) 
thrown [s\src\hotspot\share\prims\jni.cpp, line 1112]
Event: 61.344 Thread 0x000001eceac35570 Exception <a 'java/lang/NoSuchMethodError'{0x0000000751e061b8}: static Lorg/jetbrains/plugins/gradle/tooling/serialization/internal/adapter/kotlin/dsl/InternalKotlinDslScriptsModel;.<clinit>()V> (0x0000000751e061b8) 
thrown [s\src\hotspot\share\prims\jni.cpp, line 1112]
Event: 266.067 Thread 0x000001eceac38810 Implicit null exception at 0x000001ec90d5f612 to 0x000001ec90d5ff10
Event: 266.068 Thread 0x000001eceac38810 Implicit null exception at 0x000001ec90d72314 to 0x000001ec90d72c08
Event: 266.899 Thread 0x000001eceac38810 Exception <a 'sun/nio/fs/WindowsException'{0x000000074f74c790}> (0x000000074f74c790) 
thrown [s\src\hotspot\share\prims\jni.cpp, line 516]
Event: 266.901 Thread 0x000001eceac38810 Exception <a 'sun/nio/fs/WindowsException'{0x000000074f74dfc0}> (0x000000074f74dfc0) 
thrown [s\src\hotspot\share\prims\jni.cpp, line 516]
Event: 266.901 Thread 0x000001eceac38810 Exception <a 'sun/nio/fs/WindowsException'{0x000000074f74f7f0}> (0x000000074f74f7f0) 
thrown [s\src\hotspot\share\prims\jni.cpp, line 516]
Event: 266.901 Thread 0x000001eceac38810 Exception <a 'sun/nio/fs/WindowsException'{0x000000074f751000}> (0x000000074f751000) 
thrown [s\src\hotspot\share\prims\jni.cpp, line 516]
Event: 270.315 Thread 0x000001eceac38810 Implicit null exception at 0x000001ec90ee8395 to 0x000001ec90ee8a30
Event: 270.316 Thread 0x000001eceac38810 Implicit null exception at 0x000001ec90eb3b5c to 0x000001ec90eb3bec

VM Operations (20 events):
Event: 265.577 Executing VM operation: Cleanup done
Event: 266.582 Executing VM operation: Cleanup
Event: 266.582 Executing VM operation: Cleanup done
Event: 267.245 Executing VM operation: ICBufferFull
Event: 267.246 Executing VM operation: ICBufferFull done
Event: 268.147 Executing VM operation: ICBufferFull
Event: 268.148 Executing VM operation: ICBufferFull done
Event: 268.297 Executing VM operation: G1TryInitiateConcMark
Event: 268.426 Executing VM operation: G1TryInitiateConcMark done
Event: 269.024 Executing VM operation: G1TryInitiateConcMark
Event: 269.044 Executing VM operation: G1TryInitiateConcMark done
Event: 269.468 Executing VM operation: G1TryInitiateConcMark
Event: 269.494 Executing VM operation: G1TryInitiateConcMark done
Event: 270.499 Executing VM operation: Cleanup
Event: 270.514 Executing VM operation: Cleanup done
Event: 270.558 Executing VM operation: G1TryInitiateConcMark
Event: 270.572 Executing VM operation: G1TryInitiateConcMark done
Event: 270.794 Executing VM operation: G1TryInitiateConcMark
Event: 270.835 Executing VM operation: G1TryInitiateConcMark done
Event: 271.015 Executing VM operation: G1TryInitiateConcMark

Memory protections (0 events):
No events

Nmethod flushes (20 events):
Event: 58.609 Thread 0x000001eca1828050 flushing  nmethod 0x000001ec89d83010
Event: 58.609 Thread 0x000001eca1828050 flushing  nmethod 0x000001ec89d8b110
Event: 58.609 Thread 0x000001eca1828050 flushing  nmethod 0x000001ec89d8c710
Event: 58.609 Thread 0x000001eca1828050 flushing  nmethod 0x000001ec89d8cc90
Event: 58.609 Thread 0x000001eca1828050 flushing  nmethod 0x000001ec89d8d310
Event: 58.609 Thread 0x000001eca1828050 flushing  nmethod 0x000001ec89d8d690
Event: 58.609 Thread 0x000001eca1828050 flushing  nmethod 0x000001ec89d8e810
Event: 58.609 Thread 0x000001eca1828050 flushing  nmethod 0x000001ec89d8ed90
Event: 58.609 Thread 0x000001eca1828050 flushing  nmethod 0x000001ec89d8f790
Event: 58.609 Thread 0x000001eca1828050 flushing  nmethod 0x000001ec89d91e90
Event: 58.609 Thread 0x000001eca1828050 flushing  nmethod 0x000001ec89d98b10
Event: 58.609 Thread 0x000001eca1828050 flushing  nmethod 0x000001ec89daa610
Event: 58.609 Thread 0x000001eca1828050 flushing  nmethod 0x000001ec89dab090
Event: 58.609 Thread 0x000001eca1828050 flushing  nmethod 0x000001ec89dab790
Event: 58.609 Thread 0x000001eca1828050 flushing  nmethod 0x000001ec89dac310
Event: 58.609 Thread 0x000001eca1828050 flushing  nmethod 0x000001ec89dac690
Event: 58.609 Thread 0x000001eca1828050 flushing  nmethod 0x000001ec89de8510
Event: 58.609 Thread 0x000001eca1828050 flushing  nmethod 0x000001ec89e06290
Event: 58.610 Thread 0x000001eca1828050 flushing  nmethod 0x000001ec89eebf90
Event: 58.610 Thread 0x000001eca1828050 flushing  nmethod 0x000001ec89f62b10

Events (20 events):
Event: 268.601 Thread 0x000001ece92a1100 Thread exited: 0x000001ece92a1100
Event: 268.887 Thread 0x000001eceac38810 Thread added: 0x000001ecea20d5a0
Event: 268.888 Thread 0x000001eceac38810 Thread added: 0x000001ecea20e4d0
Event: 268.889 Thread 0x000001eceac38810 Thread added: 0x000001ecea2084a0
Event: 270.042 Thread 0x000001eceac38810 Thread added: 0x000001ecea207570
Event: 270.072 Thread 0x000001ecea207570 Thread exited: 0x000001ecea207570
Event: 270.120 Thread 0x000001eceac38810 Thread added: 0x000001ecea207570
Event: 270.129 Thread 0x000001ecea207570 Thread added: 0x000001ecea2089b0
Event: 270.141 Thread 0x000001ecea207570 Thread added: 0x000001ecea207a80
Event: 270.144 Thread 0x000001ecea207570 Thread added: 0x000001ecea208ec0
Event: 270.155 Thread 0x000001ecea2089b0 Thread added: 0x000001ece96c20a0
Event: 270.323 Thread 0x000001eceac38810 Thread added: 0x000001ece96c34e0
Event: 270.325 Thread 0x000001ece96c34e0 Thread added: 0x000001ece96c85e0
Event: 270.327 Thread 0x000001ece96c34e0 Thread added: 0x000001ece96c76b0
Event: 270.408 Thread 0x000001eceac38810 Thread added: 0x000001ece96c4410
Event: 270.687 Thread 0x000001eceac38810 Thread added: 0x000001ece96c9510
Event: 270.689 Thread 0x000001eceac38810 Thread added: 0x000001ece96c7bc0
Event: 270.690 Thread 0x000001eceac38810 Thread added: 0x000001ece96c8af0
Event: 271.007 Thread 0x000001eceac38810 Thread added: 0x000001ece96c9000
Event: 271.008 Thread 0x000001eceac38810 Thread added: 0x000001ece96c9a20


Dynamic libraries:
0x00007ff78a1b0000 - 0x00007ff78a1be000 	C:\Users\aplut\.gradle\jdks\eclipse_adoptium-17-amd64-windows\jdk-17.0.13+11\bin\java.exe
0x00007ffa76090000 - 0x00007ffa762a7000 	C:\WINDOWS\SYSTEM32\ntdll.dll
0x00007ffa3c200000 - 0x00007ffa3c21a000 	C:\Program Files\Avast Software\Avast\aswhook.dll
0x00007ffa746c0000 - 0x00007ffa74784000 	C:\WINDOWS\System32\KERNEL32.DLL
0x00007ffa739f0000 - 0x00007ffa73da9000 	C:\WINDOWS\System32\KERNELBASE.dll
0x00007ffa738d0000 - 0x00007ffa739e1000 	C:\WINDOWS\System32\ucrtbase.dll
0x00007ffa45970000 - 0x00007ffa45987000 	C:\Users\aplut\.gradle\jdks\eclipse_adoptium-17-amd64-windows\jdk-17.0.13+11\bin\jli.dll
0x00007ffa457c0000 - 0x00007ffa457de000 	C:\Users\aplut\.gradle\jdks\eclipse_adoptium-17-amd64-windows\jdk-17.0.13+11\bin\VCRUNTIME140.dll
0x00007ffa59790000 - 0x00007ffa59a22000 	C:\WINDOWS\WinSxS\amd64_microsoft.windows.common-controls_6595b64144ccf1df_6.0.22621.4391_none_2715d37f73803e96\COMCTL32.dll
0x00007ffa74190000 - 0x00007ffa7433e000 	C:\WINDOWS\System32\USER32.dll
0x00007ffa740d0000 - 0x00007ffa74177000 	C:\WINDOWS\System32\msvcrt.dll
0x00007ffa74b80000 - 0x00007ffa74ba9000 	C:\WINDOWS\System32\GDI32.dll
0x00007ffa734b0000 - 0x00007ffa734d6000 	C:\WINDOWS\System32\win32u.dll
0x00007ffa73390000 - 0x00007ffa734ab000 	C:\WINDOWS\System32\gdi32full.dll
0x00007ffa734e0000 - 0x00007ffa7357a000 	C:\WINDOWS\System32\msvcp_win.dll
0x00007ffa75430000 - 0x00007ffa75461000 	C:\WINDOWS\System32\IMM32.DLL
0x00007ffa54ec0000 - 0x00007ffa54ecc000 	C:\Users\aplut\.gradle\jdks\eclipse_adoptium-17-amd64-windows\jdk-17.0.13+11\bin\vcruntime140_1.dll
0x00007ffa200e0000 - 0x00007ffa2016d000 	C:\Users\aplut\.gradle\jdks\eclipse_adoptium-17-amd64-windows\jdk-17.0.13+11\bin\msvcp140.dll
0x00007ff9b6430000 - 0x00007ff9b709b000 	C:\Users\aplut\.gradle\jdks\eclipse_adoptium-17-amd64-windows\jdk-17.0.13+11\bin\server\jvm.dll
0x00007ffa74000000 - 0x00007ffa740b2000 	C:\WINDOWS\System32\ADVAPI32.dll
0x00007ffa75670000 - 0x00007ffa75717000 	C:\WINDOWS\System32\sechost.dll
0x00007ffa735f0000 - 0x00007ffa73618000 	C:\WINDOWS\System32\bcrypt.dll
0x00007ffa745a0000 - 0x00007ffa746b4000 	C:\WINDOWS\System32\RPCRT4.dll
0x00007ffa74950000 - 0x00007ffa749c1000 	C:\WINDOWS\System32\WS2_32.dll
0x00007ffa730b0000 - 0x00007ffa730fd000 	C:\WINDOWS\SYSTEM32\POWRPROF.dll
0x00007ffa671d0000 - 0x00007ffa67204000 	C:\WINDOWS\SYSTEM32\WINMM.dll
0x00007ffa64920000 - 0x00007ffa6492a000 	C:\WINDOWS\SYSTEM32\VERSION.dll
0x00007ffa72fc0000 - 0x00007ffa72fd3000 	C:\WINDOWS\SYSTEM32\UMPDC.dll
0x00007ffa72390000 - 0x00007ffa723a8000 	C:\WINDOWS\SYSTEM32\kernel.appcore.dll
0x00007ffa4c300000 - 0x00007ffa4c30a000 	C:\Users\aplut\.gradle\jdks\eclipse_adoptium-17-amd64-windows\jdk-17.0.13+11\bin\jimage.dll
0x00007ffa70980000 - 0x00007ffa70bb2000 	C:\WINDOWS\SYSTEM32\DBGHELP.DLL
0x00007ffa75ca0000 - 0x00007ffa7602f000 	C:\WINDOWS\System32\combase.dll
0x00007ffa75490000 - 0x00007ffa75567000 	C:\WINDOWS\System32\OLEAUT32.dll
0x00007ffa62db0000 - 0x00007ffa62de2000 	C:\WINDOWS\SYSTEM32\dbgcore.DLL
0x00007ffa73850000 - 0x00007ffa738cb000 	C:\WINDOWS\System32\bcryptPrimitives.dll
0x00007ffa48020000 - 0x00007ffa4802e000 	C:\Users\aplut\.gradle\jdks\eclipse_adoptium-17-amd64-windows\jdk-17.0.13+11\bin\instrument.dll
0x00007ffa398d0000 - 0x00007ffa398f5000 	C:\Users\aplut\.gradle\jdks\eclipse_adoptium-17-amd64-windows\jdk-17.0.13+11\bin\java.dll
0x00007ff9fdfb0000 - 0x00007ff9fe087000 	C:\Users\aplut\.gradle\jdks\eclipse_adoptium-17-amd64-windows\jdk-17.0.13+11\bin\jsvml.dll
0x00007ffa74bb0000 - 0x00007ffa75426000 	C:\WINDOWS\System32\SHELL32.dll
0x00007ffa71280000 - 0x00007ffa71b83000 	C:\WINDOWS\SYSTEM32\windows.storage.dll
0x00007ffa71140000 - 0x00007ffa7127f000 	C:\WINDOWS\SYSTEM32\wintypes.dll
0x00007ffa74850000 - 0x00007ffa74949000 	C:\WINDOWS\System32\SHCORE.dll
0x00007ffa74790000 - 0x00007ffa747ee000 	C:\WINDOWS\System32\shlwapi.dll
0x00007ffa732c0000 - 0x00007ffa732eb000 	C:\WINDOWS\SYSTEM32\profapi.dll
0x00007ffa454f0000 - 0x00007ffa45508000 	C:\Users\aplut\.gradle\jdks\eclipse_adoptium-17-amd64-windows\jdk-17.0.13+11\bin\zip.dll
0x00007ffa3d9a0000 - 0x00007ffa3d9b9000 	C:\Users\aplut\.gradle\jdks\eclipse_adoptium-17-amd64-windows\jdk-17.0.13+11\bin\net.dll
0x00007ffa6a540000 - 0x00007ffa6a676000 	C:\WINDOWS\SYSTEM32\WINHTTP.dll
0x00007ffa72800000 - 0x00007ffa72869000 	C:\WINDOWS\system32\mswsock.dll
0x00007ffa3c930000 - 0x00007ffa3c946000 	C:\Users\aplut\.gradle\jdks\eclipse_adoptium-17-amd64-windows\jdk-17.0.13+11\bin\nio.dll
0x00007ffa47db0000 - 0x00007ffa47dc0000 	C:\Users\aplut\.gradle\jdks\eclipse_adoptium-17-amd64-windows\jdk-17.0.13+11\bin\verify.dll
0x00007ffa3b650000 - 0x00007ffa3b677000 	C:\Users\aplut\.gradle\native\c067742578af261105cb4f569cf0c3c89f3d7b1fecec35dd04571415982c5e48\windows-amd64\native-platform.dll
0x00007ff9fde60000 - 0x00007ff9fdfa4000 	C:\Users\aplut\.gradle\native\100fb08df4bc3b14c8652ba06237920a3bd2aa13389f12d3474272988ae205f9\windows-amd64\native-platform-file-events.dll
0x00007ffa45f60000 - 0x00007ffa45f6a000 	C:\Users\aplut\.gradle\jdks\eclipse_adoptium-17-amd64-windows\jdk-17.0.13+11\bin\management.dll
0x00007ffa40c90000 - 0x00007ffa40c9b000 	C:\Users\aplut\.gradle\jdks\eclipse_adoptium-17-amd64-windows\jdk-17.0.13+11\bin\management_ext.dll
0x00007ffa74340000 - 0x00007ffa74348000 	C:\WINDOWS\System32\PSAPI.DLL
0x00007ffa72aa0000 - 0x00007ffa72abb000 	C:\WINDOWS\SYSTEM32\CRYPTSP.dll
0x00007ffa722f0000 - 0x00007ffa72325000 	C:\WINDOWS\system32\rsaenh.dll
0x00007ffa728a0000 - 0x00007ffa728c8000 	C:\WINDOWS\SYSTEM32\USERENV.dll
0x00007ffa72a00000 - 0x00007ffa72a0c000 	C:\WINDOWS\SYSTEM32\CRYPTBASE.dll
0x00007ffa71df0000 - 0x00007ffa71e1d000 	C:\WINDOWS\SYSTEM32\IPHLPAPI.DLL
0x00007ffa740c0000 - 0x00007ffa740c9000 	C:\WINDOWS\System32\NSI.dll
0x00007ffa67c90000 - 0x00007ffa67ca9000 	C:\WINDOWS\SYSTEM32\dhcpcsvc6.DLL
0x00007ffa67c70000 - 0x00007ffa67c8f000 	C:\WINDOWS\SYSTEM32\dhcpcsvc.DLL
0x00007ffa71e20000 - 0x00007ffa71f22000 	C:\WINDOWS\SYSTEM32\DNSAPI.dll
0x00007ffa3dfc0000 - 0x00007ffa3dfc9000 	C:\Users\aplut\.gradle\jdks\eclipse_adoptium-17-amd64-windows\jdk-17.0.13+11\bin\extnet.dll
0x00007ffa3df60000 - 0x00007ffa3df6e000 	C:\Users\aplut\.gradle\jdks\eclipse_adoptium-17-amd64-windows\jdk-17.0.13+11\bin\sunmscapi.dll
0x00007ffa736e0000 - 0x00007ffa73846000 	C:\WINDOWS\System32\CRYPT32.dll
0x00007ffa72cb0000 - 0x00007ffa72cdd000 	C:\WINDOWS\SYSTEM32\ncrypt.dll
0x00007ffa72c70000 - 0x00007ffa72ca7000 	C:\WINDOWS\SYSTEM32\NTASN1.dll
0x00007ffa62c70000 - 0x00007ffa62c78000 	C:\WINDOWS\system32\wshunix.dll
0x000000006c660000 - 0x000000006c686000 	C:\Program Files\Bonjour\mdnsNSP.dll
0x00007ffa648c0000 - 0x00007ffa648ca000 	C:\Windows\System32\rasadhlp.dll
0x00007ffa60960000 - 0x00007ffa609e3000 	C:\WINDOWS\System32\fwpuclnt.dll

dbghelp: loaded successfully - version: 4.0.5 - missing functions: none
symbol engine: initialized successfully - sym options: 0x614 - pdb path: .;C:\Users\aplut\.gradle\jdks\eclipse_adoptium-17-amd64-windows\jdk-17.0.13+11\bin;C:\WINDOWS\SYSTEM32;C:\Program Files\Avast Software\Avast;C:\WINDOWS\WinSxS\amd64_microsoft.windows.common-controls_6595b64144ccf1df_6.0.22621.4391_none_2715d37f73803e96;C:\Users\aplut\.gradle\jdks\eclipse_adoptium-17-amd64-windows\jdk-17.0.13+11\bin\server;C:\Users\aplut\.gradle\native\c067742578af261105cb4f569cf0c3c89f3d7b1fecec35dd04571415982c5e48\windows-amd64;C:\Users\aplut\.gradle\native\100fb08df4bc3b14c8652ba06237920a3bd2aa13389f12d3474272988ae205f9\windows-amd64;C:\Program Files\Bonjour

VM Arguments:
jvm_args: --add-opens=java.base/java.util.concurrent.atomic=ALL-UNNAMED --add-opens=java.base/java.util=ALL-UNNAMED --add-opens=java.base/java.lang=ALL-UNNAMED --add-opens=java.base/java.lang.invoke=ALL-UNNAMED --add-opens=java.prefs/java.util.prefs=ALL-UNNAMED --add-opens=java.base/java.nio.charset=ALL-UNNAMED --add-opens=java.base/java.net=ALL-UNNAMED --add-opens=java.base/java.util.concurrent.atomic=ALL-UNNAMED -Xmx3G -Dfile.encoding=UTF-8 -Duser.country=PL -Duser.language=pl -Duser.variant -javaagent:C:\Users\aplut\.gradle\wrapper\dists\gradle-8.8-bin\dl7vupf4psengwqhwktix4v1\gradle-8.8\lib\agents\gradle-instrumentation-agent-8.8.jar 
java_command: org.gradle.launcher.daemon.bootstrap.GradleDaemon 8.8
java_class_path (initial): C:\Users\aplut\.gradle\wrapper\dists\gradle-8.8-bin\dl7vupf4psengwqhwktix4v1\gradle-8.8\lib\gradle-launcher-8.8.jar
Launcher Type: SUN_STANDARD

[Global flags]
     intx CICompilerCount                          = 3                                         {product} {ergonomic}
     uint ConcGCThreads                            = 1                                         {product} {ergonomic}
     uint G1ConcRefinementThreads                  = 4                                         {product} {ergonomic}
   size_t G1HeapRegionSize                         = 2097152                                   {product} {ergonomic}
    uintx GCDrainStackTargetSize                   = 64                                        {product} {ergonomic}
   size_t InitialHeapSize                          = 130023424                                 {product} {ergonomic}
   size_t MarkStackSize                            = 4194304                                   {product} {ergonomic}
   size_t MaxHeapSize                              = 3221225472                                {product} {command line}
   size_t MaxNewSize                               = 1931476992                                {product} {ergonomic}
   size_t MinHeapDeltaBytes                        = 2097152                                   {product} {ergonomic}
   size_t MinHeapSize                              = 8388608                                   {product} {ergonomic}
    uintx NonNMethodCodeHeapSize                   = 5832780                                {pd product} {ergonomic}
    uintx NonProfiledCodeHeapSize                  = 122912730                              {pd product} {ergonomic}
    uintx ProfiledCodeHeapSize                     = 122912730                              {pd product} {ergonomic}
    uintx ReservedCodeCacheSize                    = 251658240                              {pd product} {ergonomic}
     bool SegmentedCodeCache                       = true                                      {product} {ergonomic}
   size_t SoftMaxHeapSize                          = 3221225472                             {manageable} {ergonomic}
     bool UseCompressedClassPointers               = true                           {product lp64_product} {ergonomic}
     bool UseCompressedOops                        = true                           {product lp64_product} {ergonomic}
     bool UseG1GC                                  = true                                      {product} {ergonomic}
     bool UseLargePagesIndividualAllocation        = false                                  {pd product} {ergonomic}

Logging:
Log output configuration:
 #0: stdout all=warning uptime,level,tags
 #1: stderr all=off uptime,level,tags

Environment Variables:
PATH=C:\Program Files\Eclipse Adoptium\jdk-17.0.13.11-hotspot\bin;C:\Users\aplut\OneDrive\Pulpit\PythonFlask\Scripts\;C:\Users\aplut\OneDrive\Pulpit\PythonFlask\;C:\Program Files\Oculus\Support\oculus-runtime;C:\PROGRA~2\Borland\CBUILD~1\Bin;C:\PROGRA~2\Borland\CBUILD~1\Projects\Bpl;C:\Program Files\Common Files\Oracle\Java\javapath;C:\Program Files (x86)\Common Files\Oracle\Java\java8path;C:\Program Files (x86)\Common Files\Oracle\Java\javapath;C:\Program Files (x86)\VMware\VMware Player\bin\;C:\Program Files\Microsoft\jdk-11.0.12.7-hotspot\bin;C:\WINDOWS\system32;C:\WINDOWS;C:\WINDOWS\System32\Wbem;C:\WINDOWS\System32\WindowsPowerShell\v1.0\;C:\WINDOWS\System32\OpenSSH\;C:\Program Files\Microsoft SQL Server\150\Tools\Binn\;C:\Program Files\dotnet\;C:\Program Files (x86)\Yarn\bin\;C:\Program Files\HP\HP One Agent;C:\Program Files\Docker\Docker\resources\bin;C:\Program Files\nodejs\;C:\Program Files\Microsoft SQL Server\120\Tools\Binn\;C:\Program Files\Git\cmd;C:\Users\aplut\.cargo\bin;C:\Ruby27-x64\bin;C:\Users\aplut\AppData\Local\Microsoft\WindowsApps;C:\Users\aplut\.dotnet\tools;%JAVA_HOME%\bin;C:\Users\aplut\AppData\Local\Programs\Microsoft VS Code\bin;C:\Users\aplut\AppData\Local\Yarn\bin;C:\ProgramData\aplut\GitHubDesktop\bin;C:\Users\aplut\AppData\Roaming\npm;C:\xampp\php;C:\Users\aplut\composer;C:\Users\aplut\AppData\Roaming\Composer\vendor\bin;C:\Users\aplut\AppData\Local\Muse Hub\lib;C:\Program Files\Oracle\VirtualBox;C:\Users\aplut\IntelliJ IDEA Community Edition 2024.3\bin;;C:\Gradle\bin;C:\Users\aplut\AppData\Local\GitHubDesktop\bin
USERNAME=aplut
OS=Windows_NT
PROCESSOR_IDENTIFIER=Intel64 Family 6 Model 140 Stepping 1, GenuineIntel
TMP=C:\Users\aplut\AppData\Local\Temp
TEMP=C:\Users\aplut\AppData\Local\Temp



Periodic native trim disabled


---------------  S Y S T E M  ---------------

OS:
 Windows 11 , 64 bit Build 22621 (10.0.22621.4391)
OS uptime: 0 days 10:09 hours
Hyper-V role detected

CPU: total 4 (initial active 4) (2 cores per cpu, 2 threads per core) family 6 model 140 stepping 1 microcode 0xac, cx8, cmov, fxsr, ht, mmx, 3dnowpref, sse, sse2, sse3, ssse3, sse4.1, sse4.2, popcnt, lzcnt, tsc, tscinvbit, avx, avx2, aes, erms, clmul, bmi1, bmi2, adx, avx512f, avx512dq, avx512cd, avx512bw, avx512vl, sha, fma, vzeroupper, avx512_vpopcntdq, avx512_vpclmulqdq, avx512_vaes, avx512_vnni, clflush, clflushopt, clwb, avx512_vbmi2, avx512_vbmi, hv
Processor Information for all 4 processors :
  Max Mhz: 2995, Current Mhz: 2995, Mhz Limit: 2995

Memory: 4k page, system-wide physical 7932M (620M free)
TotalPageFile size 16932M (AvailPageFile size 516M)
current process WorkingSet (physical memory assigned to process): 310M, peak: 527M
current process commit charge ("private bytes"): 608M, peak: 932M

vm_info: OpenJDK 64-Bit Server VM (17.0.13+11) for windows-amd64 JRE (17.0.13+11), built on Oct 16 2024 00:10:08 by "admin" with MS VC++ 17.7 (VS2022)

END.
