#
# There is insufficient memory for the Java Runtime Environment to continue.
# Native memory allocation (mmap) failed to map 18874368 bytes. Error detail: G1 virtual space
# Possible reasons:
#   The system is out of physical RAM or swap space
#   This process is running with CompressedOops enabled, and the Java Heap may be blocking the growth of the native heap
# Possible solutions:
#   Reduce memory load on the system
#   Increase physical memory or swap space
#   Check if swap backing store is full
#   Decrease Java heap size (-Xmx/-Xms)
#   Decrease number of Java threads
#   Decrease Java thread stack sizes (-Xss)
#   Set larger code cache with -XX:ReservedCodeCacheSize=
#   JVM is running with Zero Based Compressed Oops mode in which the Java heap is
#     placed in the first 32GB address space. The Java Heap base address is the
#     maximum limit for the native heap growth. Please use -XX:HeapBaseMinAddress
#     to set the Java Heap base and to place the Java Heap above 32GB virtual address.
# This output file may be truncated or incomplete.
#
#  Out of Memory Error (os_windows.cpp:3614), pid=7548, tid=17804
#
# JRE version: OpenJDK Runtime Environment Temurin-17.0.13+11 (17.0.13+11) (build 17.0.13+11)
# Java VM: OpenJDK 64-Bit Server VM Temurin-17.0.13+11 (17.0.13+11, mixed mode, sharing, tiered, compressed oops, compressed class ptrs, g1 gc, windows-amd64)
# No core dump will be written. Minidumps are not enabled by default on client versions of Windows
#

---------------  S U M M A R Y ------------

Command Line: --add-opens=java.base/java.util=ALL-UNNAMED --add-opens=java.base/java.lang=ALL-UNNAMED --add-opens=java.base/java.lang.invoke=ALL-UNNAMED --add-opens=java.prefs/java.util.prefs=ALL-UNNAMED --add-opens=java.base/java.nio.charset=ALL-UNNAMED --add-opens=java.base/java.net=ALL-UNNAMED --add-opens=java.base/java.util.concurrent.atomic=ALL-UNNAMED -Xmx3G -Dfile.encoding=UTF-8 -Duser.country=PL -Duser.language=pl -Duser.variant -javaagent:C:\Users\aplut\.gradle\wrapper\dists\gradle-8.8-bin\dl7vupf4psengwqhwktix4v1\gradle-8.8\lib\agents\gradle-instrumentation-agent-8.8.jar org.gradle.launcher.daemon.bootstrap.GradleDaemon 8.8

Host: 11th Gen Intel(R) Core(TM) i3-1115G4 @ 3.00GHz, 4 cores, 7G,  Windows 11 , 64 bit Build 22621 (10.0.22621.4391)
Time: Wed Dec  4 21:34:36 2024  Windows 11 , 64 bit Build 22621 (10.0.22621.4391) elapsed time: 20.330506 seconds (0d 0h 0m 20s)

---------------  T H R E A D  ---------------

Current thread (0x000001e93fefe7f0):  VMThread "VM Thread" [stack: 0x0000004090200000,0x0000004090300000] [id=17804]

Stack: [0x0000004090200000,0x0000004090300000]
Native frames: (J=compiled Java code, j=interpreted, Vv=VM code, C=native code)
V  [jvm.dll+0x682a19]
V  [jvm.dll+0x839538]
V  [jvm.dll+0x83afe3]
V  [jvm.dll+0x83b653]
V  [jvm.dll+0x24704f]
V  [jvm.dll+0x67f809]
V  [jvm.dll+0x6746fa]
V  [jvm.dll+0x304a96]
V  [jvm.dll+0x30bf56]
V  [jvm.dll+0x35da5e]
V  [jvm.dll+0x35dc9d]
V  [jvm.dll+0x2dbe5c]
V  [jvm.dll+0x2da1ff]
V  [jvm.dll+0x2d996c]
V  [jvm.dll+0x31d14b]
V  [jvm.dll+0x83fe8d]
V  [jvm.dll+0x840bc3]
V  [jvm.dll+0x8410ef]
V  [jvm.dll+0x8414d4]
V  [jvm.dll+0x84159e]
V  [jvm.dll+0x7e8ffc]
V  [jvm.dll+0x6818f7]
C  [ucrtbase.dll+0x29333]
C  [KERNEL32.DLL+0x1259d]
C  [ntdll.dll+0x5af38]

VM_Operation (0x00000040918f8a40): G1CollectForAllocation, mode: safepoint, requested by thread 0x000001e985f7ab30


---------------  P R O C E S S  ---------------

Threads class SMR info:
_java_thread_list=0x000001e9884b33d0, length=45, elements={
0x000001e91fd27400, 0x000001e93ff04480, 0x000001e93ff05040, 0x000001e93ff1e980,
0x000001e93ff1f540, 0x000001e93ff247c0, 0x000001e93ff26190, 0x000001e93ff296e0,
0x000001e93ff2de30, 0x000001e985138050, 0x000001e9851c2180, 0x000001e9852f28a0,
0x000001e9863c3f30, 0x000001e986085050, 0x000001e986784580, 0x000001e9860dabc0,
0x000001e98516a5e0, 0x000001e985f79c00, 0x000001e985f7ab30, 0x000001e985f7b040,
0x000001e985f77890, 0x000001e985f782b0, 0x000001e985f77da0, 0x000001e985f78cd0,
0x000001e985f791e0, 0x000001e985f7a110, 0x000001e985f7a620, 0x000001e9882a9df0,
0x000001e9882aa810, 0x000001e9882aa300, 0x000001e9882ad5a0, 0x000001e9882ae4d0,
0x000001e9882acb80, 0x000001e9882a84a0, 0x000001e9882ab230, 0x000001e9882ab740,
0x000001e9882a8ec0, 0x000001e9882abc50, 0x000001e9882ac160, 0x000001e9882ac670,
0x000001e9882ad090, 0x000001e9882adfc0, 0x000001e9882ae9e0, 0x000001e9882a89b0,
0x000001e9882a7570
}

Java Threads: ( => current thread )
  0x000001e91fd27400 JavaThread "main" [_thread_blocked, id=9652, stack(0x000000408fb00000,0x000000408fc00000)]
  0x000001e93ff04480 JavaThread "Reference Handler" daemon [_thread_blocked, id=18308, stack(0x0000004090300000,0x0000004090400000)]
  0x000001e93ff05040 JavaThread "Finalizer" daemon [_thread_blocked, id=26940, stack(0x0000004090400000,0x0000004090500000)]
  0x000001e93ff1e980 JavaThread "Signal Dispatcher" daemon [_thread_blocked, id=21340, stack(0x0000004090500000,0x0000004090600000)]
  0x000001e93ff1f540 JavaThread "Attach Listener" daemon [_thread_blocked, id=21000, stack(0x0000004090600000,0x0000004090700000)]
  0x000001e93ff247c0 JavaThread "Service Thread" daemon [_thread_blocked, id=26388, stack(0x0000004090700000,0x0000004090800000)]
  0x000001e93ff26190 JavaThread "Monitor Deflation Thread" daemon [_thread_blocked, id=22892, stack(0x0000004090800000,0x0000004090900000)]
  0x000001e93ff296e0 JavaThread "C2 CompilerThread0" daemon [_thread_blocked, id=23532, stack(0x0000004090900000,0x0000004090a00000)]
  0x000001e93ff2de30 JavaThread "C1 CompilerThread0" daemon [_thread_blocked, id=10600, stack(0x0000004090a00000,0x0000004090b00000)]
  0x000001e985138050 JavaThread "Sweeper thread" daemon [_thread_blocked, id=18452, stack(0x0000004090b00000,0x0000004090c00000)]
  0x000001e9851c2180 JavaThread "Common-Cleaner" daemon [_thread_blocked, id=20548, stack(0x0000004090c00000,0x0000004090d00000)]
  0x000001e9852f28a0 JavaThread "Notification Thread" daemon [_thread_blocked, id=8032, stack(0x0000004090d00000,0x0000004090e00000)]
  0x000001e9863c3f30 JavaThread "Daemon health stats" [_thread_blocked, id=25772, stack(0x0000004091200000,0x0000004091300000)]
  0x000001e986085050 JavaThread "Incoming local TCP Connector on port 50358" [_thread_in_native, id=26312, stack(0x0000004091300000,0x0000004091400000)]
  0x000001e986784580 JavaThread "Daemon periodic checks" [_thread_blocked, id=25864, stack(0x0000004091400000,0x0000004091500000)]
  0x000001e9860dabc0 JavaThread "Daemon" [_thread_blocked, id=15004, stack(0x0000004091500000,0x0000004091600000)]
  0x000001e98516a5e0 JavaThread "Handler for socket connection from /127.0.0.1:50358 to /127.0.0.1:50359" [_thread_in_native, id=20924, stack(0x0000004091600000,0x0000004091700000)]
  0x000001e985f79c00 JavaThread "Cancel handler" [_thread_blocked, id=636, stack(0x0000004091700000,0x0000004091800000)]
  0x000001e985f7ab30 JavaThread "Daemon worker" [_thread_blocked, id=3044, stack(0x0000004091800000,0x0000004091900000)]
  0x000001e985f7b040 JavaThread "Asynchronous log dispatcher for DefaultDaemonConnection: socket connection from /127.0.0.1:50358 to /127.0.0.1:50359" [_thread_blocked, id=27220, stack(0x0000004091900000,0x0000004091a00000)]
  0x000001e985f77890 JavaThread "Stdin handler" [_thread_blocked, id=22080, stack(0x0000004091a00000,0x0000004091b00000)]
  0x000001e985f782b0 JavaThread "Daemon client event forwarder" [_thread_blocked, id=25184, stack(0x0000004091b00000,0x0000004091c00000)]
  0x000001e985f77da0 JavaThread "Cache worker for journal cache (C:\Users\aplut\.gradle\caches\journal-1)" [_thread_blocked, id=19200, stack(0x0000004091c00000,0x0000004091d00000)]
  0x000001e985f78cd0 JavaThread "File lock request listener" [_thread_in_native, id=23964, stack(0x0000004091d00000,0x0000004091e00000)]
  0x000001e985f791e0 JavaThread "Cache worker for file hash cache (C:\Users\aplut\.gradle\caches\8.8\fileHashes)" [_thread_blocked, id=27076, stack(0x0000004091e00000,0x0000004091f00000)]
  0x000001e985f7a110 JavaThread "Cache worker for file hash cache (C:\Users\aplut\OneDrive\Projekty\Mods\Creativity\.gradle\8.8\fileHashes)" [_thread_blocked, id=8180, stack(0x0000004091f00000,0x0000004092000000)]
  0x000001e985f7a620 JavaThread "File watcher server" daemon [_thread_in_native, id=11456, stack(0x0000004092000000,0x0000004092100000)]
  0x000001e9882a9df0 JavaThread "File watcher consumer" daemon [_thread_blocked, id=22344, stack(0x0000004092100000,0x0000004092200000)]
  0x000001e9882aa810 JavaThread "Cache worker for checksums cache (C:\Users\aplut\OneDrive\Projekty\Mods\Creativity\.gradle\8.8\checksums)" [_thread_blocked, id=15432, stack(0x0000004092200000,0x0000004092300000)]
  0x000001e9882aa300 JavaThread "Cache worker for file content cache (C:\Users\aplut\.gradle\caches\8.8\fileContent)" [_thread_blocked, id=25904, stack(0x0000004092300000,0x0000004092400000)]
  0x000001e9882ad5a0 JavaThread "Cache worker for cache directory md-rule (C:\Users\aplut\.gradle\caches\8.8\md-rule)" [_thread_blocked, id=8484, stack(0x0000004092400000,0x0000004092500000)]
  0x000001e9882ae4d0 JavaThread "Cache worker for cache directory md-supplier (C:\Users\aplut\.gradle\caches\8.8\md-supplier)" [_thread_blocked, id=8416, stack(0x0000004092500000,0x0000004092600000)]
  0x000001e9882acb80 JavaThread "jar transforms" [_thread_blocked, id=27340, stack(0x0000004092600000,0x0000004092700000)]
  0x000001e9882a84a0 JavaThread "jar transforms Thread 2" [_thread_blocked, id=940, stack(0x0000004092700000,0x0000004092800000)]
  0x000001e9882ab230 JavaThread "jar transforms Thread 3" [_thread_blocked, id=19720, stack(0x0000004092900000,0x0000004092a00000)]
  0x000001e9882ab740 JavaThread "Unconstrained build operations" [_thread_blocked, id=14476, stack(0x0000004092a00000,0x0000004092b00000)]
  0x000001e9882a8ec0 JavaThread "Unconstrained build operations Thread 2" [_thread_blocked, id=11700, stack(0x0000004092b00000,0x0000004092c00000)]
  0x000001e9882abc50 JavaThread "jar transforms Thread 4" [_thread_blocked, id=16892, stack(0x0000004092c00000,0x0000004092d00000)]
  0x000001e9882ac160 JavaThread "Unconstrained build operations Thread 3" [_thread_blocked, id=11904, stack(0x0000004092d00000,0x0000004092e00000)]
  0x000001e9882ac670 JavaThread "Unconstrained build operations Thread 4" [_thread_blocked, id=25820, stack(0x0000004092e00000,0x0000004092f00000)]
  0x000001e9882ad090 JavaThread "Unconstrained build operations Thread 5" [_thread_blocked, id=20160, stack(0x0000004092f00000,0x0000004093000000)]
  0x000001e9882adfc0 JavaThread "Unconstrained build operations Thread 6" [_thread_blocked, id=25668, stack(0x0000004093000000,0x0000004093100000)]
  0x000001e9882ae9e0 JavaThread "Unconstrained build operations Thread 7" [_thread_blocked, id=26020, stack(0x0000004093100000,0x0000004093200000)]
  0x000001e9882a89b0 JavaThread "Unconstrained build operations Thread 8" [_thread_blocked, id=16416, stack(0x0000004093200000,0x0000004093300000)]
  0x000001e9882a7570 JavaThread "Cache worker for Build Output Cleanup Cache (C:\Users\aplut\OneDrive\Projekty\Mods\Creativity\.gradle\buildOutputCleanup)" [_thread_blocked, id=20392, stack(0x0000004093300000,0x0000004093400000)]

Other Threads:
=>0x000001e93fefe7f0 VMThread "VM Thread" [stack: 0x0000004090200000,0x0000004090300000] [id=17804]
  0x000001e91fd28280 WatcherThread [stack: 0x0000004090e00000,0x0000004090f00000] [id=25656]
  0x000001e91fd7ef60 GCTaskThread "GC Thread#0" [stack: 0x000000408fd00000,0x000000408fe00000] [id=25224]
  0x000001e98535a220 GCTaskThread "GC Thread#1" [stack: 0x0000004090f00000,0x0000004091000000] [id=21464]
  0x000001e985377450 GCTaskThread "GC Thread#2" [stack: 0x0000004091000000,0x0000004091100000] [id=12764]
  0x000001e98551d2e0 GCTaskThread "GC Thread#3" [stack: 0x0000004091100000,0x0000004091200000] [id=26816]
  0x000001e91fd8bf80 ConcurrentGCThread "G1 Main Marker" [stack: 0x000000408fe00000,0x000000408ff00000] [id=20788]
  0x000001e91fd8d210 ConcurrentGCThread "G1 Conc#0" [stack: 0x000000408ff00000,0x0000004090000000] [id=5580]
  0x000001e93fdc00a0 ConcurrentGCThread "G1 Refine#0" [stack: 0x0000004090000000,0x0000004090100000] [id=1000]
  0x000001e986919660 ConcurrentGCThread "G1 Refine#1" [stack: 0x0000004092800000,0x0000004092900000] [id=10032]
  0x000001e93fdc0ad0 ConcurrentGCThread "G1 Service" [stack: 0x0000004090100000,0x0000004090200000] [id=26164]

Threads with active compile tasks:
C2 CompilerThread0    20366 6079       4       groovyjarjarantlr4.v4.runtime.atn.PredictionContext::join (569 bytes)

VM state: at safepoint (normal execution)

VM Mutex/Monitor currently owned by a thread:  ([mutex/lock_event])
[0x000001e91fd226d0] Threads_lock - owner thread: 0x000001e93fefe7f0
[0x000001e91fd22010] Heap_lock - owner thread: 0x000001e985f7ab30

Heap address: 0x0000000740000000, size: 3072 MB, Compressed Oops mode: Zero based, Oop shift amount: 3

CDS archive(s) mapped at: [0x000001e940000000-0x000001e940bb0000-0x000001e940bb0000), size 12255232, SharedBaseAddress: 0x000001e940000000, ArchiveRelocationMode: 1.
Compressed class space mapped at: 0x000001e941000000-0x000001e981000000, reserved size: 1073741824
Narrow klass base: 0x000001e940000000, Narrow klass shift: 0, Narrow klass range: 0x100000000

GC Precious Log:
 CPUs: 4 total, 4 available
 Memory: 7932M
 Large Page Support: Disabled
 NUMA Support: Disabled
 Compressed Oops: Enabled (Zero based)
 Heap Region Size: 2M
 Heap Min Capacity: 8M
 Heap Initial Capacity: 124M
 Heap Max Capacity: 3G
 Pre-touch: Disabled
 Parallel Workers: 4
 Concurrent Workers: 1
 Concurrent Refinement Workers: 4
 Periodic GC: Disabled

Heap:
 garbage-first heap   total 108544K, used 43889K [0x0000000740000000, 0x0000000800000000)
  region size 2048K, 2 young (4096K), 2 survivors (4096K)
 Metaspace       used 51079K, committed 51584K, reserved 1114112K
  class space    used 7234K, committed 7488K, reserved 1048576K

Heap Regions: E=young(eden), S=young(survivor), O=old, HS=humongous(starts), HC=humongous(continues), CS=collection set, F=free, OA=open archive, CA=closed archive, TAMS=top-at-mark-start (previous, next)
|   0|0x0000000740000000, 0x0000000740200000, 0x0000000740200000|100%|HS|  |TAMS 0x0000000740200000, 0x0000000740000000| Complete 
|   1|0x0000000740200000, 0x0000000740400000, 0x0000000740400000|100%|HC|  |TAMS 0x0000000740400000, 0x0000000740200000| Complete 
|   2|0x0000000740400000, 0x0000000740600000, 0x0000000740600000|100%| O|  |TAMS 0x0000000740600000, 0x0000000740400000| Untracked 
|   3|0x0000000740600000, 0x0000000740800000, 0x0000000740800000|100%| O|  |TAMS 0x0000000740800000, 0x0000000740600000| Untracked 
|   4|0x0000000740800000, 0x0000000740a00000, 0x0000000740a00000|100%| O|  |TAMS 0x0000000740a00000, 0x0000000740800000| Untracked 
|   5|0x0000000740a00000, 0x0000000740c00000, 0x0000000740c00000|100%| O|  |TAMS 0x0000000740c00000, 0x0000000740a00000| Untracked 
|   6|0x0000000740c00000, 0x0000000740e00000, 0x0000000740e00000|100%| O|  |TAMS 0x0000000740e00000, 0x0000000740c00000| Untracked 
|   7|0x0000000740e00000, 0x0000000740fa3200, 0x0000000741000000| 81%| O|  |TAMS 0x0000000740fa3200, 0x0000000740e00000| Untracked 
|   8|0x0000000741000000, 0x0000000741200000, 0x0000000741200000|100%| O|  |TAMS 0x0000000741200000, 0x0000000741000000| Untracked 
|   9|0x0000000741200000, 0x0000000741400000, 0x0000000741400000|100%| O|  |TAMS 0x0000000741400000, 0x0000000741200000| Untracked 
|  10|0x0000000741400000, 0x0000000741600000, 0x0000000741600000|100%| O|  |TAMS 0x0000000741600000, 0x0000000741400000| Untracked 
|  11|0x0000000741600000, 0x0000000741800000, 0x0000000741800000|100%| O|  |TAMS 0x0000000741800000, 0x0000000741600000| Untracked 
|  12|0x0000000741800000, 0x0000000741a00000, 0x0000000741a00000|100%| O|  |TAMS 0x0000000741876200, 0x0000000741800000| Untracked 
|  13|0x0000000741a00000, 0x0000000741c00000, 0x0000000741c00000|100%| O|  |TAMS 0x0000000741a00000, 0x0000000741a00000| Untracked 
|  14|0x0000000741c00000, 0x0000000741e00000, 0x0000000741e00000|100%| O|  |TAMS 0x0000000741c00000, 0x0000000741c00000| Untracked 
|  15|0x0000000741e00000, 0x0000000742000000, 0x0000000742000000|100%| O|  |TAMS 0x0000000741e00000, 0x0000000741e00000| Untracked 
|  16|0x0000000742000000, 0x0000000742200000, 0x0000000742200000|100%| O|  |TAMS 0x0000000742000000, 0x0000000742000000| Untracked 
|  17|0x0000000742200000, 0x0000000742400000, 0x0000000742400000|100%| O|  |TAMS 0x0000000742200000, 0x0000000742200000| Untracked 
|  18|0x0000000742400000, 0x0000000742600000, 0x0000000742600000|100%| O|  |TAMS 0x0000000742400000, 0x0000000742400000| Untracked 
|  19|0x0000000742600000, 0x0000000742800000, 0x0000000742800000|100%| O|  |TAMS 0x0000000742600000, 0x0000000742600000| Untracked 
|  20|0x0000000742800000, 0x00000007428ee000, 0x0000000742a00000| 46%| O|  |TAMS 0x0000000742800000, 0x0000000742800000| Untracked 
|  21|0x0000000742a00000, 0x0000000742a00000, 0x0000000742c00000|  0%| F|  |TAMS 0x0000000742a00000, 0x0000000742a00000| Untracked 
|  22|0x0000000742c00000, 0x0000000742c00000, 0x0000000742e00000|  0%| F|  |TAMS 0x0000000742c00000, 0x0000000742c00000| Untracked 
|  23|0x0000000742e00000, 0x0000000742e00000, 0x0000000743000000|  0%| F|  |TAMS 0x0000000742e00000, 0x0000000742e00000| Untracked 
|  24|0x0000000743000000, 0x0000000743000000, 0x0000000743200000|  0%| F|  |TAMS 0x0000000743000000, 0x0000000743000000| Untracked 
|  25|0x0000000743200000, 0x0000000743200000, 0x0000000743400000|  0%| F|  |TAMS 0x0000000743200000, 0x0000000743200000| Untracked 
|  26|0x0000000743400000, 0x0000000743400000, 0x0000000743600000|  0%| F|  |TAMS 0x0000000743400000, 0x0000000743400000| Untracked 
|  27|0x0000000743600000, 0x0000000743600000, 0x0000000743800000|  0%| F|  |TAMS 0x0000000743600000, 0x0000000743600000| Untracked 
|  28|0x0000000743800000, 0x000000074384b438, 0x0000000743a00000| 14%| S|CS|TAMS 0x0000000743800000, 0x0000000743800000| Complete 
|  29|0x0000000743a00000, 0x0000000743c00000, 0x0000000743c00000|100%| S|CS|TAMS 0x0000000743a00000, 0x0000000743a00000| Complete 
|  30|0x0000000743c00000, 0x0000000743c00000, 0x0000000743e00000|  0%| F|  |TAMS 0x0000000743c00000, 0x0000000743c00000| Untracked 
|  31|0x0000000743e00000, 0x0000000743e00000, 0x0000000744000000|  0%| F|  |TAMS 0x0000000743e00000, 0x0000000743e00000| Untracked 
|  32|0x0000000744000000, 0x0000000744000000, 0x0000000744200000|  0%| F|  |TAMS 0x0000000744000000, 0x0000000744000000| Untracked 
|  33|0x0000000744200000, 0x0000000744200000, 0x0000000744400000|  0%| F|  |TAMS 0x0000000744200000, 0x0000000744200000| Untracked 
|  34|0x0000000744400000, 0x0000000744400000, 0x0000000744600000|  0%| F|  |TAMS 0x0000000744400000, 0x0000000744400000| Untracked 
|  35|0x0000000744600000, 0x0000000744600000, 0x0000000744800000|  0%| F|  |TAMS 0x0000000744600000, 0x0000000744600000| Untracked 
|  36|0x0000000744800000, 0x0000000744800000, 0x0000000744a00000|  0%| F|  |TAMS 0x0000000744800000, 0x0000000744800000| Untracked 
|  37|0x0000000744a00000, 0x0000000744a00000, 0x0000000744c00000|  0%| F|  |TAMS 0x0000000744a00000, 0x0000000744a00000| Untracked 
|  38|0x0000000744c00000, 0x0000000744c00000, 0x0000000744e00000|  0%| F|  |TAMS 0x0000000744c00000, 0x0000000744c00000| Untracked 
|  39|0x0000000744e00000, 0x0000000744e00000, 0x0000000745000000|  0%| F|  |TAMS 0x0000000744e00000, 0x0000000744e00000| Untracked 
|  40|0x0000000745000000, 0x0000000745000000, 0x0000000745200000|  0%| F|  |TAMS 0x0000000745000000, 0x0000000745000000| Untracked 
|  41|0x0000000745200000, 0x0000000745200000, 0x0000000745400000|  0%| F|  |TAMS 0x0000000745200000, 0x0000000745200000| Untracked 
|  42|0x0000000745400000, 0x0000000745400000, 0x0000000745600000|  0%| F|  |TAMS 0x0000000745400000, 0x0000000745400000| Untracked 
|  43|0x0000000745600000, 0x0000000745600000, 0x0000000745800000|  0%| F|  |TAMS 0x0000000745600000, 0x0000000745600000| Untracked 
|  44|0x0000000745800000, 0x0000000745800000, 0x0000000745a00000|  0%| F|  |TAMS 0x0000000745800000, 0x0000000745800000| Untracked 
|  45|0x0000000745a00000, 0x0000000745a00000, 0x0000000745c00000|  0%| F|  |TAMS 0x0000000745a00000, 0x0000000745a00000| Untracked 
|  46|0x0000000745c00000, 0x0000000745c00000, 0x0000000745e00000|  0%| F|  |TAMS 0x0000000745c00000, 0x0000000745c00000| Untracked 
|  47|0x0000000745e00000, 0x0000000745e00000, 0x0000000746000000|  0%| F|  |TAMS 0x0000000745e00000, 0x0000000745e00000| Untracked 
|  48|0x0000000746000000, 0x0000000746000000, 0x0000000746200000|  0%| F|  |TAMS 0x0000000746000000, 0x0000000746000000| Untracked 
|  49|0x0000000746200000, 0x0000000746200000, 0x0000000746400000|  0%| F|  |TAMS 0x0000000746200000, 0x0000000746200000| Untracked 
|  50|0x0000000746400000, 0x0000000746400000, 0x0000000746600000|  0%| F|  |TAMS 0x0000000746400000, 0x0000000746400000| Untracked 
|  51|0x0000000746600000, 0x0000000746600000, 0x0000000746800000|  0%| F|  |TAMS 0x0000000746600000, 0x0000000746600000| Untracked 
|  61|0x0000000747a00000, 0x0000000747a00000, 0x0000000747c00000|  0%| F|  |TAMS 0x0000000747a00000, 0x0000000747a00000| Untracked 

Card table byte_map: [0x000001e936e50000,0x000001e937450000] _byte_map_base: 0x000001e933450000

Marking Bits (Prev, Next): (CMBitMap*) 0x000001e91fd7f580, (CMBitMap*) 0x000001e91fd7f5c0
 Prev Bits: [0x000001e937a50000, 0x000001e93aa50000)
 Next Bits: [0x000001e93aa50000, 0x000001e93da50000)

Polling page: 0x000001e91dc10000

Metaspace:

Usage:
  Non-class:     42.82 MB used.
      Class:      7.07 MB used.
       Both:     49.88 MB used.

Virtual space:
  Non-class space:       64.00 MB reserved,      43.06 MB ( 67%) committed,  1 nodes.
      Class space:        1.00 GB reserved,       7.31 MB ( <1%) committed,  1 nodes.
             Both:        1.06 GB reserved,      50.38 MB (  5%) committed. 

Chunk freelists:
   Non-Class:  4.45 MB
       Class:  8.60 MB
        Both:  13.06 MB

MaxMetaspaceSize: unlimited
CompressedClassSpaceSize: 1.00 GB
Initial GC threshold: 21.00 MB
Current GC threshold: 58.88 MB
CDS: on
MetaspaceReclaimPolicy: balanced
 - commit_granule_bytes: 65536.
 - commit_granule_words: 8192.
 - virtual_space_node_default_size: 8388608.
 - enlarge_chunks_in_place: 1.
 - new_chunks_are_fully_committed: 0.
 - uncommit_free_chunks: 1.
 - use_allocation_guard: 0.
 - handle_deallocations: 1.


Internal statistics:

num_allocs_failed_limit: 6.
num_arena_births: 542.
num_arena_deaths: 0.
num_vsnodes_births: 2.
num_vsnodes_deaths: 0.
num_space_committed: 806.
num_space_uncommitted: 0.
num_chunks_returned_to_freelist: 6.
num_chunks_taken_from_freelist: 2586.
num_chunk_merges: 6.
num_chunk_splits: 1707.
num_chunks_enlarged: 1183.
num_inconsistent_stats: 0.

CodeHeap 'non-profiled nmethods': size=120000Kb used=2464Kb max_used=2886Kb free=117535Kb
 bounds [0x000001e92f320000, 0x000001e92f600000, 0x000001e936850000]
CodeHeap 'profiled nmethods': size=120000Kb used=10500Kb max_used=10776Kb free=109499Kb
 bounds [0x000001e927850000, 0x000001e928300000, 0x000001e92ed80000]
CodeHeap 'non-nmethods': size=5760Kb used=2345Kb max_used=2390Kb free=3414Kb
 bounds [0x000001e92ed80000, 0x000001e92eff0000, 0x000001e92f320000]
 total_blobs=6226 nmethods=5376 adapters=762
 compilation: enabled
              stopped_count=0, restarted_count=0
 full_count=0

Compilation events (20 events):
Event: 20.313 Thread 0x000001e93ff2de30 6331       2       org.gradle.internal.snapshot.SnapshotUtil::getChild (20 bytes)
Event: 20.313 Thread 0x000001e93ff2de30 nmethod 6331 0x000001e927abbc10 code [0x000001e927abbdc0, 0x000001e927abbfc8]
Event: 20.315 Thread 0x000001e93ff2de30 6332       1       java.lang.Thread::isInterrupted (5 bytes)
Event: 20.315 Thread 0x000001e93ff2de30 nmethod 6332 0x000001e92f4d8190 code [0x000001e92f4d8320, 0x000001e92f4d83f8]
Event: 20.316 Thread 0x000001e93ff2de30 6333       2       java.lang.ThreadLocal::setInitialValue (50 bytes)
Event: 20.316 Thread 0x000001e93ff2de30 nmethod 6333 0x000001e927abb510 code [0x000001e927abb700, 0x000001e927abb9e8]
Event: 20.319 Thread 0x000001e93ff2de30 6334       2       com.google.common.collect.AbstractMultimap::<init> (5 bytes)
Event: 20.319 Thread 0x000001e93ff2de30 nmethod 6334 0x000001e928211d90 code [0x000001e928211f20, 0x000001e928212018]
Event: 20.319 Thread 0x000001e93ff2de30 6335       1       com.google.common.collect.MapMakerInternalMap$AbstractStrongKeyEntry::getKey (5 bytes)
Event: 20.320 Thread 0x000001e93ff2de30 nmethod 6335 0x000001e92f4d7e90 code [0x000001e92f4d8020, 0x000001e92f4d80f8]
Event: 20.320 Thread 0x000001e93ff2de30 6336       2       org.gradle.internal.reflect.MethodSet$MethodKey::<init> (6 bytes)
Event: 20.320 Thread 0x000001e93ff2de30 nmethod 6336 0x000001e927abaf90 code [0x000001e927abb140, 0x000001e927abb388]
Event: 20.320 Thread 0x000001e93ff2de30 6337       2       org.gradle.internal.reflect.MethodSet$MethodKey::<init> (18 bytes)
Event: 20.321 Thread 0x000001e93ff2de30 nmethod 6337 0x000001e9278d3210 code [0x000001e9278d33c0, 0x000001e9278d3608]
Event: 20.321 Thread 0x000001e93ff2de30 6338       2       com.google.common.collect.AbstractMapBasedMultimap::put (92 bytes)
Event: 20.321 Thread 0x000001e93ff2de30 nmethod 6338 0x000001e9278d2a90 code [0x000001e9278d2ca0, 0x000001e9278d3058]
Event: 20.322 Thread 0x000001e93ff2de30 6340       2       groovy.lang.MetaClassImpl::getNewMetaMethods (18 bytes)
Event: 20.322 Thread 0x000001e93ff2de30 nmethod 6340 0x000001e9278d2690 code [0x000001e9278d2840, 0x000001e9278d29a8]
Event: 20.322 Thread 0x000001e93ff2de30 6341       3       org.codehaus.groovy.runtime.metaclass.MetaMethodIndex::findMatchingMethod (48 bytes)
Event: 20.322 Thread 0x000001e93ff2de30 nmethod 6341 0x000001e9278d1f90 code [0x000001e9278d2160, 0x000001e9278d2508]

GC Heap History (20 events):
Event: 13.877 GC heap after
{Heap after GC invocations=5 (full 0):
 garbage-first heap   total 126976K, used 24204K [0x0000000740000000, 0x0000000800000000)
  region size 2048K, 4 young (8192K), 4 survivors (8192K)
 Metaspace       used 21167K, committed 21504K, reserved 1114112K
  class space    used 3118K, committed 3328K, reserved 1048576K
}
Event: 14.997 GC heap before
{Heap before GC invocations=6 (full 0):
 garbage-first heap   total 90112K, used 69260K [0x0000000740000000, 0x0000000800000000)
  region size 2048K, 26 young (53248K), 4 survivors (8192K)
 Metaspace       used 26678K, committed 27008K, reserved 1114112K
  class space    used 4000K, committed 4160K, reserved 1048576K
}
Event: 15.013 GC heap after
{Heap after GC invocations=7 (full 0):
 garbage-first heap   total 90112K, used 26457K [0x0000000740000000, 0x0000000800000000)
  region size 2048K, 3 young (6144K), 3 survivors (6144K)
 Metaspace       used 26678K, committed 27008K, reserved 1114112K
  class space    used 4000K, committed 4160K, reserved 1048576K
}
Event: 16.059 GC heap before
{Heap before GC invocations=7 (full 0):
 garbage-first heap   total 90112K, used 65369K [0x0000000740000000, 0x0000000800000000)
  region size 2048K, 23 young (47104K), 3 survivors (6144K)
 Metaspace       used 32630K, committed 33024K, reserved 1114112K
  class space    used 4655K, committed 4864K, reserved 1048576K
}
Event: 16.070 GC heap after
{Heap after GC invocations=8 (full 0):
 garbage-first heap   total 90112K, used 30821K [0x0000000740000000, 0x0000000800000000)
  region size 2048K, 3 young (6144K), 3 survivors (6144K)
 Metaspace       used 32630K, committed 33024K, reserved 1114112K
  class space    used 4655K, committed 4864K, reserved 1048576K
}
Event: 16.773 GC heap before
{Heap before GC invocations=8 (full 0):
 garbage-first heap   total 90112K, used 63589K [0x0000000740000000, 0x0000000800000000)
  region size 2048K, 18 young (36864K), 3 survivors (6144K)
 Metaspace       used 35562K, committed 35968K, reserved 1114112K
  class space    used 4955K, committed 5184K, reserved 1048576K
}
Event: 16.784 GC heap after
{Heap after GC invocations=9 (full 0):
 garbage-first heap   total 90112K, used 33147K [0x0000000740000000, 0x0000000800000000)
  region size 2048K, 2 young (4096K), 2 survivors (4096K)
 Metaspace       used 35562K, committed 35968K, reserved 1114112K
  class space    used 4955K, committed 5184K, reserved 1048576K
}
Event: 17.628 GC heap before
{Heap before GC invocations=10 (full 0):
 garbage-first heap   total 90112K, used 67963K [0x0000000740000000, 0x0000000800000000)
  region size 2048K, 19 young (38912K), 2 survivors (4096K)
 Metaspace       used 39022K, committed 39488K, reserved 1114112K
  class space    used 5545K, committed 5760K, reserved 1048576K
}
Event: 17.633 GC heap after
{Heap after GC invocations=11 (full 0):
 garbage-first heap   total 90112K, used 34897K [0x0000000740000000, 0x0000000800000000)
  region size 2048K, 3 young (6144K), 3 survivors (6144K)
 Metaspace       used 39022K, committed 39488K, reserved 1114112K
  class space    used 5545K, committed 5760K, reserved 1048576K
}
Event: 17.988 GC heap before
{Heap before GC invocations=11 (full 0):
 garbage-first heap   total 90112K, used 67665K [0x0000000740000000, 0x0000000800000000)
  region size 2048K, 19 young (38912K), 3 survivors (6144K)
 Metaspace       used 41917K, committed 42368K, reserved 1114112K
  class space    used 6034K, committed 6272K, reserved 1048576K
}
Event: 17.995 GC heap after
{Heap after GC invocations=12 (full 0):
 garbage-first heap   total 90112K, used 36504K [0x0000000740000000, 0x0000000800000000)
  region size 2048K, 2 young (4096K), 2 survivors (4096K)
 Metaspace       used 41917K, committed 42368K, reserved 1114112K
  class space    used 6034K, committed 6272K, reserved 1048576K
}
Event: 18.611 GC heap before
{Heap before GC invocations=12 (full 0):
 garbage-first heap   total 90112K, used 69272K [0x0000000740000000, 0x0000000800000000)
  region size 2048K, 18 young (36864K), 2 survivors (4096K)
 Metaspace       used 45180K, committed 45632K, reserved 1114112K
  class space    used 6437K, committed 6656K, reserved 1048576K
}
Event: 18.619 GC heap after
{Heap after GC invocations=13 (full 0):
 garbage-first heap   total 108544K, used 39389K [0x0000000740000000, 0x0000000800000000)
  region size 2048K, 3 young (6144K), 3 survivors (6144K)
 Metaspace       used 45180K, committed 45632K, reserved 1114112K
  class space    used 6437K, committed 6656K, reserved 1048576K
}
Event: 19.506 GC heap before
{Heap before GC invocations=13 (full 0):
 garbage-first heap   total 108544K, used 82397K [0x0000000740000000, 0x0000000800000000)
  region size 2048K, 24 young (49152K), 3 survivors (6144K)
 Metaspace       used 49360K, committed 49856K, reserved 1114112K
  class space    used 7116K, committed 7360K, reserved 1048576K
}
Event: 19.518 GC heap after
{Heap after GC invocations=14 (full 0):
 garbage-first heap   total 108544K, used 41423K [0x0000000740000000, 0x0000000800000000)
  region size 2048K, 3 young (6144K), 3 survivors (6144K)
 Metaspace       used 49360K, committed 49856K, reserved 1114112K
  class space    used 7116K, committed 7360K, reserved 1048576K
}
Event: 19.836 GC heap before
{Heap before GC invocations=14 (full 0):
 garbage-first heap   total 108544K, used 82383K [0x0000000740000000, 0x0000000800000000)
  region size 2048K, 24 young (49152K), 3 survivors (6144K)
 Metaspace       used 50914K, committed 51392K, reserved 1114112K
  class space    used 7219K, committed 7424K, reserved 1048576K
}
Event: 19.846 GC heap after
{Heap after GC invocations=15 (full 0):
 garbage-first heap   total 108544K, used 42882K [0x0000000740000000, 0x0000000800000000)
  region size 2048K, 2 young (4096K), 2 survivors (4096K)
 Metaspace       used 50914K, committed 51392K, reserved 1114112K
  class space    used 7219K, committed 7424K, reserved 1048576K
}
Event: 20.090 GC heap before
{Heap before GC invocations=15 (full 0):
 garbage-first heap   total 108544K, used 85890K [0x0000000740000000, 0x0000000800000000)
  region size 2048K, 23 young (47104K), 2 survivors (4096K)
 Metaspace       used 50926K, committed 51392K, reserved 1114112K
  class space    used 7219K, committed 7424K, reserved 1048576K
}
Event: 20.095 GC heap after
{Heap after GC invocations=16 (full 0):
 garbage-first heap   total 108544K, used 43504K [0x0000000740000000, 0x0000000800000000)
  region size 2048K, 1 young (2048K), 1 survivors (2048K)
 Metaspace       used 50926K, committed 51392K, reserved 1114112K
  class space    used 7219K, committed 7424K, reserved 1048576K
}
Event: 20.323 GC heap before
{Heap before GC invocations=16 (full 0):
 garbage-first heap   total 108544K, used 88560K [0x0000000740000000, 0x0000000800000000)
  region size 2048K, 23 young (47104K), 1 survivors (2048K)
 Metaspace       used 51079K, committed 51584K, reserved 1114112K
  class space    used 7234K, committed 7488K, reserved 1048576K
}

Dll operation events (15 events):
Event: 0.013 Loaded shared library C:\Program Files\Eclipse Adoptium\jdk-17.0.13.11-hotspot\bin\java.dll
Event: 0.040 Loaded shared library C:\Program Files\Eclipse Adoptium\jdk-17.0.13.11-hotspot\bin\jsvml.dll
Event: 0.560 Loaded shared library C:\Program Files\Eclipse Adoptium\jdk-17.0.13.11-hotspot\bin\zip.dll
Event: 0.568 Loaded shared library C:\Program Files\Eclipse Adoptium\jdk-17.0.13.11-hotspot\bin\instrument.dll
Event: 0.578 Loaded shared library C:\Program Files\Eclipse Adoptium\jdk-17.0.13.11-hotspot\bin\net.dll
Event: 0.622 Loaded shared library C:\Program Files\Eclipse Adoptium\jdk-17.0.13.11-hotspot\bin\nio.dll
Event: 0.645 Loaded shared library C:\Program Files\Eclipse Adoptium\jdk-17.0.13.11-hotspot\bin\zip.dll
Event: 1.454 Loaded shared library C:\Program Files\Eclipse Adoptium\jdk-17.0.13.11-hotspot\bin\jimage.dll
Event: 1.562 Loaded shared library C:\Program Files\Eclipse Adoptium\jdk-17.0.13.11-hotspot\bin\verify.dll
Event: 1.719 Loaded shared library C:\Users\aplut\.gradle\native\c067742578af261105cb4f569cf0c3c89f3d7b1fecec35dd04571415982c5e48\windows-amd64\native-platform.dll
Event: 1.730 Loaded shared library C:\Users\aplut\.gradle\native\100fb08df4bc3b14c8652ba06237920a3bd2aa13389f12d3474272988ae205f9\windows-amd64\native-platform-file-events.dll
Event: 7.078 Loaded shared library C:\Program Files\Eclipse Adoptium\jdk-17.0.13.11-hotspot\bin\management.dll
Event: 7.084 Loaded shared library C:\Program Files\Eclipse Adoptium\jdk-17.0.13.11-hotspot\bin\management_ext.dll
Event: 7.530 Loaded shared library C:\Program Files\Eclipse Adoptium\jdk-17.0.13.11-hotspot\bin\extnet.dll
Event: 11.325 Loaded shared library C:\Program Files\Eclipse Adoptium\jdk-17.0.13.11-hotspot\bin\sunmscapi.dll

Deoptimization events (20 events):
Event: 19.796 Thread 0x000001e985f7ab30 DEOPT PACKING pc=0x000001e9281cae72 sp=0x00000040918f6100
Event: 19.796 Thread 0x000001e985f7ab30 DEOPT UNPACKING pc=0x000001e92eddace3 sp=0x00000040918f5658 mode 0
Event: 19.810 Thread 0x000001e985f7ab30 DEOPT PACKING pc=0x000001e9281c6954 sp=0x00000040918f5db0
Event: 19.810 Thread 0x000001e985f7ab30 DEOPT UNPACKING pc=0x000001e92eddace3 sp=0x00000040918f52a0 mode 0
Event: 19.881 Thread 0x000001e985f7ab30 DEOPT PACKING pc=0x000001e9281c38fb sp=0x00000040918f5dd0
Event: 19.881 Thread 0x000001e985f7ab30 DEOPT UNPACKING pc=0x000001e92eddace3 sp=0x00000040918f52f8 mode 0
Event: 20.046 Thread 0x000001e985f7ab30 DEOPT PACKING pc=0x000001e9281db261 sp=0x00000040918f4f20
Event: 20.046 Thread 0x000001e985f7ab30 DEOPT UNPACKING pc=0x000001e92eddace3 sp=0x00000040918f4380 mode 0
Event: 20.076 Thread 0x000001e985f7ab30 DEOPT PACKING pc=0x000001e9281d9d53 sp=0x00000040918f5e80
Event: 20.076 Thread 0x000001e985f7ab30 DEOPT UNPACKING pc=0x000001e92eddace3 sp=0x00000040918f5368 mode 0
Event: 20.122 Thread 0x000001e985f7ab30 Uncommon trap: trap_request=0xffffff45 fr.pc=0x000001e92f5a46c8 relative=0x0000000000000468
Event: 20.122 Thread 0x000001e985f7ab30 Uncommon trap: reason=unstable_if action=reinterpret pc=0x000001e92f5a46c8 method=groovyjarjarantlr4.v4.runtime.atn.PredictionContextCache$IdentityCommutativePredictionContextOperands.equals(Ljava/lang/Object;)Z @ 40 c2
Event: 20.122 Thread 0x000001e985f7ab30 DEOPT PACKING pc=0x000001e92f5a46c8 sp=0x00000040918f5bb0
Event: 20.122 Thread 0x000001e985f7ab30 DEOPT UNPACKING pc=0x000001e92edda1a3 sp=0x00000040918f5898 mode 2
Event: 20.232 Thread 0x000001e985f7ab30 Uncommon trap: trap_request=0xffffff45 fr.pc=0x000001e92f481aec relative=0x0000000000004ecc
Event: 20.232 Thread 0x000001e985f7ab30 Uncommon trap: reason=unstable_if action=reinterpret pc=0x000001e92f481aec method=groovyjarjarantlr4.v4.runtime.atn.ParserATNSimulator.closure(Lgroovyjarjarantlr4/v4/runtime/atn/ATNConfig;Lgroovyjarjarantlr4/v4/runtime/atn/ATNConfigSet;Lgroovyjarjarantlr4
Event: 20.232 Thread 0x000001e985f7ab30 DEOPT PACKING pc=0x000001e92f481aec sp=0x00000040918f6250
Event: 20.232 Thread 0x000001e985f7ab30 DEOPT UNPACKING pc=0x000001e92edda1a3 sp=0x00000040918f6238 mode 2
Event: 20.262 Thread 0x000001e985f7ab30 DEOPT PACKING pc=0x000001e9282b2a8a sp=0x00000040918f63b0
Event: 20.263 Thread 0x000001e985f7ab30 DEOPT UNPACKING pc=0x000001e92eddace3 sp=0x00000040918f58a8 mode 0

Classes loaded (20 events):
Event: 19.631 Loading class java/lang/invoke/BoundMethodHandle$Species_LLLLLLLLLLLLLL
Event: 19.631 Loading class java/lang/invoke/BoundMethodHandle$Species_LLLLLLLLLLLLLL done
Event: 19.634 Loading class java/lang/invoke/BoundMethodHandle$Species_LLLLLLLLLLLLLLL
Event: 19.634 Loading class java/lang/invoke/BoundMethodHandle$Species_LLLLLLLLLLLLLLL done
Event: 19.636 Loading class java/lang/invoke/BoundMethodHandle$Species_LLLLLLLLLLLLLLLL
Event: 19.636 Loading class java/lang/invoke/BoundMethodHandle$Species_LLLLLLLLLLLLLLLL done
Event: 19.638 Loading class java/lang/invoke/BoundMethodHandle$Species_LLLLLLLLLLLLLLLLL
Event: 19.638 Loading class java/lang/invoke/BoundMethodHandle$Species_LLLLLLLLLLLLLLLLL done
Event: 19.640 Loading class java/lang/invoke/BoundMethodHandle$Species_LLLLLLLLLLLLLLLLLL
Event: 19.640 Loading class java/lang/invoke/BoundMethodHandle$Species_LLLLLLLLLLLLLLLLLL done
Event: 19.643 Loading class java/lang/invoke/BoundMethodHandle$Species_LLLLLLLLLLLLLLLLLLL
Event: 19.643 Loading class java/lang/invoke/BoundMethodHandle$Species_LLLLLLLLLLLLLLLLLLL done
Event: 19.645 Loading class java/lang/invoke/BoundMethodHandle$Species_LLLLLLLLLLLLLLLLLLLL
Event: 19.645 Loading class java/lang/invoke/BoundMethodHandle$Species_LLLLLLLLLLLLLLLLLLLL done
Event: 19.649 Loading class java/lang/invoke/BoundMethodHandle$Species_LLLLLLLLLLLLLLLLLLLLL
Event: 19.649 Loading class java/lang/invoke/BoundMethodHandle$Species_LLLLLLLLLLLLLLLLLLLLL done
Event: 19.650 Loading class java/lang/invoke/BoundMethodHandle$Species_LLLLLLLLLLLLLLLLLLLLLL
Event: 19.650 Loading class java/lang/invoke/BoundMethodHandle$Species_LLLLLLLLLLLLLLLLLLLLLL done
Event: 19.652 Loading class java/lang/invoke/BoundMethodHandle$Species_LLLLLLLLLLLLLLLLLLLLLLL
Event: 19.652 Loading class java/lang/invoke/BoundMethodHandle$Species_LLLLLLLLLLLLLLLLLLLLLLL done

Classes unloaded (0 events):
No events

Classes redefined (0 events):
No events

Internal exceptions (20 events):
Event: 19.123 Thread 0x000001e985f7ab30 Exception <a 'sun/nio/fs/WindowsException'{0x0000000745259c38}> (0x0000000745259c38) 
thrown [s\src\hotspot\share\prims\jni.cpp, line 516]
Event: 19.126 Thread 0x000001e985f7ab30 Exception <a 'sun/nio/fs/WindowsException'{0x0000000745265478}> (0x0000000745265478) 
thrown [s\src\hotspot\share\prims\jni.cpp, line 516]
Event: 19.394 Thread 0x000001e985f7ab30 Exception <a 'java/lang/NoSuchMethodError'{0x0000000744514b38}: 'long java.lang.invoke.DirectMethodHandle$Holder.invokeStatic(java.lang.Object, long)'> (0x0000000744514b38) 
thrown [s\src\hotspot\share\interpreter\linkResolver.cpp, line 759]
Event: 19.623 Thread 0x000001e985f7ab30 Exception <a 'java/lang/NoSuchMethodError'{0x00000007462c1240}: 'java.lang.Object java.lang.invoke.DelegatingMethodHandle$Holder.reinvoke_L(java.lang.Object, java.lang.Object, java.lang.Object, java.lang.Object, java.lang.Object, java.lang.Object, java.lang.Object, java.lang.Object, java.lang.Object, java.lang.Object, java.lang.Object, java.lang.Object, java.lang.Object, java.lang.Object, java.lang.Object, java.lang.Object, java.lang.Object, java.lang.Object, java.lang.Object, java.lang.Object, java.lang.O
Event: 19.623 Thread 0x000001e985f7ab30 Exception <a 'java/lang/NoSuchMethodError'{0x00000007462e2c00}: 'java.lang.Object java.lang.invoke.Invokers$Holder.invoker(java.lang.Object, java.lang.Object, java.lang.Object, java.lang.Object, java.lang.Object, java.lang.Object, java.lang.Object, java.lang.Object, java.lang.Object, java.lang.Object, java.lang.Object, java.lang.Object, java.lang.Object, java.lang.Object, java.lang.Object, java.lang.Object, java.lang.Object, java.lang.Object, java.lang.Object, java.lang.Object, java.lang.Object, java.lang.
Event: 19.624 Thread 0x000001e985f7ab30 Exception <a 'java/lang/NoSuchMethodError'{0x00000007462e9a58}: 'java.lang.Object java.lang.invoke.DelegatingMethodHandle$Holder.delegate(java.lang.Object, java.lang.Object, java.lang.Object, java.lang.Object, java.lang.Object, java.lang.Object, java.lang.Object, java.lang.Object, java.lang.Object, java.lang.Object, java.lang.Object, java.lang.Object, java.lang.Object, java.lang.Object, java.lang.Object, java.lang.Object, java.lang.Object, java.lang.Object, java.lang.Object, java.lang.Object, java.lang.Obj
Event: 19.633 Thread 0x000001e985f7ab30 Exception <a 'java/lang/NoSuchMethodError'{0x00000007463644b0}: 'java.lang.Object java.lang.invoke.DirectMethodHandle$Holder.invokeStatic(java.lang.Object, java.lang.Object, java.lang.Object, java.lang.Object, java.lang.Object, java.lang.Object, java.lang.Object, java.lang.Object, java.lang.Object, java.lang.Object, java.lang.Object, java.lang.Object, java.lang.Object, java.lang.Object, java.lang.Object, java.lang.Object, java.lang.Object)'> (0x00000007463644b0) 
thrown [s\src\hotspot\share\interpreter\lin
Event: 19.635 Thread 0x000001e985f7ab30 Exception <a 'java/lang/NoSuchMethodError'{0x000000074638d9f8}: 'java.lang.Object java.lang.invoke.DirectMethodHandle$Holder.invokeStatic(java.lang.Object, java.lang.Object, java.lang.Object, java.lang.Object, java.lang.Object, java.lang.Object, java.lang.Object, java.lang.Object, java.lang.Object, java.lang.Object, java.lang.Object, java.lang.Object, java.lang.Object, java.lang.Object, java.lang.Object, java.lang.Object, java.lang.Object, java.lang.Object)'> (0x000000074638d9f8) 
thrown [s\src\hotspot\sha
Event: 19.637 Thread 0x000001e985f7ab30 Exception <a 'java/lang/NoSuchMethodError'{0x00000007463b8450}: 'java.lang.Object java.lang.invoke.DirectMethodHandle$Holder.invokeStatic(java.lang.Object, java.lang.Object, java.lang.Object, java.lang.Object, java.lang.Object, java.lang.Object, java.lang.Object, java.lang.Object, java.lang.Object, java.lang.Object, java.lang.Object, java.lang.Object, java.lang.Object, java.lang.Object, java.lang.Object, java.lang.Object, java.lang.Object, java.lang.Object, java.lang.Object)'> (0x00000007463b8450) 
thrown 
Event: 19.639 Thread 0x000001e985f7ab30 Exception <a 'java/lang/NoSuchMethodError'{0x00000007463e40b8}: 'java.lang.Object java.lang.invoke.DirectMethodHandle$Holder.invokeStatic(java.lang.Object, java.lang.Object, java.lang.Object, java.lang.Object, java.lang.Object, java.lang.Object, java.lang.Object, java.lang.Object, java.lang.Object, java.lang.Object, java.lang.Object, java.lang.Object, java.lang.Object, java.lang.Object, java.lang.Object, java.lang.Object, java.lang.Object, java.lang.Object, java.lang.Object, java.lang.Object)'> (0x00000007
Event: 19.642 Thread 0x000001e985f7ab30 Exception <a 'java/lang/NoSuchMethodError'{0x0000000746010b38}: 'java.lang.Object java.lang.invoke.DirectMethodHandle$Holder.invokeStatic(java.lang.Object, java.lang.Object, java.lang.Object, java.lang.Object, java.lang.Object, java.lang.Object, java.lang.Object, java.lang.Object, java.lang.Object, java.lang.Object, java.lang.Object, java.lang.Object, java.lang.Object, java.lang.Object, java.lang.Object, java.lang.Object, java.lang.Object, java.lang.Object, java.lang.Object, java.lang.Object, java.lang.Obj
Event: 19.644 Thread 0x000001e985f7ab30 Exception <a 'java/lang/NoSuchMethodError'{0x000000074603e2b8}: 'java.lang.Object java.lang.invoke.DirectMethodHandle$Holder.invokeStatic(java.lang.Object, java.lang.Object, java.lang.Object, java.lang.Object, java.lang.Object, java.lang.Object, java.lang.Object, java.lang.Object, java.lang.Object, java.lang.Object, java.lang.Object, java.lang.Object, java.lang.Object, java.lang.Object, java.lang.Object, java.lang.Object, java.lang.Object, java.lang.Object, java.lang.Object, java.lang.Object, java.lang.Obj
Event: 19.647 Thread 0x000001e985f7ab30 Exception <a 'java/lang/NoSuchMethodError'{0x000000074606cae0}: 'java.lang.Object java.lang.invoke.DirectMethodHandle$Holder.invokeStatic(java.lang.Object, java.lang.Object, java.lang.Object, java.lang.Object, java.lang.Object, java.lang.Object, java.lang.Object, java.lang.Object, java.lang.Object, java.lang.Object, java.lang.Object, java.lang.Object, java.lang.Object, java.lang.Object, java.lang.Object, java.lang.Object, java.lang.Object, java.lang.Object, java.lang.Object, java.lang.Object, java.lang.Obj
Event: 19.650 Thread 0x000001e985f7ab30 Exception <a 'java/lang/NoSuchMethodError'{0x000000074609bdb8}: 'java.lang.Object java.lang.invoke.DirectMethodHandle$Holder.invokeStatic(java.lang.Object, java.lang.Object, java.lang.Object, java.lang.Object, java.lang.Object, java.lang.Object, java.lang.Object, java.lang.Object, java.lang.Object, java.lang.Object, java.lang.Object, java.lang.Object, java.lang.Object, java.lang.Object, java.lang.Object, java.lang.Object, java.lang.Object, java.lang.Object, java.lang.Object, java.lang.Object, java.lang.Obj
Event: 19.651 Thread 0x000001e985f7ab30 Exception <a 'java/lang/NoSuchMethodError'{0x00000007460cea08}: 'java.lang.Object java.lang.invoke.DirectMethodHandle$Holder.invokeStatic(java.lang.Object, java.lang.Object, java.lang.Object, java.lang.Object, java.lang.Object, java.lang.Object, java.lang.Object, java.lang.Object, java.lang.Object, java.lang.Object, java.lang.Object, java.lang.Object, java.lang.Object, java.lang.Object, java.lang.Object, java.lang.Object, java.lang.Object, java.lang.Object, java.lang.Object, java.lang.Object, java.lang.Obj
Event: 19.653 Thread 0x000001e985f7ab30 Exception <a 'java/lang/NoSuchMethodError'{0x0000000746101140}: 'java.lang.Object java.lang.invoke.DirectMethodHandle$Holder.invokeStatic(java.lang.Object, java.lang.Object, java.lang.Object, java.lang.Object, java.lang.Object, java.lang.Object, java.lang.Object, java.lang.Object, java.lang.Object, java.lang.Object, java.lang.Object, java.lang.Object, java.lang.Object, java.lang.Object, java.lang.Object, java.lang.Object, java.lang.Object, java.lang.Object, java.lang.Object, java.lang.Object, java.lang.Obj
Event: 20.278 Thread 0x000001e985f7ab30 Exception <a 'sun/nio/fs/WindowsException'{0x0000000743d3e280}> (0x0000000743d3e280) 
thrown [s\src\hotspot\share\prims\jni.cpp, line 516]
Event: 20.278 Thread 0x000001e985f7ab30 Exception <a 'sun/nio/fs/WindowsException'{0x0000000743d3fbf8}> (0x0000000743d3fbf8) 
thrown [s\src\hotspot\share\prims\jni.cpp, line 516]
Event: 20.283 Thread 0x000001e985f7ab30 Exception <a 'sun/nio/fs/WindowsException'{0x0000000743d54080}> (0x0000000743d54080) 
thrown [s\src\hotspot\share\prims\jni.cpp, line 516]
Event: 20.287 Thread 0x000001e985f7ab30 Exception <a 'sun/nio/fs/WindowsException'{0x0000000743d60958}> (0x0000000743d60958) 
thrown [s\src\hotspot\share\prims\jni.cpp, line 516]

VM Operations (20 events):
Event: 18.905 Executing VM operation: ICBufferFull done
Event: 18.913 Executing VM operation: HandshakeAllThreads
Event: 18.915 Executing VM operation: HandshakeAllThreads done
Event: 18.949 Executing VM operation: HandshakeAllThreads
Event: 18.950 Executing VM operation: HandshakeAllThreads done
Event: 19.257 Executing VM operation: HandshakeAllThreads
Event: 19.257 Executing VM operation: HandshakeAllThreads done
Event: 19.310 Executing VM operation: ICBufferFull
Event: 19.310 Executing VM operation: ICBufferFull done
Event: 19.505 Executing VM operation: G1CollectForAllocation
Event: 19.518 Executing VM operation: G1CollectForAllocation done
Event: 19.616 Executing VM operation: HandshakeAllThreads
Event: 19.616 Executing VM operation: HandshakeAllThreads done
Event: 19.788 Executing VM operation: ICBufferFull
Event: 19.788 Executing VM operation: ICBufferFull done
Event: 19.836 Executing VM operation: G1CollectForAllocation
Event: 19.846 Executing VM operation: G1CollectForAllocation done
Event: 20.090 Executing VM operation: G1CollectForAllocation
Event: 20.095 Executing VM operation: G1CollectForAllocation done
Event: 20.322 Executing VM operation: G1CollectForAllocation

Memory protections (0 events):
No events

Nmethod flushes (20 events):
Event: 18.957 Thread 0x000001e985138050 flushing  nmethod 0x000001e9281e3110
Event: 18.957 Thread 0x000001e985138050 flushing  nmethod 0x000001e9281e3590
Event: 18.957 Thread 0x000001e985138050 flushing  nmethod 0x000001e9281e3990
Event: 18.957 Thread 0x000001e985138050 flushing  nmethod 0x000001e9281e4190
Event: 18.957 Thread 0x000001e985138050 flushing  nmethod 0x000001e9281e4610
Event: 18.957 Thread 0x000001e985138050 flushing  nmethod 0x000001e9281e4c90
Event: 18.957 Thread 0x000001e985138050 flushing  nmethod 0x000001e9281e4f90
Event: 18.957 Thread 0x000001e985138050 flushing  nmethod 0x000001e9281ea210
Event: 18.957 Thread 0x000001e985138050 flushing  nmethod 0x000001e9281edb10
Event: 18.957 Thread 0x000001e985138050 flushing  nmethod 0x000001e9281ede90
Event: 18.957 Thread 0x000001e985138050 flushing  nmethod 0x000001e9281ee210
Event: 18.957 Thread 0x000001e985138050 flushing  nmethod 0x000001e92820c390
Event: 18.957 Thread 0x000001e985138050 flushing  nmethod 0x000001e92820c710
Event: 18.957 Thread 0x000001e985138050 flushing  nmethod 0x000001e928211d90
Event: 18.957 Thread 0x000001e985138050 flushing  nmethod 0x000001e928216190
Event: 18.957 Thread 0x000001e985138050 flushing  nmethod 0x000001e928217510
Event: 18.957 Thread 0x000001e985138050 flushing  nmethod 0x000001e92821de90
Event: 18.957 Thread 0x000001e985138050 flushing  nmethod 0x000001e928243a90
Event: 18.957 Thread 0x000001e985138050 flushing  nmethod 0x000001e92824b110
Event: 18.957 Thread 0x000001e985138050 flushing  nmethod 0x000001e92824b990

Events (20 events):
Event: 13.609 Thread 0x000001e985f7ab30 Thread added: 0x000001e985f7a110
Event: 13.832 Thread 0x000001e985f7ab30 Thread added: 0x000001e985f7a620
Event: 13.853 Thread 0x000001e985f7ab30 Thread added: 0x000001e9882a9df0
Event: 14.183 Thread 0x000001e985f7ab30 Thread added: 0x000001e9882aa810
Event: 14.226 Thread 0x000001e985f7ab30 Thread added: 0x000001e9882aa300
Event: 14.537 Thread 0x000001e985f7ab30 Thread added: 0x000001e9882ad5a0
Event: 14.766 Thread 0x000001e985f7ab30 Thread added: 0x000001e9882ae4d0
Event: 14.941 Thread 0x000001e985f7ab30 Thread added: 0x000001e9882acb80
Event: 15.030 Thread 0x000001e985f7ab30 Thread added: 0x000001e9882a84a0
Event: 16.326 Thread 0x000001e985f7ab30 Thread added: 0x000001e9882ab230
Event: 17.391 Thread 0x000001e985f7ab30 Thread added: 0x000001e9882ab740
Event: 17.435 Thread 0x000001e985f7ab30 Thread added: 0x000001e9882a8ec0
Event: 17.537 Thread 0x000001e985f7ab30 Thread added: 0x000001e9882abc50
Event: 18.893 Thread 0x000001e985f7ab30 Thread added: 0x000001e9882ac160
Event: 18.893 Thread 0x000001e985f7ab30 Thread added: 0x000001e9882ac670
Event: 18.909 Thread 0x000001e985f7ab30 Thread added: 0x000001e9882ad090
Event: 18.911 Thread 0x000001e985f7ab30 Thread added: 0x000001e9882adfc0
Event: 18.937 Thread 0x000001e985f7ab30 Thread added: 0x000001e9882ae9e0
Event: 18.937 Thread 0x000001e985f7ab30 Thread added: 0x000001e9882a89b0
Event: 19.618 Thread 0x000001e985f7ab30 Thread added: 0x000001e9882a7570


Dynamic libraries:
0x00007ff61b680000 - 0x00007ff61b68e000 	C:\Program Files\Eclipse Adoptium\jdk-17.0.13.11-hotspot\bin\java.exe
0x00007ffa76090000 - 0x00007ffa762a7000 	C:\WINDOWS\SYSTEM32\ntdll.dll
0x00007ffa3c200000 - 0x00007ffa3c21a000 	C:\Program Files\Avast Software\Avast\aswhook.dll
0x00007ffa746c0000 - 0x00007ffa74784000 	C:\WINDOWS\System32\KERNEL32.DLL
0x00007ffa739f0000 - 0x00007ffa73da9000 	C:\WINDOWS\System32\KERNELBASE.dll
0x00007ffa738d0000 - 0x00007ffa739e1000 	C:\WINDOWS\System32\ucrtbase.dll
0x00007ffa45970000 - 0x00007ffa45987000 	C:\Program Files\Eclipse Adoptium\jdk-17.0.13.11-hotspot\bin\jli.dll
0x00007ffa45e50000 - 0x00007ffa45e6e000 	C:\Program Files\Eclipse Adoptium\jdk-17.0.13.11-hotspot\bin\VCRUNTIME140.dll
0x00007ffa74190000 - 0x00007ffa7433e000 	C:\WINDOWS\System32\USER32.dll
0x00007ffa734b0000 - 0x00007ffa734d6000 	C:\WINDOWS\System32\win32u.dll
0x00007ffa59790000 - 0x00007ffa59a22000 	C:\WINDOWS\WinSxS\amd64_microsoft.windows.common-controls_6595b64144ccf1df_6.0.22621.4391_none_2715d37f73803e96\COMCTL32.dll
0x00007ffa74b80000 - 0x00007ffa74ba9000 	C:\WINDOWS\System32\GDI32.dll
0x00007ffa73390000 - 0x00007ffa734ab000 	C:\WINDOWS\System32\gdi32full.dll
0x00007ffa734e0000 - 0x00007ffa7357a000 	C:\WINDOWS\System32\msvcp_win.dll
0x00007ffa740d0000 - 0x00007ffa74177000 	C:\WINDOWS\System32\msvcrt.dll
0x00007ffa75430000 - 0x00007ffa75461000 	C:\WINDOWS\System32\IMM32.DLL
0x00007ffa45500000 - 0x00007ffa4550c000 	C:\Program Files\Eclipse Adoptium\jdk-17.0.13.11-hotspot\bin\vcruntime140_1.dll
0x00007ffa20af0000 - 0x00007ffa20b7d000 	C:\Program Files\Eclipse Adoptium\jdk-17.0.13.11-hotspot\bin\msvcp140.dll
0x00007ff9b6430000 - 0x00007ff9b709b000 	C:\Program Files\Eclipse Adoptium\jdk-17.0.13.11-hotspot\bin\server\jvm.dll
0x00007ffa74000000 - 0x00007ffa740b2000 	C:\WINDOWS\System32\ADVAPI32.dll
0x00007ffa75670000 - 0x00007ffa75717000 	C:\WINDOWS\System32\sechost.dll
0x00007ffa735f0000 - 0x00007ffa73618000 	C:\WINDOWS\System32\bcrypt.dll
0x00007ffa745a0000 - 0x00007ffa746b4000 	C:\WINDOWS\System32\RPCRT4.dll
0x00007ffa74950000 - 0x00007ffa749c1000 	C:\WINDOWS\System32\WS2_32.dll
0x00007ffa730b0000 - 0x00007ffa730fd000 	C:\WINDOWS\SYSTEM32\POWRPROF.dll
0x00007ffa671d0000 - 0x00007ffa67204000 	C:\WINDOWS\SYSTEM32\WINMM.dll
0x00007ffa64920000 - 0x00007ffa6492a000 	C:\WINDOWS\SYSTEM32\VERSION.dll
0x00007ffa72fc0000 - 0x00007ffa72fd3000 	C:\WINDOWS\SYSTEM32\UMPDC.dll
0x00007ffa72390000 - 0x00007ffa723a8000 	C:\WINDOWS\SYSTEM32\kernel.appcore.dll
0x00007ffa454f0000 - 0x00007ffa454fa000 	C:\Program Files\Eclipse Adoptium\jdk-17.0.13.11-hotspot\bin\jimage.dll
0x00007ffa70980000 - 0x00007ffa70bb2000 	C:\WINDOWS\SYSTEM32\DBGHELP.DLL
0x00007ffa75ca0000 - 0x00007ffa7602f000 	C:\WINDOWS\System32\combase.dll
0x00007ffa75490000 - 0x00007ffa75567000 	C:\WINDOWS\System32\OLEAUT32.dll
0x00007ffa62db0000 - 0x00007ffa62de2000 	C:\WINDOWS\SYSTEM32\dbgcore.DLL
0x00007ffa73850000 - 0x00007ffa738cb000 	C:\WINDOWS\System32\bcryptPrimitives.dll
0x00007ffa446c0000 - 0x00007ffa446ce000 	C:\Program Files\Eclipse Adoptium\jdk-17.0.13.11-hotspot\bin\instrument.dll
0x00007ffa398d0000 - 0x00007ffa398f5000 	C:\Program Files\Eclipse Adoptium\jdk-17.0.13.11-hotspot\bin\java.dll
0x00007ffa20090000 - 0x00007ffa20167000 	C:\Program Files\Eclipse Adoptium\jdk-17.0.13.11-hotspot\bin\jsvml.dll
0x00007ffa74bb0000 - 0x00007ffa75426000 	C:\WINDOWS\System32\SHELL32.dll
0x00007ffa71280000 - 0x00007ffa71b83000 	C:\WINDOWS\SYSTEM32\windows.storage.dll
0x00007ffa71140000 - 0x00007ffa7127f000 	C:\WINDOWS\SYSTEM32\wintypes.dll
0x00007ffa74850000 - 0x00007ffa74949000 	C:\WINDOWS\System32\SHCORE.dll
0x00007ffa74790000 - 0x00007ffa747ee000 	C:\WINDOWS\System32\shlwapi.dll
0x00007ffa732c0000 - 0x00007ffa732eb000 	C:\WINDOWS\SYSTEM32\profapi.dll
0x00007ffa3d9a0000 - 0x00007ffa3d9b8000 	C:\Program Files\Eclipse Adoptium\jdk-17.0.13.11-hotspot\bin\zip.dll
0x00007ffa3c930000 - 0x00007ffa3c949000 	C:\Program Files\Eclipse Adoptium\jdk-17.0.13.11-hotspot\bin\net.dll
0x00007ffa6a540000 - 0x00007ffa6a676000 	C:\WINDOWS\SYSTEM32\WINHTTP.dll
0x00007ffa72800000 - 0x00007ffa72869000 	C:\WINDOWS\system32\mswsock.dll
0x00007ffa39620000 - 0x00007ffa39636000 	C:\Program Files\Eclipse Adoptium\jdk-17.0.13.11-hotspot\bin\nio.dll
0x00007ffa44430000 - 0x00007ffa44440000 	C:\Program Files\Eclipse Adoptium\jdk-17.0.13.11-hotspot\bin\verify.dll
0x00007ffa3b650000 - 0x00007ffa3b677000 	C:\Users\aplut\.gradle\native\c067742578af261105cb4f569cf0c3c89f3d7b1fecec35dd04571415982c5e48\windows-amd64\native-platform.dll
0x00007ff9fe770000 - 0x00007ff9fe8b4000 	C:\Users\aplut\.gradle\native\100fb08df4bc3b14c8652ba06237920a3bd2aa13389f12d3474272988ae205f9\windows-amd64\native-platform-file-events.dll
0x00007ffa40c90000 - 0x00007ffa40c9a000 	C:\Program Files\Eclipse Adoptium\jdk-17.0.13.11-hotspot\bin\management.dll
0x00007ffa3dfc0000 - 0x00007ffa3dfcb000 	C:\Program Files\Eclipse Adoptium\jdk-17.0.13.11-hotspot\bin\management_ext.dll
0x00007ffa74340000 - 0x00007ffa74348000 	C:\WINDOWS\System32\PSAPI.DLL
0x00007ffa72aa0000 - 0x00007ffa72abb000 	C:\WINDOWS\SYSTEM32\CRYPTSP.dll
0x00007ffa722f0000 - 0x00007ffa72325000 	C:\WINDOWS\system32\rsaenh.dll
0x00007ffa728a0000 - 0x00007ffa728c8000 	C:\WINDOWS\SYSTEM32\USERENV.dll
0x00007ffa72a00000 - 0x00007ffa72a0c000 	C:\WINDOWS\SYSTEM32\CRYPTBASE.dll
0x00007ffa71df0000 - 0x00007ffa71e1d000 	C:\WINDOWS\SYSTEM32\IPHLPAPI.DLL
0x00007ffa740c0000 - 0x00007ffa740c9000 	C:\WINDOWS\System32\NSI.dll
0x00007ffa67c90000 - 0x00007ffa67ca9000 	C:\WINDOWS\SYSTEM32\dhcpcsvc6.DLL
0x00007ffa67c70000 - 0x00007ffa67c8f000 	C:\WINDOWS\SYSTEM32\dhcpcsvc.DLL
0x00007ffa71e20000 - 0x00007ffa71f22000 	C:\WINDOWS\SYSTEM32\DNSAPI.dll
0x00007ffa3df60000 - 0x00007ffa3df69000 	C:\Program Files\Eclipse Adoptium\jdk-17.0.13.11-hotspot\bin\extnet.dll
0x00007ffa3ca00000 - 0x00007ffa3ca0e000 	C:\Program Files\Eclipse Adoptium\jdk-17.0.13.11-hotspot\bin\sunmscapi.dll
0x00007ffa736e0000 - 0x00007ffa73846000 	C:\WINDOWS\System32\CRYPT32.dll
0x00007ffa72cb0000 - 0x00007ffa72cdd000 	C:\WINDOWS\SYSTEM32\ncrypt.dll
0x00007ffa72c70000 - 0x00007ffa72ca7000 	C:\WINDOWS\SYSTEM32\NTASN1.dll
0x00007ffa62950000 - 0x00007ffa62958000 	C:\WINDOWS\system32\wshunix.dll

dbghelp: loaded successfully - version: 4.0.5 - missing functions: none
symbol engine: initialized successfully - sym options: 0x614 - pdb path: .;C:\Program Files\Eclipse Adoptium\jdk-17.0.13.11-hotspot\bin;C:\WINDOWS\SYSTEM32;C:\Program Files\Avast Software\Avast;C:\WINDOWS\WinSxS\amd64_microsoft.windows.common-controls_6595b64144ccf1df_6.0.22621.4391_none_2715d37f73803e96;C:\Program Files\Eclipse Adoptium\jdk-17.0.13.11-hotspot\bin\server;C:\Users\aplut\.gradle\native\c067742578af261105cb4f569cf0c3c89f3d7b1fecec35dd04571415982c5e48\windows-amd64;C:\Users\aplut\.gradle\native\100fb08df4bc3b14c8652ba06237920a3bd2aa13389f12d3474272988ae205f9\windows-amd64

VM Arguments:
jvm_args: --add-opens=java.base/java.util=ALL-UNNAMED --add-opens=java.base/java.lang=ALL-UNNAMED --add-opens=java.base/java.lang.invoke=ALL-UNNAMED --add-opens=java.prefs/java.util.prefs=ALL-UNNAMED --add-opens=java.base/java.nio.charset=ALL-UNNAMED --add-opens=java.base/java.net=ALL-UNNAMED --add-opens=java.base/java.util.concurrent.atomic=ALL-UNNAMED -Xmx3G -Dfile.encoding=UTF-8 -Duser.country=PL -Duser.language=pl -Duser.variant -javaagent:C:\Users\aplut\.gradle\wrapper\dists\gradle-8.8-bin\dl7vupf4psengwqhwktix4v1\gradle-8.8\lib\agents\gradle-instrumentation-agent-8.8.jar 
java_command: org.gradle.launcher.daemon.bootstrap.GradleDaemon 8.8
java_class_path (initial): C:\Users\aplut\.gradle\wrapper\dists\gradle-8.8-bin\dl7vupf4psengwqhwktix4v1\gradle-8.8\lib\gradle-launcher-8.8.jar
Launcher Type: SUN_STANDARD

[Global flags]
     intx CICompilerCount                          = 3                                         {product} {ergonomic}
     uint ConcGCThreads                            = 1                                         {product} {ergonomic}
     uint G1ConcRefinementThreads                  = 4                                         {product} {ergonomic}
   size_t G1HeapRegionSize                         = 2097152                                   {product} {ergonomic}
    uintx GCDrainStackTargetSize                   = 64                                        {product} {ergonomic}
   size_t InitialHeapSize                          = 130023424                                 {product} {ergonomic}
   size_t MarkStackSize                            = 4194304                                   {product} {ergonomic}
   size_t MaxHeapSize                              = 3221225472                                {product} {command line}
   size_t MaxNewSize                               = 1931476992                                {product} {ergonomic}
   size_t MinHeapDeltaBytes                        = 2097152                                   {product} {ergonomic}
   size_t MinHeapSize                              = 8388608                                   {product} {ergonomic}
    uintx NonNMethodCodeHeapSize                   = 5832780                                {pd product} {ergonomic}
    uintx NonProfiledCodeHeapSize                  = 122912730                              {pd product} {ergonomic}
    uintx ProfiledCodeHeapSize                     = 122912730                              {pd product} {ergonomic}
    uintx ReservedCodeCacheSize                    = 251658240                              {pd product} {ergonomic}
     bool SegmentedCodeCache                       = true                                      {product} {ergonomic}
   size_t SoftMaxHeapSize                          = 3221225472                             {manageable} {ergonomic}
     bool UseCompressedClassPointers               = true                           {product lp64_product} {ergonomic}
     bool UseCompressedOops                        = true                           {product lp64_product} {ergonomic}
     bool UseG1GC                                  = true                                      {product} {ergonomic}
     bool UseLargePagesIndividualAllocation        = false                                  {pd product} {ergonomic}

Logging:
Log output configuration:
 #0: stdout all=warning uptime,level,tags
 #1: stderr all=off uptime,level,tags

Environment Variables:
PATH=C:\Program Files\Eclipse Adoptium\jdk-17.0.13.11-hotspot\bin;C:\Users\aplut\OneDrive\Pulpit\PythonFlask\Scripts\;C:\Users\aplut\OneDrive\Pulpit\PythonFlask\;C:\Program Files\Oculus\Support\oculus-runtime;C:\PROGRA~2\Borland\CBUILD~1\Bin;C:\PROGRA~2\Borland\CBUILD~1\Projects\Bpl;C:\Program Files\Common Files\Oracle\Java\javapath;C:\Program Files (x86)\Common Files\Oracle\Java\java8path;C:\Program Files (x86)\Common Files\Oracle\Java\javapath;C:\Program Files (x86)\VMware\VMware Player\bin\;C:\Program Files\Microsoft\jdk-11.0.12.7-hotspot\bin;C:\WINDOWS\system32;C:\WINDOWS;C:\WINDOWS\System32\Wbem;C:\WINDOWS\System32\WindowsPowerShell\v1.0\;C:\WINDOWS\System32\OpenSSH\;C:\Program Files\Microsoft SQL Server\150\Tools\Binn\;C:\Program Files\dotnet\;C:\Program Files (x86)\Yarn\bin\;C:\Program Files\HP\HP One Agent;C:\Program Files\Docker\Docker\resources\bin;C:\Program Files\nodejs\;C:\Program Files\Microsoft SQL Server\120\Tools\Binn\;C:\Program Files\Git\cmd;C:\Users\aplut\.cargo\bin;C:\Ruby27-x64\bin;C:\Users\aplut\AppData\Local\Microsoft\WindowsApps;C:\Users\aplut\.dotnet\tools;%JAVA_HOME%\bin;C:\Users\aplut\AppData\Local\Programs\Microsoft VS Code\bin;C:\Users\aplut\AppData\Local\Yarn\bin;C:\ProgramData\aplut\GitHubDesktop\bin;C:\Users\aplut\AppData\Roaming\npm;C:\xampp\php;C:\Users\aplut\composer;C:\Users\aplut\AppData\Roaming\Composer\vendor\bin;C:\Users\aplut\AppData\Local\Muse Hub\lib;C:\Program Files\Oracle\VirtualBox;C:\Users\aplut\IntelliJ IDEA Community Edition 2024.3\bin;;C:\Gradle\bin;C:\Users\aplut\AppData\Local\GitHubDesktop\bin
USERNAME=aplut
OS=Windows_NT
PROCESSOR_IDENTIFIER=Intel64 Family 6 Model 140 Stepping 1, GenuineIntel
TMP=C:\Users\aplut\AppData\Local\Temp
TEMP=C:\Users\aplut\AppData\Local\Temp



Periodic native trim disabled


---------------  S Y S T E M  ---------------

OS:
 Windows 11 , 64 bit Build 22621 (10.0.22621.4391)
OS uptime: 0 days 11:58 hours
Hyper-V role detected

CPU: total 4 (initial active 4) (2 cores per cpu, 2 threads per core) family 6 model 140 stepping 1 microcode 0xac, cx8, cmov, fxsr, ht, mmx, 3dnowpref, sse, sse2, sse3, ssse3, sse4.1, sse4.2, popcnt, lzcnt, tsc, tscinvbit, avx, avx2, aes, erms, clmul, bmi1, bmi2, adx, avx512f, avx512dq, avx512cd, avx512bw, avx512vl, sha, fma, vzeroupper, avx512_vpopcntdq, avx512_vpclmulqdq, avx512_vaes, avx512_vnni, clflush, clflushopt, clwb, avx512_vbmi2, avx512_vbmi, hv
Processor Information for all 4 processors :
  Max Mhz: 2995, Current Mhz: 2995, Mhz Limit: 2995

Memory: 4k page, system-wide physical 7932M (237M free)
TotalPageFile size 16932M (AvailPageFile size 14M)
current process WorkingSet (physical memory assigned to process): 271M, peak: 273M
current process commit charge ("private bytes"): 304M, peak: 322M

vm_info: OpenJDK 64-Bit Server VM (17.0.13+11) for windows-amd64 JRE (17.0.13+11), built on Oct 16 2024 00:10:08 by "admin" with MS VC++ 17.7 (VS2022)

END.
