#
# There is insufficient memory for the Java Runtime Environment to continue.
# Native memory allocation (malloc) failed to allocate 1712976 bytes. Error detail: Chunk::new
# Possible reasons:
#   The system is out of physical RAM or swap space
#   This process is running with CompressedOops enabled, and the Java Heap may be blocking the growth of the native heap
# Possible solutions:
#   Reduce memory load on the system
#   Increase physical memory or swap space
#   Check if swap backing store is full
#   Decrease Java heap size (-Xmx/-Xms)
#   Decrease number of Java threads
#   Decrease Java thread stack sizes (-Xss)
#   Set larger code cache with -XX:ReservedCodeCacheSize=
#   JVM is running with Zero Based Compressed Oops mode in which the Java heap is
#     placed in the first 32GB address space. The Java Heap base address is the
#     maximum limit for the native heap growth. Please use -XX:HeapBaseMinAddress
#     to set the Java Heap base and to place the Java Heap above 32GB virtual address.
# This output file may be truncated or incomplete.
#
#  Out of Memory Error (arena.cpp:191), pid=25892, tid=5592
#
# JRE version: OpenJDK Runtime Environment Temurin-17.0.13+11 (17.0.13+11) (build 17.0.13+11)
# Java VM: OpenJDK 64-Bit Server VM Temurin-17.0.13+11 (17.0.13+11, mixed mode, sharing, tiered, compressed oops, compressed class ptrs, g1 gc, windows-amd64)
# No core dump will be written. Minidumps are not enabled by default on client versions of Windows
#

---------------  S U M M A R Y ------------

Command Line: --add-opens=java.base/java.util.concurrent.atomic=ALL-UNNAMED --add-opens=java.base/java.util=ALL-UNNAMED --add-opens=java.base/java.lang=ALL-UNNAMED --add-opens=java.base/java.lang.invoke=ALL-UNNAMED --add-opens=java.prefs/java.util.prefs=ALL-UNNAMED --add-opens=java.base/java.nio.charset=ALL-UNNAMED --add-opens=java.base/java.net=ALL-UNNAMED --add-opens=java.base/java.util.concurrent.atomic=ALL-UNNAMED -Xmx3G -Dfile.encoding=UTF-8 -Duser.country=PL -Duser.language=pl -Duser.variant -javaagent:C:\Users\aplut\.gradle\wrapper\dists\gradle-8.8-bin\dl7vupf4psengwqhwktix4v1\gradle-8.8\lib\agents\gradle-instrumentation-agent-8.8.jar org.gradle.launcher.daemon.bootstrap.GradleDaemon 8.8

Host: 11th Gen Intel(R) Core(TM) i3-1115G4 @ 3.00GHz, 4 cores, 7G,  Windows 11 , 64 bit Build 22621 (10.0.22621.4391)
Time: Wed Dec  4 20:12:21 2024  Windows 11 , 64 bit Build 22621 (10.0.22621.4391) elapsed time: 76.515653 seconds (0d 0h 1m 16s)

---------------  T H R E A D  ---------------

Current thread (0x000002c038015860):  JavaThread "C2 CompilerThread0" daemon [_thread_in_native, id=5592, stack(0x000000e0c6400000,0x000000e0c6500000)]


Current CompileTask:
C2:  76515 10239       4       org.objectweb.asm.Frame::execute (2303 bytes)

Stack: [0x000000e0c6400000,0x000000e0c6500000]
Native frames: (J=compiled Java code, j=interpreted, Vv=VM code, C=native code)
V  [jvm.dll+0x682a19]
V  [jvm.dll+0x839538]
V  [jvm.dll+0x83afe3]
V  [jvm.dll+0x83b653]
V  [jvm.dll+0x24704f]
V  [jvm.dll+0xace34]
V  [jvm.dll+0xad4cc]
V  [jvm.dll+0x36592f]
V  [jvm.dll+0x32fbd8]
V  [jvm.dll+0x32f05a]
V  [jvm.dll+0x21804f]
V  [jvm.dll+0x21748f]
V  [jvm.dll+0x1a3070]
V  [jvm.dll+0x22788c]
V  [jvm.dll+0x2259eb]
V  [jvm.dll+0x7eec98]
V  [jvm.dll+0x7e8ffc]
V  [jvm.dll+0x6818f7]
C  [ucrtbase.dll+0x29333]
C  [KERNEL32.DLL+0x1259d]
C  [ntdll.dll+0x5af38]


---------------  P R O C E S S  ---------------

Threads class SMR info:
_java_thread_list=0x000002c07fbefce0, length=64, elements={
0x000002c017dd3a30, 0x000002c037ff3fc0, 0x000002c037ff4b80, 0x000002c038008140,
0x000002c038008d00, 0x000002c03800d7e0, 0x000002c0380115c0, 0x000002c038015860,
0x000002c03801e320, 0x000002c03801f500, 0x000002c037fdf020, 0x000002c0382e3d00,
0x000002c07f02be90, 0x000002c038d358e0, 0x000002c07e5f6f30, 0x000002c07f23ff00,
0x000002c03838cfb0, 0x000002c03838d4c0, 0x000002c03838d9d0, 0x000002c07f2f8d60,
0x000002c07f2f8340, 0x000002c07f2f64e0, 0x000002c07f2f55b0, 0x000002c07f2f7920,
0x000002c07f2f7e30, 0x000002c07f2f5ac0, 0x000002c07e2569e0, 0x000002c07e2504a0,
0x000002c07e254670, 0x000002c07e2564d0, 0x000002c07e254b80, 0x000002c07e2509b0,
0x000002c07e255090, 0x000002c07e2513d0, 0x000002c07e254160, 0x000002c07e24f570,
0x000002c07e252810, 0x000002c07e252d20, 0x000002c07e255ab0, 0x000002c07e253230,
0x000002c07e24fa80, 0x000002c07e253740, 0x000002c07e250ec0, 0x000002c07e253c50,
0x000002c07e2555a0, 0x000002c07e255fc0, 0x000002c07f596f90, 0x000002c07f5983d0,
0x000002c07f59ac50, 0x000002c07f599300, 0x000002c07f59c090, 0x000002c07f59b160,
0x000002c07f59b670, 0x000002c07f59bb80, 0x000002c07f59c5a0, 0x000002c07f596a80,
0x000002c07f5979b0, 0x000002c07f597ec0, 0x000002c03838b150, 0x000002c03838bb70,
0x000002c03838b660, 0x000002c03838c590, 0x000002c03838caa0, 0x000002c07f2f7410
}

Java Threads: ( => current thread )
  0x000002c017dd3a30 JavaThread "main" [_thread_blocked, id=6392, stack(0x000000e0c5700000,0x000000e0c5800000)]
  0x000002c037ff3fc0 JavaThread "Reference Handler" daemon [_thread_blocked, id=24768, stack(0x000000e0c5e00000,0x000000e0c5f00000)]
  0x000002c037ff4b80 JavaThread "Finalizer" daemon [_thread_blocked, id=26480, stack(0x000000e0c5f00000,0x000000e0c6000000)]
  0x000002c038008140 JavaThread "Signal Dispatcher" daemon [_thread_blocked, id=20536, stack(0x000000e0c6000000,0x000000e0c6100000)]
  0x000002c038008d00 JavaThread "Attach Listener" daemon [_thread_blocked, id=21516, stack(0x000000e0c6100000,0x000000e0c6200000)]
  0x000002c03800d7e0 JavaThread "Service Thread" daemon [_thread_blocked, id=25708, stack(0x000000e0c6200000,0x000000e0c6300000)]
  0x000002c0380115c0 JavaThread "Monitor Deflation Thread" daemon [_thread_blocked, id=21960, stack(0x000000e0c6300000,0x000000e0c6400000)]
=>0x000002c038015860 JavaThread "C2 CompilerThread0" daemon [_thread_in_native, id=5592, stack(0x000000e0c6400000,0x000000e0c6500000)]
  0x000002c03801e320 JavaThread "C1 CompilerThread0" daemon [_thread_blocked, id=24976, stack(0x000000e0c6500000,0x000000e0c6600000)]
  0x000002c03801f500 JavaThread "Sweeper thread" daemon [_thread_blocked, id=19436, stack(0x000000e0c6600000,0x000000e0c6700000)]
  0x000002c037fdf020 JavaThread "Common-Cleaner" daemon [_thread_blocked, id=15176, stack(0x000000e0c6700000,0x000000e0c6800000)]
  0x000002c0382e3d00 JavaThread "Notification Thread" daemon [_thread_blocked, id=25744, stack(0x000000e0c6800000,0x000000e0c6900000)]
  0x000002c07f02be90 JavaThread "Daemon health stats" [_thread_blocked, id=21828, stack(0x000000e0c6e00000,0x000000e0c6f00000)]
  0x000002c038d358e0 JavaThread "Incoming local TCP Connector on port 58856" [_thread_in_native, id=6796, stack(0x000000e0c6f00000,0x000000e0c7000000)]
  0x000002c07e5f6f30 JavaThread "Daemon periodic checks" [_thread_blocked, id=2100, stack(0x000000e0c7000000,0x000000e0c7100000)]
  0x000002c07f23ff00 JavaThread "Daemon" [_thread_blocked, id=7020, stack(0x000000e0c7100000,0x000000e0c7200000)]
  0x000002c03838cfb0 JavaThread "Cache worker for journal cache (C:\Users\aplut\.gradle\caches\journal-1)" [_thread_blocked, id=10024, stack(0x000000e0c7800000,0x000000e0c7900000)]
  0x000002c03838d4c0 JavaThread "File lock request listener" [_thread_in_native, id=24156, stack(0x000000e0c7900000,0x000000e0c7a00000)]
  0x000002c03838d9d0 JavaThread "Cache worker for file hash cache (C:\Users\aplut\.gradle\caches\8.8\fileHashes)" [_thread_blocked, id=2748, stack(0x000000e0c7a00000,0x000000e0c7b00000)]
  0x000002c07f2f8d60 JavaThread "File watcher server" daemon [_thread_in_native, id=24388, stack(0x000000e0c7c00000,0x000000e0c7d00000)]
  0x000002c07f2f8340 JavaThread "File watcher consumer" daemon [_thread_blocked, id=1676, stack(0x000000e0c7d00000,0x000000e0c7e00000)]
  0x000002c07f2f64e0 JavaThread "jar transforms" [_thread_blocked, id=15052, stack(0x000000e0c7e00000,0x000000e0c7f00000)]
  0x000002c07f2f55b0 JavaThread "jar transforms Thread 2" [_thread_blocked, id=19756, stack(0x000000e0c7f00000,0x000000e0c8000000)]
  0x000002c07f2f7920 JavaThread "jar transforms Thread 3" [_thread_blocked, id=11488, stack(0x000000e0c8000000,0x000000e0c8100000)]
  0x000002c07f2f7e30 JavaThread "jar transforms Thread 4" [_thread_blocked, id=2164, stack(0x000000e0c8100000,0x000000e0c8200000)]
  0x000002c07f2f5ac0 JavaThread "Cache worker for file content cache (C:\Users\aplut\.gradle\caches\8.8\fileContent)" [_thread_blocked, id=26948, stack(0x000000e0c8300000,0x000000e0c8400000)]
  0x000002c07e2569e0 JavaThread "Memory manager" [_thread_blocked, id=25984, stack(0x000000e0c9d00000,0x000000e0c9e00000)]
  0x000002c07e2504a0 JavaThread "Handler for socket connection from /127.0.0.1:58856 to /127.0.0.1:58941" [_thread_in_native, id=14668, stack(0x000000e0c5400000,0x000000e0c5500000)]
  0x000002c07e254670 JavaThread "Cancel handler" [_thread_blocked, id=23560, stack(0x000000e0c5500000,0x000000e0c5600000)]
  0x000002c07e2564d0 JavaThread "Daemon worker Thread 2" [_thread_blocked, id=9668, stack(0x000000e0c5600000,0x000000e0c5700000)]
  0x000002c07e254b80 JavaThread "Asynchronous log dispatcher for DefaultDaemonConnection: socket connection from /127.0.0.1:58856 to /127.0.0.1:58941" [_thread_blocked, id=16268, stack(0x000000e0c7300000,0x000000e0c7400000)]
  0x000002c07e2509b0 JavaThread "Stdin handler" [_thread_blocked, id=25092, stack(0x000000e0c7400000,0x000000e0c7500000)]
  0x000002c07e255090 JavaThread "Daemon client event forwarder" [_thread_blocked, id=5512, stack(0x000000e0c7600000,0x000000e0c7700000)]
  0x000002c07e2513d0 JavaThread "Cache worker for file hash cache (C:\Users\aplut\OneDrive\Projekty\Mods\Creativity\.gradle\8.8\fileHashes)" [_thread_blocked, id=24284, stack(0x000000e0c7700000,0x000000e0c7800000)]
  0x000002c07e254160 JavaThread "Cache worker for checksums cache (C:\Users\aplut\OneDrive\Projekty\Mods\Creativity\.gradle\8.8\checksums)" [_thread_blocked, id=26912, stack(0x000000e0c7b00000,0x000000e0c7c00000)]
  0x000002c07e24f570 JavaThread "Cache worker for cache directory md-rule (C:\Users\aplut\.gradle\caches\8.8\md-rule)" [_thread_blocked, id=24936, stack(0x000000e0c8200000,0x000000e0c8300000)]
  0x000002c07e252810 JavaThread "Cache worker for cache directory md-supplier (C:\Users\aplut\.gradle\caches\8.8\md-supplier)" [_thread_blocked, id=21856, stack(0x000000e0c8400000,0x000000e0c8500000)]
  0x000002c07e252d20 JavaThread "Unconstrained build operations" [_thread_blocked, id=6776, stack(0x000000e0c7500000,0x000000e0c7600000)]
  0x000002c07e255ab0 JavaThread "Unconstrained build operations Thread 2" [_thread_blocked, id=14576, stack(0x000000e0c8500000,0x000000e0c8600000)]
  0x000002c07e253230 JavaThread "Unconstrained build operations Thread 3" [_thread_blocked, id=27340, stack(0x000000e0c8600000,0x000000e0c8700000)]
  0x000002c07e24fa80 JavaThread "Unconstrained build operations Thread 4" [_thread_blocked, id=10600, stack(0x000000e0c8700000,0x000000e0c8800000)]
  0x000002c07e253740 JavaThread "Unconstrained build operations Thread 5" [_thread_blocked, id=7460, stack(0x000000e0c8800000,0x000000e0c8900000)]
  0x000002c07e250ec0 JavaThread "Unconstrained build operations Thread 6" [_thread_blocked, id=20772, stack(0x000000e0c8900000,0x000000e0c8a00000)]
  0x000002c07e253c50 JavaThread "Unconstrained build operations Thread 7" [_thread_blocked, id=15420, stack(0x000000e0c8a00000,0x000000e0c8b00000)]
  0x000002c07e2555a0 JavaThread "Cache worker for Build Output Cleanup Cache (C:\Users\aplut\OneDrive\Projekty\Mods\Creativity\.gradle\buildOutputCleanup)" [_thread_blocked, id=11596, stack(0x000000e0c8b00000,0x000000e0c8c00000)]
  0x000002c07e255fc0 JavaThread "Unconstrained build operations Thread 8" [_thread_blocked, id=17580, stack(0x000000e0c8c00000,0x000000e0c8d00000)]
  0x000002c07f596f90 JavaThread "Unconstrained build operations Thread 9" [_thread_blocked, id=6892, stack(0x000000e0c8d00000,0x000000e0c8e00000)]
  0x000002c07f5983d0 JavaThread "Unconstrained build operations Thread 10" [_thread_blocked, id=23284, stack(0x000000e0c8e00000,0x000000e0c8f00000)]
  0x000002c07f59ac50 JavaThread "Unconstrained build operations Thread 11" [_thread_blocked, id=24908, stack(0x000000e0c8f00000,0x000000e0c9000000)]
  0x000002c07f599300 JavaThread "Unconstrained build operations Thread 12" [_thread_blocked, id=6304, stack(0x000000e0c9000000,0x000000e0c9100000)]
  0x000002c07f59c090 JavaThread "Unconstrained build operations Thread 13" [_thread_blocked, id=15136, stack(0x000000e0c9100000,0x000000e0c9200000)]
  0x000002c07f59b160 JavaThread "Keep-Alive-Timer" daemon [_thread_blocked, id=5480, stack(0x000000e0c9200000,0x000000e0c9300000)]
  0x000002c07f59b670 JavaThread "Unconstrained build operations Thread 14" [_thread_blocked, id=18052, stack(0x000000e0c9400000,0x000000e0c9500000)]
  0x000002c07f59bb80 JavaThread "Unconstrained build operations Thread 15" [_thread_blocked, id=15712, stack(0x000000e0c9500000,0x000000e0c9600000)]
  0x000002c07f59c5a0 JavaThread "Unconstrained build operations Thread 16" [_thread_blocked, id=24040, stack(0x000000e0c9600000,0x000000e0c9700000)]
  0x000002c07f596a80 JavaThread "Unconstrained build operations Thread 17" [_thread_blocked, id=19724, stack(0x000000e0c9700000,0x000000e0c9800000)]
  0x000002c07f5979b0 JavaThread "Unconstrained build operations Thread 18" [_thread_blocked, id=18916, stack(0x000000e0c9800000,0x000000e0c9900000)]
  0x000002c07f597ec0 JavaThread "Unconstrained build operations Thread 19" [_thread_blocked, id=22896, stack(0x000000e0c9900000,0x000000e0c9a00000)]
  0x000002c03838b150 JavaThread "Unconstrained build operations Thread 20" [_thread_blocked, id=16712, stack(0x000000e0c9a00000,0x000000e0c9b00000)]
  0x000002c03838bb70 JavaThread "included builds" [_thread_blocked, id=27172, stack(0x000000e0c9300000,0x000000e0c9400000)]
  0x000002c03838b660 JavaThread "Execution worker" [_thread_blocked, id=21532, stack(0x000000e0c9b00000,0x000000e0c9c00000)]
  0x000002c03838c590 JavaThread "Execution worker Thread 2" [_thread_in_vm, id=8528, stack(0x000000e0c9c00000,0x000000e0c9d00000)]
  0x000002c03838caa0 JavaThread "Execution worker Thread 3" [_thread_blocked, id=6396, stack(0x000000e0c9e00000,0x000000e0c9f00000)]
  0x000002c07f2f7410 JavaThread "Cache worker for execution history cache (C:\Users\aplut\OneDrive\Projekty\Mods\Creativity\.gradle\8.8\executionHistory)" [_thread_blocked, id=14752, stack(0x000000e0c9f00000,0x000000e0ca000000)]

Other Threads:
  0x000002c037fefad0 VMThread "VM Thread" [stack: 0x000000e0c5d00000,0x000000e0c5e00000] [id=8660]
  0x000002c0382e41e0 WatcherThread [stack: 0x000000e0c6900000,0x000000e0c6a00000] [id=25992]
  0x000002c017e2d320 GCTaskThread "GC Thread#0" [stack: 0x000000e0c5800000,0x000000e0c5900000] [id=4644]
  0x000002c0384b07a0 GCTaskThread "GC Thread#1" [stack: 0x000000e0c6a00000,0x000000e0c6b00000] [id=21212]
  0x000002c03854eac0 GCTaskThread "GC Thread#2" [stack: 0x000000e0c6b00000,0x000000e0c6c00000] [id=20576]
  0x000002c0389422e0 GCTaskThread "GC Thread#3" [stack: 0x000000e0c6d00000,0x000000e0c6e00000] [id=26208]
  0x000002c017e3a270 ConcurrentGCThread "G1 Main Marker" [stack: 0x000000e0c5900000,0x000000e0c5a00000] [id=24424]
  0x000002c017e3b430 ConcurrentGCThread "G1 Conc#0" [stack: 0x000000e0c5a00000,0x000000e0c5b00000] [id=9196]
  0x000002c017e70040 ConcurrentGCThread "G1 Refine#0" [stack: 0x000000e0c5b00000,0x000000e0c5c00000] [id=6716]
  0x000002c017e70a70 ConcurrentGCThread "G1 Service" [stack: 0x000000e0c5c00000,0x000000e0c5d00000] [id=7068]

Threads with active compile tasks:
C2 CompilerThread0    76564 10239       4       org.objectweb.asm.Frame::execute (2303 bytes)

VM state: not at safepoint (normal execution)

VM Mutex/Monitor currently owned by a thread: None

Heap address: 0x0000000740000000, size: 3072 MB, Compressed Oops mode: Zero based, Oop shift amount: 3

CDS archive(s) mapped at: [0x000002c039000000-0x000002c039bb0000-0x000002c039bb0000), size 12255232, SharedBaseAddress: 0x000002c039000000, ArchiveRelocationMode: 1.
Compressed class space mapped at: 0x000002c03a000000-0x000002c07a000000, reserved size: 1073741824
Narrow klass base: 0x000002c039000000, Narrow klass shift: 0, Narrow klass range: 0x100000000

GC Precious Log:
 CPUs: 4 total, 4 available
 Memory: 7932M
 Large Page Support: Disabled
 NUMA Support: Disabled
 Compressed Oops: Enabled (Zero based)
 Heap Region Size: 2M
 Heap Min Capacity: 8M
 Heap Initial Capacity: 124M
 Heap Max Capacity: 3G
 Pre-touch: Disabled
 Parallel Workers: 4
 Concurrent Workers: 1
 Concurrent Refinement Workers: 4
 Periodic GC: Disabled

Heap:
 garbage-first heap   total 374784K, used 122575K [0x0000000740000000, 0x0000000800000000)
  region size 2048K, 10 young (20480K), 3 survivors (6144K)
 Metaspace       used 70995K, committed 71808K, reserved 1114112K
  class space    used 9799K, committed 10176K, reserved 1048576K

Heap Regions: E=young(eden), S=young(survivor), O=old, HS=humongous(starts), HC=humongous(continues), CS=collection set, F=free, OA=open archive, CA=closed archive, TAMS=top-at-mark-start (previous, next)
|   0|0x0000000740000000, 0x0000000740200000, 0x0000000740200000|100%|HS|  |TAMS 0x0000000740200000, 0x0000000740200000| Complete 
|   1|0x0000000740200000, 0x0000000740400000, 0x0000000740400000|100%|HC|  |TAMS 0x0000000740400000, 0x0000000740400000| Complete 
|   2|0x0000000740400000, 0x0000000740600000, 0x0000000740600000|100%| O|  |TAMS 0x0000000740600000, 0x0000000740600000| Untracked 
|   3|0x0000000740600000, 0x0000000740800000, 0x0000000740800000|100%| O|  |TAMS 0x0000000740800000, 0x0000000740800000| Untracked 
|   4|0x0000000740800000, 0x0000000740a00000, 0x0000000740a00000|100%| O|  |TAMS 0x0000000740a00000, 0x0000000740a00000| Untracked 
|   5|0x0000000740a00000, 0x0000000740c00000, 0x0000000740c00000|100%| O|  |TAMS 0x0000000740c00000, 0x0000000740c00000| Untracked 
|   6|0x0000000740c00000, 0x0000000740e00000, 0x0000000740e00000|100%| O|  |TAMS 0x0000000740e00000, 0x0000000740e00000| Untracked 
|   7|0x0000000740e00000, 0x0000000741000000, 0x0000000741000000|100%|HS|  |TAMS 0x0000000741000000, 0x0000000741000000| Complete 
|   8|0x0000000741000000, 0x0000000741200000, 0x0000000741200000|100%|HS|  |TAMS 0x0000000741200000, 0x0000000741200000| Complete 
|   9|0x0000000741200000, 0x0000000741400000, 0x0000000741400000|100%|HC|  |TAMS 0x0000000741400000, 0x0000000741400000| Complete 
|  10|0x0000000741400000, 0x0000000741600000, 0x0000000741600000|100%|HC|  |TAMS 0x0000000741600000, 0x0000000741600000| Complete 
|  11|0x0000000741600000, 0x0000000741800000, 0x0000000741800000|100%|HS|  |TAMS 0x0000000741800000, 0x0000000741800000| Complete 
|  12|0x0000000741800000, 0x0000000741a00000, 0x0000000741a00000|100%|HC|  |TAMS 0x0000000741a00000, 0x0000000741a00000| Complete 
|  13|0x0000000741a00000, 0x0000000741c00000, 0x0000000741c00000|100%|HS|  |TAMS 0x0000000741c00000, 0x0000000741c00000| Complete 
|  14|0x0000000741c00000, 0x0000000741e00000, 0x0000000741e00000|100%| O|  |TAMS 0x0000000741e00000, 0x0000000741e00000| Untracked 
|  15|0x0000000741e00000, 0x0000000742000000, 0x0000000742000000|100%| O|  |TAMS 0x0000000742000000, 0x0000000742000000| Untracked 
|  16|0x0000000742000000, 0x0000000742200000, 0x0000000742200000|100%| O|  |TAMS 0x0000000742200000, 0x0000000742200000| Untracked 
|  17|0x0000000742200000, 0x0000000742400000, 0x0000000742400000|100%|HS|  |TAMS 0x0000000742400000, 0x0000000742400000| Complete 
|  18|0x0000000742400000, 0x0000000742600000, 0x0000000742600000|100%|HC|  |TAMS 0x0000000742600000, 0x0000000742600000| Complete 
|  19|0x0000000742600000, 0x0000000742800000, 0x0000000742800000|100%|HC|  |TAMS 0x0000000742800000, 0x0000000742800000| Complete 
|  20|0x0000000742800000, 0x0000000742a00000, 0x0000000742a00000|100%| O|  |TAMS 0x0000000742a00000, 0x0000000742a00000| Untracked 
|  21|0x0000000742a00000, 0x0000000742c00000, 0x0000000742c00000|100%| O|  |TAMS 0x0000000742c00000, 0x0000000742c00000| Untracked 
|  22|0x0000000742c00000, 0x0000000742e00000, 0x0000000742e00000|100%| O|  |TAMS 0x0000000742e00000, 0x0000000742e00000| Untracked 
|  23|0x0000000742e00000, 0x0000000743000000, 0x0000000743000000|100%| O|  |TAMS 0x0000000743000000, 0x0000000743000000| Untracked 
|  24|0x0000000743000000, 0x0000000743200000, 0x0000000743200000|100%| O|  |TAMS 0x0000000743200000, 0x0000000743200000| Untracked 
|  25|0x0000000743200000, 0x0000000743400000, 0x0000000743400000|100%|HS|  |TAMS 0x0000000743400000, 0x0000000743400000| Complete 
|  26|0x0000000743400000, 0x0000000743600000, 0x0000000743600000|100%|HC|  |TAMS 0x0000000743600000, 0x0000000743600000| Complete 
|  27|0x0000000743600000, 0x0000000743800000, 0x0000000743800000|100%|HC|  |TAMS 0x0000000743800000, 0x0000000743800000| Complete 
|  28|0x0000000743800000, 0x0000000743a00000, 0x0000000743a00000|100%| O|  |TAMS 0x0000000743a00000, 0x0000000743a00000| Untracked 
|  29|0x0000000743a00000, 0x0000000743c00000, 0x0000000743c00000|100%| O|  |TAMS 0x0000000743c00000, 0x0000000743c00000| Untracked 
|  30|0x0000000743c00000, 0x0000000743e00000, 0x0000000743e00000|100%| O|  |TAMS 0x0000000743e00000, 0x0000000743e00000| Untracked 
|  31|0x0000000743e00000, 0x0000000744000000, 0x0000000744000000|100%| O|  |TAMS 0x0000000744000000, 0x0000000744000000| Untracked 
|  32|0x0000000744000000, 0x0000000744200000, 0x0000000744200000|100%| O|  |TAMS 0x0000000744200000, 0x0000000744200000| Untracked 
|  33|0x0000000744200000, 0x0000000744400000, 0x0000000744400000|100%| O|  |TAMS 0x0000000744400000, 0x0000000744400000| Untracked 
|  34|0x0000000744400000, 0x0000000744600000, 0x0000000744600000|100%| O|  |TAMS 0x0000000744600000, 0x0000000744600000| Untracked 
|  35|0x0000000744600000, 0x0000000744800000, 0x0000000744800000|100%| O|  |TAMS 0x0000000744800000, 0x0000000744800000| Untracked 
|  36|0x0000000744800000, 0x0000000744a00000, 0x0000000744a00000|100%|HS|  |TAMS 0x0000000744a00000, 0x0000000744a00000| Complete 
|  37|0x0000000744a00000, 0x0000000744c00000, 0x0000000744c00000|100%| O|  |TAMS 0x0000000744c00000, 0x0000000744c00000| Untracked 
|  38|0x0000000744c00000, 0x0000000744e00000, 0x0000000744e00000|100%| O|  |TAMS 0x0000000744e00000, 0x0000000744e00000| Untracked 
|  39|0x0000000744e00000, 0x0000000745000000, 0x0000000745000000|100%| O|  |TAMS 0x0000000745000000, 0x0000000745000000| Untracked 
|  40|0x0000000745000000, 0x0000000745200000, 0x0000000745200000|100%| O|  |TAMS 0x0000000745200000, 0x0000000745200000| Untracked 
|  41|0x0000000745200000, 0x000000074529e800, 0x0000000745400000| 30%| O|  |TAMS 0x0000000745200000, 0x000000074529e800| Untracked 
|  42|0x0000000745400000, 0x0000000745600000, 0x0000000745600000|100%| O|  |TAMS 0x00000007454c2600, 0x0000000745600000| Untracked 
|  43|0x0000000745600000, 0x0000000745800000, 0x0000000745800000|100%|HS|  |TAMS 0x0000000745600000, 0x0000000745800000| Complete 
|  44|0x0000000745800000, 0x0000000745a00000, 0x0000000745a00000|100%|HS|  |TAMS 0x0000000745800000, 0x0000000745800000| Complete 
|  45|0x0000000745a00000, 0x0000000745c00000, 0x0000000745c00000|100%|HC|  |TAMS 0x0000000745a00000, 0x0000000745a00000| Complete 
|  46|0x0000000745c00000, 0x0000000745e00000, 0x0000000745e00000|100%| O|  |TAMS 0x0000000745e00000, 0x0000000745e00000| Untracked 
|  47|0x0000000745e00000, 0x0000000746000000, 0x0000000746000000|100%| O|  |TAMS 0x0000000746000000, 0x0000000746000000| Untracked 
|  48|0x0000000746000000, 0x0000000746200000, 0x0000000746200000|100%|HS|  |TAMS 0x0000000746000000, 0x0000000746000000| Complete 
|  49|0x0000000746200000, 0x0000000746400000, 0x0000000746400000|100%|HC|  |TAMS 0x0000000746200000, 0x0000000746200000| Complete 
|  50|0x0000000746400000, 0x0000000746600000, 0x0000000746600000|100%|HC|  |TAMS 0x0000000746400000, 0x0000000746400000| Complete 
|  51|0x0000000746600000, 0x0000000746800000, 0x0000000746800000|100%|HS|  |TAMS 0x0000000746600000, 0x0000000746600000| Complete 
|  52|0x0000000746800000, 0x0000000746800000, 0x0000000746a00000|  0%| F|  |TAMS 0x0000000746800000, 0x0000000746800000| Untracked 
|  53|0x0000000746a00000, 0x0000000746a00000, 0x0000000746c00000|  0%| F|  |TAMS 0x0000000746a00000, 0x0000000746a00000| Untracked 
|  54|0x0000000746c00000, 0x0000000746c00000, 0x0000000746e00000|  0%| F|  |TAMS 0x0000000746c00000, 0x0000000746c00000| Untracked 
|  55|0x0000000746e00000, 0x0000000746e00000, 0x0000000747000000|  0%| F|  |TAMS 0x0000000746e00000, 0x0000000746e00000| Untracked 
|  56|0x0000000747000000, 0x0000000747000000, 0x0000000747200000|  0%| F|  |TAMS 0x0000000747000000, 0x0000000747000000| Untracked 
|  57|0x0000000747200000, 0x0000000747200000, 0x0000000747400000|  0%| F|  |TAMS 0x0000000747200000, 0x0000000747200000| Untracked 
|  58|0x0000000747400000, 0x0000000747400000, 0x0000000747600000|  0%| F|  |TAMS 0x0000000747400000, 0x0000000747400000| Untracked 
|  59|0x0000000747600000, 0x0000000747600000, 0x0000000747800000|  0%| F|  |TAMS 0x0000000747600000, 0x0000000747600000| Untracked 
|  60|0x0000000747800000, 0x0000000747800000, 0x0000000747a00000|  0%| F|  |TAMS 0x0000000747800000, 0x0000000747800000| Untracked 
|  61|0x0000000747a00000, 0x0000000747a00000, 0x0000000747c00000|  0%| F|  |TAMS 0x0000000747a00000, 0x0000000747a00000| Untracked 
|  62|0x0000000747c00000, 0x0000000747c00000, 0x0000000747e00000|  0%| F|  |TAMS 0x0000000747c00000, 0x0000000747c00000| Untracked 
|  63|0x0000000747e00000, 0x0000000747e00000, 0x0000000748000000|  0%| F|  |TAMS 0x0000000747e00000, 0x0000000747e00000| Untracked 
|  64|0x0000000748000000, 0x0000000748000000, 0x0000000748200000|  0%| F|  |TAMS 0x0000000748000000, 0x0000000748000000| Untracked 
|  65|0x0000000748200000, 0x0000000748200000, 0x0000000748400000|  0%| F|  |TAMS 0x0000000748200000, 0x0000000748200000| Untracked 
|  66|0x0000000748400000, 0x0000000748400000, 0x0000000748600000|  0%| F|  |TAMS 0x0000000748400000, 0x0000000748400000| Untracked 
|  67|0x0000000748600000, 0x0000000748600000, 0x0000000748800000|  0%| F|  |TAMS 0x0000000748600000, 0x0000000748600000| Untracked 
|  68|0x0000000748800000, 0x0000000748800000, 0x0000000748a00000|  0%| F|  |TAMS 0x0000000748800000, 0x0000000748800000| Untracked 
|  69|0x0000000748a00000, 0x0000000748a00000, 0x0000000748c00000|  0%| F|  |TAMS 0x0000000748a00000, 0x0000000748a00000| Untracked 
|  70|0x0000000748c00000, 0x0000000748c00000, 0x0000000748e00000|  0%| F|  |TAMS 0x0000000748c00000, 0x0000000748c00000| Untracked 
|  71|0x0000000748e00000, 0x0000000748e00000, 0x0000000749000000|  0%| F|  |TAMS 0x0000000748e00000, 0x0000000748e00000| Untracked 
|  72|0x0000000749000000, 0x0000000749000000, 0x0000000749200000|  0%| F|  |TAMS 0x0000000749000000, 0x0000000749000000| Untracked 
|  73|0x0000000749200000, 0x0000000749200000, 0x0000000749400000|  0%| F|  |TAMS 0x0000000749200000, 0x0000000749200000| Untracked 
|  74|0x0000000749400000, 0x0000000749400000, 0x0000000749600000|  0%| F|  |TAMS 0x0000000749400000, 0x0000000749400000| Untracked 
|  75|0x0000000749600000, 0x0000000749600000, 0x0000000749800000|  0%| F|  |TAMS 0x0000000749600000, 0x0000000749600000| Untracked 
|  76|0x0000000749800000, 0x0000000749800000, 0x0000000749a00000|  0%| F|  |TAMS 0x0000000749800000, 0x0000000749800000| Untracked 
|  77|0x0000000749a00000, 0x0000000749a00000, 0x0000000749c00000|  0%| F|  |TAMS 0x0000000749a00000, 0x0000000749a00000| Untracked 
|  78|0x0000000749c00000, 0x0000000749c00000, 0x0000000749e00000|  0%| F|  |TAMS 0x0000000749c00000, 0x0000000749c00000| Untracked 
|  79|0x0000000749e00000, 0x0000000749e00000, 0x000000074a000000|  0%| F|  |TAMS 0x0000000749e00000, 0x0000000749e00000| Untracked 
|  80|0x000000074a000000, 0x000000074a000000, 0x000000074a200000|  0%| F|  |TAMS 0x000000074a000000, 0x000000074a000000| Untracked 
|  81|0x000000074a200000, 0x000000074a200000, 0x000000074a400000|  0%| F|  |TAMS 0x000000074a200000, 0x000000074a200000| Untracked 
|  82|0x000000074a400000, 0x000000074a400000, 0x000000074a600000|  0%| F|  |TAMS 0x000000074a400000, 0x000000074a400000| Untracked 
|  83|0x000000074a600000, 0x000000074a600000, 0x000000074a800000|  0%| F|  |TAMS 0x000000074a600000, 0x000000074a600000| Untracked 
|  84|0x000000074a800000, 0x000000074a800000, 0x000000074aa00000|  0%| F|  |TAMS 0x000000074a800000, 0x000000074a800000| Untracked 
|  85|0x000000074aa00000, 0x000000074aa00000, 0x000000074ac00000|  0%| F|  |TAMS 0x000000074aa00000, 0x000000074aa00000| Untracked 
|  86|0x000000074ac00000, 0x000000074ac00000, 0x000000074ae00000|  0%| F|  |TAMS 0x000000074ac00000, 0x000000074ac00000| Untracked 
|  87|0x000000074ae00000, 0x000000074ae00000, 0x000000074b000000|  0%| F|  |TAMS 0x000000074ae00000, 0x000000074ae00000| Untracked 
|  88|0x000000074b000000, 0x000000074b000000, 0x000000074b200000|  0%| F|  |TAMS 0x000000074b000000, 0x000000074b000000| Untracked 
|  89|0x000000074b200000, 0x000000074b200000, 0x000000074b400000|  0%| F|  |TAMS 0x000000074b200000, 0x000000074b200000| Untracked 
|  90|0x000000074b400000, 0x000000074b400000, 0x000000074b600000|  0%| F|  |TAMS 0x000000074b400000, 0x000000074b400000| Untracked 
|  91|0x000000074b600000, 0x000000074b600000, 0x000000074b800000|  0%| F|  |TAMS 0x000000074b600000, 0x000000074b600000| Untracked 
|  92|0x000000074b800000, 0x000000074b800000, 0x000000074ba00000|  0%| F|  |TAMS 0x000000074b800000, 0x000000074b800000| Untracked 
|  93|0x000000074ba00000, 0x000000074ba00000, 0x000000074bc00000|  0%| F|  |TAMS 0x000000074ba00000, 0x000000074ba00000| Untracked 
|  94|0x000000074bc00000, 0x000000074bc00000, 0x000000074be00000|  0%| F|  |TAMS 0x000000074bc00000, 0x000000074bc00000| Untracked 
|  95|0x000000074be00000, 0x000000074be00000, 0x000000074c000000|  0%| F|  |TAMS 0x000000074be00000, 0x000000074be00000| Untracked 
|  96|0x000000074c000000, 0x000000074c000000, 0x000000074c200000|  0%| F|  |TAMS 0x000000074c000000, 0x000000074c000000| Untracked 
|  97|0x000000074c200000, 0x000000074c200000, 0x000000074c400000|  0%| F|  |TAMS 0x000000074c200000, 0x000000074c200000| Untracked 
|  98|0x000000074c400000, 0x000000074c5155f8, 0x000000074c600000| 54%| S|CS|TAMS 0x000000074c400000, 0x000000074c400000| Complete 
|  99|0x000000074c600000, 0x000000074c600000, 0x000000074c800000|  0%| F|  |TAMS 0x000000074c600000, 0x000000074c600000| Untracked 
| 100|0x000000074c800000, 0x000000074c800000, 0x000000074ca00000|  0%| F|  |TAMS 0x000000074c800000, 0x000000074c800000| Untracked 
| 101|0x000000074ca00000, 0x000000074ca00000, 0x000000074cc00000|  0%| F|  |TAMS 0x000000074ca00000, 0x000000074ca00000| Untracked 
| 102|0x000000074cc00000, 0x000000074ce00000, 0x000000074ce00000|100%| S|CS|TAMS 0x000000074cc00000, 0x000000074cc00000| Complete 
| 103|0x000000074ce00000, 0x000000074d000000, 0x000000074d000000|100%| S|CS|TAMS 0x000000074ce00000, 0x000000074ce00000| Complete 
| 104|0x000000074d000000, 0x000000074d000000, 0x000000074d200000|  0%| F|  |TAMS 0x000000074d000000, 0x000000074d000000| Untracked 
| 105|0x000000074d200000, 0x000000074d200000, 0x000000074d400000|  0%| F|  |TAMS 0x000000074d200000, 0x000000074d200000| Untracked 
| 106|0x000000074d400000, 0x000000074d400000, 0x000000074d600000|  0%| F|  |TAMS 0x000000074d400000, 0x000000074d400000| Untracked 
| 107|0x000000074d600000, 0x000000074d600000, 0x000000074d800000|  0%| F|  |TAMS 0x000000074d600000, 0x000000074d600000| Untracked 
| 108|0x000000074d800000, 0x000000074d800000, 0x000000074da00000|  0%| F|  |TAMS 0x000000074d800000, 0x000000074d800000| Untracked 
| 109|0x000000074da00000, 0x000000074da00000, 0x000000074dc00000|  0%| F|  |TAMS 0x000000074da00000, 0x000000074da00000| Untracked 
| 110|0x000000074dc00000, 0x000000074dc00000, 0x000000074de00000|  0%| F|  |TAMS 0x000000074dc00000, 0x000000074dc00000| Untracked 
| 111|0x000000074de00000, 0x000000074de00000, 0x000000074e000000|  0%| F|  |TAMS 0x000000074de00000, 0x000000074de00000| Untracked 
| 112|0x000000074e000000, 0x000000074e000000, 0x000000074e200000|  0%| F|  |TAMS 0x000000074e000000, 0x000000074e000000| Untracked 
| 113|0x000000074e200000, 0x000000074e200000, 0x000000074e400000|  0%| F|  |TAMS 0x000000074e200000, 0x000000074e200000| Untracked 
| 114|0x000000074e400000, 0x000000074e400000, 0x000000074e600000|  0%| F|  |TAMS 0x000000074e400000, 0x000000074e400000| Untracked 
| 115|0x000000074e600000, 0x000000074e600000, 0x000000074e800000|  0%| F|  |TAMS 0x000000074e600000, 0x000000074e600000| Untracked 
| 116|0x000000074e800000, 0x000000074e800000, 0x000000074ea00000|  0%| F|  |TAMS 0x000000074e800000, 0x000000074e800000| Untracked 
| 117|0x000000074ea00000, 0x000000074ea00000, 0x000000074ec00000|  0%| F|  |TAMS 0x000000074ea00000, 0x000000074ea00000| Untracked 
| 118|0x000000074ec00000, 0x000000074ec00000, 0x000000074ee00000|  0%| F|  |TAMS 0x000000074ec00000, 0x000000074ec00000| Untracked 
| 119|0x000000074ee00000, 0x000000074ee00000, 0x000000074f000000|  0%| F|  |TAMS 0x000000074ee00000, 0x000000074ee00000| Untracked 
| 120|0x000000074f000000, 0x000000074f000000, 0x000000074f200000|  0%| F|  |TAMS 0x000000074f000000, 0x000000074f000000| Untracked 
| 121|0x000000074f200000, 0x000000074f200000, 0x000000074f400000|  0%| F|  |TAMS 0x000000074f200000, 0x000000074f200000| Untracked 
| 122|0x000000074f400000, 0x000000074f400000, 0x000000074f600000|  0%| F|  |TAMS 0x000000074f400000, 0x000000074f400000| Untracked 
| 123|0x000000074f600000, 0x000000074f600000, 0x000000074f800000|  0%| F|  |TAMS 0x000000074f600000, 0x000000074f600000| Untracked 
| 124|0x000000074f800000, 0x000000074f800000, 0x000000074fa00000|  0%| F|  |TAMS 0x000000074f800000, 0x000000074f800000| Untracked 
| 125|0x000000074fa00000, 0x000000074fa00000, 0x000000074fc00000|  0%| F|  |TAMS 0x000000074fa00000, 0x000000074fa00000| Untracked 
| 126|0x000000074fc00000, 0x000000074fc00000, 0x000000074fe00000|  0%| F|  |TAMS 0x000000074fc00000, 0x000000074fc00000| Untracked 
| 127|0x000000074fe00000, 0x000000074fe00000, 0x0000000750000000|  0%| F|  |TAMS 0x000000074fe00000, 0x000000074fe00000| Untracked 
| 128|0x0000000750000000, 0x0000000750000000, 0x0000000750200000|  0%| F|  |TAMS 0x0000000750000000, 0x0000000750000000| Untracked 
| 129|0x0000000750200000, 0x0000000750200000, 0x0000000750400000|  0%| F|  |TAMS 0x0000000750200000, 0x0000000750200000| Untracked 
| 130|0x0000000750400000, 0x0000000750400000, 0x0000000750600000|  0%| F|  |TAMS 0x0000000750400000, 0x0000000750400000| Untracked 
| 131|0x0000000750600000, 0x0000000750600000, 0x0000000750800000|  0%| F|  |TAMS 0x0000000750600000, 0x0000000750600000| Untracked 
| 132|0x0000000750800000, 0x0000000750800000, 0x0000000750a00000|  0%| F|  |TAMS 0x0000000750800000, 0x0000000750800000| Untracked 
| 133|0x0000000750a00000, 0x0000000750a00000, 0x0000000750c00000|  0%| F|  |TAMS 0x0000000750a00000, 0x0000000750a00000| Untracked 
| 134|0x0000000750c00000, 0x0000000750c00000, 0x0000000750e00000|  0%| F|  |TAMS 0x0000000750c00000, 0x0000000750c00000| Untracked 
| 135|0x0000000750e00000, 0x0000000750e00000, 0x0000000751000000|  0%| F|  |TAMS 0x0000000750e00000, 0x0000000750e00000| Untracked 
| 136|0x0000000751000000, 0x0000000751000000, 0x0000000751200000|  0%| F|  |TAMS 0x0000000751000000, 0x0000000751000000| Untracked 
| 137|0x0000000751200000, 0x0000000751200000, 0x0000000751400000|  0%| F|  |TAMS 0x0000000751200000, 0x0000000751200000| Untracked 
| 138|0x0000000751400000, 0x0000000751400000, 0x0000000751600000|  0%| F|  |TAMS 0x0000000751400000, 0x0000000751400000| Untracked 
| 139|0x0000000751600000, 0x0000000751600000, 0x0000000751800000|  0%| F|  |TAMS 0x0000000751600000, 0x0000000751600000| Untracked 
| 140|0x0000000751800000, 0x0000000751800000, 0x0000000751a00000|  0%| F|  |TAMS 0x0000000751800000, 0x0000000751800000| Untracked 
| 141|0x0000000751a00000, 0x0000000751a00000, 0x0000000751c00000|  0%| F|  |TAMS 0x0000000751a00000, 0x0000000751a00000| Untracked 
| 142|0x0000000751c00000, 0x0000000751c00000, 0x0000000751e00000|  0%| F|  |TAMS 0x0000000751c00000, 0x0000000751c00000| Untracked 
| 143|0x0000000751e00000, 0x0000000751e00000, 0x0000000752000000|  0%| F|  |TAMS 0x0000000751e00000, 0x0000000751e00000| Untracked 
| 144|0x0000000752000000, 0x0000000752000000, 0x0000000752200000|  0%| F|  |TAMS 0x0000000752000000, 0x0000000752000000| Untracked 
| 145|0x0000000752200000, 0x0000000752200000, 0x0000000752400000|  0%| F|  |TAMS 0x0000000752200000, 0x0000000752200000| Untracked 
| 146|0x0000000752400000, 0x0000000752400000, 0x0000000752600000|  0%| F|  |TAMS 0x0000000752400000, 0x0000000752400000| Untracked 
| 147|0x0000000752600000, 0x0000000752600000, 0x0000000752800000|  0%| F|  |TAMS 0x0000000752600000, 0x0000000752600000| Untracked 
| 148|0x0000000752800000, 0x0000000752800000, 0x0000000752a00000|  0%| F|  |TAMS 0x0000000752800000, 0x0000000752800000| Untracked 
| 149|0x0000000752a00000, 0x0000000752a00000, 0x0000000752c00000|  0%| F|  |TAMS 0x0000000752a00000, 0x0000000752a00000| Untracked 
| 150|0x0000000752c00000, 0x0000000752c00000, 0x0000000752e00000|  0%| F|  |TAMS 0x0000000752c00000, 0x0000000752c00000| Untracked 
| 151|0x0000000752e00000, 0x0000000752e00000, 0x0000000753000000|  0%| F|  |TAMS 0x0000000752e00000, 0x0000000752e00000| Untracked 
| 152|0x0000000753000000, 0x0000000753000000, 0x0000000753200000|  0%| F|  |TAMS 0x0000000753000000, 0x0000000753000000| Untracked 
| 153|0x0000000753200000, 0x0000000753200000, 0x0000000753400000|  0%| F|  |TAMS 0x0000000753200000, 0x0000000753200000| Untracked 
| 154|0x0000000753400000, 0x0000000753400000, 0x0000000753600000|  0%| F|  |TAMS 0x0000000753400000, 0x0000000753400000| Untracked 
| 155|0x0000000753600000, 0x0000000753600000, 0x0000000753800000|  0%| F|  |TAMS 0x0000000753600000, 0x0000000753600000| Untracked 
| 156|0x0000000753800000, 0x0000000753800000, 0x0000000753a00000|  0%| F|  |TAMS 0x0000000753800000, 0x0000000753800000| Untracked 
| 157|0x0000000753a00000, 0x0000000753a00000, 0x0000000753c00000|  0%| F|  |TAMS 0x0000000753a00000, 0x0000000753a00000| Untracked 
| 158|0x0000000753c00000, 0x0000000753c00000, 0x0000000753e00000|  0%| F|  |TAMS 0x0000000753c00000, 0x0000000753c00000| Untracked 
| 159|0x0000000753e00000, 0x0000000753e00000, 0x0000000754000000|  0%| F|  |TAMS 0x0000000753e00000, 0x0000000753e00000| Untracked 
| 160|0x0000000754000000, 0x0000000754000000, 0x0000000754200000|  0%| F|  |TAMS 0x0000000754000000, 0x0000000754000000| Untracked 
| 161|0x0000000754200000, 0x0000000754200000, 0x0000000754400000|  0%| F|  |TAMS 0x0000000754200000, 0x0000000754200000| Untracked 
| 162|0x0000000754400000, 0x0000000754400000, 0x0000000754600000|  0%| F|  |TAMS 0x0000000754400000, 0x0000000754400000| Untracked 
| 163|0x0000000754600000, 0x0000000754600000, 0x0000000754800000|  0%| F|  |TAMS 0x0000000754600000, 0x0000000754600000| Untracked 
| 164|0x0000000754800000, 0x0000000754800000, 0x0000000754a00000|  0%| F|  |TAMS 0x0000000754800000, 0x0000000754800000| Untracked 
| 165|0x0000000754a00000, 0x0000000754a00000, 0x0000000754c00000|  0%| F|  |TAMS 0x0000000754a00000, 0x0000000754a00000| Untracked 
| 166|0x0000000754c00000, 0x0000000754c00000, 0x0000000754e00000|  0%| F|  |TAMS 0x0000000754c00000, 0x0000000754c00000| Untracked 
| 167|0x0000000754e00000, 0x0000000754e00000, 0x0000000755000000|  0%| F|  |TAMS 0x0000000754e00000, 0x0000000754e00000| Untracked 
| 168|0x0000000755000000, 0x0000000755000000, 0x0000000755200000|  0%| F|  |TAMS 0x0000000755000000, 0x0000000755000000| Untracked 
| 169|0x0000000755200000, 0x0000000755200000, 0x0000000755400000|  0%| F|  |TAMS 0x0000000755200000, 0x0000000755200000| Untracked 
| 170|0x0000000755400000, 0x0000000755400000, 0x0000000755600000|  0%| F|  |TAMS 0x0000000755400000, 0x0000000755400000| Untracked 
| 171|0x0000000755600000, 0x0000000755600000, 0x0000000755800000|  0%| F|  |TAMS 0x0000000755600000, 0x0000000755600000| Untracked 
| 172|0x0000000755800000, 0x0000000755800000, 0x0000000755a00000|  0%| F|  |TAMS 0x0000000755800000, 0x0000000755800000| Untracked 
| 173|0x0000000755a00000, 0x0000000755a00000, 0x0000000755c00000|  0%| F|  |TAMS 0x0000000755a00000, 0x0000000755a00000| Untracked 
| 174|0x0000000755c00000, 0x0000000755c00000, 0x0000000755e00000|  0%| F|  |TAMS 0x0000000755c00000, 0x0000000755c00000| Untracked 
| 175|0x0000000755e00000, 0x0000000755e00000, 0x0000000756000000|  0%| F|  |TAMS 0x0000000755e00000, 0x0000000755e00000| Untracked 
| 176|0x0000000756000000, 0x00000007561d7190, 0x0000000756200000| 92%| E|  |TAMS 0x0000000756000000, 0x0000000756000000| Complete 
| 177|0x0000000756200000, 0x0000000756400000, 0x0000000756400000|100%| E|CS|TAMS 0x0000000756200000, 0x0000000756200000| Complete 
| 178|0x0000000756400000, 0x0000000756600000, 0x0000000756600000|100%| E|CS|TAMS 0x0000000756400000, 0x0000000756400000| Complete 
| 179|0x0000000756600000, 0x0000000756800000, 0x0000000756800000|100%| E|CS|TAMS 0x0000000756600000, 0x0000000756600000| Complete 
| 180|0x0000000756800000, 0x0000000756a00000, 0x0000000756a00000|100%| E|CS|TAMS 0x0000000756800000, 0x0000000756800000| Complete 
| 181|0x0000000756a00000, 0x0000000756c00000, 0x0000000756c00000|100%| E|CS|TAMS 0x0000000756a00000, 0x0000000756a00000| Complete 
| 182|0x0000000756c00000, 0x0000000756e00000, 0x0000000756e00000|100%| E|CS|TAMS 0x0000000756c00000, 0x0000000756c00000| Complete 

Card table byte_map: [0x000002c02ef00000,0x000002c02f500000] _byte_map_base: 0x000002c02b500000

Marking Bits (Prev, Next): (CMBitMap*) 0x000002c017e2d980, (CMBitMap*) 0x000002c017e2d940
 Prev Bits: [0x000002c032b00000, 0x000002c035b00000)
 Next Bits: [0x000002c02fb00000, 0x000002c032b00000)

Polling page: 0x000002c017580000

Metaspace:

Usage:
  Non-class:     59.79 MB used.
      Class:      9.58 MB used.
       Both:     69.37 MB used.

Virtual space:
  Non-class space:       64.00 MB reserved,      60.19 MB ( 94%) committed,  1 nodes.
      Class space:        1.00 GB reserved,       9.94 MB ( <1%) committed,  1 nodes.
             Both:        1.06 GB reserved,      70.12 MB (  6%) committed. 

Chunk freelists:
   Non-Class:  3.15 MB
       Class:  6.03 MB
        Both:  9.19 MB

MaxMetaspaceSize: unlimited
CompressedClassSpaceSize: 1.00 GB
Initial GC threshold: 21.00 MB
Current GC threshold: 112.31 MB
CDS: on
MetaspaceReclaimPolicy: balanced
 - commit_granule_bytes: 65536.
 - commit_granule_words: 8192.
 - virtual_space_node_default_size: 8388608.
 - enlarge_chunks_in_place: 1.
 - new_chunks_are_fully_committed: 0.
 - uncommit_free_chunks: 1.
 - use_allocation_guard: 0.
 - handle_deallocations: 1.


Internal statistics:

num_allocs_failed_limit: 3.
num_arena_births: 1024.
num_arena_deaths: 0.
num_vsnodes_births: 2.
num_vsnodes_deaths: 0.
num_space_committed: 1122.
num_space_uncommitted: 0.
num_chunks_returned_to_freelist: 3.
num_chunks_taken_from_freelist: 3905.
num_chunk_merges: 3.
num_chunk_splits: 2421.
num_chunks_enlarged: 1440.
num_inconsistent_stats: 0.

CodeHeap 'non-profiled nmethods': size=120000Kb used=4806Kb max_used=5531Kb free=115193Kb
 bounds [0x000002c0273d0000, 0x000002c027940000, 0x000002c02e900000]
CodeHeap 'profiled nmethods': size=120000Kb used=16915Kb max_used=18886Kb free=103084Kb
 bounds [0x000002c01f900000, 0x000002c020b80000, 0x000002c026e30000]
CodeHeap 'non-nmethods': size=5760Kb used=2395Kb max_used=2489Kb free=3364Kb
 bounds [0x000002c026e30000, 0x000002c0270b0000, 0x000002c0273d0000]
 total_blobs=9576 nmethods=8667 adapters=821
 compilation: enabled
              stopped_count=0, restarted_count=0
 full_count=0

Compilation events (20 events):
Event: 76.319 Thread 0x000002c038015860 nmethod 10189 0x000002c0276bb310 code [0x000002c0276bb4a0, 0x000002c0276bb6e8]
Event: 76.319 Thread 0x000002c038015860 10178       4       sun.reflect.generics.parser.SignatureParser::parseClassTypeSignature (118 bytes)
Event: 76.322 Thread 0x000002c03801e320 10232       1       java.util.concurrent.atomic.AtomicReference::set (6 bytes)
Event: 76.323 Thread 0x000002c03801e320 nmethod 10232 0x000002c0273ec390 code [0x000002c0273ec520, 0x000002c0273ec638]
Event: 76.339 Thread 0x000002c038015860 nmethod 10178 0x000002c027588b10 code [0x000002c027588d40, 0x000002c027589c30]
Event: 76.356 Thread 0x000002c03801e320 10233       3       java.lang.invoke.DirectMethodHandle$Holder::invokeStatic (20 bytes)
Event: 76.356 Thread 0x000002c03801e320 nmethod 10233 0x000002c01fa89010 code [0x000002c01fa891e0, 0x000002c01fa89778]
Event: 76.359 Thread 0x000002c03801e320 10234       3       org.gradle.internal.service.DefaultServiceRegistry$OwnServices::getService (309 bytes)
Event: 76.361 Thread 0x000002c03801e320 nmethod 10234 0x000002c01fdd0990 code [0x000002c01fdd0ea0, 0x000002c01fdd3ce8]
Event: 76.372 Thread 0x000002c03801e320 10235       3       java.lang.Thread::checkAccess (14 bytes)
Event: 76.372 Thread 0x000002c03801e320 nmethod 10235 0x000002c01f961690 code [0x000002c01f961860, 0x000002c01f961d08]
Event: 76.406 Thread 0x000002c03801e320 10236       3       org.objectweb.asm.ClassVisitor::visitInnerClass (20 bytes)
Event: 76.407 Thread 0x000002c03801e320 nmethod 10236 0x000002c01fcf8210 code [0x000002c01fcf83c0, 0x000002c01fcf85c8]
Event: 76.407 Thread 0x000002c03801e320 10237       3       org.objectweb.asm.ClassWriter::visitInnerClass (130 bytes)
Event: 76.407 Thread 0x000002c03801e320 nmethod 10237 0x000002c01fa61890 code [0x000002c01fa61ae0, 0x000002c01fa62308]
Event: 76.407 Thread 0x000002c03801e320 10238       1       org.gradle.internal.instantiation.generator.AsmBackedClassGenerator$ClassBuilderImpl::access$7300 (5 bytes)
Event: 76.407 Thread 0x000002c03801e320 nmethod 10238 0x000002c0273ee090 code [0x000002c0273ee220, 0x000002c0273ee2d8]
Event: 76.408 Thread 0x000002c038015860 10239       4       org.objectweb.asm.Frame::execute (2303 bytes)
Event: 76.504 Thread 0x000002c03801e320 10240       3       java.util.Collections$UnmodifiableList::get (11 bytes)
Event: 76.505 Thread 0x000002c03801e320 nmethod 10240 0x000002c01fe16190 code [0x000002c01fe16340, 0x000002c01fe16528]

GC Heap History (20 events):
Event: 11.467 GC heap before
{Heap before GC invocations=26 (full 0):
 garbage-first heap   total 165888K, used 97324K [0x0000000740000000, 0x0000000800000000)
  region size 2048K, 4 young (8192K), 1 survivors (2048K)
 Metaspace       used 64829K, committed 65536K, reserved 1114112K
  class space    used 9050K, committed 9344K, reserved 1048576K
}
Event: 11.470 GC heap after
{Heap after GC invocations=27 (full 0):
 garbage-first heap   total 165888K, used 89566K [0x0000000740000000, 0x0000000800000000)
  region size 2048K, 1 young (2048K), 1 survivors (2048K)
 Metaspace       used 64829K, committed 65536K, reserved 1114112K
  class space    used 9050K, committed 9344K, reserved 1048576K
}
Event: 11.725 GC heap before
{Heap before GC invocations=28 (full 0):
 garbage-first heap   total 165888K, used 99806K [0x0000000740000000, 0x0000000800000000)
  region size 2048K, 6 young (12288K), 1 survivors (2048K)
 Metaspace       used 66129K, committed 66816K, reserved 1114112K
  class space    used 9180K, committed 9472K, reserved 1048576K
}
Event: 11.728 GC heap after
{Heap after GC invocations=29 (full 0):
 garbage-first heap   total 165888K, used 89754K [0x0000000740000000, 0x0000000800000000)
  region size 2048K, 1 young (2048K), 1 survivors (2048K)
 Metaspace       used 66129K, committed 66816K, reserved 1114112K
  class space    used 9180K, committed 9472K, reserved 1048576K
}
Event: 12.101 GC heap before
{Heap before GC invocations=30 (full 0):
 garbage-first heap   total 192512K, used 120474K [0x0000000740000000, 0x0000000800000000)
  region size 2048K, 6 young (12288K), 1 survivors (2048K)
 Metaspace       used 66379K, committed 67072K, reserved 1114112K
  class space    used 9201K, committed 9536K, reserved 1048576K
}
Event: 12.106 GC heap after
{Heap after GC invocations=31 (full 0):
 garbage-first heap   total 192512K, used 91029K [0x0000000740000000, 0x0000000800000000)
  region size 2048K, 2 young (4096K), 2 survivors (4096K)
 Metaspace       used 66379K, committed 67072K, reserved 1114112K
  class space    used 9201K, committed 9536K, reserved 1048576K
}
Event: 74.831 GC heap before
{Heap before GC invocations=32 (full 0):
 garbage-first heap   total 202752K, used 146325K [0x0000000740000000, 0x0000000800000000)
  region size 2048K, 19 young (38912K), 2 survivors (4096K)
 Metaspace       used 67855K, committed 68608K, reserved 1114112K
  class space    used 9365K, committed 9728K, reserved 1048576K
}
Event: 74.840 GC heap after
{Heap after GC invocations=33 (full 0):
 garbage-first heap   total 202752K, used 93624K [0x0000000740000000, 0x0000000800000000)
  region size 2048K, 3 young (6144K), 3 survivors (6144K)
 Metaspace       used 67855K, committed 68608K, reserved 1114112K
  class space    used 9365K, committed 9728K, reserved 1048576K
}
Event: 74.900 GC heap before
{Heap before GC invocations=33 (full 0):
 garbage-first heap   total 202752K, used 95672K [0x0000000740000000, 0x0000000800000000)
  region size 2048K, 4 young (8192K), 3 survivors (6144K)
 Metaspace       used 67892K, committed 68608K, reserved 1114112K
  class space    used 9365K, committed 9728K, reserved 1048576K
}
Event: 74.908 GC heap after
{Heap after GC invocations=34 (full 0):
 garbage-first heap   total 202752K, used 94345K [0x0000000740000000, 0x0000000800000000)
  region size 2048K, 3 young (6144K), 3 survivors (6144K)
 Metaspace       used 67892K, committed 68608K, reserved 1114112K
  class space    used 9365K, committed 9728K, reserved 1048576K
}
Event: 74.975 GC heap before
{Heap before GC invocations=34 (full 0):
 garbage-first heap   total 202752K, used 98441K [0x0000000740000000, 0x0000000800000000)
  region size 2048K, 5 young (10240K), 3 survivors (6144K)
 Metaspace       used 67973K, committed 68800K, reserved 1114112K
  class space    used 9365K, committed 9728K, reserved 1048576K
}
Event: 74.983 GC heap after
{Heap after GC invocations=35 (full 0):
 garbage-first heap   total 202752K, used 94244K [0x0000000740000000, 0x0000000800000000)
  region size 2048K, 3 young (6144K), 3 survivors (6144K)
 Metaspace       used 67973K, committed 68800K, reserved 1114112K
  class space    used 9365K, committed 9728K, reserved 1048576K
}
Event: 75.344 GC heap before
{Heap before GC invocations=35 (full 0):
 garbage-first heap   total 202752K, used 127012K [0x0000000740000000, 0x0000000800000000)
  region size 2048K, 9 young (18432K), 3 survivors (6144K)
 Metaspace       used 68165K, committed 68992K, reserved 1114112K
  class space    used 9366K, committed 9728K, reserved 1048576K
}
Event: 75.353 GC heap after
{Heap after GC invocations=36 (full 0):
 garbage-first heap   total 202752K, used 95483K [0x0000000740000000, 0x0000000800000000)
  region size 2048K, 4 young (8192K), 4 survivors (8192K)
 Metaspace       used 68165K, committed 68992K, reserved 1114112K
  class space    used 9366K, committed 9728K, reserved 1048576K
}
Event: 75.430 GC heap before
{Heap before GC invocations=36 (full 0):
 garbage-first heap   total 202752K, used 118011K [0x0000000740000000, 0x0000000800000000)
  region size 2048K, 5 young (10240K), 4 survivors (8192K)
 Metaspace       used 68165K, committed 68992K, reserved 1114112K
  class space    used 9366K, committed 9728K, reserved 1048576K
}
Event: 75.440 GC heap after
{Heap after GC invocations=37 (full 0):
 garbage-first heap   total 202752K, used 95415K [0x0000000740000000, 0x0000000800000000)
  region size 2048K, 3 young (6144K), 3 survivors (6144K)
 Metaspace       used 68165K, committed 68992K, reserved 1114112K
  class space    used 9366K, committed 9728K, reserved 1048576K
}
Event: 75.968 GC heap before
{Heap before GC invocations=38 (full 0):
 garbage-first heap   total 219136K, used 136375K [0x0000000740000000, 0x0000000800000000)
  region size 2048K, 9 young (18432K), 3 survivors (6144K)
 Metaspace       used 69096K, committed 69824K, reserved 1114112K
  class space    used 9509K, committed 9856K, reserved 1048576K
}
Event: 75.976 GC heap after
{Heap after GC invocations=39 (full 0):
 garbage-first heap   total 219136K, used 95744K [0x0000000740000000, 0x0000000800000000)
  region size 2048K, 3 young (6144K), 3 survivors (6144K)
 Metaspace       used 69096K, committed 69824K, reserved 1114112K
  class space    used 9509K, committed 9856K, reserved 1048576K
}
Event: 76.059 GC heap before
{Heap before GC invocations=39 (full 0):
 garbage-first heap   total 219136K, used 101888K [0x0000000740000000, 0x0000000800000000)
  region size 2048K, 6 young (12288K), 3 survivors (6144K)
 Metaspace       used 69750K, committed 70528K, reserved 1114112K
  class space    used 9585K, committed 9920K, reserved 1048576K
}
Event: 76.066 GC heap after
{Heap after GC invocations=40 (full 0):
 garbage-first heap   total 374784K, used 97999K [0x0000000740000000, 0x0000000800000000)
  region size 2048K, 3 young (6144K), 3 survivors (6144K)
 Metaspace       used 69750K, committed 70528K, reserved 1114112K
  class space    used 9585K, committed 9920K, reserved 1048576K
}

Dll operation events (15 events):
Event: 0.006 Loaded shared library C:\Users\aplut\.gradle\jdks\eclipse_adoptium-17-amd64-windows\jdk-17.0.13+11\bin\java.dll
Event: 0.028 Loaded shared library C:\Users\aplut\.gradle\jdks\eclipse_adoptium-17-amd64-windows\jdk-17.0.13+11\bin\jsvml.dll
Event: 0.080 Loaded shared library C:\Users\aplut\.gradle\jdks\eclipse_adoptium-17-amd64-windows\jdk-17.0.13+11\bin\zip.dll
Event: 0.084 Loaded shared library C:\Users\aplut\.gradle\jdks\eclipse_adoptium-17-amd64-windows\jdk-17.0.13+11\bin\instrument.dll
Event: 0.089 Loaded shared library C:\Users\aplut\.gradle\jdks\eclipse_adoptium-17-amd64-windows\jdk-17.0.13+11\bin\net.dll
Event: 0.091 Loaded shared library C:\Users\aplut\.gradle\jdks\eclipse_adoptium-17-amd64-windows\jdk-17.0.13+11\bin\nio.dll
Event: 0.095 Loaded shared library C:\Users\aplut\.gradle\jdks\eclipse_adoptium-17-amd64-windows\jdk-17.0.13+11\bin\zip.dll
Event: 0.368 Loaded shared library C:\Users\aplut\.gradle\jdks\eclipse_adoptium-17-amd64-windows\jdk-17.0.13+11\bin\jimage.dll
Event: 0.483 Loaded shared library C:\Users\aplut\.gradle\jdks\eclipse_adoptium-17-amd64-windows\jdk-17.0.13+11\bin\verify.dll
Event: 0.673 Loaded shared library C:\Users\aplut\.gradle\native\c067742578af261105cb4f569cf0c3c89f3d7b1fecec35dd04571415982c5e48\windows-amd64\native-platform.dll
Event: 0.679 Loaded shared library C:\Users\aplut\.gradle\native\100fb08df4bc3b14c8652ba06237920a3bd2aa13389f12d3474272988ae205f9\windows-amd64\native-platform-file-events.dll
Event: 1.654 Loaded shared library C:\Users\aplut\.gradle\jdks\eclipse_adoptium-17-amd64-windows\jdk-17.0.13+11\bin\management.dll
Event: 1.656 Loaded shared library C:\Users\aplut\.gradle\jdks\eclipse_adoptium-17-amd64-windows\jdk-17.0.13+11\bin\management_ext.dll
Event: 1.809 Loaded shared library C:\Users\aplut\.gradle\jdks\eclipse_adoptium-17-amd64-windows\jdk-17.0.13+11\bin\extnet.dll
Event: 2.161 Loaded shared library C:\Users\aplut\.gradle\jdks\eclipse_adoptium-17-amd64-windows\jdk-17.0.13+11\bin\sunmscapi.dll

Deoptimization events (20 events):
Event: 76.146 Thread 0x000002c07e2564d0 Uncommon trap: trap_request=0xffffffde fr.pc=0x000002c0278710c8 relative=0x00000000000075a8
Event: 76.146 Thread 0x000002c07e2564d0 Uncommon trap: reason=class_check action=maybe_recompile pc=0x000002c0278710c8 method=java.io.ObjectOutputStream.writeObject0(Ljava/lang/Object;Z)V @ 482 c2
Event: 76.146 Thread 0x000002c07e2564d0 DEOPT PACKING pc=0x000002c0278710c8 sp=0x000000e0c56faaf0
Event: 76.146 Thread 0x000002c07e2564d0 DEOPT UNPACKING pc=0x000002c026e8a1a3 sp=0x000000e0c56fab48 mode 2
Event: 76.146 Thread 0x000002c07e2564d0 Uncommon trap: trap_request=0xffffffde fr.pc=0x000002c0278710c8 relative=0x00000000000075a8
Event: 76.146 Thread 0x000002c07e2564d0 Uncommon trap: reason=class_check action=maybe_recompile pc=0x000002c0278710c8 method=java.io.ObjectOutputStream.writeObject0(Ljava/lang/Object;Z)V @ 482 c2
Event: 76.146 Thread 0x000002c07e2564d0 DEOPT PACKING pc=0x000002c0278710c8 sp=0x000000e0c56fae90
Event: 76.146 Thread 0x000002c07e2564d0 DEOPT UNPACKING pc=0x000002c026e8a1a3 sp=0x000000e0c56faee8 mode 2
Event: 76.153 Thread 0x000002c07e2564d0 Uncommon trap: trap_request=0xffffffde fr.pc=0x000002c0278710c8 relative=0x00000000000075a8
Event: 76.153 Thread 0x000002c07e2564d0 Uncommon trap: reason=class_check action=maybe_recompile pc=0x000002c0278710c8 method=java.io.ObjectOutputStream.writeObject0(Ljava/lang/Object;Z)V @ 482 c2
Event: 76.153 Thread 0x000002c07e2564d0 DEOPT PACKING pc=0x000002c0278710c8 sp=0x000000e0c56fbc00
Event: 76.153 Thread 0x000002c07e2564d0 DEOPT UNPACKING pc=0x000002c026e8a1a3 sp=0x000000e0c56fbc58 mode 2
Event: 76.154 Thread 0x000002c07e255090 Uncommon trap: trap_request=0xffffff45 fr.pc=0x000002c02786f914 relative=0x0000000000005df4
Event: 76.154 Thread 0x000002c07e255090 Uncommon trap: reason=unstable_if action=reinterpret pc=0x000002c02786f914 method=java.io.ObjectOutputStream.writeObject0(Ljava/lang/Object;Z)V @ 235 c2
Event: 76.154 Thread 0x000002c07e255090 DEOPT PACKING pc=0x000002c02786f914 sp=0x000000e0c76fec80
Event: 76.155 Thread 0x000002c07e255090 DEOPT UNPACKING pc=0x000002c026e8a1a3 sp=0x000000e0c76fece0 mode 2
Event: 76.247 Thread 0x000002c07e2564d0 Uncommon trap: trap_request=0xffffff45 fr.pc=0x000002c027629370 relative=0x0000000000000470
Event: 76.247 Thread 0x000002c07e2564d0 Uncommon trap: reason=unstable_if action=reinterpret pc=0x000002c027629370 method=org.gradle.internal.service.DefaultServiceRegistry$OwnServices.getService(Ljava/lang/reflect/Type;)Lorg/gradle/internal/service/Service; @ 27 c2
Event: 76.247 Thread 0x000002c07e2564d0 DEOPT PACKING pc=0x000002c027629370 sp=0x000000e0c56fb350
Event: 76.247 Thread 0x000002c07e2564d0 DEOPT UNPACKING pc=0x000002c026e8a1a3 sp=0x000000e0c56fb2c8 mode 2

Classes loaded (20 events):
Event: 74.007 Loading class sun/security/ssl/PreSharedKeyExtension$SHPreSharedKeySpec
Event: 74.007 Loading class sun/security/ssl/PreSharedKeyExtension$SHPreSharedKeySpec done
Event: 75.864 Loading class java/lang/management/RuntimeMXBean
Event: 75.865 Loading class java/lang/management/RuntimeMXBean done
Event: 75.865 Loading class java/util/stream/ReduceOps$2
Event: 75.866 Loading class java/util/stream/ReduceOps$2 done
Event: 75.866 Loading class java/util/stream/ReduceOps$2ReducingSink
Event: 75.866 Loading class java/util/stream/ReduceOps$2ReducingSink done
Event: 75.866 Loading class sun/management/RuntimeImpl
Event: 75.866 Loading class sun/management/RuntimeImpl done
Event: 75.920 Loading class java/io/NotSerializableException
Event: 75.921 Loading class java/io/NotSerializableException done
Event: 76.125 Loading class java/util/TreeMap$AscendingSubMap
Event: 76.125 Loading class java/util/TreeMap$NavigableSubMap
Event: 76.126 Loading class java/util/TreeMap$NavigableSubMap done
Event: 76.126 Loading class java/util/TreeMap$AscendingSubMap done
Event: 76.126 Loading class java/util/TreeMap$NavigableSubMap$SubMapKeyIterator
Event: 76.127 Loading class java/util/TreeMap$NavigableSubMap$SubMapIterator
Event: 76.127 Loading class java/util/TreeMap$NavigableSubMap$SubMapIterator done
Event: 76.127 Loading class java/util/TreeMap$NavigableSubMap$SubMapKeyIterator done

Classes unloaded (0 events):
No events

Classes redefined (0 events):
No events

Internal exceptions (20 events):
Event: 12.096 Thread 0x000002c07e254b80 Exception <a 'java/lang/NoSuchMethodError'{0x000000074b43ef30}: 'void java.lang.invoke.DirectMethodHandle$Holder.invokeVirtual(java.lang.Object, java.lang.Object)'> (0x000000074b43ef30) 
thrown [s\src\hotspot\share\interpreter\linkResolver.cpp, line 759]
Event: 12.096 Thread 0x000002c03838b150 Exception <a 'java/lang/NoSuchMethodError'{0x000000074b736530}: 'void java.lang.invoke.DirectMethodHandle$Holder.invokeVirtual(java.lang.Object, java.lang.Object)'> (0x000000074b736530) 
thrown [s\src\hotspot\share\interpreter\linkResolver.cpp, line 759]
Event: 12.161 Thread 0x000002c03838caa0 Exception <a 'java/lang/NoSuchMethodError'{0x000000074b9012e8}: static [Ljava/lang/StackTraceElement;.<clinit>()V> (0x000000074b9012e8) 
thrown [s\src\hotspot\share\prims\jni.cpp, line 1112]
Event: 12.167 Thread 0x000002c03838caa0 Exception <a 'java/lang/NoSuchMethodError'{0x000000074b928b68}: static [B.<clinit>()V> (0x000000074b928b68) 
thrown [s\src\hotspot\share\prims\jni.cpp, line 1112]
Event: 12.340 Thread 0x000002c03838b150 Exception <a 'java/lang/NoSuchMethodError'{0x000000074b6d9100}: 'void java.lang.invoke.DirectMethodHandle$Holder.invokeSpecial(java.lang.Object, java.lang.Object, int)'> (0x000000074b6d9100) 
thrown [s\src\hotspot\share\interpreter\linkResolver.cpp, line 759]
Event: 12.350 Thread 0x000002c03838b150 Exception <a 'java/lang/NoSuchMethodError'{0x000000074b733598}: 'void java.lang.invoke.DirectMethodHandle$Holder.invokeStatic(java.lang.Object, int, java.lang.Object)'> (0x000000074b733598) 
thrown [s\src\hotspot\share\interpreter\linkResolver.cpp, line 759]
Event: 12.796 Thread 0x000002c07f23ff00 Exception <a 'java/lang/NoSuchMethodError'{0x000000074be1d830}: static Lorg/gradle/internal/classloader/ClassLoaderSpec;.<clinit>()V> (0x000000074be1d830) 
thrown [s\src\hotspot\share\prims\jni.cpp, line 1112]
Event: 12.797 Thread 0x000002c07f23ff00 Exception <a 'java/lang/NoSuchMethodError'{0x000000074be29818}: static Lorg/gradle/internal/classloader/VisitableURLClassLoader$Spec;.<clinit>()V> (0x000000074be29818) 
thrown [s\src\hotspot\share\prims\jni.cpp, line 1112]
Event: 12.799 Thread 0x000002c07f23ff00 Exception <a 'java/lang/NoSuchMethodError'{0x000000074be3f808}: static [Ljava/net/URL;.<clinit>()V> (0x000000074be3f808) 
thrown [s\src\hotspot\share\prims\jni.cpp, line 1112]
Event: 14.329 Thread 0x000002c07e254160 Implicit null exception at 0x000002c0276bb4dd to 0x000002c0276bb650
Event: 73.229 Thread 0x000002c07e2564d0 Implicit null exception at 0x000002c027823e92 to 0x000002c027824568
Event: 73.229 Thread 0x000002c07e2564d0 Implicit null exception at 0x000002c02781ea94 to 0x000002c02781f158
Event: 73.333 Thread 0x000002c07e2564d0 Exception <a 'sun/nio/fs/WindowsException'{0x000000074ac31138}> (0x000000074ac31138) 
thrown [s\src\hotspot\share\prims\jni.cpp, line 516]
Event: 73.334 Thread 0x000002c07e2564d0 Exception <a 'sun/nio/fs/WindowsException'{0x000000074ac32968}> (0x000000074ac32968) 
thrown [s\src\hotspot\share\prims\jni.cpp, line 516]
Event: 73.334 Thread 0x000002c07e2564d0 Exception <a 'sun/nio/fs/WindowsException'{0x000000074ac34438}> (0x000000074ac34438) 
thrown [s\src\hotspot\share\prims\jni.cpp, line 516]
Event: 73.334 Thread 0x000002c07e2564d0 Exception <a 'sun/nio/fs/WindowsException'{0x000000074ac35c48}> (0x000000074ac35c48) 
thrown [s\src\hotspot\share\prims\jni.cpp, line 516]
Event: 76.127 Thread 0x000002c07e2564d0 Exception <a 'java/lang/NoSuchMethodError'{0x0000000756aec468}: 'void java.lang.invoke.DirectMethodHandle$Holder.invokeSpecial(java.lang.Object, java.lang.Object, java.lang.Object, java.lang.Object, java.lang.Object, java.lang.Object, java.lang.Object, java.lang.Object, java.lang.Object)'> (0x0000000756aec468) 
thrown [s\src\hotspot\share\interpreter\linkResolver.cpp, line 759]
Event: 76.155 Thread 0x000002c07e255090 Exception <a 'java/lang/NoSuchMethodError'{0x0000000756c072c0}: static Lorg/gradle/tooling/internal/provider/serialization/StreamedValue;.<clinit>()V> (0x0000000756c072c0) 
thrown [s\src\hotspot\share\prims\jni.cpp, line 1112]
Event: 76.155 Thread 0x000002c07e255090 Exception <a 'java/lang/NoSuchMethodError'{0x0000000756c0ecb0}: static Lorg/gradle/tooling/internal/provider/serialization/SerializedPayload;.<clinit>()V> (0x0000000756c0ecb0) 
thrown [s\src\hotspot\share\prims\jni.cpp, line 1112]
Event: 76.171 Thread 0x000002c07e255090 Exception <a 'java/lang/NoSuchMethodError'{0x0000000756c18008}: static Lorg/gradle/tooling/internal/provider/PhasedBuildActionResult;.<clinit>()V> (0x0000000756c18008) 
thrown [s\src\hotspot\share\prims\jni.cpp, line 1112]

VM Operations (20 events):
Event: 74.975 Executing VM operation: G1TryInitiateConcMark
Event: 74.983 Executing VM operation: G1TryInitiateConcMark done
Event: 75.344 Executing VM operation: G1TryInitiateConcMark
Event: 75.353 Executing VM operation: G1TryInitiateConcMark done
Event: 75.430 Executing VM operation: G1TryInitiateConcMark
Event: 75.440 Executing VM operation: G1TryInitiateConcMark done
Event: 75.628 Executing VM operation: G1PauseRemark
Event: 75.634 Executing VM operation: G1PauseRemark done
Event: 75.682 Executing VM operation: G1PauseCleanup
Event: 75.682 Executing VM operation: G1PauseCleanup done
Event: 75.746 Executing VM operation: HandshakeAllThreads
Event: 75.746 Executing VM operation: HandshakeAllThreads done
Event: 75.968 Executing VM operation: G1TryInitiateConcMark
Event: 75.976 Executing VM operation: G1TryInitiateConcMark done
Event: 75.995 Executing VM operation: HandshakeAllThreads
Event: 75.995 Executing VM operation: HandshakeAllThreads done
Event: 76.059 Executing VM operation: G1TryInitiateConcMark
Event: 76.066 Executing VM operation: G1TryInitiateConcMark done
Event: 76.154 Executing VM operation: HandshakeAllThreads
Event: 76.155 Executing VM operation: HandshakeAllThreads done

Memory protections (0 events):
No events

Nmethod flushes (20 events):
Event: 76.168 Thread 0x000002c03801f500 flushing  nmethod 0x000002c0207c7590
Event: 76.168 Thread 0x000002c03801f500 flushing  nmethod 0x000002c0207cd090
Event: 76.168 Thread 0x000002c03801f500 flushing  nmethod 0x000002c0207dfa10
Event: 76.168 Thread 0x000002c03801f500 flushing  nmethod 0x000002c0207f8810
Event: 76.168 Thread 0x000002c03801f500 flushing  nmethod 0x000002c0207f9a90
Event: 76.168 Thread 0x000002c03801f500 flushing  nmethod 0x000002c0207fa910
Event: 76.168 Thread 0x000002c03801f500 flushing  nmethod 0x000002c020841210
Event: 76.168 Thread 0x000002c03801f500 flushing  nmethod 0x000002c020864d90
Event: 76.168 Thread 0x000002c03801f500 flushing  nmethod 0x000002c020866310
Event: 76.168 Thread 0x000002c03801f500 flushing  nmethod 0x000002c020871890
Event: 76.168 Thread 0x000002c03801f500 flushing  nmethod 0x000002c020872010
Event: 76.168 Thread 0x000002c03801f500 flushing  nmethod 0x000002c020873b10
Event: 76.168 Thread 0x000002c03801f500 flushing  nmethod 0x000002c020874510
Event: 76.168 Thread 0x000002c03801f500 flushing  nmethod 0x000002c020879f90
Event: 76.168 Thread 0x000002c03801f500 flushing  nmethod 0x000002c02087b090
Event: 76.168 Thread 0x000002c03801f500 flushing  nmethod 0x000002c02087b890
Event: 76.168 Thread 0x000002c03801f500 flushing  nmethod 0x000002c02089d590
Event: 76.168 Thread 0x000002c03801f500 flushing  nmethod 0x000002c02089dd10
Event: 76.168 Thread 0x000002c03801f500 flushing  nmethod 0x000002c02089ec10
Event: 76.168 Thread 0x000002c03801f500 flushing  nmethod 0x000002c0208ed090

Events (20 events):
Event: 74.013 Thread 0x000002c07f59b160 Thread exited: 0x000002c07f59b160
Event: 74.171 Thread 0x000002c07e2564d0 Thread added: 0x000002c07f59b160
Event: 74.575 Thread 0x000002c07e2564d0 Thread added: 0x000002c07f59b670
Event: 74.575 Thread 0x000002c07f59b670 Thread exited: 0x000002c07f59b670
Event: 74.786 Thread 0x000002c03801e320 Thread added: 0x000002c07e527d30
Event: 74.881 Thread 0x000002c07e2564d0 Thread added: 0x000002c07f59b670
Event: 74.882 Thread 0x000002c07e2564d0 Thread added: 0x000002c07f59bb80
Event: 74.883 Thread 0x000002c07e2564d0 Thread added: 0x000002c07f59c5a0
Event: 75.234 Thread 0x000002c07e2564d0 Thread added: 0x000002c07f596a80
Event: 75.236 Thread 0x000002c07e2564d0 Thread added: 0x000002c07f5979b0
Event: 75.238 Thread 0x000002c07e2564d0 Thread added: 0x000002c07f597ec0
Event: 75.804 Thread 0x000002c07e2564d0 Thread added: 0x000002c03838b150
Event: 76.098 Thread 0x000002c07e527d30 Thread exited: 0x000002c07e527d30
Event: 76.122 Thread 0x000002c07e2564d0 Thread added: 0x000002c03838b660
Event: 76.153 Thread 0x000002c03838b660 Thread exited: 0x000002c03838b660
Event: 76.275 Thread 0x000002c07e2564d0 Thread added: 0x000002c03838bb70
Event: 76.305 Thread 0x000002c03838bb70 Thread added: 0x000002c03838b660
Event: 76.307 Thread 0x000002c03838bb70 Thread added: 0x000002c03838c590
Event: 76.308 Thread 0x000002c03838bb70 Thread added: 0x000002c03838caa0
Event: 76.374 Thread 0x000002c03838c590 Thread added: 0x000002c07f2f7410


Dynamic libraries:
0x00007ff7fbb70000 - 0x00007ff7fbb7e000 	C:\Users\aplut\.gradle\jdks\eclipse_adoptium-17-amd64-windows\jdk-17.0.13+11\bin\java.exe
0x00007ffa76090000 - 0x00007ffa762a7000 	C:\WINDOWS\SYSTEM32\ntdll.dll
0x00007ffa3c200000 - 0x00007ffa3c21a000 	C:\Program Files\Avast Software\Avast\aswhook.dll
0x00007ffa746c0000 - 0x00007ffa74784000 	C:\WINDOWS\System32\KERNEL32.DLL
0x00007ffa739f0000 - 0x00007ffa73da9000 	C:\WINDOWS\System32\KERNELBASE.dll
0x00007ffa738d0000 - 0x00007ffa739e1000 	C:\WINDOWS\System32\ucrtbase.dll
0x00007ffa62bf0000 - 0x00007ffa62c0e000 	C:\Users\aplut\.gradle\jdks\eclipse_adoptium-17-amd64-windows\jdk-17.0.13+11\bin\VCRUNTIME140.dll
0x00007ffa62a50000 - 0x00007ffa62a67000 	C:\Users\aplut\.gradle\jdks\eclipse_adoptium-17-amd64-windows\jdk-17.0.13+11\bin\jli.dll
0x00007ffa74190000 - 0x00007ffa7433e000 	C:\WINDOWS\System32\USER32.dll
0x00007ffa59790000 - 0x00007ffa59a22000 	C:\WINDOWS\WinSxS\amd64_microsoft.windows.common-controls_6595b64144ccf1df_6.0.22621.4391_none_2715d37f73803e96\COMCTL32.dll
0x00007ffa734b0000 - 0x00007ffa734d6000 	C:\WINDOWS\System32\win32u.dll
0x00007ffa740d0000 - 0x00007ffa74177000 	C:\WINDOWS\System32\msvcrt.dll
0x00007ffa74b80000 - 0x00007ffa74ba9000 	C:\WINDOWS\System32\GDI32.dll
0x00007ffa73390000 - 0x00007ffa734ab000 	C:\WINDOWS\System32\gdi32full.dll
0x00007ffa734e0000 - 0x00007ffa7357a000 	C:\WINDOWS\System32\msvcp_win.dll
0x00007ffa75430000 - 0x00007ffa75461000 	C:\WINDOWS\System32\IMM32.DLL
0x00007ffa67250000 - 0x00007ffa6725c000 	C:\Users\aplut\.gradle\jdks\eclipse_adoptium-17-amd64-windows\jdk-17.0.13+11\bin\vcruntime140_1.dll
0x00007ffa629c0000 - 0x00007ffa62a4d000 	C:\Users\aplut\.gradle\jdks\eclipse_adoptium-17-amd64-windows\jdk-17.0.13+11\bin\msvcp140.dll
0x00007ff9db080000 - 0x00007ff9dbceb000 	C:\Users\aplut\.gradle\jdks\eclipse_adoptium-17-amd64-windows\jdk-17.0.13+11\bin\server\jvm.dll
0x00007ffa74000000 - 0x00007ffa740b2000 	C:\WINDOWS\System32\ADVAPI32.dll
0x00007ffa75670000 - 0x00007ffa75717000 	C:\WINDOWS\System32\sechost.dll
0x00007ffa735f0000 - 0x00007ffa73618000 	C:\WINDOWS\System32\bcrypt.dll
0x00007ffa745a0000 - 0x00007ffa746b4000 	C:\WINDOWS\System32\RPCRT4.dll
0x00007ffa74950000 - 0x00007ffa749c1000 	C:\WINDOWS\System32\WS2_32.dll
0x00007ffa730b0000 - 0x00007ffa730fd000 	C:\WINDOWS\SYSTEM32\POWRPROF.dll
0x00007ffa671d0000 - 0x00007ffa67204000 	C:\WINDOWS\SYSTEM32\WINMM.dll
0x00007ffa64920000 - 0x00007ffa6492a000 	C:\WINDOWS\SYSTEM32\VERSION.dll
0x00007ffa72fc0000 - 0x00007ffa72fd3000 	C:\WINDOWS\SYSTEM32\UMPDC.dll
0x00007ffa72390000 - 0x00007ffa723a8000 	C:\WINDOWS\SYSTEM32\kernel.appcore.dll
0x00007ffa63840000 - 0x00007ffa6384a000 	C:\Users\aplut\.gradle\jdks\eclipse_adoptium-17-amd64-windows\jdk-17.0.13+11\bin\jimage.dll
0x00007ffa70980000 - 0x00007ffa70bb2000 	C:\WINDOWS\SYSTEM32\DBGHELP.DLL
0x00007ffa75ca0000 - 0x00007ffa7602f000 	C:\WINDOWS\System32\combase.dll
0x00007ffa75490000 - 0x00007ffa75567000 	C:\WINDOWS\System32\OLEAUT32.dll
0x00007ffa62db0000 - 0x00007ffa62de2000 	C:\WINDOWS\SYSTEM32\dbgcore.DLL
0x00007ffa73850000 - 0x00007ffa738cb000 	C:\WINDOWS\System32\bcryptPrimitives.dll
0x00007ffa62be0000 - 0x00007ffa62bee000 	C:\Users\aplut\.gradle\jdks\eclipse_adoptium-17-amd64-windows\jdk-17.0.13+11\bin\instrument.dll
0x00007ffa4df50000 - 0x00007ffa4df75000 	C:\Users\aplut\.gradle\jdks\eclipse_adoptium-17-amd64-windows\jdk-17.0.13+11\bin\java.dll
0x00007ffa2ed90000 - 0x00007ffa2ee67000 	C:\Users\aplut\.gradle\jdks\eclipse_adoptium-17-amd64-windows\jdk-17.0.13+11\bin\jsvml.dll
0x00007ffa74bb0000 - 0x00007ffa75426000 	C:\WINDOWS\System32\SHELL32.dll
0x00007ffa71280000 - 0x00007ffa71b83000 	C:\WINDOWS\SYSTEM32\windows.storage.dll
0x00007ffa71140000 - 0x00007ffa7127f000 	C:\WINDOWS\SYSTEM32\wintypes.dll
0x00007ffa74850000 - 0x00007ffa74949000 	C:\WINDOWS\System32\SHCORE.dll
0x00007ffa74790000 - 0x00007ffa747ee000 	C:\WINDOWS\System32\shlwapi.dll
0x00007ffa732c0000 - 0x00007ffa732eb000 	C:\WINDOWS\SYSTEM32\profapi.dll
0x00007ffa62970000 - 0x00007ffa62988000 	C:\Users\aplut\.gradle\jdks\eclipse_adoptium-17-amd64-windows\jdk-17.0.13+11\bin\zip.dll
0x00007ffa4dfa0000 - 0x00007ffa4dfb9000 	C:\Users\aplut\.gradle\jdks\eclipse_adoptium-17-amd64-windows\jdk-17.0.13+11\bin\net.dll
0x00007ffa6a540000 - 0x00007ffa6a676000 	C:\WINDOWS\SYSTEM32\WINHTTP.dll
0x00007ffa72800000 - 0x00007ffa72869000 	C:\WINDOWS\system32\mswsock.dll
0x00007ffa4df30000 - 0x00007ffa4df46000 	C:\Users\aplut\.gradle\jdks\eclipse_adoptium-17-amd64-windows\jdk-17.0.13+11\bin\nio.dll
0x00007ffa62bc0000 - 0x00007ffa62bd0000 	C:\Users\aplut\.gradle\jdks\eclipse_adoptium-17-amd64-windows\jdk-17.0.13+11\bin\verify.dll
0x00007ffa3b650000 - 0x00007ffa3b677000 	C:\Users\aplut\.gradle\native\c067742578af261105cb4f569cf0c3c89f3d7b1fecec35dd04571415982c5e48\windows-amd64\native-platform.dll
0x00007ff9fe700000 - 0x00007ff9fe844000 	C:\Users\aplut\.gradle\native\100fb08df4bc3b14c8652ba06237920a3bd2aa13389f12d3474272988ae205f9\windows-amd64\native-platform-file-events.dll
0x00007ffa629b0000 - 0x00007ffa629ba000 	C:\Users\aplut\.gradle\jdks\eclipse_adoptium-17-amd64-windows\jdk-17.0.13+11\bin\management.dll
0x00007ffa54ec0000 - 0x00007ffa54ecb000 	C:\Users\aplut\.gradle\jdks\eclipse_adoptium-17-amd64-windows\jdk-17.0.13+11\bin\management_ext.dll
0x00007ffa74340000 - 0x00007ffa74348000 	C:\WINDOWS\System32\PSAPI.DLL
0x00007ffa72aa0000 - 0x00007ffa72abb000 	C:\WINDOWS\SYSTEM32\CRYPTSP.dll
0x00007ffa722f0000 - 0x00007ffa72325000 	C:\WINDOWS\system32\rsaenh.dll
0x00007ffa728a0000 - 0x00007ffa728c8000 	C:\WINDOWS\SYSTEM32\USERENV.dll
0x00007ffa72a00000 - 0x00007ffa72a0c000 	C:\WINDOWS\SYSTEM32\CRYPTBASE.dll
0x00007ffa71df0000 - 0x00007ffa71e1d000 	C:\WINDOWS\SYSTEM32\IPHLPAPI.DLL
0x00007ffa740c0000 - 0x00007ffa740c9000 	C:\WINDOWS\System32\NSI.dll
0x00007ffa67c90000 - 0x00007ffa67ca9000 	C:\WINDOWS\SYSTEM32\dhcpcsvc6.DLL
0x00007ffa67c70000 - 0x00007ffa67c8f000 	C:\WINDOWS\SYSTEM32\dhcpcsvc.DLL
0x00007ffa71e20000 - 0x00007ffa71f22000 	C:\WINDOWS\SYSTEM32\DNSAPI.dll
0x00007ffa4df20000 - 0x00007ffa4df29000 	C:\Users\aplut\.gradle\jdks\eclipse_adoptium-17-amd64-windows\jdk-17.0.13+11\bin\extnet.dll
0x00007ffa4df10000 - 0x00007ffa4df1e000 	C:\Users\aplut\.gradle\jdks\eclipse_adoptium-17-amd64-windows\jdk-17.0.13+11\bin\sunmscapi.dll
0x00007ffa736e0000 - 0x00007ffa73846000 	C:\WINDOWS\System32\CRYPT32.dll
0x00007ffa72cb0000 - 0x00007ffa72cdd000 	C:\WINDOWS\SYSTEM32\ncrypt.dll
0x00007ffa72c70000 - 0x00007ffa72ca7000 	C:\WINDOWS\SYSTEM32\NTASN1.dll
0x00007ffa62c70000 - 0x00007ffa62c78000 	C:\WINDOWS\system32\wshunix.dll
0x000000006c660000 - 0x000000006c686000 	C:\Program Files\Bonjour\mdnsNSP.dll
0x00007ffa648c0000 - 0x00007ffa648ca000 	C:\Windows\System32\rasadhlp.dll
0x00007ffa60960000 - 0x00007ffa609e3000 	C:\WINDOWS\System32\fwpuclnt.dll

dbghelp: loaded successfully - version: 4.0.5 - missing functions: none
symbol engine: initialized successfully - sym options: 0x614 - pdb path: .;C:\Users\aplut\.gradle\jdks\eclipse_adoptium-17-amd64-windows\jdk-17.0.13+11\bin;C:\WINDOWS\SYSTEM32;C:\Program Files\Avast Software\Avast;C:\WINDOWS\WinSxS\amd64_microsoft.windows.common-controls_6595b64144ccf1df_6.0.22621.4391_none_2715d37f73803e96;C:\Users\aplut\.gradle\jdks\eclipse_adoptium-17-amd64-windows\jdk-17.0.13+11\bin\server;C:\Users\aplut\.gradle\native\c067742578af261105cb4f569cf0c3c89f3d7b1fecec35dd04571415982c5e48\windows-amd64;C:\Users\aplut\.gradle\native\100fb08df4bc3b14c8652ba06237920a3bd2aa13389f12d3474272988ae205f9\windows-amd64;C:\Program Files\Bonjour

VM Arguments:
jvm_args: --add-opens=java.base/java.util.concurrent.atomic=ALL-UNNAMED --add-opens=java.base/java.util=ALL-UNNAMED --add-opens=java.base/java.lang=ALL-UNNAMED --add-opens=java.base/java.lang.invoke=ALL-UNNAMED --add-opens=java.prefs/java.util.prefs=ALL-UNNAMED --add-opens=java.base/java.nio.charset=ALL-UNNAMED --add-opens=java.base/java.net=ALL-UNNAMED --add-opens=java.base/java.util.concurrent.atomic=ALL-UNNAMED -Xmx3G -Dfile.encoding=UTF-8 -Duser.country=PL -Duser.language=pl -Duser.variant -javaagent:C:\Users\aplut\.gradle\wrapper\dists\gradle-8.8-bin\dl7vupf4psengwqhwktix4v1\gradle-8.8\lib\agents\gradle-instrumentation-agent-8.8.jar 
java_command: org.gradle.launcher.daemon.bootstrap.GradleDaemon 8.8
java_class_path (initial): C:\Users\aplut\.gradle\wrapper\dists\gradle-8.8-bin\dl7vupf4psengwqhwktix4v1\gradle-8.8\lib\gradle-launcher-8.8.jar
Launcher Type: SUN_STANDARD

[Global flags]
     intx CICompilerCount                          = 3                                         {product} {ergonomic}
     uint ConcGCThreads                            = 1                                         {product} {ergonomic}
     uint G1ConcRefinementThreads                  = 4                                         {product} {ergonomic}
   size_t G1HeapRegionSize                         = 2097152                                   {product} {ergonomic}
    uintx GCDrainStackTargetSize                   = 64                                        {product} {ergonomic}
   size_t InitialHeapSize                          = 130023424                                 {product} {ergonomic}
   size_t MarkStackSize                            = 4194304                                   {product} {ergonomic}
   size_t MaxHeapSize                              = 3221225472                                {product} {command line}
   size_t MaxNewSize                               = 1931476992                                {product} {ergonomic}
   size_t MinHeapDeltaBytes                        = 2097152                                   {product} {ergonomic}
   size_t MinHeapSize                              = 8388608                                   {product} {ergonomic}
    uintx NonNMethodCodeHeapSize                   = 5832780                                {pd product} {ergonomic}
    uintx NonProfiledCodeHeapSize                  = 122912730                              {pd product} {ergonomic}
    uintx ProfiledCodeHeapSize                     = 122912730                              {pd product} {ergonomic}
    uintx ReservedCodeCacheSize                    = 251658240                              {pd product} {ergonomic}
     bool SegmentedCodeCache                       = true                                      {product} {ergonomic}
   size_t SoftMaxHeapSize                          = 3221225472                             {manageable} {ergonomic}
     bool UseCompressedClassPointers               = true                           {product lp64_product} {ergonomic}
     bool UseCompressedOops                        = true                           {product lp64_product} {ergonomic}
     bool UseG1GC                                  = true                                      {product} {ergonomic}
     bool UseLargePagesIndividualAllocation        = false                                  {pd product} {ergonomic}

Logging:
Log output configuration:
 #0: stdout all=warning uptime,level,tags
 #1: stderr all=off uptime,level,tags

Environment Variables:
PATH=C:\Program Files\Eclipse Adoptium\jdk-17.0.13.11-hotspot\bin;C:\Users\aplut\OneDrive\Pulpit\PythonFlask\Scripts\;C:\Users\aplut\OneDrive\Pulpit\PythonFlask\;C:\Program Files\Oculus\Support\oculus-runtime;C:\PROGRA~2\Borland\CBUILD~1\Bin;C:\PROGRA~2\Borland\CBUILD~1\Projects\Bpl;C:\Program Files\Common Files\Oracle\Java\javapath;C:\Program Files (x86)\Common Files\Oracle\Java\java8path;C:\Program Files (x86)\Common Files\Oracle\Java\javapath;C:\Program Files (x86)\VMware\VMware Player\bin\;C:\Program Files\Microsoft\jdk-11.0.12.7-hotspot\bin;C:\WINDOWS\system32;C:\WINDOWS;C:\WINDOWS\System32\Wbem;C:\WINDOWS\System32\WindowsPowerShell\v1.0\;C:\WINDOWS\System32\OpenSSH\;C:\Program Files\Microsoft SQL Server\150\Tools\Binn\;C:\Program Files\dotnet\;C:\Program Files (x86)\Yarn\bin\;C:\Program Files\HP\HP One Agent;C:\Program Files\Docker\Docker\resources\bin;C:\Program Files\nodejs\;C:\Program Files\Microsoft SQL Server\120\Tools\Binn\;C:\Program Files\Git\cmd;C:\Users\aplut\.cargo\bin;C:\Ruby27-x64\bin;C:\Users\aplut\AppData\Local\Microsoft\WindowsApps;C:\Users\aplut\.dotnet\tools;%JAVA_HOME%\bin;C:\Users\aplut\AppData\Local\Programs\Microsoft VS Code\bin;C:\Users\aplut\AppData\Local\Yarn\bin;C:\ProgramData\aplut\GitHubDesktop\bin;C:\Users\aplut\AppData\Roaming\npm;C:\xampp\php;C:\Users\aplut\composer;C:\Users\aplut\AppData\Roaming\Composer\vendor\bin;C:\Users\aplut\AppData\Local\Muse Hub\lib;C:\Program Files\Oracle\VirtualBox;C:\Users\aplut\IntelliJ IDEA Community Edition 2024.3\bin;;C:\Gradle\bin;C:\Users\aplut\AppData\Local\GitHubDesktop\bin
USERNAME=aplut
OS=Windows_NT
PROCESSOR_IDENTIFIER=Intel64 Family 6 Model 140 Stepping 1, GenuineIntel
TMP=C:\Users\aplut\AppData\Local\Temp
TEMP=C:\Users\aplut\AppData\Local\Temp



Periodic native trim disabled


---------------  S Y S T E M  ---------------

OS:
 Windows 11 , 64 bit Build 22621 (10.0.22621.4391)
OS uptime: 0 days 10:36 hours
Hyper-V role detected

CPU: total 4 (initial active 4) (2 cores per cpu, 2 threads per core) family 6 model 140 stepping 1 microcode 0xac, cx8, cmov, fxsr, ht, mmx, 3dnowpref, sse, sse2, sse3, ssse3, sse4.1, sse4.2, popcnt, lzcnt, tsc, tscinvbit, avx, avx2, aes, erms, clmul, bmi1, bmi2, adx, avx512f, avx512dq, avx512cd, avx512bw, avx512vl, sha, fma, vzeroupper, avx512_vpopcntdq, avx512_vpclmulqdq, avx512_vaes, avx512_vnni, clflush, clflushopt, clwb, avx512_vbmi2, avx512_vbmi, hv
Processor Information for all 4 processors :
  Max Mhz: 2995, Current Mhz: 2995, Mhz Limit: 2995

Memory: 4k page, system-wide physical 7932M (362M free)
TotalPageFile size 16932M (AvailPageFile size 6M)
current process WorkingSet (physical memory assigned to process): 421M, peak: 426M
current process commit charge ("private bytes"): 659M, peak: 661M

vm_info: OpenJDK 64-Bit Server VM (17.0.13+11) for windows-amd64 JRE (17.0.13+11), built on Oct 16 2024 00:10:08 by "admin" with MS VC++ 17.7 (VS2022)

END.
