#
# There is insufficient memory for the Java Runtime Environment to continue.
# Native memory allocation (mmap) failed to map 260046848 bytes. Error detail: G1 virtual space
# Possible reasons:
#   The system is out of physical RAM or swap space
#   This process is running with CompressedOops enabled, and the Java Heap may be blocking the growth of the native heap
# Possible solutions:
#   Reduce memory load on the system
#   Increase physical memory or swap space
#   Check if swap backing store is full
#   Decrease Java heap size (-Xmx/-Xms)
#   Decrease number of Java threads
#   Decrease Java thread stack sizes (-Xss)
#   Set larger code cache with -XX:ReservedCodeCacheSize=
#   JVM is running with Zero Based Compressed Oops mode in which the Java heap is
#     placed in the first 32GB address space. The Java Heap base address is the
#     maximum limit for the native heap growth. Please use -XX:HeapBaseMinAddress
#     to set the Java Heap base and to place the Java Heap above 32GB virtual address.
# This output file may be truncated or incomplete.
#
#  Out of Memory Error (os_windows.cpp:3614), pid=2032, tid=22768
#
# JRE version: OpenJDK Runtime Environment Temurin-17.0.13+11 (17.0.13+11) (build 17.0.13+11)
# Java VM: OpenJDK 64-Bit Server VM Temurin-17.0.13+11 (17.0.13+11, mixed mode, sharing, tiered, compressed oops, compressed class ptrs, g1 gc, windows-amd64)
# No core dump will be written. Minidumps are not enabled by default on client versions of Windows
#

---------------  S U M M A R Y ------------

Command Line: --add-opens=java.base/java.util.concurrent.atomic=ALL-UNNAMED --add-opens=java.base/java.util=ALL-UNNAMED --add-opens=java.base/java.lang=ALL-UNNAMED --add-opens=java.base/java.lang.invoke=ALL-UNNAMED --add-opens=java.prefs/java.util.prefs=ALL-UNNAMED --add-opens=java.base/java.nio.charset=ALL-UNNAMED --add-opens=java.base/java.net=ALL-UNNAMED --add-opens=java.base/java.util.concurrent.atomic=ALL-UNNAMED -Xmx3G -Dfile.encoding=UTF-8 -Duser.country=PL -Duser.language=pl -Duser.variant -javaagent:C:\Users\aplut\.gradle\wrapper\dists\gradle-8.8-bin\dl7vupf4psengwqhwktix4v1\gradle-8.8\lib\agents\gradle-instrumentation-agent-8.8.jar org.gradle.launcher.daemon.bootstrap.GradleDaemon 8.8

Host: 11th Gen Intel(R) Core(TM) i3-1115G4 @ 3.00GHz, 4 cores, 7G,  Windows 11 , 64 bit Build 22621 (10.0.22621.4391)
Time: Wed Dec  4 20:17:28 2024  Windows 11 , 64 bit Build 22621 (10.0.22621.4391) elapsed time: 26.269668 seconds (0d 0h 0m 26s)

---------------  T H R E A D  ---------------

Current thread (0x000001523a2d1a40):  VMThread "VM Thread" [stack: 0x00000002bfe00000,0x00000002bff00000] [id=22768]

Stack: [0x00000002bfe00000,0x00000002bff00000]
Native frames: (J=compiled Java code, j=interpreted, Vv=VM code, C=native code)
V  [jvm.dll+0x682a19]
V  [jvm.dll+0x839538]
V  [jvm.dll+0x83afe3]
V  [jvm.dll+0x83b653]
V  [jvm.dll+0x24704f]
V  [jvm.dll+0x67f809]
V  [jvm.dll+0x6746fa]
V  [jvm.dll+0x304a96]
V  [jvm.dll+0x30bf56]
V  [jvm.dll+0x35da5e]
V  [jvm.dll+0x35dc9d]
V  [jvm.dll+0x2dbe5c]
V  [jvm.dll+0x2da1ff]
V  [jvm.dll+0x2d996c]
V  [jvm.dll+0x31d14b]
V  [jvm.dll+0x83fe8d]
V  [jvm.dll+0x840bc3]
V  [jvm.dll+0x8410ef]
V  [jvm.dll+0x8414d4]
V  [jvm.dll+0x84159e]
V  [jvm.dll+0x7e8ffc]
V  [jvm.dll+0x6818f7]
C  [ucrtbase.dll+0x29333]
C  [KERNEL32.DLL+0x1259d]
C  [ntdll.dll+0x5af38]

VM_Operation (0x00000002c15f87a0): G1CollectForAllocation, mode: safepoint, requested by thread 0x0000015201acf090


---------------  P R O C E S S  ---------------

Threads class SMR info:
_java_thread_list=0x00000152024264d0, length=71, elements={
0x000001521a0f3e40, 0x000001523a2d55c0, 0x000001523a2d6920, 0x000001523a2ec1a0,
0x000001523a2ecbc0, 0x000001523a2ead60, 0x000001523a2eb780, 0x000001523a2fc1a0,
0x000001523a2fd3f0, 0x000001523a3005a0, 0x000001523a2edaf0, 0x000001523a2ebc90,
0x000001523a2ec6b0, 0x000001523a2eb270, 0x000001523a2ed0d0, 0x000001523a2ee000,
0x000001523a2ed5e0, 0x000001523a2ea850, 0x0000015201acf090, 0x0000015201acffc0,
0x0000015201ad5ff0, 0x0000015201ad55d0, 0x0000015201ad6a10, 0x0000015201ad2840,
0x0000015201ad50c0, 0x0000015201ad6500, 0x0000015201acf5a0, 0x0000015201ad09e0,
0x0000015201ad0ef0, 0x0000015201ad1400, 0x0000015201acfab0, 0x0000015201ad3260,
0x0000015201ad3c80, 0x0000015201ad04d0, 0x0000015201ad1e20, 0x0000015201ad1910,
0x0000015201ad3770, 0x0000015201ad4190, 0x0000015201ad46a0, 0x0000015201ad4bb0,
0x000001520407a050, 0x0000015204080aa0, 0x0000015204080590, 0x000001520407ec40,
0x0000015204080fb0, 0x000001520407e220, 0x000001520407e730, 0x00000152040814c0,
0x000001520407f660, 0x000001520407d800, 0x000001520407fb70, 0x000001520407d2f0,
0x0000015204080080, 0x00000152040819d0, 0x000001520407a560, 0x000001520407c8d0,
0x000001520407b9a0, 0x000001520407beb0, 0x000001520407dd10, 0x0000015204463690,
0x0000015204463ba0, 0x000001520445e080, 0x0000015204462760, 0x0000015204462c70,
0x0000015204461830, 0x0000015200c19260, 0x0000015204463180, 0x000001520445cc40,
0x0000015204461d40, 0x0000015204462250, 0x000001520445db70
}

Java Threads: ( => current thread )
  0x000001521a0f3e40 JavaThread "main" [_thread_blocked, id=500, stack(0x00000002bf800000,0x00000002bf900000)]
  0x000001523a2d55c0 JavaThread "Reference Handler" daemon [_thread_blocked, id=23672, stack(0x00000002bff00000,0x00000002c0000000)]
  0x000001523a2d6920 JavaThread "Finalizer" daemon [_thread_blocked, id=25348, stack(0x00000002c0000000,0x00000002c0100000)]
  0x000001523a2ec1a0 JavaThread "Signal Dispatcher" daemon [_thread_blocked, id=20988, stack(0x00000002c0100000,0x00000002c0200000)]
  0x000001523a2ecbc0 JavaThread "Attach Listener" daemon [_thread_blocked, id=11400, stack(0x00000002c0200000,0x00000002c0300000)]
  0x000001523a2ead60 JavaThread "Service Thread" daemon [_thread_blocked, id=14848, stack(0x00000002c0300000,0x00000002c0400000)]
  0x000001523a2eb780 JavaThread "Monitor Deflation Thread" daemon [_thread_blocked, id=5732, stack(0x00000002c0400000,0x00000002c0500000)]
  0x000001523a2fc1a0 JavaThread "C2 CompilerThread0" daemon [_thread_blocked, id=7384, stack(0x00000002c0500000,0x00000002c0600000)]
  0x000001523a2fd3f0 JavaThread "C1 CompilerThread0" daemon [_thread_blocked, id=3628, stack(0x00000002c0600000,0x00000002c0700000)]
  0x000001523a3005a0 JavaThread "Sweeper thread" daemon [_thread_blocked, id=5176, stack(0x00000002c0700000,0x00000002c0800000)]
  0x000001523a2edaf0 JavaThread "Common-Cleaner" daemon [_thread_blocked, id=15836, stack(0x00000002c0800000,0x00000002c0900000)]
  0x000001523a2ebc90 JavaThread "Notification Thread" daemon [_thread_blocked, id=13484, stack(0x00000002c0900000,0x00000002c0a00000)]
  0x000001523a2ec6b0 JavaThread "Daemon health stats" [_thread_blocked, id=26188, stack(0x00000002c0f00000,0x00000002c1000000)]
  0x000001523a2eb270 JavaThread "Incoming local TCP Connector on port 59382" [_thread_in_native, id=13244, stack(0x00000002c1000000,0x00000002c1100000)]
  0x000001523a2ed0d0 JavaThread "Daemon periodic checks" [_thread_blocked, id=4760, stack(0x00000002c1100000,0x00000002c1200000)]
  0x000001523a2ee000 JavaThread "Daemon" [_thread_blocked, id=20132, stack(0x00000002c1200000,0x00000002c1300000)]
  0x000001523a2ed5e0 JavaThread "Handler for socket connection from /127.0.0.1:59382 to /127.0.0.1:59383" [_thread_in_native, id=16064, stack(0x00000002c1300000,0x00000002c1400000)]
  0x000001523a2ea850 JavaThread "Cancel handler" [_thread_blocked, id=12112, stack(0x00000002c1400000,0x00000002c1500000)]
  0x0000015201acf090 JavaThread "Daemon worker" [_thread_blocked, id=17124, stack(0x00000002c1500000,0x00000002c1600000)]
  0x0000015201acffc0 JavaThread "Asynchronous log dispatcher for DefaultDaemonConnection: socket connection from /127.0.0.1:59382 to /127.0.0.1:59383" [_thread_blocked, id=25372, stack(0x00000002c1600000,0x00000002c1700000)]
  0x0000015201ad5ff0 JavaThread "Stdin handler" [_thread_blocked, id=20508, stack(0x00000002c1700000,0x00000002c1800000)]
  0x0000015201ad55d0 JavaThread "Daemon client event forwarder" [_thread_blocked, id=4604, stack(0x00000002c1800000,0x00000002c1900000)]
  0x0000015201ad6a10 JavaThread "Cache worker for journal cache (C:\Users\aplut\.gradle\caches\journal-1)" [_thread_blocked, id=20280, stack(0x00000002c1900000,0x00000002c1a00000)]
  0x0000015201ad2840 JavaThread "File lock request listener" [_thread_in_native, id=7256, stack(0x00000002c1a00000,0x00000002c1b00000)]
  0x0000015201ad50c0 JavaThread "Cache worker for file hash cache (C:\Users\aplut\.gradle\caches\8.8\fileHashes)" [_thread_blocked, id=27256, stack(0x00000002c1b00000,0x00000002c1c00000)]
  0x0000015201ad6500 JavaThread "Cache worker for file hash cache (C:\Users\aplut\OneDrive\Projekty\Mods\Creativity\.gradle\8.8\fileHashes)" [_thread_blocked, id=23956, stack(0x00000002c1c00000,0x00000002c1d00000)]
  0x0000015201acf5a0 JavaThread "File watcher server" daemon [_thread_in_native, id=11408, stack(0x00000002c1d00000,0x00000002c1e00000)]
  0x0000015201ad09e0 JavaThread "File watcher consumer" daemon [_thread_blocked, id=10176, stack(0x00000002c1e00000,0x00000002c1f00000)]
  0x0000015201ad0ef0 JavaThread "jar transforms" [_thread_blocked, id=5188, stack(0x00000002c1f00000,0x00000002c2000000)]
  0x0000015201ad1400 JavaThread "jar transforms Thread 2" [_thread_blocked, id=16936, stack(0x00000002c2000000,0x00000002c2100000)]
  0x0000015201acfab0 JavaThread "jar transforms Thread 3" [_thread_blocked, id=26500, stack(0x00000002c2100000,0x00000002c2200000)]
  0x0000015201ad3260 JavaThread "jar transforms Thread 4" [_thread_blocked, id=15592, stack(0x00000002c2200000,0x00000002c2300000)]
  0x0000015201ad3c80 JavaThread "Cache worker for checksums cache (C:\Users\aplut\OneDrive\Projekty\Mods\Creativity\.gradle\8.8\checksums)" [_thread_blocked, id=24480, stack(0x00000002c2300000,0x00000002c2400000)]
  0x0000015201ad04d0 JavaThread "Cache worker for file content cache (C:\Users\aplut\.gradle\caches\8.8\fileContent)" [_thread_blocked, id=416, stack(0x00000002c2400000,0x00000002c2500000)]
  0x0000015201ad1e20 JavaThread "Cache worker for cache directory md-rule (C:\Users\aplut\.gradle\caches\8.8\md-rule)" [_thread_blocked, id=9380, stack(0x00000002c2500000,0x00000002c2600000)]
  0x0000015201ad1910 JavaThread "Cache worker for cache directory md-supplier (C:\Users\aplut\.gradle\caches\8.8\md-supplier)" [_thread_blocked, id=24020, stack(0x00000002c2600000,0x00000002c2700000)]
  0x0000015201ad3770 JavaThread "Unconstrained build operations" [_thread_blocked, id=19992, stack(0x00000002c2700000,0x00000002c2800000)]
  0x0000015201ad4190 JavaThread "Unconstrained build operations Thread 2" [_thread_blocked, id=25920, stack(0x00000002c2800000,0x00000002c2900000)]
  0x0000015201ad46a0 JavaThread "Unconstrained build operations Thread 3" [_thread_blocked, id=13812, stack(0x00000002c2900000,0x00000002c2a00000)]
  0x0000015201ad4bb0 JavaThread "Unconstrained build operations Thread 4" [_thread_blocked, id=8160, stack(0x00000002c2a00000,0x00000002c2b00000)]
  0x000001520407a050 JavaThread "Unconstrained build operations Thread 5" [_thread_blocked, id=22296, stack(0x00000002c2b00000,0x00000002c2c00000)]
  0x0000015204080aa0 JavaThread "Unconstrained build operations Thread 6" [_thread_blocked, id=27532, stack(0x00000002c2c00000,0x00000002c2d00000)]
  0x0000015204080590 JavaThread "Unconstrained build operations Thread 7" [_thread_blocked, id=26316, stack(0x00000002c2d00000,0x00000002c2e00000)]
  0x000001520407ec40 JavaThread "Unconstrained build operations Thread 8" [_thread_blocked, id=10032, stack(0x00000002c2e00000,0x00000002c2f00000)]
  0x0000015204080fb0 JavaThread "Unconstrained build operations Thread 9" [_thread_blocked, id=22096, stack(0x00000002c2f00000,0x00000002c3000000)]
  0x000001520407e220 JavaThread "Unconstrained build operations Thread 10" [_thread_blocked, id=23856, stack(0x00000002c3000000,0x00000002c3100000)]
  0x000001520407e730 JavaThread "Unconstrained build operations Thread 11" [_thread_blocked, id=7248, stack(0x00000002c3100000,0x00000002c3200000)]
  0x00000152040814c0 JavaThread "Unconstrained build operations Thread 12" [_thread_blocked, id=20960, stack(0x00000002c3200000,0x00000002c3300000)]
  0x000001520407f660 JavaThread "Cache worker for Build Output Cleanup Cache (C:\Users\aplut\OneDrive\Projekty\Mods\Creativity\.gradle\buildOutputCleanup)" [_thread_blocked, id=4644, stack(0x00000002c3300000,0x00000002c3400000)]
  0x000001520407d800 JavaThread "Unconstrained build operations Thread 13" [_thread_blocked, id=16268, stack(0x00000002c3400000,0x00000002c3500000)]
  0x000001520407fb70 JavaThread "Unconstrained build operations Thread 14" [_thread_blocked, id=21960, stack(0x00000002c3500000,0x00000002c3600000)]
  0x000001520407d2f0 JavaThread "Unconstrained build operations Thread 15" [_thread_blocked, id=27268, stack(0x00000002c3600000,0x00000002c3700000)]
  0x0000015204080080 JavaThread "Unconstrained build operations Thread 16" [_thread_blocked, id=14104, stack(0x00000002c3700000,0x00000002c3800000)]
  0x00000152040819d0 JavaThread "Unconstrained build operations Thread 17" [_thread_blocked, id=24820, stack(0x00000002c3800000,0x00000002c3900000)]
  0x000001520407a560 JavaThread "Unconstrained build operations Thread 18" [_thread_blocked, id=10600, stack(0x00000002c3900000,0x00000002c3a00000)]
  0x000001520407c8d0 JavaThread "Unconstrained build operations Thread 19" [_thread_blocked, id=5368, stack(0x00000002c3a00000,0x00000002c3b00000)]
  0x000001520407b9a0 JavaThread "Unconstrained build operations Thread 20" [_thread_blocked, id=25652, stack(0x00000002c3b00000,0x00000002c3c00000)]
  0x000001520407beb0 JavaThread "Unconstrained build operations Thread 21" [_thread_blocked, id=14084, stack(0x00000002c3c00000,0x00000002c3d00000)]
  0x000001520407dd10 JavaThread "Memory manager" [_thread_blocked, id=11488, stack(0x00000002c3e00000,0x00000002c3f00000)]
  0x0000015204463690 JavaThread "Unconstrained build operations Thread 22" [_thread_blocked, id=9812, stack(0x00000002c3f00000,0x00000002c4000000)]
  0x0000015204463ba0 JavaThread "Unconstrained build operations Thread 23" [_thread_blocked, id=22080, stack(0x00000002c4000000,0x00000002c4100000)]
  0x000001520445e080 JavaThread "Unconstrained build operations Thread 24" [_thread_blocked, id=19736, stack(0x00000002c4100000,0x00000002c4200000)]
  0x0000015204462760 JavaThread "Unconstrained build operations Thread 25" [_thread_blocked, id=5572, stack(0x00000002c4200000,0x00000002c4300000)]
  0x0000015204462c70 JavaThread "Unconstrained build operations Thread 26" [_thread_blocked, id=26952, stack(0x00000002c4300000,0x00000002c4400000)]
  0x0000015204461830 JavaThread "Unconstrained build operations Thread 27" [_thread_blocked, id=12004, stack(0x00000002c4400000,0x00000002c4500000)]
  0x0000015200c19260 JavaThread "C2 CompilerThread1" daemon [_thread_in_native, id=8012, stack(0x00000002c0d00000,0x00000002c0e00000)]
  0x0000015204463180 JavaThread "included builds" [_thread_blocked, id=26280, stack(0x00000002c3d00000,0x00000002c3e00000)]
  0x000001520445cc40 JavaThread "Execution worker" [_thread_blocked, id=12580, stack(0x00000002c4600000,0x00000002c4700000)]
  0x0000015204461d40 JavaThread "Execution worker Thread 2" [_thread_blocked, id=16812, stack(0x00000002c4700000,0x00000002c4800000)]
  0x0000015204462250 JavaThread "Execution worker Thread 3" [_thread_blocked, id=8484, stack(0x00000002c4800000,0x00000002c4900000)]
  0x000001520445db70 JavaThread "Cache worker for execution history cache (C:\Users\aplut\OneDrive\Projekty\Mods\Creativity\.gradle\8.8\executionHistory)" [_thread_blocked, id=24680, stack(0x00000002c4900000,0x00000002c4a00000)]

Other Threads:
=>0x000001523a2d1a40 VMThread "VM Thread" [stack: 0x00000002bfe00000,0x00000002bff00000] [id=22768]
  0x000001521a0f4cc0 WatcherThread [stack: 0x00000002c0a00000,0x00000002c0b00000] [id=388]
  0x000001521a14d730 GCTaskThread "GC Thread#0" [stack: 0x00000002bf900000,0x00000002bfa00000] [id=1912]
  0x000001523a676070 GCTaskThread "GC Thread#1" [stack: 0x00000002c0b00000,0x00000002c0c00000] [id=12800]
  0x000001523a77fe20 GCTaskThread "GC Thread#2" [stack: 0x00000002c0c00000,0x00000002c0d00000] [id=19156]
  0x00000152007f5960 GCTaskThread "GC Thread#3" [stack: 0x00000002c0e00000,0x00000002c0f00000] [id=25740]
  0x000001521a15a680 ConcurrentGCThread "G1 Main Marker" [stack: 0x00000002bfa00000,0x00000002bfb00000] [id=25392]
  0x000001521a15b840 ConcurrentGCThread "G1 Conc#0" [stack: 0x00000002bfb00000,0x00000002bfc00000] [id=22908]
  0x000001521a197a60 ConcurrentGCThread "G1 Refine#0" [stack: 0x00000002bfc00000,0x00000002bfd00000] [id=26004]
  0x000001521a198490 ConcurrentGCThread "G1 Service" [stack: 0x00000002bfd00000,0x00000002bfe00000] [id=22188]

Threads with active compile tasks:
C2 CompilerThread0    26297 9658       4       org.gradle.internal.instantiation.generator.AbstractClassGenerator$ClassMetadata::property (42 bytes)
C2 CompilerThread1    26297 9655       4       org.objectweb.asm.Frame::execute (2303 bytes)

VM state: at safepoint (normal execution)

VM Mutex/Monitor currently owned by a thread:  ([mutex/lock_event])
[0x000001521a0f0fb0] Threads_lock - owner thread: 0x000001523a2d1a40
[0x000001521a0f1550] Heap_lock - owner thread: 0x0000015201acf090

Heap address: 0x0000000740000000, size: 3072 MB, Compressed Oops mode: Zero based, Oop shift amount: 3

CDS archive(s) mapped at: [0x000001523b000000-0x000001523bbb0000-0x000001523bbb0000), size 12255232, SharedBaseAddress: 0x000001523b000000, ArchiveRelocationMode: 1.
Compressed class space mapped at: 0x000001523c000000-0x000001527c000000, reserved size: 1073741824
Narrow klass base: 0x000001523b000000, Narrow klass shift: 0, Narrow klass range: 0x100000000

GC Precious Log:
 CPUs: 4 total, 4 available
 Memory: 7932M
 Large Page Support: Disabled
 NUMA Support: Disabled
 Compressed Oops: Enabled (Zero based)
 Heap Region Size: 2M
 Heap Min Capacity: 8M
 Heap Initial Capacity: 124M
 Heap Max Capacity: 3G
 Pre-touch: Disabled
 Parallel Workers: 4
 Concurrent Workers: 1
 Concurrent Refinement Workers: 4
 Periodic GC: Disabled

Heap:
 garbage-first heap   total 253952K, used 114500K [0x0000000740000000, 0x0000000800000000)
  region size 2048K, 6 young (12288K), 6 survivors (12288K)
 Metaspace       used 74129K, committed 74880K, reserved 1114112K
  class space    used 10359K, committed 10688K, reserved 1048576K

Heap Regions: E=young(eden), S=young(survivor), O=old, HS=humongous(starts), HC=humongous(continues), CS=collection set, F=free, OA=open archive, CA=closed archive, TAMS=top-at-mark-start (previous, next)
|   0|0x0000000740000000, 0x0000000740200000, 0x0000000740200000|100%|HS|  |TAMS 0x0000000740200000, 0x0000000740200000| Complete 
|   1|0x0000000740200000, 0x0000000740400000, 0x0000000740400000|100%|HC|  |TAMS 0x0000000740400000, 0x0000000740400000| Complete 
|   2|0x0000000740400000, 0x0000000740600000, 0x0000000740600000|100%| O|  |TAMS 0x0000000740600000, 0x0000000740600000| Untracked 
|   3|0x0000000740600000, 0x0000000740800000, 0x0000000740800000|100%| O|  |TAMS 0x0000000740800000, 0x0000000740800000| Untracked 
|   4|0x0000000740800000, 0x0000000740a00000, 0x0000000740a00000|100%| O|  |TAMS 0x0000000740a00000, 0x0000000740a00000| Untracked 
|   5|0x0000000740a00000, 0x0000000740c00000, 0x0000000740c00000|100%| O|  |TAMS 0x0000000740c00000, 0x0000000740c00000| Untracked 
|   6|0x0000000740c00000, 0x0000000740e00000, 0x0000000740e00000|100%| O|  |TAMS 0x0000000740e00000, 0x0000000740e00000| Untracked 
|   7|0x0000000740e00000, 0x0000000741000000, 0x0000000741000000|100%| O|  |TAMS 0x0000000741000000, 0x0000000741000000| Untracked 
|   8|0x0000000741000000, 0x0000000741200000, 0x0000000741200000|100%| O|  |TAMS 0x0000000741200000, 0x0000000741200000| Untracked 
|   9|0x0000000741200000, 0x0000000741400000, 0x0000000741400000|100%| O|  |TAMS 0x0000000741400000, 0x0000000741400000| Untracked 
|  10|0x0000000741400000, 0x0000000741428800, 0x0000000741600000|  7%| O|  |TAMS 0x0000000741428800, 0x0000000741428800| Untracked 
|  11|0x0000000741600000, 0x0000000741800000, 0x0000000741800000|100%|HS|  |TAMS 0x0000000741800000, 0x0000000741800000| Complete 
|  12|0x0000000741800000, 0x0000000741a00000, 0x0000000741a00000|100%|HC|  |TAMS 0x0000000741a00000, 0x0000000741a00000| Complete 
|  13|0x0000000741a00000, 0x0000000741c00000, 0x0000000741c00000|100%|HC|  |TAMS 0x0000000741c00000, 0x0000000741c00000| Complete 
|  14|0x0000000741c00000, 0x0000000741e00000, 0x0000000741e00000|100%|HS|  |TAMS 0x0000000741e00000, 0x0000000741e00000| Complete 
|  15|0x0000000741e00000, 0x0000000742000000, 0x0000000742000000|100%|HC|  |TAMS 0x0000000742000000, 0x0000000742000000| Complete 
|  16|0x0000000742000000, 0x0000000742200000, 0x0000000742200000|100%|HS|  |TAMS 0x0000000742200000, 0x0000000742200000| Complete 
|  17|0x0000000742200000, 0x0000000742400000, 0x0000000742400000|100%| O|  |TAMS 0x0000000742400000, 0x0000000742400000| Untracked 
|  18|0x0000000742400000, 0x0000000742600000, 0x0000000742600000|100%| O|  |TAMS 0x0000000742600000, 0x0000000742600000| Untracked 
|  19|0x0000000742600000, 0x0000000742800000, 0x0000000742800000|100%|HS|  |TAMS 0x0000000742800000, 0x0000000742800000| Complete 
|  20|0x0000000742800000, 0x0000000742a00000, 0x0000000742a00000|100%| O|  |TAMS 0x0000000742a00000, 0x0000000742a00000| Untracked 
|  21|0x0000000742a00000, 0x0000000742c00000, 0x0000000742c00000|100%| O|  |TAMS 0x0000000742c00000, 0x0000000742c00000| Untracked 
|  22|0x0000000742c00000, 0x0000000742e00000, 0x0000000742e00000|100%| O|  |TAMS 0x0000000742e00000, 0x0000000742e00000| Untracked 
|  23|0x0000000742e00000, 0x0000000743000000, 0x0000000743000000|100%| O|  |TAMS 0x0000000743000000, 0x0000000743000000| Untracked 
|  24|0x0000000743000000, 0x0000000743200000, 0x0000000743200000|100%| O|  |TAMS 0x0000000743200000, 0x0000000743200000| Untracked 
|  25|0x0000000743200000, 0x0000000743400000, 0x0000000743400000|100%|HS|  |TAMS 0x0000000743400000, 0x0000000743400000| Complete 
|  26|0x0000000743400000, 0x0000000743600000, 0x0000000743600000|100%|HC|  |TAMS 0x0000000743600000, 0x0000000743600000| Complete 
|  27|0x0000000743600000, 0x0000000743800000, 0x0000000743800000|100%|HC|  |TAMS 0x0000000743800000, 0x0000000743800000| Complete 
|  28|0x0000000743800000, 0x0000000743a00000, 0x0000000743a00000|100%| O|  |TAMS 0x0000000743a00000, 0x0000000743a00000| Untracked 
|  29|0x0000000743a00000, 0x0000000743c00000, 0x0000000743c00000|100%|HS|  |TAMS 0x0000000743c00000, 0x0000000743c00000| Complete 
|  30|0x0000000743c00000, 0x0000000743e00000, 0x0000000743e00000|100%|HC|  |TAMS 0x0000000743e00000, 0x0000000743e00000| Complete 
|  31|0x0000000743e00000, 0x0000000744000000, 0x0000000744000000|100%|HC|  |TAMS 0x0000000744000000, 0x0000000744000000| Complete 
|  32|0x0000000744000000, 0x0000000744200000, 0x0000000744200000|100%| O|  |TAMS 0x0000000744200000, 0x0000000744200000| Untracked 
|  33|0x0000000744200000, 0x0000000744400000, 0x0000000744400000|100%| O|  |TAMS 0x0000000744400000, 0x0000000744400000| Untracked 
|  34|0x0000000744400000, 0x0000000744600000, 0x0000000744600000|100%| O|  |TAMS 0x0000000744600000, 0x0000000744600000| Untracked 
|  35|0x0000000744600000, 0x0000000744800000, 0x0000000744800000|100%| O|  |TAMS 0x0000000744800000, 0x0000000744800000| Untracked 
|  36|0x0000000744800000, 0x0000000744a00000, 0x0000000744a00000|100%| O|  |TAMS 0x0000000744a00000, 0x0000000744a00000| Untracked 
|  37|0x0000000744a00000, 0x0000000744c00000, 0x0000000744c00000|100%|HS|  |TAMS 0x0000000744c00000, 0x0000000744c00000| Complete 
|  38|0x0000000744c00000, 0x0000000744e00000, 0x0000000744e00000|100%| O|  |TAMS 0x0000000744e00000, 0x0000000744e00000| Untracked 
|  39|0x0000000744e00000, 0x0000000745000000, 0x0000000745000000|100%| O|  |TAMS 0x0000000745000000, 0x0000000745000000| Untracked 
|  40|0x0000000745000000, 0x0000000745200000, 0x0000000745200000|100%| O|  |TAMS 0x0000000745200000, 0x0000000745200000| Untracked 
|  41|0x0000000745200000, 0x0000000745400000, 0x0000000745400000|100%| O|  |TAMS 0x0000000745400000, 0x0000000745400000| Untracked 
|  42|0x0000000745400000, 0x0000000745600000, 0x0000000745600000|100%| O|  |TAMS 0x0000000745600000, 0x0000000745600000| Untracked 
|  43|0x0000000745600000, 0x0000000745800000, 0x0000000745800000|100%|HS|  |TAMS 0x0000000745600000, 0x0000000745600000| Complete 
|  44|0x0000000745800000, 0x0000000745a00000, 0x0000000745a00000|100%|HS|  |TAMS 0x0000000745800000, 0x0000000745800000| Complete 
|  45|0x0000000745a00000, 0x0000000745c00000, 0x0000000745c00000|100%| O|  |TAMS 0x0000000745c00000, 0x0000000745c00000| Untracked 
|  46|0x0000000745c00000, 0x0000000745c42800, 0x0000000745e00000| 12%| O|  |TAMS 0x0000000745c42800, 0x0000000745c42800| Untracked 
|  47|0x0000000745e00000, 0x0000000745e00000, 0x0000000746000000|  0%| F|  |TAMS 0x0000000745e00000, 0x0000000745e00000| Untracked 
|  48|0x0000000746000000, 0x0000000746000000, 0x0000000746200000|  0%| F|  |TAMS 0x0000000746000000, 0x0000000746000000| Untracked 
|  49|0x0000000746200000, 0x0000000746200000, 0x0000000746400000|  0%| F|  |TAMS 0x0000000746200000, 0x0000000746200000| Untracked 
|  50|0x0000000746400000, 0x0000000746600000, 0x0000000746600000|100%|HS|  |TAMS 0x0000000746400000, 0x0000000746400000| Complete 
|  51|0x0000000746600000, 0x0000000746800000, 0x0000000746800000|100%|HC|  |TAMS 0x0000000746600000, 0x0000000746600000| Complete 
|  52|0x0000000746800000, 0x0000000746a00000, 0x0000000746a00000|100%|HC|  |TAMS 0x0000000746800000, 0x0000000746800000| Complete 
|  53|0x0000000746a00000, 0x0000000746c00000, 0x0000000746c00000|100%|HS|  |TAMS 0x0000000746a00000, 0x0000000746a00000| Complete 
|  54|0x0000000746c00000, 0x0000000746e00000, 0x0000000746e00000|100%|HC|  |TAMS 0x0000000746c00000, 0x0000000746c00000| Complete 
|  55|0x0000000746e00000, 0x0000000746e00000, 0x0000000747000000|  0%| F|  |TAMS 0x0000000746e00000, 0x0000000746e00000| Untracked 
|  56|0x0000000747000000, 0x0000000747000000, 0x0000000747200000|  0%| F|  |TAMS 0x0000000747000000, 0x0000000747000000| Untracked 
|  57|0x0000000747200000, 0x0000000747200000, 0x0000000747400000|  0%| F|  |TAMS 0x0000000747200000, 0x0000000747200000| Untracked 
|  58|0x0000000747400000, 0x0000000747400000, 0x0000000747600000|  0%| F|  |TAMS 0x0000000747400000, 0x0000000747400000| Untracked 
|  59|0x0000000747600000, 0x0000000747600000, 0x0000000747800000|  0%| F|  |TAMS 0x0000000747600000, 0x0000000747600000| Untracked 
|  60|0x0000000747800000, 0x00000007479662b0, 0x0000000747a00000| 69%| S|CS|TAMS 0x0000000747800000, 0x0000000747800000| Complete 
|  61|0x0000000747a00000, 0x0000000747c00000, 0x0000000747c00000|100%| S|CS|TAMS 0x0000000747a00000, 0x0000000747a00000| Complete 
|  62|0x0000000747c00000, 0x0000000747e00000, 0x0000000747e00000|100%| S|CS|TAMS 0x0000000747c00000, 0x0000000747c00000| Complete 
|  63|0x0000000747e00000, 0x0000000748000000, 0x0000000748000000|100%| S|CS|TAMS 0x0000000747e00000, 0x0000000747e00000| Complete 
|  64|0x0000000748000000, 0x0000000748200000, 0x0000000748200000|100%| S|CS|TAMS 0x0000000748000000, 0x0000000748000000| Complete 
|  65|0x0000000748200000, 0x0000000748400000, 0x0000000748400000|100%| S|CS|TAMS 0x0000000748200000, 0x0000000748200000| Complete 
|  66|0x0000000748400000, 0x0000000748400000, 0x0000000748600000|  0%| F|  |TAMS 0x0000000748400000, 0x0000000748400000| Untracked 
|  67|0x0000000748600000, 0x0000000748600000, 0x0000000748800000|  0%| F|  |TAMS 0x0000000748600000, 0x0000000748600000| Untracked 
|  68|0x0000000748800000, 0x0000000748800000, 0x0000000748a00000|  0%| F|  |TAMS 0x0000000748800000, 0x0000000748800000| Untracked 
|  69|0x0000000748a00000, 0x0000000748a00000, 0x0000000748c00000|  0%| F|  |TAMS 0x0000000748a00000, 0x0000000748a00000| Untracked 
|  70|0x0000000748c00000, 0x0000000748c00000, 0x0000000748e00000|  0%| F|  |TAMS 0x0000000748c00000, 0x0000000748c00000| Untracked 
|  71|0x0000000748e00000, 0x0000000748e00000, 0x0000000749000000|  0%| F|  |TAMS 0x0000000748e00000, 0x0000000748e00000| Untracked 
|  72|0x0000000749000000, 0x0000000749000000, 0x0000000749200000|  0%| F|  |TAMS 0x0000000749000000, 0x0000000749000000| Untracked 
|  73|0x0000000749200000, 0x0000000749200000, 0x0000000749400000|  0%| F|  |TAMS 0x0000000749200000, 0x0000000749200000| Untracked 
|  74|0x0000000749400000, 0x0000000749400000, 0x0000000749600000|  0%| F|  |TAMS 0x0000000749400000, 0x0000000749400000| Untracked 
|  75|0x0000000749600000, 0x0000000749600000, 0x0000000749800000|  0%| F|  |TAMS 0x0000000749600000, 0x0000000749600000| Untracked 
|  76|0x0000000749800000, 0x0000000749800000, 0x0000000749a00000|  0%| F|  |TAMS 0x0000000749800000, 0x0000000749800000| Untracked 
|  77|0x0000000749a00000, 0x0000000749a00000, 0x0000000749c00000|  0%| F|  |TAMS 0x0000000749a00000, 0x0000000749a00000| Untracked 
|  78|0x0000000749c00000, 0x0000000749c00000, 0x0000000749e00000|  0%| F|  |TAMS 0x0000000749c00000, 0x0000000749c00000| Untracked 
|  79|0x0000000749e00000, 0x0000000749e00000, 0x000000074a000000|  0%| F|  |TAMS 0x0000000749e00000, 0x0000000749e00000| Untracked 
|  80|0x000000074a000000, 0x000000074a000000, 0x000000074a200000|  0%| F|  |TAMS 0x000000074a000000, 0x000000074a000000| Untracked 
|  81|0x000000074a200000, 0x000000074a200000, 0x000000074a400000|  0%| F|  |TAMS 0x000000074a200000, 0x000000074a200000| Untracked 
|  82|0x000000074a400000, 0x000000074a400000, 0x000000074a600000|  0%| F|  |TAMS 0x000000074a400000, 0x000000074a400000| Untracked 
|  83|0x000000074a600000, 0x000000074a600000, 0x000000074a800000|  0%| F|  |TAMS 0x000000074a600000, 0x000000074a600000| Untracked 
|  84|0x000000074a800000, 0x000000074a800000, 0x000000074aa00000|  0%| F|  |TAMS 0x000000074a800000, 0x000000074a800000| Untracked 
|  85|0x000000074aa00000, 0x000000074aa00000, 0x000000074ac00000|  0%| F|  |TAMS 0x000000074aa00000, 0x000000074aa00000| Untracked 
|  86|0x000000074ac00000, 0x000000074ac00000, 0x000000074ae00000|  0%| F|  |TAMS 0x000000074ac00000, 0x000000074ac00000| Untracked 
|  87|0x000000074ae00000, 0x000000074ae00000, 0x000000074b000000|  0%| F|  |TAMS 0x000000074ae00000, 0x000000074ae00000| Untracked 
|  88|0x000000074b000000, 0x000000074b000000, 0x000000074b200000|  0%| F|  |TAMS 0x000000074b000000, 0x000000074b000000| Untracked 
|  89|0x000000074b200000, 0x000000074b200000, 0x000000074b400000|  0%| F|  |TAMS 0x000000074b200000, 0x000000074b200000| Untracked 
|  90|0x000000074b400000, 0x000000074b400000, 0x000000074b600000|  0%| F|  |TAMS 0x000000074b400000, 0x000000074b400000| Untracked 
|  91|0x000000074b600000, 0x000000074b600000, 0x000000074b800000|  0%| F|  |TAMS 0x000000074b600000, 0x000000074b600000| Untracked 
|  92|0x000000074b800000, 0x000000074b800000, 0x000000074ba00000|  0%| F|  |TAMS 0x000000074b800000, 0x000000074b800000| Untracked 
|  93|0x000000074ba00000, 0x000000074ba00000, 0x000000074bc00000|  0%| F|  |TAMS 0x000000074ba00000, 0x000000074ba00000| Untracked 
|  94|0x000000074bc00000, 0x000000074bc00000, 0x000000074be00000|  0%| F|  |TAMS 0x000000074bc00000, 0x000000074bc00000| Untracked 
|  95|0x000000074be00000, 0x000000074be00000, 0x000000074c000000|  0%| F|  |TAMS 0x000000074be00000, 0x000000074be00000| Untracked 
|  96|0x000000074c000000, 0x000000074c000000, 0x000000074c200000|  0%| F|  |TAMS 0x000000074c000000, 0x000000074c000000| Untracked 
|  97|0x000000074c200000, 0x000000074c200000, 0x000000074c400000|  0%| F|  |TAMS 0x000000074c200000, 0x000000074c200000| Untracked 
|  98|0x000000074c400000, 0x000000074c400000, 0x000000074c600000|  0%| F|  |TAMS 0x000000074c400000, 0x000000074c400000| Untracked 
|  99|0x000000074c600000, 0x000000074c600000, 0x000000074c800000|  0%| F|  |TAMS 0x000000074c600000, 0x000000074c600000| Untracked 
| 100|0x000000074c800000, 0x000000074c800000, 0x000000074ca00000|  0%| F|  |TAMS 0x000000074c800000, 0x000000074c800000| Untracked 
| 101|0x000000074ca00000, 0x000000074ca00000, 0x000000074cc00000|  0%| F|  |TAMS 0x000000074ca00000, 0x000000074ca00000| Untracked 
| 102|0x000000074cc00000, 0x000000074cc00000, 0x000000074ce00000|  0%| F|  |TAMS 0x000000074cc00000, 0x000000074cc00000| Untracked 
| 103|0x000000074ce00000, 0x000000074ce00000, 0x000000074d000000|  0%| F|  |TAMS 0x000000074ce00000, 0x000000074ce00000| Untracked 
| 104|0x000000074d000000, 0x000000074d000000, 0x000000074d200000|  0%| F|  |TAMS 0x000000074d000000, 0x000000074d000000| Untracked 
| 105|0x000000074d200000, 0x000000074d200000, 0x000000074d400000|  0%| F|  |TAMS 0x000000074d200000, 0x000000074d200000| Untracked 
| 106|0x000000074d400000, 0x000000074d400000, 0x000000074d600000|  0%| F|  |TAMS 0x000000074d400000, 0x000000074d400000| Untracked 
| 107|0x000000074d600000, 0x000000074d600000, 0x000000074d800000|  0%| F|  |TAMS 0x000000074d600000, 0x000000074d600000| Untracked 
| 108|0x000000074d800000, 0x000000074d800000, 0x000000074da00000|  0%| F|  |TAMS 0x000000074d800000, 0x000000074d800000| Untracked 
| 109|0x000000074da00000, 0x000000074da00000, 0x000000074dc00000|  0%| F|  |TAMS 0x000000074da00000, 0x000000074da00000| Untracked 
| 110|0x000000074dc00000, 0x000000074dc00000, 0x000000074de00000|  0%| F|  |TAMS 0x000000074dc00000, 0x000000074dc00000| Untracked 
| 111|0x000000074de00000, 0x000000074de00000, 0x000000074e000000|  0%| F|  |TAMS 0x000000074de00000, 0x000000074de00000| Untracked 
| 112|0x000000074e000000, 0x000000074e000000, 0x000000074e200000|  0%| F|  |TAMS 0x000000074e000000, 0x000000074e000000| Untracked 
| 113|0x000000074e200000, 0x000000074e200000, 0x000000074e400000|  0%| F|  |TAMS 0x000000074e200000, 0x000000074e200000| Untracked 
| 114|0x000000074e400000, 0x000000074e400000, 0x000000074e600000|  0%| F|  |TAMS 0x000000074e400000, 0x000000074e400000| Untracked 
| 115|0x000000074e600000, 0x000000074e600000, 0x000000074e800000|  0%| F|  |TAMS 0x000000074e600000, 0x000000074e600000| Untracked 
| 116|0x000000074e800000, 0x000000074e800000, 0x000000074ea00000|  0%| F|  |TAMS 0x000000074e800000, 0x000000074e800000| Untracked 
| 117|0x000000074ea00000, 0x000000074ea00000, 0x000000074ec00000|  0%| F|  |TAMS 0x000000074ea00000, 0x000000074ea00000| Untracked 
| 118|0x000000074ec00000, 0x000000074ec00000, 0x000000074ee00000|  0%| F|  |TAMS 0x000000074ec00000, 0x000000074ec00000| Untracked 
| 119|0x000000074ee00000, 0x000000074ee00000, 0x000000074f000000|  0%| F|  |TAMS 0x000000074ee00000, 0x000000074ee00000| Untracked 
| 120|0x000000074f000000, 0x000000074f000000, 0x000000074f200000|  0%| F|  |TAMS 0x000000074f000000, 0x000000074f000000| Untracked 
| 121|0x000000074f200000, 0x000000074f200000, 0x000000074f400000|  0%| F|  |TAMS 0x000000074f200000, 0x000000074f200000| Untracked 
| 122|0x000000074f400000, 0x000000074f400000, 0x000000074f600000|  0%| F|  |TAMS 0x000000074f400000, 0x000000074f400000| Untracked 
| 123|0x000000074f600000, 0x000000074f600000, 0x000000074f800000|  0%| F|  |TAMS 0x000000074f600000, 0x000000074f600000| Untracked 

Card table byte_map: [0x0000015231220000,0x0000015231820000] _byte_map_base: 0x000001522d820000

Marking Bits (Prev, Next): (CMBitMap*) 0x000001521a14dd90, (CMBitMap*) 0x000001521a14dd50
 Prev Bits: [0x0000015234e20000, 0x0000015237e20000)
 Next Bits: [0x0000015231e20000, 0x0000015234e20000)

Polling page: 0x0000015218250000

Metaspace:

Usage:
  Non-class:     62.27 MB used.
      Class:     10.12 MB used.
       Both:     72.39 MB used.

Virtual space:
  Non-class space:       64.00 MB reserved,      62.69 MB ( 98%) committed,  1 nodes.
      Class space:        1.00 GB reserved,      10.44 MB (  1%) committed,  1 nodes.
             Both:        1.06 GB reserved,      73.12 MB (  7%) committed. 

Chunk freelists:
   Non-Class:  861.00 KB
       Class:  5.60 MB
        Both:  6.44 MB

MaxMetaspaceSize: unlimited
CompressedClassSpaceSize: 1.00 GB
Initial GC threshold: 21.00 MB
Current GC threshold: 108.75 MB
CDS: on
MetaspaceReclaimPolicy: balanced
 - commit_granule_bytes: 65536.
 - commit_granule_words: 8192.
 - virtual_space_node_default_size: 8388608.
 - enlarge_chunks_in_place: 1.
 - new_chunks_are_fully_committed: 0.
 - uncommit_free_chunks: 1.
 - use_allocation_guard: 0.
 - handle_deallocations: 1.


Internal statistics:

num_allocs_failed_limit: 6.
num_arena_births: 870.
num_arena_deaths: 0.
num_vsnodes_births: 2.
num_vsnodes_deaths: 0.
num_space_committed: 1170.
num_space_uncommitted: 0.
num_chunks_returned_to_freelist: 6.
num_chunks_taken_from_freelist: 3810.
num_chunk_merges: 6.
num_chunk_splits: 2400.
num_chunks_enlarged: 1490.
num_inconsistent_stats: 0.

CodeHeap 'non-profiled nmethods': size=120000Kb used=5333Kb max_used=5647Kb free=114667Kb
 bounds [0x00000152296f0000, 0x0000015229c80000, 0x0000015230c20000]
CodeHeap 'profiled nmethods': size=120000Kb used=16579Kb max_used=17647Kb free=103420Kb
 bounds [0x0000015221c20000, 0x0000015222d60000, 0x0000015229150000]
CodeHeap 'non-nmethods': size=5760Kb used=2405Kb max_used=2483Kb free=3354Kb
 bounds [0x0000015229150000, 0x00000152293d0000, 0x00000152296f0000]
 total_blobs=9347 nmethods=8423 adapters=834
 compilation: enabled
              stopped_count=0, restarted_count=0
 full_count=0

Compilation events (20 events):
Event: 26.234 Thread 0x000001523a2fd3f0 9663   !   3       org.gradle.cache.internal.DefaultCrossBuildInMemoryCacheFactory$AbstractCrossBuildInMemoryCache::put (38 bytes)
Event: 26.235 Thread 0x000001523a2fd3f0 nmethod 9663 0x0000015221d07d10 code [0x0000015221d07ec0, 0x0000015221d08278]
Event: 26.239 Thread 0x000001523a2fd3f0 9664       3       org.gradle.internal.instantiation.generator.AsmBackedClassGenerator$ClassBuilderImpl::access$7200 (4 bytes)
Event: 26.239 Thread 0x000001523a2fd3f0 nmethod 9664 0x00000152220afd10 code [0x00000152220afea0, 0x00000152220aff98]
Event: 26.241 Thread 0x000001523a2fd3f0 9666       3       org.gradle.cache.internal.DefaultCrossBuildInMemoryCacheFactory$DefaultCrossBuildInMemoryCache::retainValue (20 bytes)
Event: 26.241 Thread 0x000001523a2fd3f0 nmethod 9666 0x000001522200c790 code [0x000001522200c960, 0x000001522200ce28]
Event: 26.242 Thread 0x000001523a2fd3f0 9667       3       java.util.LinkedHashMap::transferLinks (58 bytes)
Event: 26.242 Thread 0x000001523a2fd3f0 nmethod 9667 0x00000152222c3590 code [0x00000152222c3760, 0x00000152222c3bb8]
Event: 26.245 Thread 0x000001523a2fd3f0 9669       1       org.gradle.api.internal.tasks.TaskStateInternal::getExecuting (5 bytes)
Event: 26.246 Thread 0x000001523a2fd3f0 nmethod 9669 0x00000152297bcb10 code [0x00000152297bcca0, 0x00000152297bcd78]
Event: 26.246 Thread 0x000001523a2fd3f0 9670       1       org.gradle.api.internal.provider.DefaultProperty::getType (5 bytes)
Event: 26.246 Thread 0x000001523a2fd3f0 nmethod 9670 0x0000015229848b90 code [0x0000015229848d20, 0x0000015229848df8]
Event: 26.246 Thread 0x000001523a2fd3f0 9671       1       org.gradle.api.internal.AbstractTask::getInputs (5 bytes)
Event: 26.247 Thread 0x000001523a2fd3f0 nmethod 9671 0x000001522991bf90 code [0x000001522991c120, 0x000001522991c1f8]
Event: 26.249 Thread 0x000001523a2fd3f0 9673       3       org.gradle.internal.instantiation.generator.AsmBackedClassGenerator$ClassBuilderImpl::access$5200 (4 bytes)
Event: 26.249 Thread 0x000001523a2fd3f0 nmethod 9673 0x000001522254d310 code [0x000001522254d4a0, 0x000001522254d598]
Event: 26.251 Thread 0x000001523a2fd3f0 9675       3       org.gradle.cache.internal.DefaultCrossBuildInMemoryCacheFactory$DefaultCrossBuildInMemoryCache::maybeGetRetainedValue (25 bytes)
Event: 26.251 Thread 0x000001523a2fd3f0 nmethod 9675 0x0000015221efc390 code [0x0000015221efc560, 0x0000015221efc958]
Event: 26.252 Thread 0x000001523a2fd3f0 9676       3       java.lang.invoke.DirectMethodHandle$Holder::invokeStatic (20 bytes)
Event: 26.252 Thread 0x000001523a2fd3f0 nmethod 9676 0x0000015222534f90 code [0x0000015222535160, 0x00000152225356f8]

GC Heap History (20 events):
Event: 13.622 GC heap after
{Heap after GC invocations=27 (full 0):
 garbage-first heap   total 147456K, used 86028K [0x0000000740000000, 0x0000000800000000)
  region size 2048K, 3 young (6144K), 3 survivors (6144K)
 Metaspace       used 62198K, committed 62912K, reserved 1114112K
  class space    used 8652K, committed 8960K, reserved 1048576K
}
Event: 14.042 GC heap before
{Heap before GC invocations=28 (full 0):
 garbage-first heap   total 161792K, used 116748K [0x0000000740000000, 0x0000000800000000)
  region size 2048K, 18 young (36864K), 3 survivors (6144K)
 Metaspace       used 63140K, committed 63872K, reserved 1114112K
  class space    used 8822K, committed 9152K, reserved 1048576K
}
Event: 14.056 GC heap after
{Heap after GC invocations=29 (full 0):
 garbage-first heap   total 161792K, used 88539K [0x0000000740000000, 0x0000000800000000)
  region size 2048K, 3 young (6144K), 3 survivors (6144K)
 Metaspace       used 63140K, committed 63872K, reserved 1114112K
  class space    used 8822K, committed 9152K, reserved 1048576K
}
Event: 14.437 GC heap before
{Heap before GC invocations=29 (full 0):
 garbage-first heap   total 161792K, used 100827K [0x0000000740000000, 0x0000000800000000)
  region size 2048K, 10 young (20480K), 3 survivors (6144K)
 Metaspace       used 64284K, committed 64960K, reserved 1114112K
  class space    used 8986K, committed 9280K, reserved 1048576K
}
Event: 14.445 GC heap after
{Heap after GC invocations=30 (full 0):
 garbage-first heap   total 161792K, used 89330K [0x0000000740000000, 0x0000000800000000)
  region size 2048K, 2 young (4096K), 2 survivors (4096K)
 Metaspace       used 64284K, committed 64960K, reserved 1114112K
  class space    used 8986K, committed 9280K, reserved 1048576K
}
Event: 14.795 GC heap before
{Heap before GC invocations=31 (full 0):
 garbage-first heap   total 163840K, used 95474K [0x0000000740000000, 0x0000000800000000)
  region size 2048K, 4 young (8192K), 2 survivors (4096K)
 Metaspace       used 64557K, committed 65216K, reserved 1114112K
  class space    used 9021K, committed 9344K, reserved 1048576K
}
Event: 14.800 GC heap after
{Heap after GC invocations=32 (full 0):
 garbage-first heap   total 163840K, used 89296K [0x0000000740000000, 0x0000000800000000)
  region size 2048K, 1 young (2048K), 1 survivors (2048K)
 Metaspace       used 64557K, committed 65216K, reserved 1114112K
  class space    used 9021K, committed 9344K, reserved 1048576K
}
Event: 14.945 GC heap before
{Heap before GC invocations=33 (full 0):
 garbage-first heap   total 182272K, used 103632K [0x0000000740000000, 0x0000000800000000)
  region size 2048K, 4 young (8192K), 1 survivors (2048K)
 Metaspace       used 64832K, committed 65472K, reserved 1114112K
  class space    used 9061K, committed 9344K, reserved 1048576K
}
Event: 14.948 GC heap after
{Heap after GC invocations=34 (full 0):
 garbage-first heap   total 182272K, used 89793K [0x0000000740000000, 0x0000000800000000)
  region size 2048K, 1 young (2048K), 1 survivors (2048K)
 Metaspace       used 64832K, committed 65472K, reserved 1114112K
  class space    used 9061K, committed 9344K, reserved 1048576K
}
Event: 15.202 GC heap before
{Heap before GC invocations=35 (full 0):
 garbage-first heap   total 182272K, used 102081K [0x0000000740000000, 0x0000000800000000)
  region size 2048K, 6 young (12288K), 1 survivors (2048K)
 Metaspace       used 66133K, committed 66816K, reserved 1114112K
  class space    used 9191K, committed 9472K, reserved 1048576K
}
Event: 15.205 GC heap after
{Heap after GC invocations=36 (full 0):
 garbage-first heap   total 182272K, used 90058K [0x0000000740000000, 0x0000000800000000)
  region size 2048K, 1 young (2048K), 1 survivors (2048K)
 Metaspace       used 66133K, committed 66816K, reserved 1114112K
  class space    used 9191K, committed 9472K, reserved 1048576K
}
Event: 15.652 GC heap before
{Heap before GC invocations=37 (full 0):
 garbage-first heap   total 198656K, used 120778K [0x0000000740000000, 0x0000000800000000)
  region size 2048K, 7 young (14336K), 1 survivors (2048K)
 Metaspace       used 66434K, committed 67136K, reserved 1114112K
  class space    used 9212K, committed 9536K, reserved 1048576K
}
Event: 15.657 GC heap after
{Heap after GC invocations=38 (full 0):
 garbage-first heap   total 253952K, used 91431K [0x0000000740000000, 0x0000000800000000)
  region size 2048K, 2 young (4096K), 2 survivors (4096K)
 Metaspace       used 66434K, committed 67136K, reserved 1114112K
  class space    used 9212K, committed 9536K, reserved 1048576K
}
Event: 15.731 GC heap before
{Heap before GC invocations=38 (full 0):
 garbage-first heap   total 253952K, used 113959K [0x0000000740000000, 0x0000000800000000)
  region size 2048K, 3 young (6144K), 2 survivors (4096K)
 Metaspace       used 66436K, committed 67136K, reserved 1114112K
  class space    used 9212K, committed 9536K, reserved 1048576K
}
Event: 15.735 GC heap after
{Heap after GC invocations=39 (full 0):
 garbage-first heap   total 253952K, used 91417K [0x0000000740000000, 0x0000000800000000)
  region size 2048K, 2 young (4096K), 2 survivors (4096K)
 Metaspace       used 66436K, committed 67136K, reserved 1114112K
  class space    used 9212K, committed 9536K, reserved 1048576K
}
Event: 15.744 GC heap before
{Heap before GC invocations=39 (full 0):
 garbage-first heap   total 253952K, used 93465K [0x0000000740000000, 0x0000000800000000)
  region size 2048K, 3 young (6144K), 2 survivors (4096K)
 Metaspace       used 66436K, committed 67136K, reserved 1114112K
  class space    used 9212K, committed 9536K, reserved 1048576K
}
Event: 15.748 GC heap after
{Heap after GC invocations=40 (full 0):
 garbage-first heap   total 253952K, used 91283K [0x0000000740000000, 0x0000000800000000)
  region size 2048K, 2 young (4096K), 2 survivors (4096K)
 Metaspace       used 66436K, committed 67136K, reserved 1114112K
  class space    used 9212K, committed 9536K, reserved 1048576K
}
Event: 15.823 GC heap before
{Heap before GC invocations=40 (full 0):
 garbage-first heap   total 253952K, used 113811K [0x0000000740000000, 0x0000000800000000)
  region size 2048K, 3 young (6144K), 2 survivors (4096K)
 Metaspace       used 66436K, committed 67136K, reserved 1114112K
  class space    used 9212K, committed 9536K, reserved 1048576K
}
Event: 15.826 GC heap after
{Heap after GC invocations=41 (full 0):
 garbage-first heap   total 253952K, used 91427K [0x0000000740000000, 0x0000000800000000)
  region size 2048K, 2 young (4096K), 2 survivors (4096K)
 Metaspace       used 66436K, committed 67136K, reserved 1114112K
  class space    used 9212K, committed 9536K, reserved 1048576K
}
Event: 26.254 GC heap before
{Heap before GC invocations=41 (full 0):
 garbage-first heap   total 253952K, used 226595K [0x0000000740000000, 0x0000000800000000)
  region size 2048K, 58 young (118784K), 2 survivors (4096K)
 Metaspace       used 74129K, committed 74880K, reserved 1114112K
  class space    used 10359K, committed 10688K, reserved 1048576K
}

Dll operation events (15 events):
Event: 0.036 Loaded shared library C:\Users\aplut\.gradle\jdks\eclipse_adoptium-17-amd64-windows\jdk-17.0.13+11\bin\java.dll
Event: 0.064 Loaded shared library C:\Users\aplut\.gradle\jdks\eclipse_adoptium-17-amd64-windows\jdk-17.0.13+11\bin\jsvml.dll
Event: 0.107 Loaded shared library C:\Users\aplut\.gradle\jdks\eclipse_adoptium-17-amd64-windows\jdk-17.0.13+11\bin\zip.dll
Event: 0.110 Loaded shared library C:\Users\aplut\.gradle\jdks\eclipse_adoptium-17-amd64-windows\jdk-17.0.13+11\bin\instrument.dll
Event: 0.113 Loaded shared library C:\Users\aplut\.gradle\jdks\eclipse_adoptium-17-amd64-windows\jdk-17.0.13+11\bin\net.dll
Event: 0.115 Loaded shared library C:\Users\aplut\.gradle\jdks\eclipse_adoptium-17-amd64-windows\jdk-17.0.13+11\bin\nio.dll
Event: 0.118 Loaded shared library C:\Users\aplut\.gradle\jdks\eclipse_adoptium-17-amd64-windows\jdk-17.0.13+11\bin\zip.dll
Event: 0.443 Loaded shared library C:\Users\aplut\.gradle\jdks\eclipse_adoptium-17-amd64-windows\jdk-17.0.13+11\bin\jimage.dll
Event: 0.554 Loaded shared library C:\Users\aplut\.gradle\jdks\eclipse_adoptium-17-amd64-windows\jdk-17.0.13+11\bin\verify.dll
Event: 0.694 Loaded shared library C:\Users\aplut\.gradle\native\c067742578af261105cb4f569cf0c3c89f3d7b1fecec35dd04571415982c5e48\windows-amd64\native-platform.dll
Event: 0.699 Loaded shared library C:\Users\aplut\.gradle\native\100fb08df4bc3b14c8652ba06237920a3bd2aa13389f12d3474272988ae205f9\windows-amd64\native-platform-file-events.dll
Event: 1.663 Loaded shared library C:\Users\aplut\.gradle\jdks\eclipse_adoptium-17-amd64-windows\jdk-17.0.13+11\bin\management.dll
Event: 1.668 Loaded shared library C:\Users\aplut\.gradle\jdks\eclipse_adoptium-17-amd64-windows\jdk-17.0.13+11\bin\management_ext.dll
Event: 1.883 Loaded shared library C:\Users\aplut\.gradle\jdks\eclipse_adoptium-17-amd64-windows\jdk-17.0.13+11\bin\extnet.dll
Event: 2.246 Loaded shared library C:\Users\aplut\.gradle\jdks\eclipse_adoptium-17-amd64-windows\jdk-17.0.13+11\bin\sunmscapi.dll

Deoptimization events (20 events):
Event: 26.155 Thread 0x0000015201acf090 Uncommon trap: trap_request=0xffffff45 fr.pc=0x0000015229c52424 relative=0x0000000000000104
Event: 26.155 Thread 0x0000015201acf090 Uncommon trap: reason=unstable_if action=reinterpret pc=0x0000015229c52424 method=org.objectweb.asm.Type.getOpcode(I)I @ 136 c2
Event: 26.155 Thread 0x0000015201acf090 DEOPT PACKING pc=0x0000015229c52424 sp=0x00000002c15f85d0
Event: 26.155 Thread 0x0000015201acf090 DEOPT UNPACKING pc=0x00000152291aa1a3 sp=0x00000002c15f8560 mode 2
Event: 26.156 Thread 0x0000015201acf090 Uncommon trap: trap_request=0xffffff45 fr.pc=0x00000152299993f4 relative=0x00000000000003b4
Event: 26.156 Thread 0x0000015201acf090 Uncommon trap: reason=unstable_if action=reinterpret pc=0x00000152299993f4 method=org.objectweb.asm.MethodWriter.visitVarInsn(II)V @ 224 c2
Event: 26.156 Thread 0x0000015201acf090 DEOPT PACKING pc=0x00000152299993f4 sp=0x00000002c15f85d0
Event: 26.156 Thread 0x0000015201acf090 DEOPT UNPACKING pc=0x00000152291aa1a3 sp=0x00000002c15f8578 mode 2
Event: 26.158 Thread 0x0000015201acf090 Uncommon trap: trap_request=0xffffff45 fr.pc=0x0000015229864298 relative=0x0000000000004698
Event: 26.159 Thread 0x0000015201acf090 Uncommon trap: reason=unstable_if action=reinterpret pc=0x0000015229864298 method=org.objectweb.asm.Type.getTypeInternal(Ljava/lang/String;II)Lorg/objectweb/asm/Type; @ 5 c2
Event: 26.159 Thread 0x0000015201acf090 DEOPT PACKING pc=0x0000015229864298 sp=0x00000002c15f8720
Event: 26.159 Thread 0x0000015201acf090 DEOPT UNPACKING pc=0x00000152291aa1a3 sp=0x00000002c15f8550 mode 2
Event: 26.159 Thread 0x0000015201acf090 Uncommon trap: trap_request=0xffffff45 fr.pc=0x00000152298a0f5c relative=0x000000000000097c
Event: 26.159 Thread 0x0000015201acf090 Uncommon trap: reason=unstable_if action=reinterpret pc=0x00000152298a0f5c method=org.objectweb.asm.Frame.accept(Lorg/objectweb/asm/MethodWriter;)V @ 32 c2
Event: 26.159 Thread 0x0000015201acf090 DEOPT PACKING pc=0x00000152298a0f5c sp=0x00000002c15f86a0
Event: 26.159 Thread 0x0000015201acf090 DEOPT UNPACKING pc=0x00000152291aa1a3 sp=0x00000002c15f8650 mode 2
Event: 26.166 Thread 0x0000015201acf090 Uncommon trap: trap_request=0xffffff45 fr.pc=0x0000015229aa6c54 relative=0x00000000000001b4
Event: 26.166 Thread 0x0000015201acf090 Uncommon trap: reason=unstable_if action=reinterpret pc=0x0000015229aa6c54 method=org.objectweb.asm.Type.getTypeInternal(Ljava/lang/String;II)Lorg/objectweb/asm/Type; @ 5 c2
Event: 26.166 Thread 0x0000015201acf090 DEOPT PACKING pc=0x0000015229aa6c54 sp=0x00000002c15f8490
Event: 26.166 Thread 0x0000015201acf090 DEOPT UNPACKING pc=0x00000152291aa1a3 sp=0x00000002c15f8428 mode 2

Classes loaded (20 events):
Event: 25.163 Loading class sun/management/RuntimeImpl
Event: 25.163 Loading class sun/management/RuntimeImpl done
Event: 25.190 Loading class java/io/NotSerializableException
Event: 25.190 Loading class java/io/NotSerializableException done
Event: 25.325 Loading class java/util/TreeMap$AscendingSubMap
Event: 25.325 Loading class java/util/TreeMap$NavigableSubMap
Event: 25.326 Loading class java/util/TreeMap$NavigableSubMap done
Event: 25.326 Loading class java/util/TreeMap$AscendingSubMap done
Event: 25.326 Loading class java/util/TreeMap$NavigableSubMap$SubMapKeyIterator
Event: 25.326 Loading class java/util/TreeMap$NavigableSubMap$SubMapIterator
Event: 25.327 Loading class java/util/TreeMap$NavigableSubMap$SubMapIterator done
Event: 25.327 Loading class java/util/TreeMap$NavigableSubMap$SubMapKeyIterator done
Event: 25.468 Loading class java/util/TreeMap$KeySpliterator
Event: 25.469 Loading class java/util/TreeMap$TreeMapSpliterator
Event: 25.469 Loading class java/util/TreeMap$TreeMapSpliterator done
Event: 25.469 Loading class java/util/TreeMap$KeySpliterator done
Event: 25.763 Loading class java/text/MessageFormat
Event: 25.764 Loading class java/text/MessageFormat done
Event: 25.764 Loading class java/text/MessageFormat$Field
Event: 25.766 Loading class java/text/MessageFormat$Field done

Classes unloaded (0 events):
No events

Classes redefined (0 events):
No events

Internal exceptions (20 events):
Event: 26.056 Thread 0x0000015201acf090 Exception <a 'java/lang/ClassNotFoundException'{0x00000007496c4b50}: org/gradle/api/tasks/CopyBeanInfo> (0x00000007496c4b50) 
thrown [s\src\hotspot\share\classfile\systemDictionary.cpp, line 256]
Event: 26.056 Thread 0x0000015201acf090 Exception <a 'java/lang/ClassNotFoundException'{0x00000007496d0850}: org/gradle/api/tasks/CopyCustomizer> (0x00000007496d0850) 
thrown [s\src\hotspot\share\classfile\systemDictionary.cpp, line 256]
Event: 26.057 Thread 0x0000015201acf090 Exception <a 'java/lang/ClassNotFoundException'{0x00000007496f5848}: org/gradle/language/jvm/tasks/ProcessResourcesCustomizer> (0x00000007496f5848) 
thrown [s\src\hotspot\share\classfile\systemDictionary.cpp, line 256]
Event: 26.058 Thread 0x0000015201acf090 Exception <a 'java/lang/ClassNotFoundException'{0x0000000749717fa8}: org/gradle/language/jvm/tasks/ProcessResources_DecoratedCustomizer> (0x0000000749717fa8) 
thrown [s\src\hotspot\share\classfile\systemDictionary.cpp, line 256]
Event: 26.069 Thread 0x0000015201acf090 Exception <a 'java/lang/ClassNotFoundException'{0x000000074979b3b8}: org/gradle/api/internal/tasks/DefaultTaskInputsBeanInfo> (0x000000074979b3b8) 
thrown [s\src\hotspot\share\classfile\systemDictionary.cpp, line 256]
Event: 26.069 Thread 0x0000015201acf090 Exception <a 'java/lang/ClassNotFoundException'{0x00000007497a75d8}: org/gradle/api/internal/tasks/DefaultTaskInputsCustomizer> (0x00000007497a75d8) 
thrown [s\src\hotspot\share\classfile\systemDictionary.cpp, line 256]
Event: 26.108 Thread 0x0000015201acf090 Exception <a 'java/lang/ClassNotFoundException'{0x00000007492fe9b0}: org/gradle/api/tasks/compile/JavaCompile_DecoratedBeanInfo> (0x00000007492fe9b0) 
thrown [s\src\hotspot\share\classfile\systemDictionary.cpp, line 256]
Event: 26.108 Thread 0x0000015201acf090 Exception <a 'java/lang/ClassNotFoundException'{0x000000074930d258}: org/gradle/api/tasks/compile/JavaCompileBeanInfo> (0x000000074930d258) 
thrown [s\src\hotspot\share\classfile\systemDictionary.cpp, line 256]
Event: 26.108 Thread 0x0000015201acf090 Exception <a 'java/lang/ClassNotFoundException'{0x000000074931b8f0}: org/gradle/api/tasks/compile/AbstractCompileBeanInfo> (0x000000074931b8f0) 
thrown [s\src\hotspot\share\classfile\systemDictionary.cpp, line 256]
Event: 26.109 Thread 0x0000015201acf090 Exception <a 'java/lang/ClassNotFoundException'{0x00000007493276f8}: org/gradle/api/tasks/SourceTaskBeanInfo> (0x00000007493276f8) 
thrown [s\src\hotspot\share\classfile\systemDictionary.cpp, line 256]
Event: 26.109 Thread 0x0000015201acf090 Exception <a 'java/lang/ClassNotFoundException'{0x0000000749333520}: org/gradle/api/tasks/SourceTaskCustomizer> (0x0000000749333520) 
thrown [s\src\hotspot\share\classfile\systemDictionary.cpp, line 256]
Event: 26.111 Thread 0x0000015201acf090 Exception <a 'java/lang/ClassNotFoundException'{0x0000000749365138}: org/gradle/api/tasks/compile/AbstractCompileCustomizer> (0x0000000749365138) 
thrown [s\src\hotspot\share\classfile\systemDictionary.cpp, line 256]
Event: 26.113 Thread 0x0000015201acf090 Exception <a 'java/lang/ClassNotFoundException'{0x000000074938b848}: org/gradle/api/tasks/compile/JavaCompileCustomizer> (0x000000074938b848) 
thrown [s\src\hotspot\share\classfile\systemDictionary.cpp, line 256]
Event: 26.114 Thread 0x0000015201acf090 Exception <a 'java/lang/ClassNotFoundException'{0x00000007493b2a18}: org/gradle/api/tasks/compile/JavaCompile_DecoratedCustomizer> (0x00000007493b2a18) 
thrown [s\src\hotspot\share\classfile\systemDictionary.cpp, line 256]
Event: 26.118 Thread 0x0000015201acf090 Exception <a 'java/lang/ClassNotFoundException'{0x00000007490604d8}: org/gradle/api/tasks/compile/CompileOptions_DecoratedBeanInfo> (0x00000007490604d8) 
thrown [s\src\hotspot\share\classfile\systemDictionary.cpp, line 256]
Event: 26.119 Thread 0x0000015201acf090 Exception <a 'java/lang/ClassNotFoundException'{0x000000074906eb78}: org/gradle/api/tasks/compile/CompileOptionsBeanInfo> (0x000000074906eb78) 
thrown [s\src\hotspot\share\classfile\systemDictionary.cpp, line 256]
Event: 26.119 Thread 0x0000015201acf090 Exception <a 'java/lang/ClassNotFoundException'{0x000000074907d210}: org/gradle/api/tasks/compile/AbstractOptionsBeanInfo> (0x000000074907d210) 
thrown [s\src\hotspot\share\classfile\systemDictionary.cpp, line 256]
Event: 26.119 Thread 0x0000015201acf090 Exception <a 'java/lang/ClassNotFoundException'{0x000000074908b8e8}: org/gradle/api/tasks/compile/AbstractOptionsCustomizer> (0x000000074908b8e8) 
thrown [s\src\hotspot\share\classfile\systemDictionary.cpp, line 256]
Event: 26.120 Thread 0x0000015201acf090 Exception <a 'java/lang/ClassNotFoundException'{0x000000074909c7c8}: org/gradle/api/tasks/compile/CompileOptionsCustomizer> (0x000000074909c7c8) 
thrown [s\src\hotspot\share\classfile\systemDictionary.cpp, line 256]
Event: 26.121 Thread 0x0000015201acf090 Exception <a 'java/lang/ClassNotFoundException'{0x00000007490e1fa0}: org/gradle/api/tasks/compile/CompileOptions_DecoratedCustomizer> (0x00000007490e1fa0) 
thrown [s\src\hotspot\share\classfile\systemDictionary.cpp, line 256]

VM Operations (20 events):
Event: 19.192 Executing VM operation: HandshakeAllThreads done
Event: 20.195 Executing VM operation: Cleanup
Event: 20.195 Executing VM operation: Cleanup done
Event: 21.200 Executing VM operation: Cleanup
Event: 21.200 Executing VM operation: Cleanup done
Event: 22.205 Executing VM operation: Cleanup
Event: 22.205 Executing VM operation: Cleanup done
Event: 23.211 Executing VM operation: Cleanup
Event: 23.211 Executing VM operation: Cleanup done
Event: 24.216 Executing VM operation: Cleanup
Event: 24.216 Executing VM operation: Cleanup done
Event: 25.223 Executing VM operation: Cleanup
Event: 25.223 Executing VM operation: Cleanup done
Event: 26.091 Executing VM operation: ICBufferFull
Event: 26.091 Executing VM operation: ICBufferFull done
Event: 26.154 Executing VM operation: HandshakeAllThreads
Event: 26.155 Executing VM operation: HandshakeAllThreads done
Event: 26.176 Executing VM operation: HandshakeAllThreads
Event: 26.176 Executing VM operation: HandshakeAllThreads done
Event: 26.254 Executing VM operation: G1CollectForAllocation

Memory protections (0 events):
No events

Nmethod flushes (20 events):
Event: 26.184 Thread 0x000001523a3005a0 flushing  nmethod 0x000001522284e290
Event: 26.184 Thread 0x000001523a3005a0 flushing  nmethod 0x000001522284f690
Event: 26.184 Thread 0x000001523a3005a0 flushing  nmethod 0x000001522284ff90
Event: 26.184 Thread 0x000001523a3005a0 flushing  nmethod 0x0000015222859d10
Event: 26.184 Thread 0x000001523a3005a0 flushing  nmethod 0x000001522285a310
Event: 26.184 Thread 0x000001523a3005a0 flushing  nmethod 0x0000015222866690
Event: 26.184 Thread 0x000001523a3005a0 flushing  nmethod 0x0000015222872190
Event: 26.184 Thread 0x000001523a3005a0 flushing  nmethod 0x0000015222873090
Event: 26.184 Thread 0x000001523a3005a0 flushing  nmethod 0x0000015222873b90
Event: 26.184 Thread 0x000001523a3005a0 flushing  nmethod 0x0000015222874390
Event: 26.184 Thread 0x000001523a3005a0 flushing  nmethod 0x0000015222874e10
Event: 26.185 Thread 0x000001523a3005a0 flushing  nmethod 0x000001522288de90
Event: 26.185 Thread 0x000001523a3005a0 flushing  nmethod 0x0000015222891810
Event: 26.185 Thread 0x000001523a3005a0 flushing  nmethod 0x0000015222891c10
Event: 26.185 Thread 0x000001523a3005a0 flushing  nmethod 0x000001522289f410
Event: 26.185 Thread 0x000001523a3005a0 flushing  nmethod 0x00000152228c8e90
Event: 26.185 Thread 0x000001523a3005a0 flushing  nmethod 0x00000152228c9410
Event: 26.185 Thread 0x000001523a3005a0 flushing  nmethod 0x00000152228c9810
Event: 26.185 Thread 0x000001523a3005a0 flushing  nmethod 0x00000152228cc090
Event: 26.185 Thread 0x000001523a3005a0 flushing  nmethod 0x00000152228e6f10

Events (20 events):
Event: 23.403 Thread 0x0000015201acf090 Thread added: 0x000001520445cc40
Event: 23.404 Thread 0x000001520445cc40 Thread exited: 0x000001520445cc40
Event: 23.731 Thread 0x0000015201acf090 Thread added: 0x000001520445f9d0
Event: 23.732 Thread 0x000001520445f9d0 Thread exited: 0x000001520445f9d0
Event: 24.292 Thread 0x0000015201acf090 Thread added: 0x0000015204460e10
Event: 24.293 Thread 0x0000015204460e10 Thread exited: 0x0000015204460e10
Event: 24.522 Thread 0x0000015201acf090 Thread added: 0x0000015204460900
Event: 24.522 Thread 0x0000015204460900 Thread exited: 0x0000015204460900
Event: 24.780 Thread 0x0000015201acf090 Thread added: 0x000001520445cc40
Event: 24.780 Thread 0x000001520445cc40 Thread exited: 0x000001520445cc40
Event: 25.000 Thread 0x0000015201acf090 Thread added: 0x000001520445db70
Event: 25.000 Thread 0x000001520445db70 Thread exited: 0x000001520445db70
Event: 25.139 Thread 0x000001523a2fd3f0 Thread added: 0x0000015200c19260
Event: 25.323 Thread 0x0000015201acf090 Thread added: 0x0000015204463180
Event: 25.344 Thread 0x0000015204463180 Thread exited: 0x0000015204463180
Event: 25.411 Thread 0x0000015201acf090 Thread added: 0x0000015204463180
Event: 25.420 Thread 0x0000015204463180 Thread added: 0x000001520445cc40
Event: 25.421 Thread 0x0000015204463180 Thread added: 0x0000015204461d40
Event: 25.422 Thread 0x0000015204463180 Thread added: 0x0000015204462250
Event: 25.445 Thread 0x000001520445cc40 Thread added: 0x000001520445db70


Dynamic libraries:
0x00007ff7d89a0000 - 0x00007ff7d89ae000 	C:\Users\aplut\.gradle\jdks\eclipse_adoptium-17-amd64-windows\jdk-17.0.13+11\bin\java.exe
0x00007ffa76090000 - 0x00007ffa762a7000 	C:\WINDOWS\SYSTEM32\ntdll.dll
0x00007ffa3c200000 - 0x00007ffa3c21a000 	C:\Program Files\Avast Software\Avast\aswhook.dll
0x00007ffa746c0000 - 0x00007ffa74784000 	C:\WINDOWS\System32\KERNEL32.DLL
0x00007ffa739f0000 - 0x00007ffa73da9000 	C:\WINDOWS\System32\KERNELBASE.dll
0x00007ffa738d0000 - 0x00007ffa739e1000 	C:\WINDOWS\System32\ucrtbase.dll
0x00007ffa62a50000 - 0x00007ffa62a6e000 	C:\Users\aplut\.gradle\jdks\eclipse_adoptium-17-amd64-windows\jdk-17.0.13+11\bin\VCRUNTIME140.dll
0x00007ffa62bf0000 - 0x00007ffa62c07000 	C:\Users\aplut\.gradle\jdks\eclipse_adoptium-17-amd64-windows\jdk-17.0.13+11\bin\jli.dll
0x00007ffa74190000 - 0x00007ffa7433e000 	C:\WINDOWS\System32\USER32.dll
0x00007ffa734b0000 - 0x00007ffa734d6000 	C:\WINDOWS\System32\win32u.dll
0x00007ffa59790000 - 0x00007ffa59a22000 	C:\WINDOWS\WinSxS\amd64_microsoft.windows.common-controls_6595b64144ccf1df_6.0.22621.4391_none_2715d37f73803e96\COMCTL32.dll
0x00007ffa74b80000 - 0x00007ffa74ba9000 	C:\WINDOWS\System32\GDI32.dll
0x00007ffa740d0000 - 0x00007ffa74177000 	C:\WINDOWS\System32\msvcrt.dll
0x00007ffa73390000 - 0x00007ffa734ab000 	C:\WINDOWS\System32\gdi32full.dll
0x00007ffa734e0000 - 0x00007ffa7357a000 	C:\WINDOWS\System32\msvcp_win.dll
0x00007ffa75430000 - 0x00007ffa75461000 	C:\WINDOWS\System32\IMM32.DLL
0x00007ffa67250000 - 0x00007ffa6725c000 	C:\Users\aplut\.gradle\jdks\eclipse_adoptium-17-amd64-windows\jdk-17.0.13+11\bin\vcruntime140_1.dll
0x00007ffa629c0000 - 0x00007ffa62a4d000 	C:\Users\aplut\.gradle\jdks\eclipse_adoptium-17-amd64-windows\jdk-17.0.13+11\bin\msvcp140.dll
0x00007ff9db080000 - 0x00007ff9dbceb000 	C:\Users\aplut\.gradle\jdks\eclipse_adoptium-17-amd64-windows\jdk-17.0.13+11\bin\server\jvm.dll
0x00007ffa74000000 - 0x00007ffa740b2000 	C:\WINDOWS\System32\ADVAPI32.dll
0x00007ffa75670000 - 0x00007ffa75717000 	C:\WINDOWS\System32\sechost.dll
0x00007ffa735f0000 - 0x00007ffa73618000 	C:\WINDOWS\System32\bcrypt.dll
0x00007ffa745a0000 - 0x00007ffa746b4000 	C:\WINDOWS\System32\RPCRT4.dll
0x00007ffa74950000 - 0x00007ffa749c1000 	C:\WINDOWS\System32\WS2_32.dll
0x00007ffa671d0000 - 0x00007ffa67204000 	C:\WINDOWS\SYSTEM32\WINMM.dll
0x00007ffa64920000 - 0x00007ffa6492a000 	C:\WINDOWS\SYSTEM32\VERSION.dll
0x00007ffa730b0000 - 0x00007ffa730fd000 	C:\WINDOWS\SYSTEM32\POWRPROF.dll
0x00007ffa72fc0000 - 0x00007ffa72fd3000 	C:\WINDOWS\SYSTEM32\UMPDC.dll
0x00007ffa72390000 - 0x00007ffa723a8000 	C:\WINDOWS\SYSTEM32\kernel.appcore.dll
0x00007ffa63840000 - 0x00007ffa6384a000 	C:\Users\aplut\.gradle\jdks\eclipse_adoptium-17-amd64-windows\jdk-17.0.13+11\bin\jimage.dll
0x00007ffa70980000 - 0x00007ffa70bb2000 	C:\WINDOWS\SYSTEM32\DBGHELP.DLL
0x00007ffa75ca0000 - 0x00007ffa7602f000 	C:\WINDOWS\System32\combase.dll
0x00007ffa75490000 - 0x00007ffa75567000 	C:\WINDOWS\System32\OLEAUT32.dll
0x00007ffa62db0000 - 0x00007ffa62de2000 	C:\WINDOWS\SYSTEM32\dbgcore.DLL
0x00007ffa73850000 - 0x00007ffa738cb000 	C:\WINDOWS\System32\bcryptPrimitives.dll
0x00007ffa62be0000 - 0x00007ffa62bee000 	C:\Users\aplut\.gradle\jdks\eclipse_adoptium-17-amd64-windows\jdk-17.0.13+11\bin\instrument.dll
0x00007ffa4df50000 - 0x00007ffa4df75000 	C:\Users\aplut\.gradle\jdks\eclipse_adoptium-17-amd64-windows\jdk-17.0.13+11\bin\java.dll
0x00007ffa2ed90000 - 0x00007ffa2ee67000 	C:\Users\aplut\.gradle\jdks\eclipse_adoptium-17-amd64-windows\jdk-17.0.13+11\bin\jsvml.dll
0x00007ffa74bb0000 - 0x00007ffa75426000 	C:\WINDOWS\System32\SHELL32.dll
0x00007ffa71280000 - 0x00007ffa71b83000 	C:\WINDOWS\SYSTEM32\windows.storage.dll
0x00007ffa71140000 - 0x00007ffa7127f000 	C:\WINDOWS\SYSTEM32\wintypes.dll
0x00007ffa74850000 - 0x00007ffa74949000 	C:\WINDOWS\System32\SHCORE.dll
0x00007ffa74790000 - 0x00007ffa747ee000 	C:\WINDOWS\System32\shlwapi.dll
0x00007ffa732c0000 - 0x00007ffa732eb000 	C:\WINDOWS\SYSTEM32\profapi.dll
0x00007ffa62970000 - 0x00007ffa62988000 	C:\Users\aplut\.gradle\jdks\eclipse_adoptium-17-amd64-windows\jdk-17.0.13+11\bin\zip.dll
0x00007ffa4dfa0000 - 0x00007ffa4dfb9000 	C:\Users\aplut\.gradle\jdks\eclipse_adoptium-17-amd64-windows\jdk-17.0.13+11\bin\net.dll
0x00007ffa6a540000 - 0x00007ffa6a676000 	C:\WINDOWS\SYSTEM32\WINHTTP.dll
0x00007ffa72800000 - 0x00007ffa72869000 	C:\WINDOWS\system32\mswsock.dll
0x00007ffa4df30000 - 0x00007ffa4df46000 	C:\Users\aplut\.gradle\jdks\eclipse_adoptium-17-amd64-windows\jdk-17.0.13+11\bin\nio.dll
0x00007ffa62bc0000 - 0x00007ffa62bd0000 	C:\Users\aplut\.gradle\jdks\eclipse_adoptium-17-amd64-windows\jdk-17.0.13+11\bin\verify.dll
0x00007ffa3b650000 - 0x00007ffa3b677000 	C:\Users\aplut\.gradle\native\c067742578af261105cb4f569cf0c3c89f3d7b1fecec35dd04571415982c5e48\windows-amd64\native-platform.dll
0x00007ff9fdcf0000 - 0x00007ff9fde34000 	C:\Users\aplut\.gradle\native\100fb08df4bc3b14c8652ba06237920a3bd2aa13389f12d3474272988ae205f9\windows-amd64\native-platform-file-events.dll
0x00007ffa629b0000 - 0x00007ffa629ba000 	C:\Users\aplut\.gradle\jdks\eclipse_adoptium-17-amd64-windows\jdk-17.0.13+11\bin\management.dll
0x00007ffa54ec0000 - 0x00007ffa54ecb000 	C:\Users\aplut\.gradle\jdks\eclipse_adoptium-17-amd64-windows\jdk-17.0.13+11\bin\management_ext.dll
0x00007ffa74340000 - 0x00007ffa74348000 	C:\WINDOWS\System32\PSAPI.DLL
0x00007ffa72aa0000 - 0x00007ffa72abb000 	C:\WINDOWS\SYSTEM32\CRYPTSP.dll
0x00007ffa722f0000 - 0x00007ffa72325000 	C:\WINDOWS\system32\rsaenh.dll
0x00007ffa728a0000 - 0x00007ffa728c8000 	C:\WINDOWS\SYSTEM32\USERENV.dll
0x00007ffa72a00000 - 0x00007ffa72a0c000 	C:\WINDOWS\SYSTEM32\CRYPTBASE.dll
0x00007ffa71df0000 - 0x00007ffa71e1d000 	C:\WINDOWS\SYSTEM32\IPHLPAPI.DLL
0x00007ffa740c0000 - 0x00007ffa740c9000 	C:\WINDOWS\System32\NSI.dll
0x00007ffa67c90000 - 0x00007ffa67ca9000 	C:\WINDOWS\SYSTEM32\dhcpcsvc6.DLL
0x00007ffa67c70000 - 0x00007ffa67c8f000 	C:\WINDOWS\SYSTEM32\dhcpcsvc.DLL
0x00007ffa71e20000 - 0x00007ffa71f22000 	C:\WINDOWS\SYSTEM32\DNSAPI.dll
0x00007ffa4df20000 - 0x00007ffa4df29000 	C:\Users\aplut\.gradle\jdks\eclipse_adoptium-17-amd64-windows\jdk-17.0.13+11\bin\extnet.dll
0x00007ffa4df10000 - 0x00007ffa4df1e000 	C:\Users\aplut\.gradle\jdks\eclipse_adoptium-17-amd64-windows\jdk-17.0.13+11\bin\sunmscapi.dll
0x00007ffa736e0000 - 0x00007ffa73846000 	C:\WINDOWS\System32\CRYPT32.dll
0x00007ffa72cb0000 - 0x00007ffa72cdd000 	C:\WINDOWS\SYSTEM32\ncrypt.dll
0x00007ffa72c70000 - 0x00007ffa72ca7000 	C:\WINDOWS\SYSTEM32\NTASN1.dll
0x00007ffa62c70000 - 0x00007ffa62c78000 	C:\WINDOWS\system32\wshunix.dll
0x000000006c660000 - 0x000000006c686000 	C:\Program Files\Bonjour\mdnsNSP.dll
0x00007ffa648c0000 - 0x00007ffa648ca000 	C:\Windows\System32\rasadhlp.dll
0x00007ffa60960000 - 0x00007ffa609e3000 	C:\WINDOWS\System32\fwpuclnt.dll

dbghelp: loaded successfully - version: 4.0.5 - missing functions: none
symbol engine: initialized successfully - sym options: 0x614 - pdb path: .;C:\Users\aplut\.gradle\jdks\eclipse_adoptium-17-amd64-windows\jdk-17.0.13+11\bin;C:\WINDOWS\SYSTEM32;C:\Program Files\Avast Software\Avast;C:\WINDOWS\WinSxS\amd64_microsoft.windows.common-controls_6595b64144ccf1df_6.0.22621.4391_none_2715d37f73803e96;C:\Users\aplut\.gradle\jdks\eclipse_adoptium-17-amd64-windows\jdk-17.0.13+11\bin\server;C:\Users\aplut\.gradle\native\c067742578af261105cb4f569cf0c3c89f3d7b1fecec35dd04571415982c5e48\windows-amd64;C:\Users\aplut\.gradle\native\100fb08df4bc3b14c8652ba06237920a3bd2aa13389f12d3474272988ae205f9\windows-amd64;C:\Program Files\Bonjour

VM Arguments:
jvm_args: --add-opens=java.base/java.util.concurrent.atomic=ALL-UNNAMED --add-opens=java.base/java.util=ALL-UNNAMED --add-opens=java.base/java.lang=ALL-UNNAMED --add-opens=java.base/java.lang.invoke=ALL-UNNAMED --add-opens=java.prefs/java.util.prefs=ALL-UNNAMED --add-opens=java.base/java.nio.charset=ALL-UNNAMED --add-opens=java.base/java.net=ALL-UNNAMED --add-opens=java.base/java.util.concurrent.atomic=ALL-UNNAMED -Xmx3G -Dfile.encoding=UTF-8 -Duser.country=PL -Duser.language=pl -Duser.variant -javaagent:C:\Users\aplut\.gradle\wrapper\dists\gradle-8.8-bin\dl7vupf4psengwqhwktix4v1\gradle-8.8\lib\agents\gradle-instrumentation-agent-8.8.jar 
java_command: org.gradle.launcher.daemon.bootstrap.GradleDaemon 8.8
java_class_path (initial): C:\Users\aplut\.gradle\wrapper\dists\gradle-8.8-bin\dl7vupf4psengwqhwktix4v1\gradle-8.8\lib\gradle-launcher-8.8.jar
Launcher Type: SUN_STANDARD

[Global flags]
     intx CICompilerCount                          = 3                                         {product} {ergonomic}
     uint ConcGCThreads                            = 1                                         {product} {ergonomic}
     uint G1ConcRefinementThreads                  = 4                                         {product} {ergonomic}
   size_t G1HeapRegionSize                         = 2097152                                   {product} {ergonomic}
    uintx GCDrainStackTargetSize                   = 64                                        {product} {ergonomic}
   size_t InitialHeapSize                          = 130023424                                 {product} {ergonomic}
   size_t MarkStackSize                            = 4194304                                   {product} {ergonomic}
   size_t MaxHeapSize                              = 3221225472                                {product} {command line}
   size_t MaxNewSize                               = 1931476992                                {product} {ergonomic}
   size_t MinHeapDeltaBytes                        = 2097152                                   {product} {ergonomic}
   size_t MinHeapSize                              = 8388608                                   {product} {ergonomic}
    uintx NonNMethodCodeHeapSize                   = 5832780                                {pd product} {ergonomic}
    uintx NonProfiledCodeHeapSize                  = 122912730                              {pd product} {ergonomic}
    uintx ProfiledCodeHeapSize                     = 122912730                              {pd product} {ergonomic}
    uintx ReservedCodeCacheSize                    = 251658240                              {pd product} {ergonomic}
     bool SegmentedCodeCache                       = true                                      {product} {ergonomic}
   size_t SoftMaxHeapSize                          = 3221225472                             {manageable} {ergonomic}
     bool UseCompressedClassPointers               = true                           {product lp64_product} {ergonomic}
     bool UseCompressedOops                        = true                           {product lp64_product} {ergonomic}
     bool UseG1GC                                  = true                                      {product} {ergonomic}
     bool UseLargePagesIndividualAllocation        = false                                  {pd product} {ergonomic}

Logging:
Log output configuration:
 #0: stdout all=warning uptime,level,tags
 #1: stderr all=off uptime,level,tags

Environment Variables:
PATH=C:\Program Files\Eclipse Adoptium\jdk-17.0.13.11-hotspot\bin;C:\Users\aplut\OneDrive\Pulpit\PythonFlask\Scripts\;C:\Users\aplut\OneDrive\Pulpit\PythonFlask\;C:\Program Files\Oculus\Support\oculus-runtime;C:\PROGRA~2\Borland\CBUILD~1\Bin;C:\PROGRA~2\Borland\CBUILD~1\Projects\Bpl;C:\Program Files\Common Files\Oracle\Java\javapath;C:\Program Files (x86)\Common Files\Oracle\Java\java8path;C:\Program Files (x86)\Common Files\Oracle\Java\javapath;C:\Program Files (x86)\VMware\VMware Player\bin\;C:\Program Files\Microsoft\jdk-11.0.12.7-hotspot\bin;C:\WINDOWS\system32;C:\WINDOWS;C:\WINDOWS\System32\Wbem;C:\WINDOWS\System32\WindowsPowerShell\v1.0\;C:\WINDOWS\System32\OpenSSH\;C:\Program Files\Microsoft SQL Server\150\Tools\Binn\;C:\Program Files\dotnet\;C:\Program Files (x86)\Yarn\bin\;C:\Program Files\HP\HP One Agent;C:\Program Files\Docker\Docker\resources\bin;C:\Program Files\nodejs\;C:\Program Files\Microsoft SQL Server\120\Tools\Binn\;C:\Program Files\Git\cmd;C:\Users\aplut\.cargo\bin;C:\Ruby27-x64\bin;C:\Users\aplut\AppData\Local\Microsoft\WindowsApps;C:\Users\aplut\.dotnet\tools;%JAVA_HOME%\bin;C:\Users\aplut\AppData\Local\Programs\Microsoft VS Code\bin;C:\Users\aplut\AppData\Local\Yarn\bin;C:\ProgramData\aplut\GitHubDesktop\bin;C:\Users\aplut\AppData\Roaming\npm;C:\xampp\php;C:\Users\aplut\composer;C:\Users\aplut\AppData\Roaming\Composer\vendor\bin;C:\Users\aplut\AppData\Local\Muse Hub\lib;C:\Program Files\Oracle\VirtualBox;C:\Users\aplut\IntelliJ IDEA Community Edition 2024.3\bin;;C:\Gradle\bin;C:\Users\aplut\AppData\Local\GitHubDesktop\bin
USERNAME=aplut
OS=Windows_NT
PROCESSOR_IDENTIFIER=Intel64 Family 6 Model 140 Stepping 1, GenuineIntel
TMP=C:\Users\aplut\AppData\Local\Temp
TEMP=C:\Users\aplut\AppData\Local\Temp



Periodic native trim disabled


---------------  S Y S T E M  ---------------

OS:
 Windows 11 , 64 bit Build 22621 (10.0.22621.4391)
OS uptime: 0 days 10:41 hours
Hyper-V role detected

CPU: total 4 (initial active 4) (2 cores per cpu, 2 threads per core) family 6 model 140 stepping 1 microcode 0xac, cx8, cmov, fxsr, ht, mmx, 3dnowpref, sse, sse2, sse3, ssse3, sse4.1, sse4.2, popcnt, lzcnt, tsc, tscinvbit, avx, avx2, aes, erms, clmul, bmi1, bmi2, adx, avx512f, avx512dq, avx512cd, avx512bw, avx512vl, sha, fma, vzeroupper, avx512_vpopcntdq, avx512_vpclmulqdq, avx512_vaes, avx512_vnni, clflush, clflushopt, clwb, avx512_vbmi2, avx512_vbmi, hv
Processor Information for all 4 processors :
  Max Mhz: 2995, Current Mhz: 2995, Mhz Limit: 2995

Memory: 4k page, system-wide physical 7932M (419M free)
TotalPageFile size 16932M (AvailPageFile size 40M)
current process WorkingSet (physical memory assigned to process): 507M, peak: 512M
current process commit charge ("private bytes"): 558M, peak: 803M

vm_info: OpenJDK 64-Bit Server VM (17.0.13+11) for windows-amd64 JRE (17.0.13+11), built on Oct 16 2024 00:10:08 by "admin" with MS VC++ 17.7 (VS2022)

END.
