#
# There is insufficient memory for the Java Runtime Environment to continue.
# Native memory allocation (mmap) failed to map 434110464 bytes. Error detail: G1 virtual space
# Possible reasons:
#   The system is out of physical RAM or swap space
#   This process is running with CompressedOops enabled, and the Java Heap may be blocking the growth of the native heap
# Possible solutions:
#   Reduce memory load on the system
#   Increase physical memory or swap space
#   Check if swap backing store is full
#   Decrease Java heap size (-Xmx/-Xms)
#   Decrease number of Java threads
#   Decrease Java thread stack sizes (-Xss)
#   Set larger code cache with -XX:ReservedCodeCacheSize=
#   JVM is running with Zero Based Compressed Oops mode in which the Java heap is
#     placed in the first 32GB address space. The Java Heap base address is the
#     maximum limit for the native heap growth. Please use -XX:HeapBaseMinAddress
#     to set the Java Heap base and to place the Java Heap above 32GB virtual address.
# This output file may be truncated or incomplete.
#
#  Out of Memory Error (os_windows.cpp:3614), pid=2164, tid=19612
#
# JRE version: OpenJDK Runtime Environment Temurin-17.0.13+11 (17.0.13+11) (build 17.0.13+11)
# Java VM: OpenJDK 64-Bit Server VM Temurin-17.0.13+11 (17.0.13+11, mixed mode, sharing, tiered, compressed oops, compressed class ptrs, g1 gc, windows-amd64)
# No core dump will be written. Minidumps are not enabled by default on client versions of Windows
#

---------------  S U M M A R Y ------------

Command Line: --add-opens=java.base/java.util.concurrent.atomic=ALL-UNNAMED --add-opens=java.base/java.util=ALL-UNNAMED --add-opens=java.base/java.lang=ALL-UNNAMED --add-opens=java.base/java.lang.invoke=ALL-UNNAMED --add-opens=java.prefs/java.util.prefs=ALL-UNNAMED --add-opens=java.base/java.nio.charset=ALL-UNNAMED --add-opens=java.base/java.net=ALL-UNNAMED --add-opens=java.base/java.util.concurrent.atomic=ALL-UNNAMED -Xmx3G -Dfile.encoding=UTF-8 -Duser.country=PL -Duser.language=pl -Duser.variant -javaagent:C:\Users\aplut\.gradle\wrapper\dists\gradle-8.8-bin\dl7vupf4psengwqhwktix4v1\gradle-8.8\lib\agents\gradle-instrumentation-agent-8.8.jar org.gradle.launcher.daemon.bootstrap.GradleDaemon 8.8

Host: 11th Gen Intel(R) Core(TM) i3-1115G4 @ 3.00GHz, 4 cores, 7G,  Windows 11 , 64 bit Build 22621 (10.0.22621.4391)
Time: Wed Dec  4 20:21:00 2024  Windows 11 , 64 bit Build 22621 (10.0.22621.4391) elapsed time: 17.564471 seconds (0d 0h 0m 17s)

---------------  T H R E A D  ---------------

Current thread (0x00000130fedcf0b0):  VMThread "VM Thread" [stack: 0x00000019de800000,0x00000019de900000] [id=19612]

Stack: [0x00000019de800000,0x00000019de900000]
Native frames: (J=compiled Java code, j=interpreted, Vv=VM code, C=native code)
V  [jvm.dll+0x682a19]
V  [jvm.dll+0x839538]
V  [jvm.dll+0x83afe3]
V  [jvm.dll+0x83b653]
V  [jvm.dll+0x24704f]
V  [jvm.dll+0x67f809]
V  [jvm.dll+0x6746fa]
V  [jvm.dll+0x304a96]
V  [jvm.dll+0x30bf56]
V  [jvm.dll+0x35da5e]
V  [jvm.dll+0x35dc9d]
V  [jvm.dll+0x2dbe5c]
V  [jvm.dll+0x2da1ff]
V  [jvm.dll+0x2d996c]
V  [jvm.dll+0x31d14b]
V  [jvm.dll+0x83fe8d]
V  [jvm.dll+0x840bc3]
V  [jvm.dll+0x8410ef]
V  [jvm.dll+0x8414d4]
V  [jvm.dll+0x84159e]
V  [jvm.dll+0x7e8ffc]
V  [jvm.dll+0x6818f7]
C  [ucrtbase.dll+0x29333]
C  [KERNEL32.DLL+0x1259d]
C  [ntdll.dll+0x5af38]

VM_Operation (0x00000019dfff4940): G1CollectForAllocation, mode: safepoint, requested by thread 0x00000130d7437920


---------------  P R O C E S S  ---------------

Threads class SMR info:
_java_thread_list=0x00000130daacf960, length=80, elements={
0x00000130efbf68e0, 0x00000130fedd65b0, 0x00000130fedd7170, 0x00000130fedeec80,
0x00000130fedf1760, 0x00000130fedf4230, 0x00000130fedf5c00, 0x00000130fee03180,
0x00000130fee0cb60, 0x00000130fee1dc30, 0x00000130ff01fc30, 0x00000130ff1a1230,
0x00000130d6dd8aa0, 0x00000130d6dec5b0, 0x00000130d7214020, 0x00000130d6e32c80,
0x00000130ffaa45d0, 0x00000130d7437440, 0x00000130d7437920, 0x00000130d6fc98b0,
0x00000130d6fc9dc0, 0x00000130d6fc8e90, 0x00000130d6fc7f60, 0x00000130d6fc7540,
0x00000130d6fc93a0, 0x00000130d6fca2d0, 0x00000130d6fca7e0, 0x00000130d6fc7030,
0x00000130d6fc7a50, 0x00000130d6fc8470, 0x00000130d7580d40, 0x00000130d757eee0,
0x00000130d757e4c0, 0x00000130d7583ad0, 0x00000130d75844f0, 0x00000130d7581250,
0x00000130d75830b0, 0x00000130d757d590, 0x00000130d7581c70, 0x00000130d7583fe0,
0x00000130d7582180, 0x00000130d757d080, 0x00000130d757fe10, 0x00000130d7582690,
0x00000130d757daa0, 0x00000130d757dfb0, 0x00000130d7584a00, 0x00000130d7582ba0,
0x00000130d7580320, 0x00000130d757f3f0, 0x00000130d757f900, 0x00000130d7580830,
0x00000130d75835c0, 0x00000130d6273680, 0x00000130d62754e0, 0x00000130d6274fd0,
0x00000130d6272c60, 0x00000130d6271310, 0x00000130d6272240, 0x00000130d626fed0,
0x00000130d62740a0, 0x00000130d6271820, 0x00000130d626e070, 0x00000130d626efa0,
0x00000130d6273170, 0x00000130d62708f0, 0x00000130d6274ac0, 0x00000130d62759f0,
0x00000130d6270e00, 0x00000130d6273b90, 0x00000130d626e580, 0x00000130d62745b0,
0x00000130d626f4b0, 0x00000130d626f9c0, 0x00000130d78419b0, 0x00000130d7844230,
0x00000130d7844740, 0x00000130d7840570, 0x00000130d7844c50, 0x00000130ff4f7060
}

Java Threads: ( => current thread )
  0x00000130efbf68e0 JavaThread "main" [_thread_blocked, id=19724, stack(0x00000019de200000,0x00000019de300000)]
  0x00000130fedd65b0 JavaThread "Reference Handler" daemon [_thread_blocked, id=21616, stack(0x00000019de900000,0x00000019dea00000)]
  0x00000130fedd7170 JavaThread "Finalizer" daemon [_thread_blocked, id=23560, stack(0x00000019dea00000,0x00000019deb00000)]
  0x00000130fedeec80 JavaThread "Signal Dispatcher" daemon [_thread_blocked, id=24156, stack(0x00000019deb00000,0x00000019dec00000)]
  0x00000130fedf1760 JavaThread "Attach Listener" daemon [_thread_blocked, id=24628, stack(0x00000019dec00000,0x00000019ded00000)]
  0x00000130fedf4230 JavaThread "Service Thread" daemon [_thread_blocked, id=9364, stack(0x00000019ded00000,0x00000019dee00000)]
  0x00000130fedf5c00 JavaThread "Monitor Deflation Thread" daemon [_thread_blocked, id=27120, stack(0x00000019dee00000,0x00000019def00000)]
  0x00000130fee03180 JavaThread "C2 CompilerThread0" daemon [_thread_blocked, id=7880, stack(0x00000019def00000,0x00000019df000000)]
  0x00000130fee0cb60 JavaThread "C1 CompilerThread0" daemon [_thread_blocked, id=27528, stack(0x00000019df000000,0x00000019df100000)]
  0x00000130fee1dc30 JavaThread "Sweeper thread" daemon [_thread_blocked, id=10744, stack(0x00000019df100000,0x00000019df200000)]
  0x00000130ff01fc30 JavaThread "Common-Cleaner" daemon [_thread_blocked, id=18604, stack(0x00000019df200000,0x00000019df300000)]
  0x00000130ff1a1230 JavaThread "Notification Thread" daemon [_thread_blocked, id=14816, stack(0x00000019df300000,0x00000019df400000)]
  0x00000130d6dd8aa0 JavaThread "Daemon health stats" [_thread_blocked, id=11664, stack(0x00000019df900000,0x00000019dfa00000)]
  0x00000130d6dec5b0 JavaThread "Incoming local TCP Connector on port 59651" [_thread_in_native, id=26452, stack(0x00000019dfa00000,0x00000019dfb00000)]
  0x00000130d7214020 JavaThread "Daemon periodic checks" [_thread_blocked, id=11596, stack(0x00000019dfb00000,0x00000019dfc00000)]
  0x00000130d6e32c80 JavaThread "Daemon" [_thread_blocked, id=12912, stack(0x00000019dfc00000,0x00000019dfd00000)]
  0x00000130ffaa45d0 JavaThread "Handler for socket connection from /127.0.0.1:59651 to /127.0.0.1:59652" [_thread_in_native, id=26948, stack(0x00000019dfd00000,0x00000019dfe00000)]
  0x00000130d7437440 JavaThread "Cancel handler" [_thread_blocked, id=26056, stack(0x00000019dfe00000,0x00000019dff00000)]
  0x00000130d7437920 JavaThread "Daemon worker" [_thread_blocked, id=22864, stack(0x00000019dff00000,0x00000019e0000000)]
  0x00000130d6fc98b0 JavaThread "Asynchronous log dispatcher for DefaultDaemonConnection: socket connection from /127.0.0.1:59651 to /127.0.0.1:59652" [_thread_blocked, id=19088, stack(0x00000019e0000000,0x00000019e0100000)]
  0x00000130d6fc9dc0 JavaThread "Stdin handler" [_thread_blocked, id=17752, stack(0x00000019e0100000,0x00000019e0200000)]
  0x00000130d6fc8e90 JavaThread "Daemon client event forwarder" [_thread_blocked, id=25092, stack(0x00000019e0200000,0x00000019e0300000)]
  0x00000130d6fc7f60 JavaThread "Cache worker for journal cache (C:\Users\aplut\.gradle\caches\journal-1)" [_thread_blocked, id=16148, stack(0x00000019e0300000,0x00000019e0400000)]
  0x00000130d6fc7540 JavaThread "File lock request listener" [_thread_in_native, id=23300, stack(0x00000019e0400000,0x00000019e0500000)]
  0x00000130d6fc93a0 JavaThread "Cache worker for file hash cache (C:\Users\aplut\.gradle\caches\8.8\fileHashes)" [_thread_blocked, id=25860, stack(0x00000019e0500000,0x00000019e0600000)]
  0x00000130d6fca2d0 JavaThread "Cache worker for file hash cache (C:\Users\aplut\OneDrive\Projekty\Mods\Creativity\.gradle\8.8\fileHashes)" [_thread_blocked, id=20772, stack(0x00000019e0600000,0x00000019e0700000)]
  0x00000130d6fca7e0 JavaThread "File watcher server" daemon [_thread_in_native, id=15420, stack(0x00000019e0700000,0x00000019e0800000)]
  0x00000130d6fc7030 JavaThread "File watcher consumer" daemon [_thread_blocked, id=11888, stack(0x00000019e0800000,0x00000019e0900000)]
  0x00000130d6fc7a50 JavaThread "jar transforms" [_thread_blocked, id=21732, stack(0x00000019e0900000,0x00000019e0a00000)]
  0x00000130d6fc8470 JavaThread "jar transforms Thread 2" [_thread_blocked, id=20548, stack(0x00000019e0a00000,0x00000019e0b00000)]
  0x00000130d7580d40 JavaThread "jar transforms Thread 3" [_thread_blocked, id=19944, stack(0x00000019e0b00000,0x00000019e0c00000)]
  0x00000130d757eee0 JavaThread "jar transforms Thread 4" [_thread_blocked, id=11448, stack(0x00000019e0c00000,0x00000019e0d00000)]
  0x00000130d757e4c0 JavaThread "Cache worker for checksums cache (C:\Users\aplut\OneDrive\Projekty\Mods\Creativity\.gradle\8.8\checksums)" [_thread_blocked, id=24284, stack(0x00000019e0d00000,0x00000019e0e00000)]
  0x00000130d7583ad0 JavaThread "Cache worker for file content cache (C:\Users\aplut\.gradle\caches\8.8\fileContent)" [_thread_blocked, id=4908, stack(0x00000019e0e00000,0x00000019e0f00000)]
  0x00000130d75844f0 JavaThread "Cache worker for cache directory md-rule (C:\Users\aplut\.gradle\caches\8.8\md-rule)" [_thread_blocked, id=21172, stack(0x00000019e0f00000,0x00000019e1000000)]
  0x00000130d7581250 JavaThread "Cache worker for cache directory md-supplier (C:\Users\aplut\.gradle\caches\8.8\md-supplier)" [_thread_blocked, id=23332, stack(0x00000019e1000000,0x00000019e1100000)]
  0x00000130d75830b0 JavaThread "Unconstrained build operations" [_thread_blocked, id=7948, stack(0x00000019e1100000,0x00000019e1200000)]
  0x00000130d757d590 JavaThread "Unconstrained build operations Thread 2" [_thread_blocked, id=23652, stack(0x00000019e1200000,0x00000019e1300000)]
  0x00000130d7581c70 JavaThread "Unconstrained build operations Thread 3" [_thread_blocked, id=27228, stack(0x00000019e1300000,0x00000019e1400000)]
  0x00000130d7583fe0 JavaThread "Unconstrained build operations Thread 4" [_thread_blocked, id=21436, stack(0x00000019e1400000,0x00000019e1500000)]
  0x00000130d7582180 JavaThread "Unconstrained build operations Thread 5" [_thread_blocked, id=22664, stack(0x00000019e1500000,0x00000019e1600000)]
  0x00000130d757d080 JavaThread "Unconstrained build operations Thread 6" [_thread_blocked, id=19760, stack(0x00000019e1600000,0x00000019e1700000)]
  0x00000130d757fe10 JavaThread "Unconstrained build operations Thread 7" [_thread_blocked, id=26076, stack(0x00000019e1700000,0x00000019e1800000)]
  0x00000130d7582690 JavaThread "Unconstrained build operations Thread 8" [_thread_blocked, id=17076, stack(0x00000019e1800000,0x00000019e1900000)]
  0x00000130d757daa0 JavaThread "Unconstrained build operations Thread 9" [_thread_blocked, id=12444, stack(0x00000019e1900000,0x00000019e1a00000)]
  0x00000130d757dfb0 JavaThread "Unconstrained build operations Thread 10" [_thread_blocked, id=18992, stack(0x00000019e1a00000,0x00000019e1b00000)]
  0x00000130d7584a00 JavaThread "Unconstrained build operations Thread 11" [_thread_blocked, id=460, stack(0x00000019e1b00000,0x00000019e1c00000)]
  0x00000130d7582ba0 JavaThread "Unconstrained build operations Thread 12" [_thread_blocked, id=19740, stack(0x00000019e1c00000,0x00000019e1d00000)]
  0x00000130d7580320 JavaThread "Cache worker for Build Output Cleanup Cache (C:\Users\aplut\OneDrive\Projekty\Mods\Creativity\.gradle\buildOutputCleanup)" [_thread_blocked, id=19756, stack(0x00000019e1d00000,0x00000019e1e00000)]
  0x00000130d757f3f0 JavaThread "Unconstrained build operations Thread 13" [_thread_blocked, id=2040, stack(0x00000019e1e00000,0x00000019e1f00000)]
  0x00000130d757f900 JavaThread "Unconstrained build operations Thread 14" [_thread_blocked, id=21600, stack(0x00000019e1f00000,0x00000019e2000000)]
  0x00000130d7580830 JavaThread "Unconstrained build operations Thread 15" [_thread_blocked, id=18916, stack(0x00000019e2000000,0x00000019e2100000)]
  0x00000130d75835c0 JavaThread "Unconstrained build operations Thread 16" [_thread_blocked, id=22544, stack(0x00000019e2100000,0x00000019e2200000)]
  0x00000130d6273680 JavaThread "Unconstrained build operations Thread 17" [_thread_blocked, id=14944, stack(0x00000019e2200000,0x00000019e2300000)]
  0x00000130d62754e0 JavaThread "Unconstrained build operations Thread 18" [_thread_blocked, id=5580, stack(0x00000019e2300000,0x00000019e2400000)]
  0x00000130d6274fd0 JavaThread "Unconstrained build operations Thread 19" [_thread_blocked, id=26704, stack(0x00000019e2400000,0x00000019e2500000)]
  0x00000130d6272c60 JavaThread "Unconstrained build operations Thread 20" [_thread_blocked, id=26712, stack(0x00000019e2500000,0x00000019e2600000)]
  0x00000130d6271310 JavaThread "Unconstrained build operations Thread 21" [_thread_blocked, id=4520, stack(0x00000019e2600000,0x00000019e2700000)]
  0x00000130d6272240 JavaThread "Keep-Alive-Timer" daemon [_thread_blocked, id=26208, stack(0x00000019df700000,0x00000019df800000)]
  0x00000130d626fed0 JavaThread "Memory manager" [_thread_blocked, id=20660, stack(0x00000019e2700000,0x00000019e2800000)]
  0x00000130d62740a0 JavaThread "Unconstrained build operations Thread 22" [_thread_blocked, id=23680, stack(0x00000019e2900000,0x00000019e2a00000)]
  0x00000130d6271820 JavaThread "Unconstrained build operations Thread 23" [_thread_blocked, id=11268, stack(0x00000019e2a00000,0x00000019e2b00000)]
  0x00000130d626e070 JavaThread "Unconstrained build operations Thread 24" [_thread_blocked, id=12284, stack(0x00000019e2b00000,0x00000019e2c00000)]
  0x00000130d626efa0 JavaThread "Unconstrained build operations Thread 25" [_thread_blocked, id=18476, stack(0x00000019e2c00000,0x00000019e2d00000)]
  0x00000130d6273170 JavaThread "Unconstrained build operations Thread 26" [_thread_blocked, id=22400, stack(0x00000019e2d00000,0x00000019e2e00000)]
  0x00000130d62708f0 JavaThread "Unconstrained build operations Thread 27" [_thread_blocked, id=16936, stack(0x00000019e2e00000,0x00000019e2f00000)]
  0x00000130d6274ac0 JavaThread "Unconstrained build operations Thread 28" [_thread_blocked, id=9380, stack(0x00000019e2f00000,0x00000019e3000000)]
  0x00000130d62759f0 JavaThread "included builds" [_thread_blocked, id=19156, stack(0x00000019e2800000,0x00000019e2900000)]
  0x00000130d6270e00 JavaThread "Execution worker" [_thread_blocked, id=3628, stack(0x00000019e3000000,0x00000019e3100000)]
  0x00000130d6273b90 JavaThread "Execution worker Thread 2" [_thread_blocked, id=22908, stack(0x00000019e3100000,0x00000019e3200000)]
  0x00000130d626e580 JavaThread "Execution worker Thread 3" [_thread_blocked, id=5732, stack(0x00000019e3200000,0x00000019e3300000)]
  0x00000130d62745b0 JavaThread "Cache worker for execution history cache (C:\Users\aplut\OneDrive\Projekty\Mods\Creativity\.gradle\8.8\executionHistory)" [_thread_blocked, id=11400, stack(0x00000019e3300000,0x00000019e3400000)]
  0x00000130d626f4b0 JavaThread "ForkJoinPool.commonPool-worker-1" daemon [_thread_blocked, id=22296, stack(0x00000019e3500000,0x00000019e3600000)]
  0x00000130d626f9c0 JavaThread "ForkJoinPool.commonPool-worker-2" daemon [_thread_blocked, id=27532, stack(0x00000019e3600000,0x00000019e3700000)]
  0x00000130d78419b0 JavaThread "ForkJoinPool.commonPool-worker-3" daemon [_thread_blocked, id=10032, stack(0x00000019e3700000,0x00000019e3800000)]
  0x00000130d7844230 JavaThread "Exec process" daemon [_thread_blocked, id=23856, stack(0x00000019e3800000,0x00000019e3900000)]
  0x00000130d7844740 JavaThread "Exec process Thread 2" daemon [_thread_blocked, id=21960, stack(0x00000019e3900000,0x00000019e3a00000)]
  0x00000130d7840570 JavaThread "Exec process Thread 3" daemon [_thread_blocked, id=27268, stack(0x00000019e3a00000,0x00000019e3b00000)]
  0x00000130d7844c50 JavaThread "idea-tooling-model-converter" [_thread_blocked, id=12752, stack(0x00000019e3400000,0x00000019e3500000)]
  0x00000130ff4f7060 JavaThread "C2 CompilerThread1" daemon [_thread_blocked, id=22896, stack(0x00000019e3b00000,0x00000019e3c00000)]

Other Threads:
=>0x00000130fedcf0b0 VMThread "VM Thread" [stack: 0x00000019de800000,0x00000019de900000] [id=19612]
  0x00000130ff1a1710 WatcherThread [stack: 0x00000019df400000,0x00000019df500000] [id=18732]
  0x00000130efc4ee10 GCTaskThread "GC Thread#0" [stack: 0x00000019de300000,0x00000019de400000] [id=14576]
  0x00000130ff1caed0 GCTaskThread "GC Thread#1" [stack: 0x00000019df500000,0x00000019df600000] [id=27536]
  0x00000130ff46f540 GCTaskThread "GC Thread#2" [stack: 0x00000019df600000,0x00000019df700000] [id=23272]
  0x00000130ff7b0670 GCTaskThread "GC Thread#3" [stack: 0x00000019df800000,0x00000019df900000] [id=23036]
  0x00000130efc5bd60 ConcurrentGCThread "G1 Main Marker" [stack: 0x00000019de400000,0x00000019de500000] [id=6304]
  0x00000130efc5cf20 ConcurrentGCThread "G1 Conc#0" [stack: 0x00000019de500000,0x00000019de600000] [id=6892]
  0x00000130efc978e0 ConcurrentGCThread "G1 Refine#0" [stack: 0x00000019de600000,0x00000019de700000] [id=20536]
  0x00000130da02f990 ConcurrentGCThread "G1 Refine#1" [stack: 0x00000019e3c00000,0x00000019e3d00000] [id=4824]
  0x00000130da02edd0 ConcurrentGCThread "G1 Refine#2" [stack: 0x00000019e3d00000,0x00000019e3e00000] [id=9456]
  0x00000130da02d940 ConcurrentGCThread "G1 Refine#3" [stack: 0x00000019e3e00000,0x00000019e3f00000] [id=15740]
  0x00000130efc98310 ConcurrentGCThread "G1 Service" [stack: 0x00000019de700000,0x00000019de800000] [id=24908]

Threads with active compile tasks:
C2 CompilerThread0    17601 9583       4       net.minecraftforge.srgutils.MappingFile$$Lambda$1915/0x0000013092a99a08::accept (20 bytes)
C2 CompilerThread1    17601 9582       4       net.minecraftforge.srgutils.MappingFile::lambda$null$3 (44 bytes)

VM state: at safepoint (normal execution)

VM Mutex/Monitor currently owned by a thread:  ([mutex/lock_event])
[0x00000130efbf2770] Threads_lock - owner thread: 0x00000130fedcf0b0
[0x00000130efbf1600] Heap_lock - owner thread: 0x00000130d7437920

Heap address: 0x0000000740000000, size: 3072 MB, Compressed Oops mode: Zero based, Oop shift amount: 3

CDS archive(s) mapped at: [0x0000013091000000-0x0000013091bb0000-0x0000013091bb0000), size 12255232, SharedBaseAddress: 0x0000013091000000, ArchiveRelocationMode: 1.
Compressed class space mapped at: 0x0000013092000000-0x00000130d2000000, reserved size: 1073741824
Narrow klass base: 0x0000013091000000, Narrow klass shift: 0, Narrow klass range: 0x100000000

GC Precious Log:
 CPUs: 4 total, 4 available
 Memory: 7932M
 Large Page Support: Disabled
 NUMA Support: Disabled
 Compressed Oops: Enabled (Zero based)
 Heap Region Size: 2M
 Heap Min Capacity: 8M
 Heap Initial Capacity: 124M
 Heap Max Capacity: 3G
 Pre-touch: Disabled
 Parallel Workers: 4
 Concurrent Workers: 1
 Concurrent Refinement Workers: 4
 Periodic GC: Disabled

Heap:
 garbage-first heap   total 288768K, used 234984K [0x0000000740000000, 0x0000000800000000)
  region size 2048K, 1 young (2048K), 1 survivors (2048K)
 Metaspace       used 75445K, committed 76224K, reserved 1179648K
  class space    used 10547K, committed 10880K, reserved 1048576K

Heap Regions: E=young(eden), S=young(survivor), O=old, HS=humongous(starts), HC=humongous(continues), CS=collection set, F=free, OA=open archive, CA=closed archive, TAMS=top-at-mark-start (previous, next)
|   0|0x0000000740000000, 0x0000000740200000, 0x0000000740200000|100%|HS|  |TAMS 0x0000000740200000, 0x0000000740200000| Complete 
|   1|0x0000000740200000, 0x0000000740400000, 0x0000000740400000|100%|HC|  |TAMS 0x0000000740400000, 0x0000000740400000| Complete 
|   2|0x0000000740400000, 0x0000000740600000, 0x0000000740600000|100%| O|  |TAMS 0x0000000740600000, 0x0000000740600000| Untracked 
|   3|0x0000000740600000, 0x0000000740800000, 0x0000000740800000|100%| O|  |TAMS 0x0000000740800000, 0x0000000740800000| Untracked 
|   4|0x0000000740800000, 0x0000000740a00000, 0x0000000740a00000|100%| O|  |TAMS 0x0000000740a00000, 0x0000000740a00000| Untracked 
|   5|0x0000000740a00000, 0x0000000740c00000, 0x0000000740c00000|100%| O|  |TAMS 0x0000000740c00000, 0x0000000740c00000| Untracked 
|   6|0x0000000740c00000, 0x0000000740e00000, 0x0000000740e00000|100%| O|  |TAMS 0x0000000740e00000, 0x0000000740e00000| Untracked 
|   7|0x0000000740e00000, 0x0000000740f7a200, 0x0000000741000000| 73%| O|  |TAMS 0x0000000740f7a200, 0x0000000740f7a200| Untracked 
|   8|0x0000000741000000, 0x0000000741200000, 0x0000000741200000|100%|HS|  |TAMS 0x0000000741200000, 0x0000000741200000| Complete 
|   9|0x0000000741200000, 0x0000000741400000, 0x0000000741400000|100%|HC|  |TAMS 0x0000000741400000, 0x0000000741400000| Complete 
|  10|0x0000000741400000, 0x0000000741600000, 0x0000000741600000|100%|HC|  |TAMS 0x0000000741600000, 0x0000000741600000| Complete 
|  11|0x0000000741600000, 0x0000000741800000, 0x0000000741800000|100%|HS|  |TAMS 0x0000000741800000, 0x0000000741800000| Complete 
|  12|0x0000000741800000, 0x0000000741a00000, 0x0000000741a00000|100%|HC|  |TAMS 0x0000000741a00000, 0x0000000741a00000| Complete 
|  13|0x0000000741a00000, 0x0000000741c00000, 0x0000000741c00000|100%|HS|  |TAMS 0x0000000741c00000, 0x0000000741c00000| Complete 
|  14|0x0000000741c00000, 0x0000000741e00000, 0x0000000741e00000|100%| O|  |TAMS 0x0000000741e00000, 0x0000000741e00000| Untracked 
|  15|0x0000000741e00000, 0x0000000742000000, 0x0000000742000000|100%| O|  |TAMS 0x0000000742000000, 0x0000000742000000| Untracked 
|  16|0x0000000742000000, 0x0000000742200000, 0x0000000742200000|100%| O|  |TAMS 0x0000000742200000, 0x0000000742200000| Untracked 
|  17|0x0000000742200000, 0x0000000742400000, 0x0000000742400000|100%| O|  |TAMS 0x0000000742400000, 0x0000000742400000| Untracked 
|  18|0x0000000742400000, 0x0000000742600000, 0x0000000742600000|100%| O|  |TAMS 0x0000000742600000, 0x0000000742600000| Untracked 
|  19|0x0000000742600000, 0x0000000742800000, 0x0000000742800000|100%| O|  |TAMS 0x0000000742800000, 0x0000000742800000| Untracked 
|  20|0x0000000742800000, 0x0000000742a00000, 0x0000000742a00000|100%| O|  |TAMS 0x0000000742a00000, 0x0000000742a00000| Untracked 
|  21|0x0000000742a00000, 0x0000000742c00000, 0x0000000742c00000|100%| O|  |TAMS 0x0000000742c00000, 0x0000000742c00000| Untracked 
|  22|0x0000000742c00000, 0x0000000742e00000, 0x0000000742e00000|100%| O|  |TAMS 0x0000000742e00000, 0x0000000742e00000| Untracked 
|  23|0x0000000742e00000, 0x0000000743000000, 0x0000000743000000|100%| O|  |TAMS 0x0000000743000000, 0x0000000743000000| Untracked 
|  24|0x0000000743000000, 0x0000000743200000, 0x0000000743200000|100%|HS|  |TAMS 0x0000000743200000, 0x0000000743200000| Complete 
|  25|0x0000000743200000, 0x0000000743400000, 0x0000000743400000|100%|HS|  |TAMS 0x0000000743400000, 0x0000000743400000| Complete 
|  26|0x0000000743400000, 0x0000000743600000, 0x0000000743600000|100%|HC|  |TAMS 0x0000000743600000, 0x0000000743600000| Complete 
|  27|0x0000000743600000, 0x0000000743800000, 0x0000000743800000|100%|HC|  |TAMS 0x0000000743800000, 0x0000000743800000| Complete 
|  28|0x0000000743800000, 0x0000000743a00000, 0x0000000743a00000|100%|HS|  |TAMS 0x0000000743a00000, 0x0000000743a00000| Complete 
|  29|0x0000000743a00000, 0x0000000743c00000, 0x0000000743c00000|100%|HC|  |TAMS 0x0000000743c00000, 0x0000000743c00000| Complete 
|  30|0x0000000743c00000, 0x0000000743e00000, 0x0000000743e00000|100%|HC|  |TAMS 0x0000000743e00000, 0x0000000743e00000| Complete 
|  31|0x0000000743e00000, 0x0000000744000000, 0x0000000744000000|100%| O|  |TAMS 0x0000000744000000, 0x0000000744000000| Untracked 
|  32|0x0000000744000000, 0x0000000744200000, 0x0000000744200000|100%| O|  |TAMS 0x0000000744200000, 0x0000000744200000| Untracked 
|  33|0x0000000744200000, 0x0000000744400000, 0x0000000744400000|100%| O|  |TAMS 0x0000000744400000, 0x0000000744400000| Untracked 
|  34|0x0000000744400000, 0x0000000744600000, 0x0000000744600000|100%| O|  |TAMS 0x0000000744600000, 0x0000000744600000| Untracked 
|  35|0x0000000744600000, 0x0000000744800000, 0x0000000744800000|100%| O|  |TAMS 0x0000000744800000, 0x0000000744800000| Untracked 
|  36|0x0000000744800000, 0x0000000744a00000, 0x0000000744a00000|100%|HS|  |TAMS 0x0000000744a00000, 0x0000000744a00000| Complete 
|  37|0x0000000744a00000, 0x0000000744c00000, 0x0000000744c00000|100%| O|  |TAMS 0x0000000744c00000, 0x0000000744c00000| Untracked 
|  38|0x0000000744c00000, 0x0000000744e00000, 0x0000000744e00000|100%| O|  |TAMS 0x0000000744e00000, 0x0000000744e00000| Untracked 
|  39|0x0000000744e00000, 0x0000000745000000, 0x0000000745000000|100%| O|  |TAMS 0x0000000745000000, 0x0000000745000000| Untracked 
|  40|0x0000000745000000, 0x0000000745200000, 0x0000000745200000|100%| O|  |TAMS 0x0000000745200000, 0x0000000745200000| Untracked 
|  41|0x0000000745200000, 0x0000000745400000, 0x0000000745400000|100%| O|  |TAMS 0x0000000745400000, 0x0000000745400000| Untracked 
|  42|0x0000000745400000, 0x0000000745600000, 0x0000000745600000|100%| O|  |TAMS 0x0000000745600000, 0x0000000745600000| Untracked 
|  43|0x0000000745600000, 0x0000000745800000, 0x0000000745800000|100%| O|  |TAMS 0x00000007456b2800, 0x0000000745800000| Untracked 
|  44|0x0000000745800000, 0x0000000745a00000, 0x0000000745a00000|100%|HS|  |TAMS 0x0000000745a00000, 0x0000000745a00000| Complete 
|  45|0x0000000745a00000, 0x0000000745c00000, 0x0000000745c00000|100%|HS|  |TAMS 0x0000000745c00000, 0x0000000745c00000| Complete 
|  46|0x0000000745c00000, 0x0000000745e00000, 0x0000000745e00000|100%|HC|  |TAMS 0x0000000745e00000, 0x0000000745e00000| Complete 
|  47|0x0000000745e00000, 0x0000000746000000, 0x0000000746000000|100%|HC|  |TAMS 0x0000000746000000, 0x0000000746000000| Complete 
|  48|0x0000000746000000, 0x0000000746200000, 0x0000000746200000|100%|HS|  |TAMS 0x0000000746200000, 0x0000000746200000| Complete 
|  49|0x0000000746200000, 0x0000000746400000, 0x0000000746400000|100%|HC|  |TAMS 0x0000000746400000, 0x0000000746400000| Complete 
|  50|0x0000000746400000, 0x0000000746600000, 0x0000000746600000|100%|HS|  |TAMS 0x0000000746600000, 0x0000000746600000| Complete 
|  51|0x0000000746600000, 0x0000000746800000, 0x0000000746800000|100%| O|  |TAMS 0x0000000746600000, 0x0000000746800000| Untracked 
|  52|0x0000000746800000, 0x0000000746a00000, 0x0000000746a00000|100%| O|  |TAMS 0x0000000746800000, 0x0000000746a00000| Untracked 
|  53|0x0000000746a00000, 0x0000000746c00000, 0x0000000746c00000|100%| O|  |TAMS 0x0000000746a00000, 0x0000000746c00000| Untracked 
|  54|0x0000000746c00000, 0x0000000746e00000, 0x0000000746e00000|100%| O|  |TAMS 0x0000000746c00000, 0x0000000746e00000| Untracked 
|  55|0x0000000746e00000, 0x0000000747000000, 0x0000000747000000|100%| O|  |TAMS 0x0000000746e00000, 0x0000000747000000| Untracked 
|  56|0x0000000747000000, 0x0000000747200000, 0x0000000747200000|100%| O|  |TAMS 0x0000000747000000, 0x0000000747000000| Untracked 
|  57|0x0000000747200000, 0x0000000747400000, 0x0000000747400000|100%| O|  |TAMS 0x0000000747200000, 0x0000000747200000| Untracked 
|  58|0x0000000747400000, 0x0000000747600000, 0x0000000747600000|100%| O|  |TAMS 0x0000000747400000, 0x0000000747400000| Untracked 
|  59|0x0000000747600000, 0x0000000747800000, 0x0000000747800000|100%| O|  |TAMS 0x0000000747600000, 0x0000000747600000| Untracked 
|  60|0x0000000747800000, 0x0000000747a00000, 0x0000000747a00000|100%| O|  |TAMS 0x0000000747800000, 0x0000000747800000| Untracked 
|  61|0x0000000747a00000, 0x0000000747c00000, 0x0000000747c00000|100%| O|  |TAMS 0x0000000747a00000, 0x0000000747a00000| Untracked 
|  62|0x0000000747c00000, 0x0000000747e00000, 0x0000000747e00000|100%| O|  |TAMS 0x0000000747c00000, 0x0000000747c00000| Untracked 
|  63|0x0000000747e00000, 0x0000000748000000, 0x0000000748000000|100%| O|  |TAMS 0x0000000747e00000, 0x0000000747e00000| Untracked 
|  64|0x0000000748000000, 0x0000000748200000, 0x0000000748200000|100%| O|  |TAMS 0x0000000748000000, 0x0000000748000000| Untracked 
|  65|0x0000000748200000, 0x0000000748400000, 0x0000000748400000|100%| O|  |TAMS 0x0000000748200000, 0x0000000748200000| Untracked 
|  66|0x0000000748400000, 0x0000000748600000, 0x0000000748600000|100%| O|  |TAMS 0x0000000748400000, 0x0000000748400000| Untracked 
|  67|0x0000000748600000, 0x0000000748800000, 0x0000000748800000|100%| O|  |TAMS 0x0000000748600000, 0x0000000748600000| Untracked 
|  68|0x0000000748800000, 0x0000000748a00000, 0x0000000748a00000|100%| O|  |TAMS 0x0000000748800000, 0x0000000748800000| Untracked 
|  69|0x0000000748a00000, 0x0000000748c00000, 0x0000000748c00000|100%|HS|  |TAMS 0x0000000748a00000, 0x0000000748c00000| Complete 
|  70|0x0000000748c00000, 0x0000000748e00000, 0x0000000748e00000|100%|HC|  |TAMS 0x0000000748c00000, 0x0000000748e00000| Complete 
|  71|0x0000000748e00000, 0x0000000749000000, 0x0000000749000000|100%|HC|  |TAMS 0x0000000748e00000, 0x0000000749000000| Complete 
|  72|0x0000000749000000, 0x0000000749200000, 0x0000000749200000|100%| O|  |TAMS 0x0000000749000000, 0x0000000749200000| Untracked 
|  73|0x0000000749200000, 0x0000000749400000, 0x0000000749400000|100%| O|  |TAMS 0x0000000749200000, 0x0000000749400000| Untracked 
|  74|0x0000000749400000, 0x0000000749600000, 0x0000000749600000|100%| O|  |TAMS 0x0000000749400000, 0x0000000749600000| Untracked 
|  75|0x0000000749600000, 0x0000000749800000, 0x0000000749800000|100%| O|  |TAMS 0x0000000749600000, 0x0000000749800000| Untracked 
|  76|0x0000000749800000, 0x0000000749a00000, 0x0000000749a00000|100%| O|  |TAMS 0x0000000749800000, 0x0000000749a00000| Untracked 
|  77|0x0000000749a00000, 0x0000000749c00000, 0x0000000749c00000|100%| O|  |TAMS 0x0000000749a00000, 0x0000000749c00000| Untracked 
|  78|0x0000000749c00000, 0x0000000749e00000, 0x0000000749e00000|100%| O|  |TAMS 0x0000000749c00000, 0x0000000749e00000| Untracked 
|  79|0x0000000749e00000, 0x000000074a000000, 0x000000074a000000|100%| O|  |TAMS 0x0000000749e00000, 0x000000074a000000| Untracked 
|  80|0x000000074a000000, 0x000000074a200000, 0x000000074a200000|100%| O|  |TAMS 0x000000074a000000, 0x000000074a200000| Untracked 
|  81|0x000000074a200000, 0x000000074a400000, 0x000000074a400000|100%| O|  |TAMS 0x000000074a200000, 0x000000074a200000| Untracked 
|  82|0x000000074a400000, 0x000000074a600000, 0x000000074a600000|100%| O|  |TAMS 0x000000074a400000, 0x000000074a400000| Untracked 
|  83|0x000000074a600000, 0x000000074a800000, 0x000000074a800000|100%| O|  |TAMS 0x000000074a600000, 0x000000074a600000| Untracked 
|  84|0x000000074a800000, 0x000000074aa00000, 0x000000074aa00000|100%| O|  |TAMS 0x000000074a800000, 0x000000074a800000| Untracked 
|  85|0x000000074aa00000, 0x000000074ac00000, 0x000000074ac00000|100%| O|  |TAMS 0x000000074aa00000, 0x000000074aa00000| Untracked 
|  86|0x000000074ac00000, 0x000000074ae00000, 0x000000074ae00000|100%| O|  |TAMS 0x000000074ac00000, 0x000000074ac00000| Untracked 
|  87|0x000000074ae00000, 0x000000074b000000, 0x000000074b000000|100%| O|  |TAMS 0x000000074ae00000, 0x000000074ae00000| Untracked 
|  88|0x000000074b000000, 0x000000074b200000, 0x000000074b200000|100%| O|  |TAMS 0x000000074b000000, 0x000000074b000000| Untracked 
|  89|0x000000074b200000, 0x000000074b400000, 0x000000074b400000|100%| O|  |TAMS 0x000000074b200000, 0x000000074b200000| Untracked 
|  90|0x000000074b400000, 0x000000074b600000, 0x000000074b600000|100%| O|  |TAMS 0x000000074b400000, 0x000000074b400000| Untracked 
|  91|0x000000074b600000, 0x000000074b800000, 0x000000074b800000|100%| O|  |TAMS 0x000000074b600000, 0x000000074b600000| Untracked 
|  92|0x000000074b800000, 0x000000074ba00000, 0x000000074ba00000|100%| O|  |TAMS 0x000000074b800000, 0x000000074b800000| Untracked 
|  93|0x000000074ba00000, 0x000000074bc00000, 0x000000074bc00000|100%| O|  |TAMS 0x000000074ba00000, 0x000000074ba00000| Untracked 
|  94|0x000000074bc00000, 0x000000074be00000, 0x000000074be00000|100%| O|  |TAMS 0x000000074bc00000, 0x000000074bc00000| Untracked 
|  95|0x000000074be00000, 0x000000074c000000, 0x000000074c000000|100%| O|  |TAMS 0x000000074be00000, 0x000000074be00000| Untracked 
|  96|0x000000074c000000, 0x000000074c200000, 0x000000074c200000|100%| O|  |TAMS 0x000000074c000000, 0x000000074c000000| Untracked 
|  97|0x000000074c200000, 0x000000074c400000, 0x000000074c400000|100%| O|  |TAMS 0x000000074c200000, 0x000000074c200000| Untracked 
|  98|0x000000074c400000, 0x000000074c600000, 0x000000074c600000|100%| O|  |TAMS 0x000000074c400000, 0x000000074c400000| Untracked 
|  99|0x000000074c600000, 0x000000074c800000, 0x000000074c800000|100%| O|  |TAMS 0x000000074c600000, 0x000000074c600000| Untracked 
| 100|0x000000074c800000, 0x000000074ca00000, 0x000000074ca00000|100%| O|  |TAMS 0x000000074c800000, 0x000000074c800000| Untracked 
| 101|0x000000074ca00000, 0x000000074cc00000, 0x000000074cc00000|100%| O|  |TAMS 0x000000074ca00000, 0x000000074ca00000| Untracked 
| 102|0x000000074cc00000, 0x000000074ce00000, 0x000000074ce00000|100%| O|  |TAMS 0x000000074cc00000, 0x000000074cc00000| Untracked 
| 103|0x000000074ce00000, 0x000000074d000000, 0x000000074d000000|100%| O|  |TAMS 0x000000074ce00000, 0x000000074ce00000| Untracked 
| 104|0x000000074d000000, 0x000000074d200000, 0x000000074d200000|100%| O|  |TAMS 0x000000074d000000, 0x000000074d000000| Untracked 
| 105|0x000000074d200000, 0x000000074d400000, 0x000000074d400000|100%| O|  |TAMS 0x000000074d200000, 0x000000074d200000| Untracked 
| 106|0x000000074d400000, 0x000000074d600000, 0x000000074d600000|100%| O|  |TAMS 0x000000074d400000, 0x000000074d400000| Untracked 
| 107|0x000000074d600000, 0x000000074d800000, 0x000000074d800000|100%| O|  |TAMS 0x000000074d600000, 0x000000074d600000| Untracked 
| 108|0x000000074d800000, 0x000000074da00000, 0x000000074da00000|100%| O|  |TAMS 0x000000074d800000, 0x000000074d800000| Untracked 
| 109|0x000000074da00000, 0x000000074da00000, 0x000000074dc00000|  0%| F|  |TAMS 0x000000074da00000, 0x000000074da00000| Untracked 
| 110|0x000000074dc00000, 0x000000074dc00000, 0x000000074de00000|  0%| F|  |TAMS 0x000000074dc00000, 0x000000074dc00000| Untracked 
| 111|0x000000074de00000, 0x000000074de00000, 0x000000074e000000|  0%| F|  |TAMS 0x000000074de00000, 0x000000074de00000| Untracked 
| 112|0x000000074e000000, 0x000000074e000000, 0x000000074e200000|  0%| F|  |TAMS 0x000000074e000000, 0x000000074e000000| Untracked 
| 113|0x000000074e200000, 0x000000074e200000, 0x000000074e400000|  0%| F|  |TAMS 0x000000074e200000, 0x000000074e200000| Untracked 
| 114|0x000000074e400000, 0x000000074e400000, 0x000000074e600000|  0%| F|  |TAMS 0x000000074e400000, 0x000000074e400000| Untracked 
| 115|0x000000074e600000, 0x000000074e600000, 0x000000074e800000|  0%| F|  |TAMS 0x000000074e600000, 0x000000074e600000| Untracked 
| 116|0x000000074e800000, 0x000000074e800000, 0x000000074ea00000|  0%| F|  |TAMS 0x000000074e800000, 0x000000074e800000| Untracked 
| 117|0x000000074ea00000, 0x000000074ea00000, 0x000000074ec00000|  0%| F|  |TAMS 0x000000074ea00000, 0x000000074ea00000| Untracked 
| 118|0x000000074ec00000, 0x000000074ec00000, 0x000000074ee00000|  0%| F|  |TAMS 0x000000074ec00000, 0x000000074ec00000| Untracked 
| 119|0x000000074ee00000, 0x000000074ee00000, 0x000000074f000000|  0%| F|  |TAMS 0x000000074ee00000, 0x000000074ee00000| Untracked 
| 120|0x000000074f000000, 0x000000074f000000, 0x000000074f200000|  0%| F|  |TAMS 0x000000074f000000, 0x000000074f000000| Untracked 
| 121|0x000000074f200000, 0x000000074f200000, 0x000000074f400000|  0%| F|  |TAMS 0x000000074f200000, 0x000000074f200000| Untracked 
| 122|0x000000074f400000, 0x000000074f400000, 0x000000074f600000|  0%| F|  |TAMS 0x000000074f400000, 0x000000074f400000| Untracked 
| 123|0x000000074f600000, 0x000000074f600000, 0x000000074f800000|  0%| F|  |TAMS 0x000000074f600000, 0x000000074f600000| Untracked 
| 124|0x000000074f800000, 0x000000074f800000, 0x000000074fa00000|  0%| F|  |TAMS 0x000000074f800000, 0x000000074f800000| Untracked 
| 125|0x000000074fa00000, 0x000000074fa00000, 0x000000074fc00000|  0%| F|  |TAMS 0x000000074fa00000, 0x000000074fa00000| Untracked 
| 126|0x000000074fc00000, 0x000000074fc00000, 0x000000074fe00000|  0%| F|  |TAMS 0x000000074fc00000, 0x000000074fc00000| Untracked 
| 127|0x000000074fe00000, 0x000000074fe00000, 0x0000000750000000|  0%| F|  |TAMS 0x000000074fe00000, 0x000000074fe00000| Untracked 
| 128|0x0000000750000000, 0x0000000750000000, 0x0000000750200000|  0%| F|  |TAMS 0x0000000750000000, 0x0000000750000000| Untracked 
| 129|0x0000000750200000, 0x0000000750200000, 0x0000000750400000|  0%| F|  |TAMS 0x0000000750200000, 0x0000000750200000| Untracked 
| 130|0x0000000750400000, 0x0000000750600000, 0x0000000750600000|100%| S|CS|TAMS 0x0000000750400000, 0x0000000750400000| Complete 
| 131|0x0000000750600000, 0x0000000750600000, 0x0000000750800000|  0%| F|  |TAMS 0x0000000750600000, 0x0000000750600000| Untracked 
| 132|0x0000000750800000, 0x0000000750800000, 0x0000000750a00000|  0%| F|  |TAMS 0x0000000750800000, 0x0000000750800000| Untracked 
| 133|0x0000000750a00000, 0x0000000750a00000, 0x0000000750c00000|  0%| F|  |TAMS 0x0000000750a00000, 0x0000000750a00000| Untracked 
| 134|0x0000000750c00000, 0x0000000750c00000, 0x0000000750e00000|  0%| F|  |TAMS 0x0000000750c00000, 0x0000000750c00000| Untracked 
| 135|0x0000000750e00000, 0x0000000750e00000, 0x0000000751000000|  0%| F|  |TAMS 0x0000000750e00000, 0x0000000750e00000| Untracked 
|1531|0x00000007ff600000, 0x00000007ff800000, 0x00000007ff800000|100%| O|  |TAMS 0x00000007ff600000, 0x00000007ff676a00| Untracked 
|1532|0x00000007ff800000, 0x00000007ffa00000, 0x00000007ffa00000|100%| O|  |TAMS 0x00000007ff800000, 0x00000007ffa00000| Untracked 
|1533|0x00000007ffa00000, 0x00000007ffc00000, 0x00000007ffc00000|100%| O|  |TAMS 0x00000007ffa00000, 0x00000007ffc00000| Untracked 
|1534|0x00000007ffc00000, 0x00000007ffe00000, 0x00000007ffe00000|100%| O|  |TAMS 0x00000007ffc00000, 0x00000007ffe00000| Untracked 
|1535|0x00000007ffe00000, 0x0000000800000000, 0x0000000800000000|100%| O|  |TAMS 0x00000007ffe00000, 0x0000000800000000| Untracked 

Card table byte_map: [0x00000130f7d20000,0x00000130f8320000] _byte_map_base: 0x00000130f4320000

Marking Bits (Prev, Next): (CMBitMap*) 0x00000130efc4f470, (CMBitMap*) 0x00000130efc4f430
 Prev Bits: [0x00000130fb920000, 0x00000130fe920000)
 Next Bits: [0x00000130f8920000, 0x00000130fb920000)

Polling page: 0x00000130ef3a0000

Metaspace:

Usage:
  Non-class:     63.38 MB used.
      Class:     10.30 MB used.
       Both:     73.68 MB used.

Virtual space:
  Non-class space:      128.00 MB reserved,      63.81 MB ( 50%) committed,  2 nodes.
      Class space:        1.00 GB reserved,      10.62 MB (  1%) committed,  1 nodes.
             Both:        1.12 GB reserved,      74.44 MB (  6%) committed. 

Chunk freelists:
   Non-Class:  15.98 MB
       Class:  5.38 MB
        Both:  21.36 MB

MaxMetaspaceSize: unlimited
CompressedClassSpaceSize: 1.00 GB
Initial GC threshold: 21.00 MB
Current GC threshold: 123.69 MB
CDS: on
MetaspaceReclaimPolicy: balanced
 - commit_granule_bytes: 65536.
 - commit_granule_words: 8192.
 - virtual_space_node_default_size: 8388608.
 - enlarge_chunks_in_place: 1.
 - new_chunks_are_fully_committed: 0.
 - uncommit_free_chunks: 1.
 - use_allocation_guard: 0.
 - handle_deallocations: 1.


Internal statistics:

num_allocs_failed_limit: 3.
num_arena_births: 884.
num_arena_deaths: 0.
num_vsnodes_births: 3.
num_vsnodes_deaths: 0.
num_space_committed: 1191.
num_space_uncommitted: 0.
num_chunks_returned_to_freelist: 3.
num_chunks_taken_from_freelist: 3910.
num_chunk_merges: 3.
num_chunk_splits: 2477.
num_chunks_enlarged: 1538.
num_inconsistent_stats: 0.

CodeHeap 'non-profiled nmethods': size=120000Kb used=4811Kb max_used=5368Kb free=115188Kb
 bounds [0x0000013087ad0000, 0x0000013088010000, 0x000001308f000000]
CodeHeap 'profiled nmethods': size=120000Kb used=15429Kb max_used=17283Kb free=104570Kb
 bounds [0x0000013080000000, 0x00000130810f0000, 0x0000013087530000]
CodeHeap 'non-nmethods': size=5760Kb used=2404Kb max_used=2473Kb free=3355Kb
 bounds [0x0000013087530000, 0x00000130877a0000, 0x0000013087ad0000]
 total_blobs=8971 nmethods=8055 adapters=826
 compilation: enabled
              stopped_count=0, restarted_count=0
 full_count=0

Compilation events (20 events):
Event: 17.447 Thread 0x00000130fee03180 nmethod 9564 0x0000013087d60210 code [0x0000013087d603a0, 0x0000013087d60558]
Event: 17.447 Thread 0x00000130fee03180 9574       4       java.util.stream.ReferencePipeline$Head::forEach (26 bytes)
Event: 17.448 Thread 0x00000130fee03180 nmethod 9574 0x0000013087e0d090 code [0x0000013087e0d220, 0x0000013087e0d3b8]
Event: 17.449 Thread 0x00000130fee03180 9573       4       net.minecraftforge.srgutils.MappingFile$$Lambda$1916/0x0000013092a98800::accept (20 bytes)
Event: 17.469 Thread 0x00000130fee03180 nmethod 9573 0x0000013087cee910 code [0x0000013087ceeb20, 0x0000013087cefa70]
Event: 17.469 Thread 0x00000130fee03180 9575       4       net.minecraftforge.srgutils.MappingFile::lambda$null$2 (24 bytes)
Event: 17.501 Thread 0x00000130ff4f7060 nmethod 9524% 0x0000013087fa4390 code [0x0000013087fa4880, 0x0000013087faa010]
Event: 17.502 Thread 0x00000130ff4f7060 9576       4       net.minecraftforge.srgutils.MappingFile$Cls$Method::access$400 (10 bytes)
Event: 17.510 Thread 0x00000130fee03180 nmethod 9575 0x0000013087c76490 code [0x0000013087c766a0, 0x0000013087c775b0]
Event: 17.510 Thread 0x00000130fee03180 9579       4       java.util.HashMap$ValueSpliterator::characteristics (28 bytes)
Event: 17.511 Thread 0x00000130fee03180 nmethod 9579 0x0000013087d98890 code [0x0000013087d98a00, 0x0000013087d98a98]
Event: 17.511 Thread 0x00000130fee03180 9580       4       java.util.HashMap$Values::spliterator (16 bytes)
Event: 17.511 Thread 0x00000130fee03180 nmethod 9580 0x0000013087e36610 code [0x0000013087e367a0, 0x0000013087e36898]
Event: 17.511 Thread 0x00000130fee03180 9581       4       java.util.HashMap$ValueSpliterator::<init> (12 bytes)
Event: 17.513 Thread 0x00000130fee03180 nmethod 9581 0x0000013087c2ec90 code [0x0000013087c2ee00, 0x0000013087c2ef58]
Event: 17.513 Thread 0x00000130fee03180 9577       4       net.minecraftforge.srgutils.MappingFile$Cls$Method::addParameter (28 bytes)
Event: 17.520 Thread 0x00000130ff4f7060 nmethod 9576 0x0000013087bcbd10 code [0x0000013087bcbf20, 0x0000013087bccd10]
Event: 17.520 Thread 0x00000130ff4f7060 9582       4       net.minecraftforge.srgutils.MappingFile::lambda$null$3 (44 bytes)
Event: 17.530 Thread 0x00000130fee03180 nmethod 9577 0x0000013087bb3c90 code [0x0000013087bb3ea0, 0x0000013087bb4cf0]
Event: 17.530 Thread 0x00000130fee03180 9583       4       net.minecraftforge.srgutils.MappingFile$$Lambda$1915/0x0000013092a99a08::accept (20 bytes)

GC Heap History (20 events):
Event: 14.184 GC heap after
{Heap after GC invocations=37 (full 0):
 garbage-first heap   total 198656K, used 92066K [0x0000000740000000, 0x0000000800000000)
  region size 2048K, 3 young (6144K), 3 survivors (6144K)
 Metaspace       used 66433K, committed 67072K, reserved 1114112K
  class space    used 9216K, committed 9536K, reserved 1048576K
}
Event: 14.425 GC heap before
{Heap before GC invocations=38 (full 0):
 garbage-first heap   total 202752K, used 139170K [0x0000000740000000, 0x0000000800000000)
  region size 2048K, 4 young (8192K), 3 survivors (6144K)
 Metaspace       used 66436K, committed 67072K, reserved 1114112K
  class space    used 9216K, committed 9536K, reserved 1048576K
}
Event: 14.431 GC heap after
{Heap after GC invocations=39 (full 0):
 garbage-first heap   total 202752K, used 91987K [0x0000000740000000, 0x0000000800000000)
  region size 2048K, 3 young (6144K), 3 survivors (6144K)
 Metaspace       used 66436K, committed 67072K, reserved 1114112K
  class space    used 9216K, committed 9536K, reserved 1048576K
}
Event: 15.167 GC heap before
{Heap before GC invocations=39 (full 0):
 garbage-first heap   total 202752K, used 108371K [0x0000000740000000, 0x0000000800000000)
  region size 2048K, 9 young (18432K), 3 survivors (6144K)
 Metaspace       used 67401K, committed 68096K, reserved 1114112K
  class space    used 9360K, committed 9664K, reserved 1048576K
}
Event: 15.172 GC heap after
{Heap after GC invocations=40 (full 0):
 garbage-first heap   total 202752K, used 92579K [0x0000000740000000, 0x0000000800000000)
  region size 2048K, 3 young (6144K), 3 survivors (6144K)
 Metaspace       used 67401K, committed 68096K, reserved 1114112K
  class space    used 9360K, committed 9664K, reserved 1048576K
}
Event: 15.280 GC heap before
{Heap before GC invocations=40 (full 0):
 garbage-first heap   total 202752K, used 98723K [0x0000000740000000, 0x0000000800000000)
  region size 2048K, 6 young (12288K), 3 survivors (6144K)
 Metaspace       used 68060K, committed 68736K, reserved 1114112K
  class space    used 9434K, committed 9728K, reserved 1048576K
}
Event: 15.284 GC heap after
{Heap after GC invocations=41 (full 0):
 garbage-first heap   total 202752K, used 95108K [0x0000000740000000, 0x0000000800000000)
  region size 2048K, 3 young (6144K), 3 survivors (6144K)
 Metaspace       used 68060K, committed 68736K, reserved 1114112K
  class space    used 9434K, committed 9728K, reserved 1048576K
}
Event: 16.523 GC heap before
{Heap before GC invocations=42 (full 0):
 garbage-first heap   total 202752K, used 174980K [0x0000000740000000, 0x0000000800000000)
  region size 2048K, 36 young (73728K), 3 survivors (6144K)
 Metaspace       used 73684K, committed 74496K, reserved 1114112K
  class space    used 10319K, committed 10688K, reserved 1048576K
}
Event: 16.532 GC heap after
{Heap after GC invocations=43 (full 0):
 garbage-first heap   total 202752K, used 112818K [0x0000000740000000, 0x0000000800000000)
  region size 2048K, 5 young (10240K), 5 survivors (10240K)
 Metaspace       used 73684K, committed 74496K, reserved 1114112K
  class space    used 10319K, committed 10688K, reserved 1048576K
}
Event: 16.769 GC heap before
{Heap before GC invocations=43 (full 0):
 garbage-first heap   total 202752K, used 129202K [0x0000000740000000, 0x0000000800000000)
  region size 2048K, 14 young (28672K), 5 survivors (10240K)
 Metaspace       used 75103K, committed 75840K, reserved 1114112K
  class space    used 10524K, committed 10880K, reserved 1048576K
}
Event: 16.777 GC heap after
{Heap after GC invocations=44 (full 0):
 garbage-first heap   total 202752K, used 114645K [0x0000000740000000, 0x0000000800000000)
  region size 2048K, 1 young (2048K), 1 survivors (2048K)
 Metaspace       used 75103K, committed 75840K, reserved 1114112K
  class space    used 10524K, committed 10880K, reserved 1048576K
}
Event: 17.108 GC heap before
{Heap before GC invocations=45 (full 0):
 garbage-first heap   total 229376K, used 198613K [0x0000000740000000, 0x0000000800000000)
  region size 2048K, 27 young (55296K), 1 survivors (2048K)
 Metaspace       used 75324K, committed 76096K, reserved 1114112K
  class space    used 10535K, committed 10880K, reserved 1048576K
}
Event: 17.138 GC heap after
{Heap after GC invocations=46 (full 0):
 garbage-first heap   total 288768K, used 155587K [0x0000000740000000, 0x0000000800000000)
  region size 2048K, 4 young (8192K), 4 survivors (8192K)
 Metaspace       used 75324K, committed 76096K, reserved 1114112K
  class space    used 10535K, committed 10880K, reserved 1048576K
}
Event: 17.284 GC heap before
{Heap before GC invocations=46 (full 0):
 garbage-first heap   total 288768K, used 210883K [0x0000000740000000, 0x0000000800000000)
  region size 2048K, 31 young (63488K), 4 survivors (8192K)
 Metaspace       used 75330K, committed 76096K, reserved 1114112K
  class space    used 10535K, committed 10880K, reserved 1048576K
}
Event: 17.316 GC heap after
{Heap after GC invocations=47 (full 0):
 garbage-first heap   total 288768K, used 191976K [0x0000000740000000, 0x0000000800000000)
  region size 2048K, 4 young (8192K), 4 survivors (8192K)
 Metaspace       used 75330K, committed 76096K, reserved 1114112K
  class space    used 10535K, committed 10880K, reserved 1048576K
}
Event: 17.376 GC heap before
{Heap before GC invocations=47 (full 0):
 garbage-first heap   total 288768K, used 220648K [0x0000000740000000, 0x0000000800000000)
  region size 2048K, 18 young (36864K), 4 survivors (8192K)
 Metaspace       used 75330K, committed 76096K, reserved 1114112K
  class space    used 10535K, committed 10880K, reserved 1048576K
}
Event: 17.401 GC heap after
{Heap after GC invocations=48 (full 0):
 garbage-first heap   total 288768K, used 212456K [0x0000000740000000, 0x0000000800000000)
  region size 2048K, 3 young (6144K), 3 survivors (6144K)
 Metaspace       used 75330K, committed 76096K, reserved 1114112K
  class space    used 10535K, committed 10880K, reserved 1048576K
}
Event: 17.477 GC heap before
{Heap before GC invocations=48 (full 0):
 garbage-first heap   total 288768K, used 230888K [0x0000000740000000, 0x0000000800000000)
  region size 2048K, 12 young (24576K), 3 survivors (6144K)
 Metaspace       used 75442K, committed 76224K, reserved 1179648K
  class space    used 10546K, committed 10880K, reserved 1048576K
}
Event: 17.494 GC heap after
{Heap after GC invocations=49 (full 0):
 garbage-first heap   total 288768K, used 226792K [0x0000000740000000, 0x0000000800000000)
  region size 2048K, 2 young (4096K), 2 survivors (4096K)
 Metaspace       used 75442K, committed 76224K, reserved 1179648K
  class space    used 10546K, committed 10880K, reserved 1048576K
}
Event: 17.539 GC heap before
{Heap before GC invocations=49 (full 0):
 garbage-first heap   total 288768K, used 237032K [0x0000000740000000, 0x0000000800000000)
  region size 2048K, 7 young (14336K), 2 survivors (4096K)
 Metaspace       used 75445K, committed 76224K, reserved 1179648K
  class space    used 10547K, committed 10880K, reserved 1048576K
}

Dll operation events (15 events):
Event: 0.052 Loaded shared library C:\Program Files\Eclipse Adoptium\jdk-17.0.13.11-hotspot\bin\java.dll
Event: 0.075 Loaded shared library C:\Program Files\Eclipse Adoptium\jdk-17.0.13.11-hotspot\bin\jsvml.dll
Event: 0.130 Loaded shared library C:\Program Files\Eclipse Adoptium\jdk-17.0.13.11-hotspot\bin\zip.dll
Event: 0.133 Loaded shared library C:\Program Files\Eclipse Adoptium\jdk-17.0.13.11-hotspot\bin\instrument.dll
Event: 0.136 Loaded shared library C:\Program Files\Eclipse Adoptium\jdk-17.0.13.11-hotspot\bin\net.dll
Event: 0.137 Loaded shared library C:\Program Files\Eclipse Adoptium\jdk-17.0.13.11-hotspot\bin\nio.dll
Event: 0.141 Loaded shared library C:\Program Files\Eclipse Adoptium\jdk-17.0.13.11-hotspot\bin\zip.dll
Event: 0.441 Loaded shared library C:\Program Files\Eclipse Adoptium\jdk-17.0.13.11-hotspot\bin\jimage.dll
Event: 0.541 Loaded shared library C:\Program Files\Eclipse Adoptium\jdk-17.0.13.11-hotspot\bin\verify.dll
Event: 0.740 Loaded shared library C:\Users\aplut\.gradle\native\c067742578af261105cb4f569cf0c3c89f3d7b1fecec35dd04571415982c5e48\windows-amd64\native-platform.dll
Event: 0.750 Loaded shared library C:\Users\aplut\.gradle\native\100fb08df4bc3b14c8652ba06237920a3bd2aa13389f12d3474272988ae205f9\windows-amd64\native-platform-file-events.dll
Event: 2.070 Loaded shared library C:\Program Files\Eclipse Adoptium\jdk-17.0.13.11-hotspot\bin\management.dll
Event: 2.074 Loaded shared library C:\Program Files\Eclipse Adoptium\jdk-17.0.13.11-hotspot\bin\management_ext.dll
Event: 2.311 Loaded shared library C:\Program Files\Eclipse Adoptium\jdk-17.0.13.11-hotspot\bin\extnet.dll
Event: 2.656 Loaded shared library C:\Program Files\Eclipse Adoptium\jdk-17.0.13.11-hotspot\bin\sunmscapi.dll

Deoptimization events (20 events):
Event: 16.950 Thread 0x00000130d7437920 DEOPT PACKING pc=0x0000013087b1bc50 sp=0x00000019dfff56c0
Event: 16.950 Thread 0x00000130d7437920 DEOPT UNPACKING pc=0x000001308758a1a3 sp=0x00000019dfff5688 mode 2
Event: 16.950 Thread 0x00000130d7437920 Uncommon trap: trap_request=0xffffffbe fr.pc=0x0000013087b1bc50 relative=0x0000000000000290
Event: 16.950 Thread 0x00000130d7437920 Uncommon trap: reason=profile_predicate action=maybe_recompile pc=0x0000013087b1bc50 method=java.util.Iterator.forEachRemaining(Ljava/util/function/Consumer;)V @ 5 c2
Event: 16.950 Thread 0x00000130d7437920 DEOPT PACKING pc=0x0000013087b1bc50 sp=0x00000019dfff56c0
Event: 16.950 Thread 0x00000130d7437920 DEOPT UNPACKING pc=0x000001308758a1a3 sp=0x00000019dfff5688 mode 2
Event: 16.951 Thread 0x00000130d7437920 Uncommon trap: trap_request=0xffffffbe fr.pc=0x0000013087b1bc50 relative=0x0000000000000290
Event: 16.951 Thread 0x00000130d7437920 Uncommon trap: reason=profile_predicate action=maybe_recompile pc=0x0000013087b1bc50 method=java.util.Iterator.forEachRemaining(Ljava/util/function/Consumer;)V @ 5 c2
Event: 16.951 Thread 0x00000130d7437920 DEOPT PACKING pc=0x0000013087b1bc50 sp=0x00000019dfff56c0
Event: 16.951 Thread 0x00000130d7437920 DEOPT UNPACKING pc=0x000001308758a1a3 sp=0x00000019dfff5688 mode 2
Event: 16.951 Thread 0x00000130d7437920 Uncommon trap: trap_request=0xffffffbe fr.pc=0x0000013087b1bc50 relative=0x0000000000000290
Event: 16.951 Thread 0x00000130d7437920 Uncommon trap: reason=profile_predicate action=maybe_recompile pc=0x0000013087b1bc50 method=java.util.Iterator.forEachRemaining(Ljava/util/function/Consumer;)V @ 5 c2
Event: 16.951 Thread 0x00000130d7437920 DEOPT PACKING pc=0x0000013087b1bc50 sp=0x00000019dfff56c0
Event: 16.951 Thread 0x00000130d7437920 DEOPT UNPACKING pc=0x000001308758a1a3 sp=0x00000019dfff5688 mode 2
Event: 16.996 Thread 0x00000130d7437920 Uncommon trap: trap_request=0xffffff45 fr.pc=0x0000013087d1f284 relative=0x0000000000000164
Event: 16.996 Thread 0x00000130d7437920 Uncommon trap: reason=unstable_if action=reinterpret pc=0x0000013087d1f284 method=java.io.BufferedReader$1.hasNext()Z @ 24 c2
Event: 16.996 Thread 0x00000130d7437920 DEOPT PACKING pc=0x0000013087d1f284 sp=0x00000019dfff5670
Event: 16.996 Thread 0x00000130d7437920 DEOPT UNPACKING pc=0x000001308758a1a3 sp=0x00000019dfff5620 mode 2
Event: 17.018 Thread 0x00000130d7437920 DEOPT PACKING pc=0x0000013080150568 sp=0x00000019dfff56b0
Event: 17.018 Thread 0x00000130d7437920 DEOPT UNPACKING pc=0x000001308758ace3 sp=0x00000019dfff4b50 mode 0

Classes loaded (20 events):
Event: 16.201 Loading class java/util/stream/ReferencePipeline$15
Event: 16.201 Loading class java/util/stream/ReferencePipeline$15 done
Event: 16.204 Loading class java/util/stream/ReferencePipeline$15$1
Event: 16.204 Loading class java/util/stream/ReferencePipeline$15$1 done
Event: 16.245 Loading class java/lang/ProcessImpl
Event: 16.246 Loading class java/lang/ProcessImpl done
Event: 16.257 Loading class java/lang/ProcessHandleImpl
Event: 16.257 Loading class java/lang/ProcessHandleImpl done
Event: 16.258 Loading class java/lang/ProcessImpl$2
Event: 16.268 Loading class java/lang/ProcessImpl$2 done
Event: 16.268 Loading class java/lang/Process$PipeInputStream
Event: 16.268 Loading class java/lang/Process$PipeInputStream done
Event: 16.270 Loading class jdk/internal/event/ProcessStartEvent
Event: 16.270 Loading class jdk/internal/event/ProcessStartEvent done
Event: 16.424 Loading class java/lang/StackTraceElement$HashedModules
Event: 16.424 Loading class java/lang/StackTraceElement$HashedModules done
Event: 16.705 Loading class jdk/internal/reflect/UnsafeQualifiedBooleanFieldAccessorImpl
Event: 16.705 Loading class jdk/internal/reflect/UnsafeQualifiedBooleanFieldAccessorImpl done
Event: 16.911 Loading class java/io/BufferedReader$1
Event: 16.911 Loading class java/io/BufferedReader$1 done

Classes unloaded (0 events):
No events

Classes redefined (0 events):
No events

Internal exceptions (20 events):
Event: 16.503 Thread 0x00000130d7844c50 Exception <a 'java/lang/NoSuchMethodError'{0x0000000747e75770}: 'void java.lang.invoke.DirectMethodHandle$Holder.invokeStaticInit(java.lang.Object, int)'> (0x0000000747e75770) 
thrown [s\src\hotspot\share\interpreter\linkResolver.cpp, line 759]
Event: 16.601 Thread 0x00000130d7437920 Exception <a 'java/lang/ClassNotFoundException'{0x000000074c34a8e0}: org/gradle/api/internal/file/copy/SingleParentCopySpecBeanInfo> (0x000000074c34a8e0) 
thrown [s\src\hotspot\share\classfile\systemDictionary.cpp, line 256]
Event: 16.601 Thread 0x00000130d7437920 Exception <a 'java/lang/ClassNotFoundException'{0x000000074c354770}: org/gradle/api/internal/file/copy/DefaultCopySpecBeanInfo> (0x000000074c354770) 
thrown [s\src\hotspot\share\classfile\systemDictionary.cpp, line 256]
Event: 16.601 Thread 0x00000130d7437920 Exception <a 'java/lang/ClassNotFoundException'{0x000000074c35e5e8}: org/gradle/api/internal/file/copy/DefaultCopySpecCustomizer> (0x000000074c35e5e8) 
thrown [s\src\hotspot\share\classfile\systemDictionary.cpp, line 256]
Event: 16.602 Thread 0x00000130d7437920 Exception <a 'java/lang/ClassNotFoundException'{0x000000074c3c2e20}: org/gradle/api/internal/file/copy/SingleParentCopySpecCustomizer> (0x000000074c3c2e20) 
thrown [s\src\hotspot\share\classfile\systemDictionary.cpp, line 256]
Event: 16.603 Thread 0x00000130d7437920 Exception <a 'java/lang/ClassNotFoundException'{0x000000074c3fb0c0}: org/gradle/api/internal/file/copy/CopySpecInternalBeanInfo> (0x000000074c3fb0c0) 
thrown [s\src\hotspot\share\classfile\systemDictionary.cpp, line 256]
Event: 16.604 Thread 0x00000130d7437920 Exception <a 'java/lang/ClassNotFoundException'{0x000000074c005270}: org/gradle/api/internal/file/copy/CopySpecInternalCustomizer> (0x000000074c005270) 
thrown [s\src\hotspot\share\classfile\systemDictionary.cpp, line 256]
Event: 16.604 Thread 0x00000130d7437920 Exception <a 'java/lang/ClassNotFoundException'{0x000000074c024570}: org/gradle/api/file/SyncSpecBeanInfo> (0x000000074c024570) 
thrown [s\src\hotspot\share\classfile\systemDictionary.cpp, line 256]
Event: 16.604 Thread 0x00000130d7437920 Exception <a 'java/lang/ClassNotFoundException'{0x000000074c02dd60}: org/gradle/api/file/SyncSpecCustomizer> (0x000000074c02dd60) 
thrown [s\src\hotspot\share\classfile\systemDictionary.cpp, line 256]
Event: 16.605 Thread 0x00000130d7437920 Exception <a 'java/lang/ClassNotFoundException'{0x000000074c043fe0}: org/gradle/api/file/CopySpecBeanInfo> (0x000000074c043fe0) 
thrown [s\src\hotspot\share\classfile\systemDictionary.cpp, line 256]
Event: 16.605 Thread 0x00000130d7437920 Exception <a 'java/lang/ClassNotFoundException'{0x000000074c04d7d0}: org/gradle/api/file/CopySpecCustomizer> (0x000000074c04d7d0) 
thrown [s\src\hotspot\share\classfile\systemDictionary.cpp, line 256]
Event: 16.606 Thread 0x00000130d7437920 Exception <a 'java/lang/ClassNotFoundException'{0x000000074c098b40}: org/gradle/api/file/CopySourceSpecBeanInfo> (0x000000074c098b40) 
thrown [s\src\hotspot\share\classfile\systemDictionary.cpp, line 256]
Event: 16.606 Thread 0x00000130d7437920 Exception <a 'java/lang/ClassNotFoundException'{0x000000074c0a2458}: org/gradle/api/file/CopySourceSpecCustomizer> (0x000000074c0a2458) 
thrown [s\src\hotspot\share\classfile\systemDictionary.cpp, line 256]
Event: 16.606 Thread 0x00000130d7437920 Exception <a 'java/lang/ClassNotFoundException'{0x000000074c0b6aa0}: org/gradle/api/file/CopyProcessingSpecBeanInfo> (0x000000074c0b6aa0) 
thrown [s\src\hotspot\share\classfile\systemDictionary.cpp, line 256]
Event: 16.607 Thread 0x00000130d7437920 Exception <a 'java/lang/ClassNotFoundException'{0x000000074c0c0490}: org/gradle/api/file/CopyProcessingSpecCustomizer> (0x000000074c0c0490) 
thrown [s\src\hotspot\share\classfile\systemDictionary.cpp, line 256]
Event: 16.607 Thread 0x00000130d7437920 Exception <a 'java/lang/ClassNotFoundException'{0x000000074c0df6d0}: org/gradle/api/file/ContentFilterableBeanInfo> (0x000000074c0df6d0) 
thrown [s\src\hotspot\share\classfile\systemDictionary.cpp, line 256]
Event: 16.608 Thread 0x00000130d7437920 Exception <a 'java/lang/ClassNotFoundException'{0x000000074c0e90c0}: org/gradle/api/file/ContentFilterableCustomizer> (0x000000074c0e90c0) 
thrown [s\src\hotspot\share\classfile\systemDictionary.cpp, line 256]
Event: 16.608 Thread 0x00000130d7437920 Exception <a 'java/lang/ClassNotFoundException'{0x000000074c102658}: org/gradle/api/tasks/util/PatternFilterableBeanInfo> (0x000000074c102658) 
thrown [s\src\hotspot\share\classfile\systemDictionary.cpp, line 256]
Event: 16.609 Thread 0x00000130d7437920 Exception <a 'java/lang/ClassNotFoundException'{0x000000074c10c228}: org/gradle/api/tasks/util/PatternFilterableCustomizer> (0x000000074c10c228) 
thrown [s\src\hotspot\share\classfile\systemDictionary.cpp, line 256]
Event: 17.430 Thread 0x00000130d7437920 Exception <a 'java/lang/NoSuchMethodError'{0x000000075060e0b0}: 'void java.lang.invoke.DirectMethodHandle$Holder.invokeStatic(java.lang.Object, java.lang.Object, int, int, java.lang.Object)'> (0x000000075060e0b0) 
thrown [s\src\hotspot\share\interpreter\linkResolver.cpp, line 759]

VM Operations (20 events):
Event: 16.733 Executing VM operation: HandshakeAllThreads done
Event: 16.768 Executing VM operation: G1TryInitiateConcMark
Event: 16.777 Executing VM operation: G1TryInitiateConcMark done
Event: 16.811 Executing VM operation: HandshakeAllThreads
Event: 16.811 Executing VM operation: HandshakeAllThreads done
Event: 16.866 Executing VM operation: HandshakeAllThreads
Event: 16.866 Executing VM operation: HandshakeAllThreads done
Event: 16.881 Executing VM operation: G1PauseRemark
Event: 16.885 Executing VM operation: G1PauseRemark done
Event: 16.939 Executing VM operation: G1PauseCleanup
Event: 16.940 Executing VM operation: G1PauseCleanup done
Event: 17.108 Executing VM operation: G1CollectForAllocation
Event: 17.138 Executing VM operation: G1CollectForAllocation done
Event: 17.284 Executing VM operation: G1CollectForAllocation
Event: 17.317 Executing VM operation: G1CollectForAllocation done
Event: 17.376 Executing VM operation: G1CollectForAllocation
Event: 17.401 Executing VM operation: G1CollectForAllocation done
Event: 17.477 Executing VM operation: G1CollectForAllocation
Event: 17.494 Executing VM operation: G1CollectForAllocation done
Event: 17.539 Executing VM operation: G1CollectForAllocation

Memory protections (0 events):
No events

Nmethod flushes (20 events):
Event: 16.876 Thread 0x00000130fee1dc30 flushing  nmethod 0x0000013080e12290
Event: 16.876 Thread 0x00000130fee1dc30 flushing  nmethod 0x0000013080e13410
Event: 16.876 Thread 0x00000130fee1dc30 flushing  nmethod 0x0000013080e13d10
Event: 16.876 Thread 0x00000130fee1dc30 flushing  nmethod 0x0000013080e15110
Event: 16.876 Thread 0x00000130fee1dc30 flushing  nmethod 0x0000013080e19590
Event: 16.876 Thread 0x00000130fee1dc30 flushing  nmethod 0x0000013080e1ac90
Event: 16.876 Thread 0x00000130fee1dc30 flushing  nmethod 0x0000013080e21810
Event: 16.876 Thread 0x00000130fee1dc30 flushing  nmethod 0x0000013080e28e10
Event: 16.876 Thread 0x00000130fee1dc30 flushing  nmethod 0x0000013080e2ba90
Event: 16.876 Thread 0x00000130fee1dc30 flushing  nmethod 0x0000013080e44e90
Event: 16.876 Thread 0x00000130fee1dc30 flushing  nmethod 0x0000013080e49d10
Event: 16.876 Thread 0x00000130fee1dc30 flushing  nmethod 0x0000013080e4e990
Event: 16.876 Thread 0x00000130fee1dc30 flushing  nmethod 0x0000013080e4ff90
Event: 16.876 Thread 0x00000130fee1dc30 flushing  nmethod 0x0000013080e56090
Event: 16.877 Thread 0x00000130fee1dc30 flushing  nmethod 0x0000013080e6df10
Event: 16.877 Thread 0x00000130fee1dc30 flushing  nmethod 0x0000013080e71190
Event: 16.877 Thread 0x00000130fee1dc30 flushing  nmethod 0x0000013080e78910
Event: 16.877 Thread 0x00000130fee1dc30 flushing  nmethod 0x0000013080eb5590
Event: 16.878 Thread 0x00000130fee1dc30 flushing  nmethod 0x0000013080fcce10
Event: 16.878 Thread 0x00000130fee1dc30 flushing  nmethod 0x0000013081024290

Events (20 events):
Event: 14.555 Thread 0x00000130fee0cb60 Thread added: 0x00000130da205e80
Event: 14.905 Thread 0x00000130d7437920 Thread added: 0x00000130d6274ac0
Event: 15.194 Thread 0x00000130da205e80 Thread exited: 0x00000130da205e80
Event: 15.335 Thread 0x00000130d7437920 Thread added: 0x00000130d6273b90
Event: 15.368 Thread 0x00000130d6273b90 Thread exited: 0x00000130d6273b90
Event: 15.463 Thread 0x00000130d7437920 Thread added: 0x00000130d62759f0
Event: 15.470 Thread 0x00000130d62759f0 Thread added: 0x00000130d6270e00
Event: 15.470 Thread 0x00000130d62759f0 Thread added: 0x00000130d6273b90
Event: 15.470 Thread 0x00000130d62759f0 Thread added: 0x00000130d626e580
Event: 15.497 Thread 0x00000130d6273b90 Thread added: 0x00000130d62745b0
Event: 15.509 Thread 0x00000130fee0cb60 Thread added: 0x00000130ff4f7060
Event: 16.204 Thread 0x00000130d7437920 Thread added: 0x00000130d626f4b0
Event: 16.213 Thread 0x00000130d626f4b0 Thread added: 0x00000130d626f9c0
Event: 16.214 Thread 0x00000130d626f4b0 Thread added: 0x00000130d78419b0
Event: 16.243 Thread 0x00000130d626f4b0 Thread added: 0x00000130d7844230
Event: 16.273 Thread 0x00000130d7844230 Thread added: 0x00000130d7844740
Event: 16.273 Thread 0x00000130d7844230 Thread added: 0x00000130d7840570
Event: 16.410 Thread 0x00000130ff4f7060 Thread exited: 0x00000130ff4f7060
Event: 16.459 Thread 0x00000130d7437920 Thread added: 0x00000130d7844c50
Event: 16.605 Thread 0x00000130fee0cb60 Thread added: 0x00000130ff4f7060


Dynamic libraries:
0x00007ff73f380000 - 0x00007ff73f38e000 	C:\Program Files\Eclipse Adoptium\jdk-17.0.13.11-hotspot\bin\java.exe
0x00007ffa76090000 - 0x00007ffa762a7000 	C:\WINDOWS\SYSTEM32\ntdll.dll
0x00007ffa3c200000 - 0x00007ffa3c21a000 	C:\Program Files\Avast Software\Avast\aswhook.dll
0x00007ffa746c0000 - 0x00007ffa74784000 	C:\WINDOWS\System32\KERNEL32.DLL
0x00007ffa739f0000 - 0x00007ffa73da9000 	C:\WINDOWS\System32\KERNELBASE.dll
0x00007ffa738d0000 - 0x00007ffa739e1000 	C:\WINDOWS\System32\ucrtbase.dll
0x00007ffa62a50000 - 0x00007ffa62a6e000 	C:\Program Files\Eclipse Adoptium\jdk-17.0.13.11-hotspot\bin\VCRUNTIME140.dll
0x00007ffa62a30000 - 0x00007ffa62a47000 	C:\Program Files\Eclipse Adoptium\jdk-17.0.13.11-hotspot\bin\jli.dll
0x00007ffa74190000 - 0x00007ffa7433e000 	C:\WINDOWS\System32\USER32.dll
0x00007ffa59790000 - 0x00007ffa59a22000 	C:\WINDOWS\WinSxS\amd64_microsoft.windows.common-controls_6595b64144ccf1df_6.0.22621.4391_none_2715d37f73803e96\COMCTL32.dll
0x00007ffa734b0000 - 0x00007ffa734d6000 	C:\WINDOWS\System32\win32u.dll
0x00007ffa740d0000 - 0x00007ffa74177000 	C:\WINDOWS\System32\msvcrt.dll
0x00007ffa74b80000 - 0x00007ffa74ba9000 	C:\WINDOWS\System32\GDI32.dll
0x00007ffa73390000 - 0x00007ffa734ab000 	C:\WINDOWS\System32\gdi32full.dll
0x00007ffa734e0000 - 0x00007ffa7357a000 	C:\WINDOWS\System32\msvcp_win.dll
0x00007ffa75430000 - 0x00007ffa75461000 	C:\WINDOWS\System32\IMM32.DLL
0x00007ffa67250000 - 0x00007ffa6725c000 	C:\Program Files\Eclipse Adoptium\jdk-17.0.13.11-hotspot\bin\vcruntime140_1.dll
0x00007ffa4def0000 - 0x00007ffa4df7d000 	C:\Program Files\Eclipse Adoptium\jdk-17.0.13.11-hotspot\bin\msvcp140.dll
0x00007ff9db080000 - 0x00007ff9dbceb000 	C:\Program Files\Eclipse Adoptium\jdk-17.0.13.11-hotspot\bin\server\jvm.dll
0x00007ffa74000000 - 0x00007ffa740b2000 	C:\WINDOWS\System32\ADVAPI32.dll
0x00007ffa75670000 - 0x00007ffa75717000 	C:\WINDOWS\System32\sechost.dll
0x00007ffa735f0000 - 0x00007ffa73618000 	C:\WINDOWS\System32\bcrypt.dll
0x00007ffa745a0000 - 0x00007ffa746b4000 	C:\WINDOWS\System32\RPCRT4.dll
0x00007ffa74950000 - 0x00007ffa749c1000 	C:\WINDOWS\System32\WS2_32.dll
0x00007ffa671d0000 - 0x00007ffa67204000 	C:\WINDOWS\SYSTEM32\WINMM.dll
0x00007ffa730b0000 - 0x00007ffa730fd000 	C:\WINDOWS\SYSTEM32\POWRPROF.dll
0x00007ffa64920000 - 0x00007ffa6492a000 	C:\WINDOWS\SYSTEM32\VERSION.dll
0x00007ffa72fc0000 - 0x00007ffa72fd3000 	C:\WINDOWS\SYSTEM32\UMPDC.dll
0x00007ffa72390000 - 0x00007ffa723a8000 	C:\WINDOWS\SYSTEM32\kernel.appcore.dll
0x00007ffa63840000 - 0x00007ffa6384a000 	C:\Program Files\Eclipse Adoptium\jdk-17.0.13.11-hotspot\bin\jimage.dll
0x00007ffa70980000 - 0x00007ffa70bb2000 	C:\WINDOWS\SYSTEM32\DBGHELP.DLL
0x00007ffa75ca0000 - 0x00007ffa7602f000 	C:\WINDOWS\System32\combase.dll
0x00007ffa75490000 - 0x00007ffa75567000 	C:\WINDOWS\System32\OLEAUT32.dll
0x00007ffa62db0000 - 0x00007ffa62de2000 	C:\WINDOWS\SYSTEM32\dbgcore.DLL
0x00007ffa73850000 - 0x00007ffa738cb000 	C:\WINDOWS\System32\bcryptPrimitives.dll
0x00007ffa62be0000 - 0x00007ffa62bee000 	C:\Program Files\Eclipse Adoptium\jdk-17.0.13.11-hotspot\bin\instrument.dll
0x00007ffa62a00000 - 0x00007ffa62a25000 	C:\Program Files\Eclipse Adoptium\jdk-17.0.13.11-hotspot\bin\java.dll
0x00007ffa447d0000 - 0x00007ffa448a7000 	C:\Program Files\Eclipse Adoptium\jdk-17.0.13.11-hotspot\bin\jsvml.dll
0x00007ffa74bb0000 - 0x00007ffa75426000 	C:\WINDOWS\System32\SHELL32.dll
0x00007ffa71280000 - 0x00007ffa71b83000 	C:\WINDOWS\SYSTEM32\windows.storage.dll
0x00007ffa71140000 - 0x00007ffa7127f000 	C:\WINDOWS\SYSTEM32\wintypes.dll
0x00007ffa74850000 - 0x00007ffa74949000 	C:\WINDOWS\System32\SHCORE.dll
0x00007ffa74790000 - 0x00007ffa747ee000 	C:\WINDOWS\System32\shlwapi.dll
0x00007ffa732c0000 - 0x00007ffa732eb000 	C:\WINDOWS\SYSTEM32\profapi.dll
0x00007ffa629e0000 - 0x00007ffa629f8000 	C:\Program Files\Eclipse Adoptium\jdk-17.0.13.11-hotspot\bin\zip.dll
0x00007ffa629c0000 - 0x00007ffa629d9000 	C:\Program Files\Eclipse Adoptium\jdk-17.0.13.11-hotspot\bin\net.dll
0x00007ffa6a540000 - 0x00007ffa6a676000 	C:\WINDOWS\SYSTEM32\WINHTTP.dll
0x00007ffa72800000 - 0x00007ffa72869000 	C:\WINDOWS\system32\mswsock.dll
0x00007ffa62970000 - 0x00007ffa62986000 	C:\Program Files\Eclipse Adoptium\jdk-17.0.13.11-hotspot\bin\nio.dll
0x00007ffa62bc0000 - 0x00007ffa62bd0000 	C:\Program Files\Eclipse Adoptium\jdk-17.0.13.11-hotspot\bin\verify.dll
0x00007ffa3b650000 - 0x00007ffa3b677000 	C:\Users\aplut\.gradle\native\c067742578af261105cb4f569cf0c3c89f3d7b1fecec35dd04571415982c5e48\windows-amd64\native-platform.dll
0x00007ff9fdcf0000 - 0x00007ff9fde34000 	C:\Users\aplut\.gradle\native\100fb08df4bc3b14c8652ba06237920a3bd2aa13389f12d3474272988ae205f9\windows-amd64\native-platform-file-events.dll
0x00007ffa629b0000 - 0x00007ffa629ba000 	C:\Program Files\Eclipse Adoptium\jdk-17.0.13.11-hotspot\bin\management.dll
0x00007ffa54ec0000 - 0x00007ffa54ecb000 	C:\Program Files\Eclipse Adoptium\jdk-17.0.13.11-hotspot\bin\management_ext.dll
0x00007ffa74340000 - 0x00007ffa74348000 	C:\WINDOWS\System32\PSAPI.DLL
0x00007ffa72aa0000 - 0x00007ffa72abb000 	C:\WINDOWS\SYSTEM32\CRYPTSP.dll
0x00007ffa722f0000 - 0x00007ffa72325000 	C:\WINDOWS\system32\rsaenh.dll
0x00007ffa728a0000 - 0x00007ffa728c8000 	C:\WINDOWS\SYSTEM32\USERENV.dll
0x00007ffa72a00000 - 0x00007ffa72a0c000 	C:\WINDOWS\SYSTEM32\CRYPTBASE.dll
0x00007ffa71df0000 - 0x00007ffa71e1d000 	C:\WINDOWS\SYSTEM32\IPHLPAPI.DLL
0x00007ffa740c0000 - 0x00007ffa740c9000 	C:\WINDOWS\System32\NSI.dll
0x00007ffa67c90000 - 0x00007ffa67ca9000 	C:\WINDOWS\SYSTEM32\dhcpcsvc6.DLL
0x00007ffa67c70000 - 0x00007ffa67c8f000 	C:\WINDOWS\SYSTEM32\dhcpcsvc.DLL
0x00007ffa71e20000 - 0x00007ffa71f22000 	C:\WINDOWS\SYSTEM32\DNSAPI.dll
0x00007ffa4dfb0000 - 0x00007ffa4dfb9000 	C:\Program Files\Eclipse Adoptium\jdk-17.0.13.11-hotspot\bin\extnet.dll
0x00007ffa4dfa0000 - 0x00007ffa4dfae000 	C:\Program Files\Eclipse Adoptium\jdk-17.0.13.11-hotspot\bin\sunmscapi.dll
0x00007ffa736e0000 - 0x00007ffa73846000 	C:\WINDOWS\System32\CRYPT32.dll
0x00007ffa72cb0000 - 0x00007ffa72cdd000 	C:\WINDOWS\SYSTEM32\ncrypt.dll
0x00007ffa72c70000 - 0x00007ffa72ca7000 	C:\WINDOWS\SYSTEM32\NTASN1.dll
0x00007ffa62c70000 - 0x00007ffa62c78000 	C:\WINDOWS\system32\wshunix.dll
0x000000006c660000 - 0x000000006c686000 	C:\Program Files\Bonjour\mdnsNSP.dll
0x00007ffa648c0000 - 0x00007ffa648ca000 	C:\Windows\System32\rasadhlp.dll
0x00007ffa60960000 - 0x00007ffa609e3000 	C:\WINDOWS\System32\fwpuclnt.dll

dbghelp: loaded successfully - version: 4.0.5 - missing functions: none
symbol engine: initialized successfully - sym options: 0x614 - pdb path: .;C:\Program Files\Eclipse Adoptium\jdk-17.0.13.11-hotspot\bin;C:\WINDOWS\SYSTEM32;C:\Program Files\Avast Software\Avast;C:\WINDOWS\WinSxS\amd64_microsoft.windows.common-controls_6595b64144ccf1df_6.0.22621.4391_none_2715d37f73803e96;C:\Program Files\Eclipse Adoptium\jdk-17.0.13.11-hotspot\bin\server;C:\Users\aplut\.gradle\native\c067742578af261105cb4f569cf0c3c89f3d7b1fecec35dd04571415982c5e48\windows-amd64;C:\Users\aplut\.gradle\native\100fb08df4bc3b14c8652ba06237920a3bd2aa13389f12d3474272988ae205f9\windows-amd64;C:\Program Files\Bonjour

VM Arguments:
jvm_args: --add-opens=java.base/java.util.concurrent.atomic=ALL-UNNAMED --add-opens=java.base/java.util=ALL-UNNAMED --add-opens=java.base/java.lang=ALL-UNNAMED --add-opens=java.base/java.lang.invoke=ALL-UNNAMED --add-opens=java.prefs/java.util.prefs=ALL-UNNAMED --add-opens=java.base/java.nio.charset=ALL-UNNAMED --add-opens=java.base/java.net=ALL-UNNAMED --add-opens=java.base/java.util.concurrent.atomic=ALL-UNNAMED -Xmx3G -Dfile.encoding=UTF-8 -Duser.country=PL -Duser.language=pl -Duser.variant -javaagent:C:\Users\aplut\.gradle\wrapper\dists\gradle-8.8-bin\dl7vupf4psengwqhwktix4v1\gradle-8.8\lib\agents\gradle-instrumentation-agent-8.8.jar 
java_command: org.gradle.launcher.daemon.bootstrap.GradleDaemon 8.8
java_class_path (initial): C:\Users\aplut\.gradle\wrapper\dists\gradle-8.8-bin\dl7vupf4psengwqhwktix4v1\gradle-8.8\lib\gradle-launcher-8.8.jar
Launcher Type: SUN_STANDARD

[Global flags]
     intx CICompilerCount                          = 3                                         {product} {ergonomic}
     uint ConcGCThreads                            = 1                                         {product} {ergonomic}
     uint G1ConcRefinementThreads                  = 4                                         {product} {ergonomic}
   size_t G1HeapRegionSize                         = 2097152                                   {product} {ergonomic}
    uintx GCDrainStackTargetSize                   = 64                                        {product} {ergonomic}
   size_t InitialHeapSize                          = 130023424                                 {product} {ergonomic}
   size_t MarkStackSize                            = 4194304                                   {product} {ergonomic}
   size_t MaxHeapSize                              = 3221225472                                {product} {command line}
   size_t MaxNewSize                               = 1931476992                                {product} {ergonomic}
   size_t MinHeapDeltaBytes                        = 2097152                                   {product} {ergonomic}
   size_t MinHeapSize                              = 8388608                                   {product} {ergonomic}
    uintx NonNMethodCodeHeapSize                   = 5832780                                {pd product} {ergonomic}
    uintx NonProfiledCodeHeapSize                  = 122912730                              {pd product} {ergonomic}
    uintx ProfiledCodeHeapSize                     = 122912730                              {pd product} {ergonomic}
    uintx ReservedCodeCacheSize                    = 251658240                              {pd product} {ergonomic}
     bool SegmentedCodeCache                       = true                                      {product} {ergonomic}
   size_t SoftMaxHeapSize                          = 3221225472                             {manageable} {ergonomic}
     bool UseCompressedClassPointers               = true                           {product lp64_product} {ergonomic}
     bool UseCompressedOops                        = true                           {product lp64_product} {ergonomic}
     bool UseG1GC                                  = true                                      {product} {ergonomic}
     bool UseLargePagesIndividualAllocation        = false                                  {pd product} {ergonomic}

Logging:
Log output configuration:
 #0: stdout all=warning uptime,level,tags
 #1: stderr all=off uptime,level,tags

Environment Variables:
PATH=C:\Program Files\Eclipse Adoptium\jdk-17.0.13.11-hotspot\bin;C:\Users\aplut\OneDrive\Pulpit\PythonFlask\Scripts\;C:\Users\aplut\OneDrive\Pulpit\PythonFlask\;C:\Program Files\Oculus\Support\oculus-runtime;C:\PROGRA~2\Borland\CBUILD~1\Bin;C:\PROGRA~2\Borland\CBUILD~1\Projects\Bpl;C:\Program Files\Common Files\Oracle\Java\javapath;C:\Program Files (x86)\Common Files\Oracle\Java\java8path;C:\Program Files (x86)\Common Files\Oracle\Java\javapath;C:\Program Files (x86)\VMware\VMware Player\bin\;C:\Program Files\Microsoft\jdk-11.0.12.7-hotspot\bin;C:\WINDOWS\system32;C:\WINDOWS;C:\WINDOWS\System32\Wbem;C:\WINDOWS\System32\WindowsPowerShell\v1.0\;C:\WINDOWS\System32\OpenSSH\;C:\Program Files\Microsoft SQL Server\150\Tools\Binn\;C:\Program Files\dotnet\;C:\Program Files (x86)\Yarn\bin\;C:\Program Files\HP\HP One Agent;C:\Program Files\Docker\Docker\resources\bin;C:\Program Files\nodejs\;C:\Program Files\Microsoft SQL Server\120\Tools\Binn\;C:\Program Files\Git\cmd;C:\Users\aplut\.cargo\bin;C:\Ruby27-x64\bin;C:\Users\aplut\AppData\Local\Microsoft\WindowsApps;C:\Users\aplut\.dotnet\tools;%JAVA_HOME%\bin;C:\Users\aplut\AppData\Local\Programs\Microsoft VS Code\bin;C:\Users\aplut\AppData\Local\Yarn\bin;C:\ProgramData\aplut\GitHubDesktop\bin;C:\Users\aplut\AppData\Roaming\npm;C:\xampp\php;C:\Users\aplut\composer;C:\Users\aplut\AppData\Roaming\Composer\vendor\bin;C:\Users\aplut\AppData\Local\Muse Hub\lib;C:\Program Files\Oracle\VirtualBox;C:\Users\aplut\IntelliJ IDEA Community Edition 2024.3\bin;;C:\Gradle\bin;C:\Users\aplut\AppData\Local\GitHubDesktop\bin
USERNAME=aplut
OS=Windows_NT
PROCESSOR_IDENTIFIER=Intel64 Family 6 Model 140 Stepping 1, GenuineIntel
TMP=C:\Users\aplut\AppData\Local\Temp
TEMP=C:\Users\aplut\AppData\Local\Temp



Periodic native trim disabled


---------------  S Y S T E M  ---------------

OS:
 Windows 11 , 64 bit Build 22621 (10.0.22621.4391)
OS uptime: 0 days 10:44 hours
Hyper-V role detected

CPU: total 4 (initial active 4) (2 cores per cpu, 2 threads per core) family 6 model 140 stepping 1 microcode 0xac, cx8, cmov, fxsr, ht, mmx, 3dnowpref, sse, sse2, sse3, ssse3, sse4.1, sse4.2, popcnt, lzcnt, tsc, tscinvbit, avx, avx2, aes, erms, clmul, bmi1, bmi2, adx, avx512f, avx512dq, avx512cd, avx512bw, avx512vl, sha, fma, vzeroupper, avx512_vpopcntdq, avx512_vpclmulqdq, avx512_vaes, avx512_vnni, clflush, clflushopt, clwb, avx512_vbmi2, avx512_vbmi, hv
Processor Information for all 4 processors :
  Max Mhz: 2995, Current Mhz: 2995, Mhz Limit: 2995

Memory: 4k page, system-wide physical 7932M (567M free)
TotalPageFile size 16932M (AvailPageFile size 33M)
current process WorkingSet (physical memory assigned to process): 530M, peak: 531M
current process commit charge ("private bytes"): 567M, peak: 981M

vm_info: OpenJDK 64-Bit Server VM (17.0.13+11) for windows-amd64 JRE (17.0.13+11), built on Oct 16 2024 00:10:08 by "admin" with MS VC++ 17.7 (VS2022)

END.
